Scenario - phase0_bothports
Logfile written - 05/20/2017 13:28:09

Subject	Trial	Event Type	Code	Time	TTime	Uncertainty	Duration	Uncertainty	ReqTime	ReqDur	Stim Type	Pair Index

752	0	Manual	05/20/2017 13:21:13	-9956	-9956
752	1	Sound	0	-9821	0	2			0		other	0
752	2	Nothing	22	10248	0	1			0		other	0
752	3	Sound	19	17016	0	3			0		other	0
752	4	Sound	0	40433	0	3			0		other	0
752	4	Response	1	52957	12524	1
752	7	Nothing	3	55025	0	1			0		other	0
752	8	Nothing	22	84068	0	1			0		other	0
752	9	Sound	19	89870	0	2			0		other	0
752	10	Sound	0	115846	0	2			0		other	0
752	10	Response	1	121835	5989	1
752	13	Nothing	3	123911	0	1			0		other	0
752	14	Nothing	22	152974	0	1			0		other	0
752	15	Sound	19	154738	0	2			0		other	0
752	16	Sound	0	175794	0	2			0		other	0
752	17	Nothing	22	195872	0	1			0		other	0
752	18	Sound	19	198331	0	2			0		other	0
752	20	Sound	0	221487	0	2			0		other	0
752	21	Nothing	22	241530	0	1			0		other	0
752	22	Sound	19	244591	0	2			0		other	0
752	23	Sound	0	266548	0	2			0		other	0
752	23	Response	1	277826	11278	5
752	26	Nothing	3	279895	0	1			0		other	0
752	27	Nothing	22	308944	0	1			0		other	0
752	28	Sound	19	314109	0	2			0		other	0
752	29	Sound	0	340015	0	2			0		other	0
752	30	Nothing	22	360096	0	1			0		other	0
752	31	Sound	19	362961	0	2			0		other	0
752	32	Sound	0	387219	0	2			0		other	0
752	33	Nothing	22	407299	0	1			0		other	0
752	34	Sound	19	411918	0	2			0		other	0
752	35	Sound	0	432286	0	2			0		other	0
752	36	Nothing	22	452373	0	1			0		other	0
752	37	Sound	19	454896	0	1			0		other	0
752	39	Sound	0	477965	0	3			0		other	0
752	40	Nothing	22	498058	0	1			0		other	0
752	41	Sound	19	498935	0	2			0		other	0
752	42	Sound	0	527254	0	2			0		other	0
752	43	Nothing	22	547406	0	1			0		other	0
752	44	Sound	19	548254	0	2			0		other	0
752	45	Sound	0	569401	0	2			0		other	0
752	45	Response	1	574621	5220	1
752	48	Nothing	3	576685	0	1			0		other	0
752	49	Nothing	22	605727	0	1			0		other	0
752	50	Sound	19	615377	0	2			0		other	0
752	51	Sound	0	640173	0	2			0		other	0
752	52	Nothing	22	660216	0	1			0		other	0
752	53	Sound	19	667510	0	2			0		other	0
752	54	Sound	0	693789	0	2			0		other	0
752	54	Response	1	701816	8027	2
752	57	Nothing	3	703882	0	1			0		other	0
752	58	Nothing	22	732961	0	1			0		other	0
752	59	Sound	19	733726	0	2			0		other	0
752	61	Sound	0	757709	0	2			0		other	0
752	62	Nothing	22	777752	0	1			0		other	0
752	63	Sound	19	783649	0	2			0		other	0
752	64	Sound	0	806506	0	2			0		other	0
752	65	Nothing	22	826604	0	1			0		other	0
752	66	Sound	19	833735	0	2			0		other	0
752	67	Sound	0	855081	0	2			0		other	0
752	68	Nothing	22	875135	0	1			0		other	0
752	69	Sound	19	882345	0	2			0		other	0
752	70	Sound	0	909563	0	2			0		other	0
752	71	Nothing	22	929617	0	1			0		other	0
752	72	Sound	19	930225	0	1			0		other	0
752	73	Sound	0	952812	0	2			0		other	0
752	74	Nothing	22	972879	0	1			0		other	0
752	75	Sound	19	980364	0	2			0		other	0
752	77	Sound	0	1000551	0	2			0		other	0
752	78	Nothing	22	1020638	0	1			0		other	0
752	79	Sound	19	1025248	0	2			0		other	0
752	80	Sound	0	1047745	0	2			0		other	0
752	81	Nothing	22	1067810	0	1			0		other	0
752	82	Sound	19	1069768	0	2			0		other	0
752	82	Response	1	1093885	24117	1
752	83	Sound	0	1094445	0	1			0		other	0
752	83	Response	1	1103725	9280	1
752	86	Nothing	3	1105792	0	1			0		other	0
752	87	Nothing	22	1134918	0	1			0		other	0
752	88	Sound	19	1141905	0	2			0		other	0
752	89	Sound	0	1169331	0	2			0		other	0
752	90	Nothing	22	1189390	0	1			0		other	0
752	91	Sound	19	1192555	0	2			0		other	0
752	92	Sound	0	1218843	0	3			0		other	0
752	93	Nothing	22	1238925	0	1			0		other	0
752	94	Sound	19	1247571	0	2			0		other	0
752	96	Sound	0	1268874	0	2			0		other	0
752	97	Nothing	22	1288923	0	1			0		other	0
752	97	Response	1	1293639	4716	1
752	98	Sound	19	1294166	0	2			0		other	0
752	98	Response	1	1302278	8112	2
752	98	Response	1	1309558	15392	2
752	99	Sound	0	1321761	0	2			0		other	0
752	99	Response	1	1323558	1797	1
752	102	Nothing	3	1325630	0	1			0		other	0
752	103	Nothing	22	1354678	0	1			0		other	0
752	104	Sound	19	1356998	0	2			0		other	0
752	105	Sound	0	1385605	0	2			0		other	0
752	106	Nothing	22	1405656	0	1			0		other	0
752	107	Sound	19	1409015	0	2			0		other	0
752	108	Sound	0	1433990	0	2			0		other	0
752	109	Nothing	22	1454074	0	2			0		other	0
752	110	Sound	19	1458901	0	2			0		other	0
752	111	Sound	0	1487856	0	2			0		other	0
752	112	Nothing	22	1507912	0	1			0		other	0
752	113	Sound	19	1515993	0	2			0		other	0
752	115	Sound	0	1536680	0	2			0		other	0
752	116	Nothing	22	1556766	0	1			0		other	0
752	117	Sound	19	1564490	0	2			0		other	0
752	118	Sound	0	1593789	0	5			0		other	0
752	119	Nothing	22	1613903	0	1			0		other	0
752	120	Sound	19	1623617	0	2			0		other	0
752	121	Sound	0	1645219	0	2			0		other	0
752	122	Nothing	22	1665343	0	1			0		other	0
752	123	Sound	19	1670523	0	11			0		other	0
752	123	Response	1	1697706	27183	2
752	124	Sound	0	1699785	0	2			0		other	0
752	124	Response	1	1704186	4401	1
752	127	Nothing	3	1706247	0	1			0		other	0
752	128	Nothing	22	1735316	0	1			0		other	0
752	129	Sound	19	1740823	0	2			0		other	0
752	130	Sound	0	1769535	0	3			0		other	0
752	131	Nothing	22	1789618	0	1			0		other	0
752	132	Sound	19	1791374	0	2			0		other	0
752	134	Sound	0	1816014	0	2			0		other	0
752	135	Nothing	22	1836138	0	1			0		other	0
752	136	Sound	19	1837709	0	2			0		other	0
752	137	Sound	0	1866255	0	2			0		other	0
752	138	Nothing	22	1886344	0	1			0		other	0
752	139	Sound	19	1894631	0	2			0		other	0
752	140	Sound	0	1923968	0	1			0		other	0
752	141	Nothing	22	1944011	0	1			0		other	0
752	142	Sound	19	1949083	0	2			0		other	0
752	143	Sound	0	1969619	0	2			0		other	0
752	144	Nothing	22	1989714	0	1			0		other	0
752	145	Sound	19	1995628	0	2			0		other	0
752	145	Response	1	2010097	14469	1
752	146	Sound	0	2016415	0	2			0		other	0
752	146	Response	1	2016736	321	2
752	149	Nothing	3	2018801	0	1			0		other	0
752	150	Nothing	22	2047873	0	1			0		other	0
752	151	Sound	19	2054050	0	2			0		other	0
752	153	Sound	0	2078453	0	2			0		other	0
752	154	Nothing	22	2098560	0	1			0		other	0
752	155	Sound	19	2108012	0	2			0		other	0
752	156	Sound	0	2131751	0	2			0		other	0
752	157	Nothing	22	2151862	0	1			0		other	0
752	158	Sound	19	2161254	0	2			0		other	0
752	159	Sound	0	2187706	0	2			0		other	0
752	160	Nothing	22	2207779	0	1			0		other	0
752	161	Sound	19	2214620	0	2			0		other	0
752	162	Sound	0	2243716	0	2			0		other	0
752	163	Nothing	22	2263771	0	1			0		other	0
752	164	Sound	19	2269734	0	2			0		other	0
752	165	Sound	0	2291222	0	2			0		other	0
752	166	Nothing	22	2311272	0	1			0		other	0
752	167	Sound	19	2316848	0	2			0		other	0
752	169	Sound	0	2345345	0	2			0		other	0
752	169	Response	1	2361041	15696	6
752	172	Nothing	3	2363100	0	1			0		other	0
752	173	Nothing	22	2392148	0	1			0		other	0
752	174	Sound	19	2396392	0	2			0		other	0
752	175	Sound	0	2417357	0	2			0		other	0
752	176	Nothing	22	2437414	0	1			0		other	0
752	177	Sound	19	2446146	0	2			0		other	0
752	178	Sound	0	2476013	0	2			0		other	0
752	179	Nothing	22	2496064	0	1			0		other	0
752	180	Sound	19	2498942	0	2			0		other	0
752	181	Sound	0	2527930	0	2			0		other	0
752	182	Nothing	22	2547988	0	1			0		other	0
752	183	Sound	19	2551624	0	2			0		other	0
752	184	Sound	0	2576429	0	2			0		other	0
752	185	Nothing	22	2596477	0	1			0		other	0
752	186	Sound	19	2604139	0	2			0		other	0
752	186	Response	1	2607358	3219	2
752	186	Response	1	2619438	15299	1
752	188	Sound	0	2628382	0	2			0		other	0
752	188	Response	1	2633997	5615	2
752	191	Nothing	3	2636062	0	1			0		other	0
752	192	Nothing	22	2665250	0	1			0		other	0
752	193	Sound	19	2671121	0	2			0		other	0
752	194	Sound	0	2696769	0	2			0		other	0
752	195	Nothing	22	2716862	0	1			0		other	0
752	196	Sound	19	2722068	0	2			0		other	0
752	197	Sound	0	2742805	0	2			0		other	0
752	198	Nothing	22	2762869	0	1			0		other	0
752	199	Sound	19	2769509	0	2			0		other	0
752	200	Sound	0	2799514	0	2			0		other	0
752	201	Nothing	22	2819559	0	1			0		other	0
752	202	Sound	19	2828478	0	2			0		other	0
752	203	Sound	0	2855734	0	2			0		other	0
752	204	Nothing	22	2875784	0	1			0		other	0
752	205	Sound	19	2878852	0	2			0		other	0
752	207	Sound	0	2899325	0	2			0		other	0
752	207	Response	1	2916788	17463	2
752	210	Nothing	3	2918861	0	1			0		other	0
752	211	Nothing	22	2947902	0	1			0		other	0
752	212	Sound	19	2954597	0	2			0		other	0
752	213	Sound	0	2978804	0	2			0		other	0
752	214	Nothing	22	2998868	0	1			0		other	0
752	215	Sound	19	3004352	0	2			0		other	0
752	216	Sound	0	3024680	0	2			0		other	0
752	217	Nothing	22	3044726	0	1			0		other	0
752	218	Sound	19	3045845	0	2			0		other	0
752	219	Sound	0	3073875	0	2			0		other	0
752	220	Nothing	22	3093928	0	1			0		other	0
752	221	Sound	19	3097145	0	2			0		other	0
752	222	Sound	0	3121133	0	2			0		other	0
752	223	Nothing	22	3141206	0	1			0		other	0
752	224	Sound	19	3141354	0	2			0		other	0
752	226	Sound	0	3161485	0	2			0		other	0
752	227	Nothing	22	3181541	0	1			0		other	0
752	228	Sound	19	3182921	0	2			0		other	0
752	229	Sound	0	3203147	0	2			0		other	0
752	230	Nothing	22	3223236	0	1			0		other	0
752	231	Sound	19	3232353	0	2			0		other	0
752	232	Sound	0	3254568	0	2			0		other	0
752	233	Nothing	22	3274642	0	1			0		other	0
752	234	Sound	19	3275752	0	2			0		other	0
752	234	Response	1	3293817	18065	1
752	235	Sound	0	3304669	0	2			0		other	0
752	235	Response	1	3317572	12903	5
752	238	Nothing	3	3319638	0	1			0		other	0
752	239	Nothing	22	3348707	0	1			0		other	0
752	240	Sound	19	3354178	0	2			0		other	0
752	241	Sound	0	3383985	0	2			0		other	0
752	242	Nothing	22	3404049	0	1			0		other	0
752	243	Sound	19	3412313	0	2			0		other	0
752	245	Sound	0	3439940	0	2			0		other	0
752	246	Nothing	22	3460000	0	1			0		other	0
752	247	Sound	19	3464865	0	2			0		other	0
752	248	Sound	0	3490823	0	2			0		other	0
752	249	Nothing	22	3510899	0	1			0		other	0
752	250	Sound	19	3512267	0	2			0		other	0
752	251	Sound	0	3532465	0	2			0		other	0
752	252	Nothing	22	3552510	0	1			0		other	0
752	253	Sound	19	3560056	0	2			0		other	0
752	254	Sound	0	3580183	0	2			0		other	0
752	255	Nothing	22	3600227	0	1			0		other	0
752	256	Sound	19	3607213	0	2			0		other	0
752	257	Sound	0	3637078	0	2			0		other	0
752	258	Nothing	22	3657129	0	1			0		other	0
752	259	Sound	19	3657188	0	2			0		other	0
752	261	Sound	0	3682682	0	2			0		other	0
752	262	Nothing	22	3702759	0	1			0		other	0
752	263	Sound	19	3704284	0	2			0		other	0
752	264	Sound	0	3729181	0	2			0		other	0
752	265	Nothing	22	3749246	0	1			0		other	0
752	266	Sound	19	3754255	0	2			0		other	0
752	266	Response	1	3756603	2348	1
752	266	Response	1	3766042	11787	2
752	267	Sound	0	3776972	0	2			0		other	0
752	267	Response	1	3785482	8510	1
752	270	Nothing	3	3787550	0	1			0		other	0
752	271	Nothing	22	3816622	0	1			0		other	0
752	272	Sound	19	3817402	0	2			0		other	0
752	273	Sound	0	3843020	0	2			0		other	0
752	274	Nothing	22	3863126	0	1			0		other	0
752	275	Sound	19	3865463	0	1			0		other	0
752	276	Sound	0	3887538	0	2			0		other	0
752	277	Nothing	22	3907638	0	1			0		other	0
752	278	Sound	19	3916212	0	2			0		other	0
752	280	Sound	0	3938713	0	2			0		other	0
752	281	Nothing	22	3958787	0	1			0		other	0
752	282	Sound	19	3958890	0	2			0		other	0
752	283	Sound	0	3981768	0	2			0		other	0
752	284	Nothing	22	4001828	0	1			0		other	0
752	285	Sound	19	4008893	0	2			0		other	0
752	286	Sound	0	4030219	0	2			0		other	0
752	287	Nothing	22	4050316	0	1			0		other	0
752	288	Sound	19	4057908	0	2			0		other	0
752	289	Sound	0	4084624	0	2			0		other	0
752	290	Nothing	22	4104680	0	1			0		other	0
752	291	Sound	19	4104921	0	2			0		other	0
752	292	Sound	0	4131147	0	2			0		other	0
752	292	Quit		4145393	14246
