Scenario - phase0_bothports
Logfile written - 05/18/2017 17:06:51

Subject	Trial	Event Type	Code	Time	TTime	Uncertainty	Duration	Uncertainty	ReqTime	ReqDur	Stim Type	Pair Index

752	0	Manual	05/18/2017 14:09:50	-9969	-9969
752	1	Sound	0	-9860	0	2			0		other	0
752	2	Nothing	22	10186	0	1			0		other	0
752	3	Sound	19	13966	0	2			0		other	0
752	4	Sound	0	37713	0	2			0		other	0
752	4	Response	1	48381	10668	1
752	7	Nothing	3	50454	0	1			0		other	0
752	8	Nothing	22	79493	0	1			0		other	0
752	9	Sound	19	86968	0	2			0		other	0
752	10	Sound	0	113476	0	2			0		other	0
752	10	Response	3	130464	16988	6
752	12	Nothing	3	131506	0	1			0		other	0
752	13	Nothing	22	160559	0	1			0		other	0
752	14	Sound	19	162663	0	2			0		other	0
752	15	Sound	0	188080	0	2			0		other	0
752	16	Nothing	22	208117	0	1			0		other	0
752	17	Sound	19	208805	0	2			0		other	0
752	19	Sound	0	229936	0	3			0		other	0
752	20	Nothing	22	249992	0	1			0		other	0
752	21	Sound	19	251044	0	2			0		other	0
752	22	Sound	0	280992	0	2			0		other	0
752	22	Response	1	286373	5381	2
752	25	Nothing	3	288438	0	1			0		other	0
752	26	Nothing	22	317476	0	1			0		other	0
752	27	Sound	19	321163	0	2			0		other	0
752	28	Sound	0	350221	0	2			0		other	0
752	29	Nothing	22	370265	0	1			0		other	0
752	29	Response	3	371787	1522	6
752	29	Response	3	373347	3082	4
752	30	Sound	19	377758	0	2			0		other	0
752	30	Response	3	383256	5498	6
752	31	Sound	0	399835	0	1			0		other	0
752	32	Nothing	22	419874	0	1			0		other	0
752	32	Response	3	429300	9426	6
752	33	Sound	19	429537	0	2			0		other	0
752	34	Sound	0	451334	0	2			0		other	0
752	35	Nothing	22	471386	0	1			0		other	0
752	35	Response	3	473209	1823	6
752	36	Sound	19	473703	0	2			0		other	0
752	38	Sound	0	499480	0	2			0		other	0
752	38	Response	3	506472	6992	7
752	40	Nothing	3	507559	0	1			0		false_alarm	43
752	40	Response	2	513840	6281	6
752	41	Nothing	22	536610	0	1			0		other	0
752	42	Sound	19	539776	0	3			0		other	0
752	43	Sound	0	569163	0	2			0		other	0
752	44	Nothing	22	589264	0	1			0		other	0
752	45	Sound	19	597603	0	2			0		other	0
752	46	Sound	0	622720	0	2			0		other	0
752	47	Nothing	22	642765	0	1			0		other	0
752	48	Sound	19	648167	0	2			0		other	0
752	49	Sound	0	676306	0	2			0		other	0
752	50	Nothing	22	696359	0	1			0		other	0
752	51	Sound	19	704250	0	2			0		other	0
752	52	Sound	0	728198	0	2			0		other	0
752	52	Response	3	734984	6786	6
752	54	Nothing	3	736028	0	1			0		other	0
752	55	Nothing	22	765082	0	1			0		other	0
752	56	Sound	19	767766	0	2			0		other	0
752	58	Sound	0	791226	0	5			0		other	0
752	59	Nothing	22	811342	0	1			0		other	0
752	60	Sound	19	820514	0	2			0		other	0
752	61	Sound	0	843293	0	2			0		other	0
752	61	Response	2	856853	13560	6
752	63	Nothing	3	857923	0	1			0		false_alarm	66
752	63	Response	2	858332	409	4
752	64	Nothing	22	886974	0	1			0		other	0
752	65	Sound	19	893928	0	2			0		other	0
752	66	Sound	0	915175	0	2			0		other	0
752	67	Nothing	22	935227	0	1			0		other	0
752	68	Sound	19	944239	0	2			0		other	0
752	69	Sound	0	968387	0	2			0		other	0
752	70	Nothing	22	988509	0	1			0		other	0
752	71	Sound	19	990188	0	1			0		other	0
752	71	Response	1	1006751	16563	2
752	72	Sound	0	1011837	0	2			0		other	0
752	72	Response	1	1016431	4594	1
752	75	Nothing	3	1018603	0	1			0		false_alarm	79
752	75	Response	3	1022329	3726	6
752	76	Nothing	22	1047642	0	1			0		other	0
752	77	Sound	19	1047785	0	1			0		other	0
752	79	Sound	0	1068388	0	2			0		other	0
752	80	Nothing	22	1088439	0	2			0		other	0
752	81	Sound	19	1098083	0	2			0		other	0
752	82	Sound	0	1122381	0	2			0		other	0
752	82	Response	1	1128828	6447	1
752	84	Response	3	1130874	987	6
752	85	Nothing	3	1130903	0	1			0		false_alarm	89
752	85	Response	3	1134693	3790	6
752	85	Response	3	1137547	6644	6
752	86	Nothing	22	1159941	0	1			0		other	0
752	87	Sound	19	1166576	0	2			0		other	0
752	88	Sound	0	1187844	0	2			0		other	0
752	88	Response	1	1203705	15861	2
752	91	Nothing	3	1205776	0	1			0		other	0
752	92	Nothing	22	1234815	0	1			0		other	0
752	93	Sound	19	1242118	0	2			0		other	0
752	94	Sound	0	1263574	0	2			0		other	0
752	95	Nothing	22	1283595	0	1			0		other	0
752	96	Sound	19	1287807	0	2			0		other	0
752	96	Response	3	1291741	3934	6
752	96	Response	3	1300325	12518	6
752	97	Sound	0	1311745	0	2			0		other	0
752	97	Response	3	1328193	16448	6
752	99	Nothing	3	1329296	0	1			0		other	0
752	100	Nothing	22	1358347	0	1			0		other	0
752	101	Sound	19	1367770	0	2			0		other	0
752	103	Sound	0	1397614	0	2			0		other	0
752	104	Nothing	22	1417666	0	1			0		other	0
752	105	Sound	19	1418076	0	1			0		other	0
752	106	Sound	0	1438344	0	2			0		other	0
752	106	Response	1	1442178	3834	1
752	109	Nothing	3	1444271	0	1			0		other	0
752	110	Nothing	22	1473309	0	1			0		other	0
752	111	Sound	19	1475681	0	2			0		other	0
752	111	Response	3	1482331	6650	6
752	112	Sound	0	1503109	0	2			0		other	0
752	112	Response	3	1504902	1793	6
752	113	Response	3	1505459	531	6
752	114	Nothing	3	1505947	0	1			0		false_alarm	121
752	114	Response	3	1506557	610	6
752	115	Nothing	22	1534998	0	1			0		other	0
752	116	Sound	19	1540098	0	2			0		other	0
752	116	Response	3	1543147	3049	6
752	116	Response	3	1547818	7720	6
752	116	Response	3	1548753	8655	6
752	116	Response	3	1553974	13876	6
752	117	Sound	0	1565217	0	2			0		other	0
752	118	Nothing	22	1585258	0	1			0		other	0
752	119	Sound	19	1592921	0	2			0		other	0
752	120	Sound	0	1617276	0	1			0		other	0
752	121	Nothing	22	1637324	0	1			0		other	0
752	122	Sound	19	1645276	0	2			0		other	0
752	124	Sound	0	1667592	0	2			0		other	0
752	125	Nothing	22	1687658	0	1			0		other	0
752	126	Sound	19	1688070	0	2			0		other	0
752	127	Sound	0	1717788	0	2			0		other	0
752	128	Nothing	22	1737824	0	1			0		other	0
752	129	Sound	19	1743252	0	2			0		other	0
752	130	Sound	0	1765090	0	2			0		other	0
752	130	Response	3	1781121	16031	6
752	132	Nothing	3	1782181	0	1			0		false_alarm	143
752	132	Response	3	1783611	1430	6
752	132	Response	3	1784663	2482	6
752	132	Response	3	1787823	5642	6
752	132	Response	3	1801338	19157	5
752	132	Response	3	1802890	20709	6
752	132	Response	3	1804117	21936	5
752	132	Response	3	1804969	22788	6
752	133	Nothing	22	1811231	0	1			0		other	0
752	134	Sound	19	1813585	0	2			0		other	0
752	135	Sound	0	1834493	0	2			0		other	0
752	136	Nothing	22	1854581	0	1			0		other	0
752	137	Sound	19	1854880	0	2			0		other	0
752	137	Response	3	1860659	5779	6
752	138	Sound	0	1883489	0	2			0		other	0
752	139	Nothing	22	1903534	0	1			0		other	0
752	140	Sound	19	1909077	0	1			0		other	0
752	142	Sound	0	1930436	0	2			0		other	0
752	143	Nothing	22	1950474	0	1			0		other	0
752	144	Sound	19	1955976	0	2			0		other	0
752	145	Sound	0	1977975	0	1			0		other	0
752	145	Response	3	1984809	6834	6
752	147	Nothing	3	1985852	0	1			0		false_alarm	165
752	147	Response	3	1989009	3157	5
752	147	Response	3	2002063	16211	5
752	147	Response	3	2010670	24818	8
752	148	Nothing	22	2014906	0	1			0		other	0
752	149	Sound	19	2020187	0	2			0		other	0
752	150	Sound	0	2040655	0	2			0		other	0
752	151	Nothing	22	2060693	0	1			0		other	0
752	152	Sound	19	2062659	0	2			0		other	0
752	153	Sound	0	2089886	0	2			0		other	0
752	154	Nothing	22	2109919	0	1			0		other	0
752	155	Sound	19	2116701	0	2			0		other	0
752	156	Sound	0	2138700	0	1			0		other	0
752	157	Nothing	22	2158741	0	1			0		other	0
752	158	Sound	19	2162344	0	2			0		other	0
752	160	Sound	0	2188443	0	2			0		other	0
752	161	Nothing	22	2208485	0	1			0		other	0
752	162	Sound	19	2218173	0	2			0		other	0
752	163	Sound	0	2241950	0	2			0		other	0
752	164	Nothing	22	2262028	0	1			0		other	0
752	165	Sound	19	2266321	0	2			0		other	0
752	166	Sound	0	2289890	0	2			0		other	0
752	166	Response	1	2293591	3701	2
752	168	Response	3	2295233	521	5
752	169	Nothing	3	2295730	0	1			0		other	0
752	170	Nothing	22	2324768	0	1			0		other	0
752	171	Sound	19	2327422	0	2			0		other	0
752	172	Sound	0	2348369	0	2			0		other	0
752	172	Response	3	2359139	10770	6
752	173	Response	3	2359684	480	5
752	174	Nothing	3	2360220	0	1			0		false_alarm	195
752	174	Response	3	2362158	1938	4
752	175	Nothing	22	2389272	0	1			0		other	0
752	176	Sound	19	2398935	0	2			0		other	0
752	177	Sound	0	2424253	0	2			0		other	0
752	178	Nothing	22	2444293	0	1			0		other	0
752	179	Sound	19	2447209	0	2			0		other	0
752	181	Sound	0	2470848	0	3			0		other	0
752	182	Nothing	22	2490947	0	1			0		other	0
752	183	Sound	19	2500881	0	2			0		other	0
752	184	Sound	0	2529960	0	2			0		other	0
752	185	Nothing	22	2550018	0	1			0		other	0
752	186	Sound	19	2553372	0	2			0		other	0
752	187	Sound	0	2575301	0	2			0		other	0
752	188	Nothing	22	2595340	0	1			0		other	0
752	189	Sound	19	2598748	0	2			0		other	0
752	190	Sound	0	2620966	0	2			0		other	0
752	191	Nothing	22	2641018	0	1			0		other	0
752	192	Sound	19	2650151	0	2			0		other	0
752	192	Response	1	2659340	9189	2
752	193	Sound	0	2677420	0	2			0		other	0
752	193	Response	1	2683259	5839	2
752	195	Response	3	2684839	523	6
752	196	Nothing	3	2685334	0	1			0		false_alarm	218
752	196	Response	3	2685908	574	6
752	197	Nothing	22	2714372	0	1			0		other	0
752	198	Sound	19	2716404	0	2			0		other	0
752	200	Sound	0	2739050	0	2			0		other	0
752	201	Nothing	22	2759093	0	1			0		other	0
752	202	Sound	19	2765145	0	2			0		other	0
752	203	Sound	0	2789286	0	2			0		other	0
752	204	Nothing	22	2809378	0	1			0		other	0
752	205	Sound	19	2817806	0	2			0		other	0
752	205	Response	1	2839575	21769	1
752	206	Sound	0	2841475	0	2			0		other	0
752	206	Response	1	2847574	6099	2
752	208	Response	3	2849339	574	6
752	209	Nothing	3	2849783	0	1			0		other	0
752	210	Nothing	22	2878819	0	1			0		other	0
752	211	Sound	19	2880497	0	2			0		other	0
752	212	Sound	0	2907983	0	2			0		other	0
752	212	Response	3	2916647	8664	6
752	214	Nothing	3	2917723	0	1			0		false_alarm	237
752	214	Response	3	2917760	37	6
752	214	Response	2	2923852	6129	6
752	215	Nothing	22	2946776	0	1			0		other	0
752	216	Sound	19	2948133	0	2			0		other	0
752	217	Sound	0	2974370	0	2			0		other	0
752	218	Nothing	22	2994417	0	1			0		other	0
752	219	Sound	19	2994501	0	2			0		other	0
752	221	Sound	0	3019020	0	2			0		other	0
752	222	Nothing	22	3039118	0	1			0		other	0
752	223	Sound	19	3041839	0	2			0		other	0
752	224	Sound	0	3062486	0	2			0		other	0
752	225	Nothing	22	3082538	0	1			0		other	0
752	226	Sound	19	3086150	0	2			0		other	0
752	227	Sound	0	3109607	0	2			0		other	0
752	227	Response	1	3114926	5319	1
752	230	Nothing	3	3116988	0	1			0		other	0
752	231	Nothing	22	3146025	0	1			0		other	0
752	232	Sound	19	3155963	0	2			0		other	0
752	233	Sound	0	3183220	0	2			0		other	0
752	234	Nothing	22	3203257	0	1			0		other	0
752	235	Sound	19	3206024	0	2			0		other	0
752	236	Sound	0	3233252	0	2			0		other	0
752	236	Response	3	3245965	12713	6
752	238	Nothing	3	3247019	0	1			0		other	0
752	239	Nothing	22	3276074	0	1			0		other	0
752	240	Sound	19	3277743	0	2			0		other	0
752	242	Sound	0	3304535	0	2			0		other	0
752	243	Nothing	22	3324640	0	1			0		other	0
752	244	Sound	19	3329633	0	2			0		other	0
752	245	Sound	0	3357271	0	2			0		other	0
752	246	Nothing	22	3377329	0	1			0		other	0
752	247	Sound	19	3382826	0	2			0		other	0
752	248	Sound	0	3407415	0	2			0		other	0
752	249	Nothing	22	3427533	0	1			0		other	0
752	250	Sound	19	3435411	0	2			0		other	0
752	251	Sound	0	3462549	0	2			0		other	0
752	252	Nothing	22	3482597	0	1			0		other	0
752	253	Sound	19	3490403	0	2			0		other	0
752	254	Sound	0	3516241	0	2			0		other	0
752	255	Nothing	22	3536395	0	1			0		other	0
752	256	Sound	19	3545192	0	2			0		other	0
752	256	Response	1	3557552	12360	2
752	258	Sound	0	3568895	0	3			0		other	0
752	258	Response	1	3574032	5137	1
752	259	Response	2	3574564	488	5
752	261	Nothing	3	3576119	0	1			0		false_alarm	283
752	261	Response	3	3579344	3225	3
752	262	Nothing	22	3605154	0	1			0		other	0
752	263	Sound	19	3611003	0	2			0		other	0
752	264	Sound	0	3632142	0	2			0		other	0
752	265	Nothing	22	3652179	0	1			0		other	0
752	266	Sound	19	3656596	0	2			0		other	0
752	267	Sound	0	3683404	0	2			0		other	0
752	268	Nothing	22	3703496	0	1			0		other	0
752	269	Sound	19	3705146	0	2			0		other	0
752	270	Sound	0	3726774	0	2			0		other	0
752	271	Nothing	22	3746810	0	1			0		other	0
752	272	Sound	19	3756338	0	2			0		other	0
752	272	Response	2	3764141	7803	6
752	272	Response	2	3764304	7966	5
752	272	Response	2	3765471	9133	6
752	272	Response	2	3766639	10301	6
752	272	Response	2	3766804	10466	6
752	272	Response	3	3771434	15096	6
752	272	Response	3	3777439	21101	6
752	272	Response	3	3779239	22901	6
752	273	Sound	0	3783846	0	2			0		other	0
752	273	Response	2	3788637	4791	8
752	274	Response	2	3789131	435	6
752	275	Nothing	3	3789714	0	1			0		other	0
752	276	Nothing	22	3818768	0	1			0		other	0
752	277	Sound	19	3825502	0	2			0		other	0
752	279	Sound	0	3847018	0	2			0		other	0
752	280	Nothing	22	3867076	0	1			0		other	0
752	281	Sound	19	3867315	0	2			0		other	0
752	282	Sound	0	3896723	0	2			0		other	0
752	283	Nothing	22	3916773	0	1			0		other	0
752	284	Sound	19	3924396	0	1			0		other	0
752	285	Sound	0	3945059	0	2			0		other	0
752	286	Nothing	22	3965106	0	1			0		other	0
752	287	Sound	19	3967242	0	2			0		other	0
752	288	Sound	0	3992211	0	2			0		other	0
752	289	Nothing	22	4012248	0	1			0		other	0
752	290	Sound	19	4019339	0	2			0		other	0
752	291	Sound	0	4045458	0	2			0		other	0
752	292	Nothing	22	4065504	0	1			0		other	0
752	293	Sound	19	4072016	0	2			0		other	0
752	293	Response	1	4096816	24800	1
752	295	Sound	0	4098642	0	2			0		other	0
752	295	Response	1	4106895	8253	2
752	296	Response	2	4107387	471	5
752	298	Nothing	3	4108956	0	1			0		false_alarm	329
752	298	Response	3	4112709	3753	6
752	299	Nothing	22	4137993	0	1			0		other	0
752	300	Sound	19	4145354	0	2			0		other	0
752	301	Sound	0	4172063	0	2			0		other	0
752	302	Nothing	22	4192129	0	1			0		other	0
752	303	Sound	19	4195240	0	2			0		other	0
752	303	Response	2	4200698	5458	6
752	303	Response	2	4200867	5627	6
752	303	Response	2	4201038	5798	6
752	304	Sound	0	4220159	0	2			0		other	0
752	305	Nothing	22	4240203	0	1			0		other	0
752	306	Sound	19	4249224	0	2			0		other	0
752	307	Sound	0	4271951	0	2			0		other	0
752	308	Nothing	22	4291993	0	1			0		other	0
752	309	Sound	19	4295655	0	2			0		other	0
752	310	Sound	0	4325292	0	2			0		other	0
752	311	Nothing	22	4345414	0	1			0		other	0
752	312	Sound	19	4353245	0	2			0		other	0
752	314	Sound	0	4377766	0	2			0		other	0
752	315	Nothing	22	4397802	0	1			0		other	0
752	316	Sound	19	4398361	0	2			0		other	0
752	317	Sound	0	4424169	0	2			0		other	0
752	318	Nothing	22	4444226	0	1			0		other	0
752	319	Sound	19	4451173	0	2			0		other	0
752	319	Response	1	4471604	20431	2
752	320	Sound	0	4480511	0	2			0		other	0
752	320	Response	1	4487684	7173	1
752	321	Response	2	4488205	488	5
752	323	Nothing	3	4489759	0	1			0		false_alarm	358
752	323	Response	3	4492239	2480	6
752	323	Response	2	4498735	8976	5
752	323	Response	2	4499064	9305	5
752	323	Response	2	4499235	9476	6
752	323	Response	2	4499567	9808	6
752	324	Nothing	22	4518796	0	1			0		other	0
752	325	Sound	19	4521961	0	2			0		other	0
752	326	Sound	0	4543849	0	2			0		other	0
752	327	Nothing	22	4563941	0	1			0		other	0
752	328	Sound	19	4564598	0	2			0		other	0
752	329	Sound	0	4585586	0	2			0		other	0
752	330	Nothing	22	4605642	0	1			0		other	0
752	331	Sound	19	4606325	0	1			0		other	0
752	333	Sound	0	4631186	0	2			0		other	0
752	334	Nothing	22	4651262	0	1			0		other	0
752	335	Sound	19	4654962	0	2			0		other	0
752	336	Sound	0	4682180	0	2			0		other	0
752	337	Nothing	22	4702268	0	1			0		other	0
752	338	Sound	19	4709234	0	2			0		other	0
752	339	Sound	0	4736321	0	1			0		other	0
752	340	Nothing	22	4756372	0	1			0		other	0
752	341	Sound	19	4763067	0	2			0		other	0
752	342	Sound	0	4786134	0	2			0		other	0
752	343	Nothing	22	4806186	0	1			0		other	0
752	344	Sound	19	4811663	0	2			0		other	0
752	345	Sound	0	4834370	0	2			0		other	0
752	346	Nothing	22	4854427	0	1			0		other	0
752	347	Sound	19	4855763	0	2			0		other	0
752	349	Sound	0	4877566	0	3			0		other	0
752	350	Nothing	22	4897626	0	1			0		other	0
752	351	Sound	19	4901545	0	2			0		other	0
752	352	Sound	0	4922792	0	2			0		other	0
752	352	Response	1	4930310	7518	1
752	353	Response	2	4930990	579	5
752	355	Nothing	3	4932456	0	1			0		false_alarm	393
752	355	Response	2	4934172	1716	6
752	355	Response	2	4934341	1885	4
752	355	Response	2	4934499	2043	8
752	355	Response	2	4934666	2210	4
752	355	Response	2	4934827	2371	6
752	355	Response	3	4935144	2688	6
752	355	Response	2	4935164	2708	6
752	355	Response	2	4935674	3218	6
752	355	Response	2	4935837	3381	6
752	355	Response	2	4936006	3550	6
752	355	Response	2	4936171	3715	6
752	355	Response	2	4936339	3883	5
752	355	Response	2	4936506	4050	6
752	355	Response	2	4936667	4211	6
752	355	Response	2	4936834	4378	6
752	355	Response	2	4937001	4545	6
752	355	Response	2	4937171	4715	6
752	355	Response	2	4937334	4878	6
752	355	Response	2	4937502	5046	6
752	355	Response	2	4937668	5212	6
752	355	Response	2	4937831	5375	6
752	355	Response	2	4938337	5881	6
752	355	Response	2	4938499	6043	6
752	356	Nothing	22	4961494	0	1			0		other	0
752	357	Sound	19	4963967	0	2			0		other	0
752	357	Response	2	4970830	6863	6
752	357	Response	2	4971000	7033	6
752	357	Response	2	4971168	7201	6
752	357	Response	2	4971337	7370	6
752	357	Response	2	4971505	7538	6
752	358	Sound	0	4984194	0	2			0		other	0
752	359	Nothing	22	5004240	0	1			0		other	0
752	360	Sound	19	5009063	0	2			0		other	0
752	360	Response	2	5015849	6786	6
752	361	Sound	0	5033451	0	2			0		other	0
752	362	Nothing	22	5053511	0	1			0		other	0
752	363	Sound	19	5059012	0	2			0		other	0
752	364	Sound	0	5082810	0	2			0		other	0
752	365	Nothing	22	5102862	0	1			0		other	0
752	366	Sound	19	5104922	0	2			0		other	0
752	368	Sound	0	5134451	0	2			0		other	0
752	369	Nothing	22	5154516	0	1			0		other	0
752	370	Sound	19	5158153	0	1			0		other	0
752	371	Sound	0	5181162	0	2			0		other	0
752	372	Nothing	22	5201197	0	1			0		other	0
752	373	Sound	19	5210316	0	2			0		other	0
752	374	Sound	0	5239734	0	2			0		other	0
752	375	Nothing	22	5259789	0	1			0		other	0
752	375	Response	2	5261888	2099	7
752	376	Sound	19	5265628	0	2			0		other	0
752	377	Sound	0	5293767	0	2			0		other	0
752	378	Nothing	22	5313815	0	1			0		other	0
752	379	Sound	19	5316834	0	2			0		other	0
752	380	Sound	0	5340032	0	2			0		other	0
752	381	Nothing	22	5360073	0	1			0		other	0
752	382	Sound	19	5363020	0	2			0		other	0
752	384	Sound	0	5385562	0	2			0		other	0
752	385	Nothing	22	5405635	0	1			0		other	0
752	386	Sound	19	5415041	0	2			0		other	0
752	387	Sound	0	5438060	0	2			0		other	0
752	388	Nothing	22	5458136	0	1			0		other	0
752	389	Sound	19	5464913	0	2			0		other	0
752	390	Sound	0	5492227	0	2			0		other	0
752	391	Nothing	22	5512278	0	1			0		other	0
752	392	Sound	19	5513509	0	2			0		other	0
752	393	Sound	0	5535927	0	2			0		other	0
752	394	Nothing	22	5555964	0	1			0		other	0
752	395	Sound	19	5564962	0	2			0		other	0
752	396	Sound	0	5590010	0	2			0		other	0
752	397	Nothing	22	5610076	0	1			0		other	0
752	398	Sound	19	5613023	0	2			0		other	0
752	400	Sound	0	5637763	0	2			0		other	0
752	401	Nothing	22	5657823	0	1			0		other	0
752	402	Sound	19	5658230	0	1			0		other	0
752	403	Sound	0	5684597	0	2			0		other	0
752	403	Response	1	5684767	170	1
752	406	Nothing	3	5686837	0	1			0		other	0
752	407	Nothing	22	5715877	0	1			0		other	0
752	408	Sound	19	5721439	0	2			0		other	0
752	409	Sound	0	5750038	0	2			0		other	0
752	410	Nothing	22	5770126	0	1			0		other	0
752	411	Sound	19	5777290	0	2			0		other	0
752	412	Sound	0	5804539	0	2			0		other	0
752	413	Nothing	22	5824596	0	1			0		other	0
752	414	Sound	19	5830334	0	2			0		other	0
752	415	Sound	0	5853052	0	2			0		other	0
752	416	Nothing	22	5873104	0	1			0		other	0
752	417	Sound	19	5878953	0	2			0		other	0
752	419	Sound	0	5901736	0	2			0		other	0
752	420	Nothing	22	5921793	0	1			0		other	0
752	421	Sound	19	5924315	0	2			0		other	0
752	422	Sound	0	5950704	0	2			0		other	0
752	423	Nothing	22	5970749	0	1			0		other	0
752	424	Sound	19	5974936	0	2			0		other	0
752	425	Sound	0	5995575	0	2			0		other	0
752	426	Nothing	22	6015615	0	1			0		other	0
752	427	Sound	19	6020157	0	2			0		other	0
752	428	Sound	0	6049736	0	2			0		other	0
752	428	Response	1	6064035	14299	1
752	431	Nothing	3	6066119	0	1			0		other	0
752	432	Nothing	22	6095152	0	1			0		other	0
752	433	Sound	19	6098245	0	2			0		other	0
752	434	Sound	0	6122234	0	2			0		other	0
752	434	Response	2	6134256	12022	6
752	435	Response	2	6134421	129	5
752	435	Response	2	6134586	294	6
752	435	Response	2	6134755	463	3
752	435	Response	2	6134924	632	4
752	435	Response	2	6135086	794	6
752	435	Response	2	6135252	960	6
752	436	Nothing	3	6135310	0	1			0		false_alarm	504
752	436	Response	2	6135417	107	6
752	436	Response	2	6135917	607	6
752	436	Response	2	6136087	777	6
752	436	Response	2	6136250	940	6
752	436	Response	2	6136751	1441	6
752	436	Response	2	6136921	1611	6
752	436	Response	2	6137089	1779	5
752	436	Response	2	6137252	1942	6
752	436	Response	2	6137417	2107	6
752	436	Response	2	6137585	2275	6
752	436	Response	2	6137751	2441	6
752	436	Response	2	6137918	2608	6
752	436	Response	2	6138087	2777	6
752	436	Response	2	6138254	2944	5
752	436	Response	2	6138418	3108	6
752	436	Response	2	6138585	3275	6
752	436	Response	2	6138756	3446	6
752	436	Response	2	6138921	3611	3
752	436	Response	2	6139088	3778	6
752	436	Response	2	6139256	3946	6
752	436	Response	2	6139421	4111	6
752	436	Response	2	6139588	4278	6
752	436	Response	2	6139753	4443	6
752	436	Response	2	6139921	4611	6
752	436	Response	2	6140086	4776	6
752	436	Response	2	6140253	4943	6
752	436	Response	2	6140423	5113	6
752	436	Response	2	6140591	5281	5
752	436	Response	2	6140753	5443	6
752	436	Response	2	6140921	5611	6
752	436	Response	2	6141085	5775	6
752	436	Response	2	6141421	6111	6
752	436	Response	2	6141590	6280	6
752	436	Response	2	6141753	6443	5
752	436	Response	2	6141918	6608	6
752	437	Nothing	22	6164363	0	1			0		other	0
752	438	Sound	19	6167301	0	2			0		other	0
752	438	Response	2	6168891	1590	6
752	440	Sound	0	6195032	0	2			0		other	0
752	441	Nothing	22	6215069	0	1			0		other	0
752	441	Response	2	6217007	1938	6
752	442	Sound	19	6217687	0	2			0		other	0
752	443	Sound	0	6241024	0	2			0		other	0
752	443	Response	3	6255437	14413	6
752	445	Nothing	3	6256486	0	1			0		false_alarm	549
752	445	Response	2	6265272	8786	6
752	445	Response	2	6265403	8917	6
752	446	Nothing	22	6285537	0	1			0		other	0
752	447	Sound	19	6292645	0	2			0		other	0
752	448	Sound	0	6313844	0	2			0		other	0
752	449	Nothing	22	6333939	0	1			0		other	0
752	450	Sound	19	6340242	0	2			0		other	0
752	451	Sound	0	6361229	0	2			0		other	0
752	452	Nothing	22	6381276	0	1			0		other	0
752	453	Sound	19	6383453	0	2			0		other	0
752	454	Sound	0	6409700	0	2			0		other	0
752	455	Nothing	22	6429788	0	1			0		other	0
752	456	Sound	19	6436805	0	2			0		other	0
752	458	Sound	0	6461191	0	2			0		other	0
752	458	Response	1	6479862	18671	2
752	459	Response	2	6480489	556	6
752	461	Nothing	3	6481973	0	1			0		false_alarm	566
752	461	Response	2	6484147	2174	6
752	462	Nothing	22	6511011	0	1			0		other	0
752	463	Sound	19	6514073	0	2			0		other	0
752	464	Sound	0	6543141	0	2			0		other	0
752	465	Nothing	22	6563220	0	1			0		other	0
752	466	Sound	19	6563438	0	2			0		other	0
752	467	Sound	0	6591666	0	2			0		other	0
752	468	Nothing	22	6611729	0	1			0		other	0
752	469	Sound	19	6621141	0	2			0		other	0
752	470	Sound	0	6644551	0	2			0		other	0
752	471	Nothing	22	6664598	0	2			0		other	0
752	472	Sound	19	6671421	0	2			0		other	0
752	473	Sound	0	6696039	0	2			0		other	0
752	474	Nothing	22	6716076	0	1			0		other	0
752	475	Sound	19	6721406	0	1			0		other	0
752	477	Sound	0	6742839	0	2			0		other	0
752	478	Nothing	22	6762912	0	1			0		other	0
752	479	Sound	19	6769886	0	2			0		other	0
752	480	Sound	0	6792465	0	1			0		other	0
752	481	Nothing	22	6812509	0	1			0		other	0
752	482	Sound	19	6815496	0	2			0		other	0
752	483	Sound	0	6836393	0	2			0		other	0
752	484	Nothing	22	6856429	0	1			0		other	0
752	485	Sound	19	6863841	0	2			0		other	0
752	486	Sound	0	6884508	0	2			0		other	0
752	487	Nothing	22	6904555	0	1			0		other	0
752	488	Sound	19	6911397	0	2			0		other	0
752	489	Sound	0	6936905	0	2			0		other	0
752	490	Nothing	22	6957038	0	1			0		other	0
752	491	Sound	19	6963094	0	2			0		other	0
752	493	Sound	0	6985430	0	2			0		other	0
752	494	Nothing	22	7005464	0	1			0		other	0
752	495	Sound	19	7008995	0	2			0		other	0
752	496	Sound	0	7034249	0	2			0		other	0
752	497	Nothing	22	7054368	0	1			0		other	0
752	498	Sound	19	7059076	0	2			0		other	0
752	499	Sound	0	7079392	0	2			0		other	0
752	500	Nothing	22	7099440	0	1			0		other	0
752	501	Sound	19	7109407	0	2			0		other	0
752	502	Sound	0	7130304	0	2			0		other	0
752	502	Response	3	7134053	3749	4
752	504	Nothing	3	7135099	0	1			0		other	0
752	505	Nothing	22	7164151	0	1			0		other	0
752	506	Sound	19	7173369	0	2			0		other	0
752	507	Sound	0	7200207	0	2			0		other	0
752	508	Nothing	22	7220346	0	1			0		other	0
752	509	Sound	19	7224935	0	2			0		other	0
752	509	Response	2	7228705	3770	6
752	509	Response	3	7242828	17893	6
752	511	Sound	0	7251129	0	5			0		other	0
752	512	Nothing	22	7271169	0	1			0		other	0
752	513	Sound	19	7278402	0	2			0		other	0
752	514	Sound	0	7307781	0	2			0		other	0
752	515	Nothing	22	7327839	0	1			0		other	0
752	516	Sound	19	7335738	0	2			0		other	0
752	517	Sound	0	7363876	0	1			0		other	0
752	518	Nothing	22	7384106	0	1			0		other	0
752	519	Sound	19	7393134	0	1			0		other	0
752	520	Sound	0	7421661	0	2			0		other	0
752	521	Nothing	22	7441711	0	1			0		other	0
752	522	Sound	19	7449864	0	2			0		other	0
752	523	Sound	0	7472101	0	2			0		other	0
752	524	Nothing	22	7492148	0	1			0		other	0
752	525	Sound	19	7495920	0	2			0		other	0
752	527	Sound	0	7521991	0	2			0		other	0
752	528	Nothing	22	7542043	0	1			0		other	0
752	529	Sound	19	7547785	0	2			0		other	0
752	530	Sound	0	7571973	0	2			0		other	0
752	531	Nothing	22	7592036	0	1			0		other	0
752	532	Sound	19	7599110	0	2			0		other	0
752	533	Sound	0	7619788	0	2			0		other	0
752	534	Nothing	22	7639823	0	1			0		other	0
752	535	Sound	19	7643112	0	2			0		other	0
752	536	Sound	0	7664560	0	2			0		other	0
752	537	Nothing	22	7684648	0	1			0		other	0
752	538	Sound	19	7692328	0	2			0		other	0
752	539	Sound	0	7719096	0	2			0		other	0
752	540	Nothing	22	7739176	0	1			0		other	0
752	541	Sound	19	7739723	0	2			0		other	0
752	543	Sound	0	7760544	0	2			0		other	0
752	544	Nothing	22	7780610	0	1			0		other	0
752	545	Sound	19	7783118	0	2			0		other	0
752	546	Sound	0	7803346	0	2			0		other	0
752	547	Nothing	22	7823473	0	1			0		other	0
752	547	Response	1	7824301	828	1
752	548	Sound	19	7824510	0	2			0		other	0
752	548	Response	1	7835580	11070	1
752	549	Sound	0	7848379	0	2			0		other	0
752	550	Nothing	22	7868423	0	1			0		other	0
752	550	Response	1	7869819	1396	2
752	551	Sound	19	7877866	0	2			0		other	0
752	551	Response	1	7899898	22032	2
752	552	Sound	0	7905073	0	2			0		other	0
752	553	Nothing	22	7925151	0	1			0		other	0
752	554	Sound	19	7929513	0	2			0		other	0
752	555	Sound	0	7951461	0	2			0		other	0
752	556	Nothing	22	7971523	0	1			0		other	0
752	557	Sound	19	7978549	0	2			0		other	0
752	559	Sound	0	8000454	0	2			0		other	0
752	559	Response	1	8015415	14961	1
752	562	Nothing	3	8017507	0	1			0		other	0
752	563	Nothing	22	8046542	0	1			0		other	0
752	564	Sound	19	8047635	0	1			0		other	0
752	565	Sound	0	8068413	0	2			0		other	0
752	566	Nothing	22	8088495	0	1			0		other	0
752	566	Response	3	8089846	1351	6
752	567	Sound	19	8096009	0	2			0		other	0
752	567	Response	3	8106135	10126	6
752	567	Response	2	8106504	10495	5
752	567	Response	2	8107341	11332	6
752	567	Response	2	8109353	13344	6
752	567	Response	2	8109510	13501	6
752	567	Response	2	8109678	13669	6
752	567	Response	2	8109848	13839	6
752	567	Response	2	8110179	14170	6
752	567	Response	2	8110353	14344	6
752	567	Response	2	8110519	14510	6
752	567	Response	2	8110690	14681	5
752	567	Response	2	8111021	15012	6
752	568	Sound	0	8117767	0	2			0		other	0
752	568	Response	2	8123025	5258	6
752	569	Response	2	8123190	113	6
752	569	Response	2	8123353	276	5
752	569	Response	2	8123522	445	6
752	569	Response	2	8123686	609	6
752	569	Response	2	8123856	779	5
752	569	Response	2	8124017	940	6
752	570	Nothing	3	8124093	0	1			0		false_alarm	694
752	570	Response	2	8124187	94	5
752	570	Response	2	8124351	258	6
752	570	Response	3	8125457	1364	6
752	570	Response	3	8129593	5500	6
752	571	Nothing	22	8153148	0	1			0		other	0
752	572	Sound	19	8158606	0	2			0		other	0
752	573	Sound	0	8179664	0	2			0		other	0
752	573	Response	3	8182527	2863	6
752	575	Nothing	3	8183585	0	1			0		false_alarm	703
752	575	Response	3	8186401	2816	8
752	575	Response	2	8187813	4228	6
752	576	Nothing	22	8212622	0	1			0		other	0
752	577	Sound	19	8217284	0	2			0		other	0
752	578	Sound	0	8243512	0	2			0		other	0
752	579	Nothing	22	8263568	0	1			0		other	0
752	580	Sound	19	8267569	0	2			0		other	0
752	582	Sound	0	8288492	0	2			0		other	0
752	583	Nothing	22	8308543	0	1			0		other	0
752	584	Sound	19	8311324	0	2			0		other	0
752	585	Sound	0	8331942	0	2			0		other	0
752	586	Nothing	22	8352009	0	1			0		other	0
752	587	Sound	19	8361172	0	2			0		other	0
752	588	Sound	0	8387389	0	2			0		other	0
752	589	Nothing	22	8407438	0	1			0		other	0
752	590	Sound	19	8410816	0	3			0		other	0
752	591	Sound	0	8440805	0	2			0		other	0
752	592	Nothing	22	8460848	0	1			0		other	0
752	593	Sound	19	8468301	0	2			0		other	0
752	593	Response	3	8469726	1425	6
752	594	Sound	0	8494611	0	2			0		other	0
752	595	Nothing	22	8514708	0	1			0		other	0
752	596	Sound	19	8520856	0	2			0		other	0
752	598	Sound	0	8545367	0	2			0		other	0
752	599	Nothing	22	8565441	0	1			0		other	0
752	599	Response	1	8571557	6116	2
752	600	Sound	19	8573378	0	2			0		other	0
752	600	Response	3	8575128	1750	6
752	600	Response	1	8598117	24739	1
752	601	Sound	0	8601387	0	2			0		other	0
752	601	Response	1	8603316	1929	2
752	602	Response	3	8604241	900	6
752	604	Nothing	3	8605381	0	1			0		other	0
752	605	Nothing	22	8634419	0	1			0		other	0
752	606	Sound	19	8634766	0	2			0		other	0
752	607	Sound	0	8664245	0	2			0		other	0
752	608	Nothing	22	8684291	0	1			0		other	0
752	609	Sound	19	8693153	0	2			0		other	0
752	609	Response	2	8708682	15529	5
752	610	Sound	0	8721602	0	2			0		other	0
752	610	Response	2	8726197	4595	6
752	611	Response	2	8726701	415	6
752	612	Nothing	3	8727301	0	1			0		other	0
752	613	Nothing	22	8756353	0	1			0		other	0
752	614	Sound	19	8763789	0	2			0		other	0
752	615	Sound	0	8788727	0	1			0		other	0
752	616	Nothing	22	8808787	0	1			0		other	0
752	617	Sound	19	8816058	0	2			0		other	0
752	619	Sound	0	8842581	0	2			0		other	0
752	620	Nothing	22	8862642	0	1			0		other	0
752	621	Sound	19	8864288	0	2			0		other	0
752	622	Sound	0	8893345	0	1			0		other	0
752	623	Nothing	22	8913408	0	1			0		other	0
752	624	Sound	19	8914810	0	2			0		other	0
752	625	Sound	0	8942279	0	2			0		other	0
752	626	Nothing	22	8962326	0	1			0		other	0
752	627	Sound	19	8967651	0	2			0		other	0
752	628	Sound	0	8989280	0	2			0		other	0
752	629	Nothing	22	9009349	0	1			0		other	0
752	630	Sound	19	9013208	0	2			0		other	0
752	631	Sound	0	9039354	0	2			0		other	0
752	631	Response	1	9049383	10029	1
752	634	Nothing	3	9051446	0	1			0		other	0
752	635	Nothing	22	9080483	0	1			0		other	0
752	636	Sound	19	9085057	0	2			0		other	0
752	636	Response	2	9097785	12728	6
752	636	Response	2	9113898	28841	6
752	638	Sound	0	9114792	0	2			0		other	0
752	639	Nothing	22	9135021	0	1			0		other	0
752	640	Sound	19	9141884	0	2			0		other	0
752	641	Sound	0	9169868	0	3			0		other	0
752	641	Response	2	9176920	7052	6
752	642	Response	2	9177447	471	6
752	643	Nothing	3	9177992	0	1			0		other	0
752	644	Nothing	22	9207041	0	1			0		other	0
752	644	Response	2	9208456	1415	6
752	644	Response	2	9209236	2195	6
752	645	Sound	19	9214178	0	2			0		other	0
752	645	Response	2	9217813	3635	6
752	646	Sound	0	9240778	0	1			0		other	0
752	647	Nothing	22	9260829	0	2			0		other	0
752	647	Response	3	9261666	837	6
752	648	Sound	19	9269707	0	2			0		other	0
752	648	Response	2	9273648	3941	6
752	649	Sound	0	9295745	0	2			0		other	0
752	650	Nothing	22	9315782	0	1			0		other	0
752	651	Sound	19	9318783	0	2			0		other	0
752	652	Sound	0	9348542	0	2			0		other	0
752	652	Response	1	9352570	4028	5
752	655	Nothing	3	9354640	0	1			0		other	0
752	656	Nothing	22	9383677	0	1			0		other	0
752	657	Sound	19	9389313	0	2			0		other	0
752	659	Sound	0	9417482	0	2			0		other	0
752	660	Nothing	22	9437532	0	1			0		other	0
752	661	Sound	19	9441603	0	2			0		other	0
752	662	Sound	0	9466352	0	2			0		other	0
752	663	Nothing	22	9486399	0	1			0		other	0
752	664	Sound	19	9490785	0	2			0		other	0
752	665	Sound	0	9512322	0	2			0		other	0
752	666	Nothing	22	9532359	0	1			0		other	0
752	667	Sound	19	9535055	0	2			0		other	0
752	668	Sound	0	9558833	0	2			0		other	0
752	669	Nothing	22	9578933	0	1			0		other	0
752	670	Sound	19	9585741	0	2			0		other	0
752	671	Sound	0	9611610	0	2			0		other	0
752	672	Nothing	22	9631678	0	1			0		other	0
752	673	Sound	19	9636857	0	1			0		other	0
752	675	Sound	0	9666777	0	2			0		other	0
752	676	Nothing	22	9686819	0	1			0		other	0
752	677	Sound	19	9694457	0	2			0		other	0
752	677	Response	2	9700450	5993	6
752	677	Response	2	9700615	6158	6
752	677	Response	2	9700776	6319	6
752	678	Sound	0	9715045	0	2			0		other	0
752	679	Nothing	22	9735096	0	1			0		other	0
752	680	Sound	19	9739785	0	2			0		other	0
752	680	Response	2	9742780	2995	6
752	680	Response	2	9742945	3160	6
752	680	Response	2	9743112	3327	6
752	680	Response	2	9743280	3495	4
752	680	Response	2	9743453	3668	6
752	680	Response	2	9744611	4826	6
752	680	Response	2	9744778	4993	6
752	680	Response	2	9744946	5161	6
752	680	Response	2	9745116	5331	6
752	680	Response	2	9745281	5496	6
752	680	Response	2	9745450	5665	4
752	680	Response	2	9745615	5830	5
752	680	Response	2	9745783	5998	6
752	680	Response	2	9745950	6165	5
752	680	Response	2	9746120	6335	5
752	680	Response	2	9746285	6500	5
752	680	Response	2	9746450	6665	5
752	680	Response	2	9746617	6832	6
752	680	Response	2	9746785	7000	5
752	680	Response	2	9746950	7165	5
752	680	Response	2	9747116	7331	6
752	680	Response	2	9747283	7498	6
752	680	Response	2	9747449	7664	5
752	680	Response	2	9747614	7829	5
752	680	Response	2	9747781	7996	6
752	680	Response	2	9747944	8159	6
752	680	Response	2	9748113	8328	6
752	680	Response	2	9748282	8497	6
752	680	Response	2	9748449	8664	6
752	680	Response	2	9748614	8829	6
752	680	Response	2	9748781	8996	4
752	680	Response	2	9748947	9162	6
752	680	Response	2	9749114	9329	6
752	680	Response	2	9749282	9497	6
752	680	Response	2	9749448	9663	6
752	680	Response	2	9749614	9829	6
752	680	Response	2	9749783	9998	6
752	680	Response	2	9749947	10162	6
752	680	Response	2	9750114	10329	6
752	680	Response	2	9750279	10494	6
752	680	Response	2	9750447	10662	6
752	680	Response	2	9750612	10827	6
752	680	Response	2	9750779	10994	6
752	680	Response	2	9750944	11159	6
752	680	Response	2	9751113	11328	6
752	680	Response	2	9751282	11497	6
752	680	Response	2	9751444	11659	6
752	680	Response	2	9751613	11828	3
752	680	Response	2	9751782	11997	5
752	680	Response	2	9751946	12161	6
752	680	Response	2	9752112	12327	6
752	680	Response	2	9752278	12493	5
752	680	Response	2	9752447	12662	6
752	680	Response	2	9752612	12827	6
752	680	Response	2	9752781	12996	6
752	680	Response	2	9752946	13161	6
752	680	Response	2	9753116	13331	6
752	680	Response	2	9753279	13494	6
752	680	Response	2	9753447	13662	6
752	680	Response	2	9753612	13827	6
752	680	Response	2	9753782	13997	6
752	680	Response	2	9753947	14162	6
752	680	Response	2	9754112	14327	6
752	680	Response	2	9754278	14493	6
752	680	Response	2	9754446	14661	5
752	680	Response	2	9754611	14826	5
752	680	Response	2	9754778	14993	6
752	680	Response	2	9754947	15162	4
752	680	Response	2	9755111	15326	5
752	680	Response	2	9755278	15493	6
752	680	Response	2	9755445	15660	5
752	680	Response	2	9755611	15826	5
752	680	Response	2	9755777	15992	6
752	680	Response	2	9755945	16160	7
752	680	Response	2	9756111	16326	5
752	680	Response	2	9756278	16493	6
752	680	Response	2	9756448	16663	6
752	680	Response	2	9756613	16828	5
752	680	Response	2	9756777	16992	6
752	680	Response	2	9756944	17159	6
752	680	Response	2	9757109	17324	6
752	680	Response	2	9757277	17492	6
752	680	Response	2	9757444	17659	6
752	680	Response	2	9757607	17822	6
752	680	Response	2	9757774	17989	6
752	680	Response	2	9757938	18153	5
752	680	Response	2	9758105	18320	6
752	680	Response	2	9758272	18487	6
752	680	Response	2	9758438	18653	6
752	680	Response	2	9758608	18823	5
752	680	Response	2	9758777	18992	4
752	680	Response	2	9758944	19159	6
752	680	Response	2	9759109	19324	5
752	680	Response	2	9759274	19489	6
752	680	Response	2	9759442	19657	6
752	680	Response	2	9759610	19825	5
752	680	Response	2	9759775	19990	6
752	680	Response	2	9759943	20158	6
752	680	Response	2	9760110	20325	6
752	680	Response	2	9760274	20489	6
752	680	Response	2	9760443	20658	6
752	680	Response	2	9760609	20824	6
752	680	Response	2	9760772	20987	6
752	680	Response	2	9760940	21155	6
752	680	Response	2	9761105	21320	5
752	680	Response	2	9761274	21489	5
752	680	Response	2	9761442	21657	6
752	680	Response	2	9761609	21824	6
752	680	Response	2	9761778	21993	6
752	680	Response	2	9761944	22159	6
752	680	Response	2	9762112	22327	5
752	680	Response	2	9762278	22493	6
752	680	Response	2	9762443	22658	6
752	680	Response	2	9762612	22827	5
752	680	Response	2	9762778	22993	6
752	680	Response	2	9762944	23159	6
752	680	Response	2	9763113	23328	6
752	680	Response	2	9763277	23492	5
752	680	Response	2	9763444	23659	6
752	680	Response	2	9763609	23824	6
752	680	Response	2	9763775	23990	6
752	680	Response	2	9763944	24159	6
752	680	Response	2	9764109	24324	6
752	680	Response	2	9764276	24491	6
752	680	Response	2	9764444	24659	6
752	680	Response	2	9764610	24825	6
752	680	Response	2	9764778	24993	6
752	680	Response	2	9764943	25158	6
752	680	Response	2	9765109	25324	6
752	681	Sound	0	9765194	0	2			0		other	0
752	681	Response	2	9765279	85	6
752	682	Response	2	9765443	74	6
752	682	Response	2	9765609	240	6
752	682	Response	2	9765773	404	4
752	683	Nothing	3	9766386	0	1			0		other	0
752	684	Nothing	22	9795438	0	1			0		other	0
752	685	Sound	19	9805164	0	2			0		other	0
752	686	Sound	0	9833732	0	2			0		other	0
752	687	Nothing	22	9853785	0	1			0		other	0
752	688	Sound	19	9857146	0	2			0		other	0
752	689	Sound	0	9886650	0	2			0		other	0
752	690	Nothing	22	9906758	0	1			0		other	0
752	691	Sound	19	9915009	0	2			0		other	0
752	693	Sound	0	9935256	0	3			0		other	0
752	694	Nothing	22	9955306	0	1			0		other	0
752	695	Sound	19	9963654	0	2			0		other	0
752	696	Sound	0	9989542	0	2			0		other	0
752	697	Nothing	22	10009595	0	1			0		other	0
752	698	Sound	19	10013309	0	2			0		other	0
752	699	Sound	0	10039568	0	2			0		other	0
752	699	Response	2	10051234	11666	5
752	700	Response	2	10051565	305	6
752	701	Nothing	3	10052276	0	1			0		other	0
752	702	Nothing	22	10081328	0	1			0		other	0
752	703	Sound	19	10084353	0	2			0		other	0
752	704	Sound	0	10106672	0	2			0		other	0
752	705	Nothing	22	10126714	0	1			0		other	0
752	706	Sound	19	10135161	0	2			0		other	0
752	706	Response	2	10146722	11561	6
752	706	Response	2	10151112	15951	6
752	707	Sound	0	10163189	0	2			0		other	0
752	708	Nothing	22	10183240	0	1			0		other	0
752	709	Sound	19	10187945	0	2			0		other	0
752	711	Sound	0	10213773	0	2			0		other	0
752	712	Nothing	22	10233817	0	1			0		other	0
752	713	Sound	19	10242678	0	2			0		other	0
752	714	Sound	0	10264196	0	2			0		other	0
752	715	Nothing	22	10284240	0	1			0		other	0
752	716	Sound	19	10292593	0	2			0		other	0
752	716	Response	2	10300501	7908	6
752	717	Sound	0	10316581	0	2			0		other	0
752	718	Nothing	22	10336619	0	1			0		other	0
752	719	Sound	19	10338957	0	2			0		other	0
752	720	Sound	0	10364164	0	2			0		other	0
752	721	Nothing	22	10384227	0	1			0		other	0
752	722	Sound	19	10385691	0	2			0		other	0
752	723	Sound	0	10407059	0	2			0		other	0
752	723	Response	2	10413440	6381	6
752	725	Nothing	3	10414483	0	1			0		false_alarm	998
752	725	Response	2	10440062	25579	6
752	726	Nothing	22	10443538	0	1			0		other	0
752	727	Sound	19	10452605	0	2			0		other	0
752	729	Sound	0	10476338	0	2			0		other	0
752	730	Nothing	22	10496394	0	1			0		other	0
752	731	Sound	19	10497625	0	2			0		other	0
752	732	Sound	0	10520844	0	2			0		other	0
752	733	Nothing	22	10540890	0	1			0		other	0
752	734	Sound	19	10543129	0	1			0		other	0
752	735	Sound	0	10566828	0	2			0		other	0
752	736	Nothing	22	10586892	0	1			0		other	0
752	737	Sound	19	10594501	0	2			0		other	0
752	738	Sound	0	10615728	0	1			0		other	0
752	738	Response	2	10628350	12622	6
752	740	Nothing	3	10629401	0	1			0		other	0
752	741	Nothing	22	10658453	0	1			0		other	0
752	742	Sound	19	10663690	0	2			0		other	0
752	742	Response	2	10671540	7850	6
752	742	Response	2	10688683	24993	6
752	742	Response	3	10688765	25075	6
752	742	Response	2	10689690	26000	6
752	743	Sound	0	10690698	0	2			0		other	0
752	743	Response	3	10695394	4696	6
752	744	Response	2	10695525	99	6
752	745	Nothing	3	10696445	0	1			0		false_alarm	1023
752	745	Response	2	10697001	556	6
752	745	Response	2	10699109	2664	6
752	745	Response	3	10699133	2688	4
752	745	Response	2	10702032	5587	5
752	745	Response	3	10702065	5620	6
752	745	Response	2	10703507	7062	6
752	745	Response	3	10705074	8629	6
752	745	Response	3	10705262	8817	6
752	745	Response	2	10706362	9917	6
752	745	Response	3	10707330	10885	6
752	745	Response	2	10707357	10912	6
752	745	Response	3	10708772	12327	6
752	745	Response	2	10711975	15530	6
752	745	Response	3	10712325	15880	4
752	745	Response	2	10715173	18728	6
752	745	Response	3	10715242	18797	6
752	745	Response	3	10718669	22224	5
752	745	Response	2	10718688	22243	5
752	745	Response	2	10719654	23209	6
752	745	Response	3	10719654	23209	6
752	745	Response	2	10720469	24024	6
752	745	Response	2	10722956	26511	6
752	745	Response	2	10724192	27747	6
752	746	Nothing	22	10725483	0	1			0		other	0
752	747	Sound	19	10726358	0	2			0		other	0
752	747	Response	2	10730017	3659	7
752	747	Response	2	10730984	4626	6
752	747	Response	2	10733017	6659	7
752	747	Response	2	10733352	6994	5
752	747	Response	2	10735150	8792	6
752	747	Response	2	10736132	9774	5
752	747	Response	2	10737869	11511	6
752	749	Sound	0	10747814	0	2			0		other	0
752	749	Response	2	10748012	198	5
752	751	Nothing	3	10749061	0	1			0		other	0
752	752	Nothing	22	10778100	0	1			0		other	0
752	753	Sound	19	10783397	0	2			0		other	0
752	754	Sound	0	10811274	0	2			0		other	0
752	755	Nothing	22	10831369	0	1			0		other	0
752	756	Sound	19	10836948	0	2			0		other	0
752	757	Sound	0	10865346	0	2			0		other	0
752	758	Nothing	22	10885403	0	1			0		other	0
752	759	Sound	19	10887827	0	2			0		other	0
752	760	Sound	0	10913546	0	2			0		other	0
752	760	Response	2	10915770	2224	6
752	761	Response	2	10916212	410	6
752	762	Nothing	3	10916819	0	2			0		other	0
752	763	Nothing	22	10945870	0	1			0		other	0
752	764	Sound	19	10950857	0	2			0		other	0
752	765	Sound	0	10972413	0	2			0		other	0
752	766	Nothing	22	10992466	0	1			0		other	0
752	767	Sound	19	10997913	0	2			0		other	0
752	769	Sound	0	11022710	0	3			0		other	0
752	770	Nothing	22	11042790	0	1			0		other	0
752	771	Sound	19	11052283	0	2			0		other	0
752	772	Sound	0	11082051	0	2			0		other	0
752	773	Nothing	22	11102093	0	1			0		other	0
752	774	Sound	19	11104065	0	2			0		other	0
752	775	Sound	0	11130084	0	2			0		other	0
752	776	Nothing	22	11150126	0	1			0		other	0
752	777	Sound	19	11157932	0	2			0		other	0
752	778	Sound	0	11179721	0	2			0		other	0
752	779	Nothing	22	11199762	0	1			0		other	0
752	780	Sound	19	11209424	0	2			0		other	0
752	781	Sound	0	11230971	0	2			0		other	0
752	782	Nothing	22	11251022	0	1			0		other	0
752	783	Sound	19	11254970	0	2			0		other	0
752	783	Response	2	11264775	9805	5
752	783	Response	2	11269960	14990	6
752	785	Sound	0	11275878	0	2			0		other	0
752	785	Response	2	11284762	8884	6
752	787	Nothing	3	11285860	0	1			0		other	0
752	788	Nothing	22	11314914	0	1			0		other	0
752	789	Sound	19	11319946	0	2			0		other	0
752	790	Sound	0	11344805	0	2			0		other	0
752	791	Nothing	22	11364852	0	1			0		other	0
752	792	Sound	19	11364967	0	2			0		other	0
752	793	Sound	0	11391816	0	2			0		other	0
752	794	Nothing	22	11411908	0	1			0		other	0
752	795	Sound	19	11417483	0	2			0		other	0
752	796	Sound	0	11444831	0	2			0		other	0
752	797	Nothing	22	11464890	0	1			0		other	0
752	798	Sound	19	11471607	0	2			0		other	0
752	799	Sound	0	11498924	0	2			0		other	0
752	800	Nothing	22	11518967	0	1			0		other	0
752	801	Sound	19	11521075	0	2			0		other	0
752	803	Sound	0	11542554	0	2			0		other	0
752	804	Nothing	22	11562665	0	1			0		other	0
752	805	Sound	19	11571138	0	2			0		other	0
752	805	Response	2	11573654	2516	6
752	805	Response	2	11577469	6331	6
752	805	Response	2	11580148	9010	6
752	805	Response	2	11590059	18921	6
752	806	Sound	0	11594196	0	2			0		other	0
752	806	Response	2	11596597	2401	6
752	807	Response	2	11596759	114	6
752	807	Response	2	11596924	279	6
752	807	Response	2	11597086	441	6
752	808	Nothing	3	11597662	0	1			0		other	0
752	809	Nothing	22	11626718	0	1			0		other	0
752	810	Sound	19	11633966	0	2			0		other	0
752	811	Sound	0	11658083	0	2			0		other	0
752	812	Nothing	22	11678139	0	1			0		other	0
752	813	Sound	19	11679346	0	2			0		other	0
752	814	Sound	0	11706154	0	2			0		other	0
752	815	Nothing	22	11726205	0	1			0		other	0
752	816	Sound	19	11726873	0	2			0		other	0
752	817	Sound	0	11750173	0	2			0		other	0
752	818	Nothing	22	11770212	0	1			0		other	0
752	819	Sound	19	11779400	0	2			0		other	0
752	821	Sound	0	11801798	0	2			0		other	0
752	822	Nothing	22	11821843	0	1			0		other	0
752	823	Sound	19	11826514	0	2			0		other	0
752	824	Sound	0	11852819	0	2			0		other	0
752	825	Nothing	22	11872876	0	1			0		other	0
752	826	Sound	19	11876039	0	2			0		other	0
752	827	Sound	0	11899667	0	2			0		other	0
752	828	Nothing	22	11919759	0	1			0		other	0
752	828	Response	2	12155018	235259	9
752	828	Response	2	12155180	235421	6
752	828	Response	2	12155341	235582	6
752	828	Response	2	12166110	246351	6
752	828	Response	2	12170010	250251	10
752	828	Response	2	12170173	250414	6
752	828	Response	2	12170351	250592	6
752	828	Response	2	12174409	254650	6
752	828	Response	2	12175708	255949	6
752	828	Response	2	12176917	257158	6
752	828	Response	2	12283501	363742	5
752	828	Response	2	12294176	374417	6
752	828	Response	2	12319819	400060	6
752	828	Response	2	12320657	400898	6
752	828	Response	2	12321351	401592	6
752	828	Response	2	12321519	401760	6
752	828	Response	2	12321686	401927	6
752	828	Response	2	12321856	402097	5
752	828	Response	2	12322195	402436	6
752	828	Response	2	12322347	402588	6
752	828	Response	2	12323512	403753	6
752	828	Response	2	12323680	403921	5
752	828	Response	2	12323847	404088	6
752	828	Response	2	12324015	404256	6
752	828	Response	2	12324182	404423	6
752	828	Response	2	12324349	404590	6
752	828	Response	2	12324515	404756	6
752	828	Response	2	12324681	404922	6
752	828	Response	2	12324850	405091	6
752	828	Response	2	12325016	405257	6
752	828	Response	2	12325184	405425	6
752	828	Response	2	12325351	405592	6
752	828	Response	2	12325519	405760	6
752	828	Response	2	12325681	405922	6
752	828	Response	2	12325847	406088	6
752	828	Response	2	12326015	406256	6
752	828	Response	2	12326181	406422	6
752	828	Response	2	12326346	406587	6
752	828	Response	2	12326516	406757	6
752	828	Response	2	12326681	406922	5
752	828	Response	2	12326847	407088	6
752	828	Response	2	12327014	407255	4
752	828	Response	2	12327182	407423	6
752	828	Response	2	12327348	407589	6
752	828	Response	2	12327515	407756	6
752	828	Response	2	12327681	407922	6
752	828	Response	2	12327851	408092	5
752	828	Response	2	12328017	408258	6
752	828	Response	2	12328186	408427	6
752	828	Response	2	12328350	408591	6
752	828	Response	2	12328515	408756	6
752	828	Response	2	12328686	408927	6
752	828	Response	2	12328850	409091	4
752	828	Response	2	12329020	409261	6
752	828	Response	2	12329183	409424	6
752	828	Response	2	12329351	409592	6
752	828	Response	2	12329516	409757	6
752	828	Response	2	12329685	409926	6
752	828	Response	2	12329852	410093	6
752	828	Response	2	12330015	410256	6
752	828	Response	2	12330183	410424	5
752	828	Response	2	12330352	410593	6
752	828	Response	2	12330517	410758	6
752	828	Response	2	12330686	410927	6
752	828	Response	2	12330851	411092	6
752	828	Response	2	12331020	411261	4
752	828	Response	2	12331183	411424	6
752	828	Response	2	12331352	411593	6
752	828	Response	2	12331517	411758	6
752	828	Response	2	12331688	411929	5
752	828	Response	2	12331851	412092	6
752	828	Response	2	12332017	412258	5
752	828	Response	2	12332186	412427	6
752	828	Response	2	12332351	412592	6
752	828	Response	2	12332520	412761	6
752	828	Response	2	12332686	412927	6
752	828	Response	2	12332851	413092	5
752	828	Response	2	12333020	413261	6
752	828	Response	2	12333186	413427	6
752	828	Response	2	12333352	413593	6
752	828	Response	2	12333520	413761	6
752	828	Response	2	12333686	413927	6
752	828	Response	2	12333851	414092	6
752	828	Response	2	12334021	414262	5
752	828	Response	2	12334187	414428	6
752	828	Response	2	12334352	414593	6
752	828	Response	2	12334521	414762	6
752	828	Response	2	12334686	414927	6
752	828	Response	2	12334851	415092	6
752	828	Response	2	12335020	415261	5
752	828	Response	2	12335184	415425	7
752	828	Response	2	12335352	415593	6
752	828	Response	2	12335520	415761	5
752	828	Response	2	12335688	415929	6
752	828	Response	2	12335852	416093	6
752	828	Response	2	12336019	416260	6
752	828	Response	2	12336186	416427	6
752	828	Response	2	12336351	416592	6
752	828	Response	2	12336518	416759	6
752	828	Response	2	12336688	416929	6
752	828	Response	2	12336852	417093	6
752	828	Response	2	12337019	417260	6
752	828	Response	2	12337188	417429	6
752	828	Response	2	12337354	417595	6
752	828	Response	2	12337519	417760	6
752	828	Response	2	12337684	417925	6
752	828	Response	2	12337852	418093	5
752	828	Response	2	12338019	418260	6
752	828	Response	2	12338186	418427	4
752	828	Response	2	12338353	418594	6
752	828	Response	2	12338522	418763	6
752	828	Response	2	12338687	418928	6
752	828	Response	2	12338852	419093	6
752	828	Response	2	12339020	419261	6
752	828	Response	2	12339186	419427	6
752	828	Response	2	12339356	419597	6
752	828	Response	2	12339522	419763	6
752	828	Response	2	12339686	419927	6
752	828	Response	2	12339853	420094	6
752	828	Response	2	12340021	420262	6
752	828	Response	2	12340187	420428	6
752	828	Response	2	12340352	420593	5
752	828	Response	2	12340521	420762	6
752	828	Response	2	12340687	420928	6
752	828	Response	2	12340856	421097	6
752	828	Response	2	12341019	421260	6
752	828	Response	2	12341189	421430	6
752	828	Response	2	12341354	421595	6
752	828	Response	2	12341519	421760	6
752	828	Response	2	12341688	421929	5
752	828	Response	2	12341856	422097	6
752	828	Response	2	12342027	422268	6
752	828	Response	2	12342189	422430	5
752	828	Response	2	12342356	422597	6
752	828	Response	2	12342522	422763	6
752	828	Response	2	12342688	422929	6
752	828	Response	2	12342854	423095	6
752	828	Response	2	12343023	423264	6
752	828	Response	2	12343188	423429	6
752	828	Response	2	12343354	423595	6
752	828	Response	2	12343523	423764	6
752	828	Response	2	12343690	423931	6
752	828	Response	2	12343857	424098	6
752	828	Response	2	12344022	424263	6
752	828	Response	2	12344189	424430	6
752	828	Response	2	12344355	424596	7
752	828	Response	2	12344521	424762	5
752	828	Response	2	12344689	424930	5
752	828	Response	2	12344855	425096	7
752	828	Response	2	12345021	425262	5
752	828	Response	2	12345188	425429	6
752	828	Response	2	12345354	425595	6
752	828	Response	2	12345522	425763	6
752	828	Response	2	12345687	425928	6
752	828	Response	2	12345855	426096	6
752	828	Response	2	12346022	426263	6
752	828	Response	2	12346188	426429	6
752	828	Response	2	12346353	426594	6
752	828	Response	2	12346520	426761	6
752	828	Response	2	12346687	426928	6
752	828	Response	2	12346857	427098	6
752	828	Response	2	12347020	427261	6
752	828	Response	2	12347190	427431	6
752	828	Response	2	12347355	427596	6
752	828	Response	2	12347520	427761	6
752	828	Response	2	12347687	427928	6
752	828	Response	2	12347854	428095	6
752	828	Response	2	12348022	428263	6
752	828	Response	2	12348187	428428	6
752	828	Response	2	12348355	428596	6
752	828	Response	2	12348522	428763	6
752	828	Response	2	12348690	428931	5
752	828	Response	2	12348854	429095	6
752	828	Response	2	12349024	429265	5
752	828	Response	2	12349188	429429	6
752	828	Response	2	12349354	429595	6
752	828	Response	2	12349523	429764	6
752	828	Response	2	12349688	429929	6
752	828	Response	2	12349857	430098	6
752	828	Response	2	12350022	430263	6
752	828	Response	2	12350189	430430	5
752	828	Response	2	12350355	430596	6
752	828	Response	2	12350522	430763	6
752	828	Response	2	12350689	430930	6
752	828	Response	2	12350855	431096	6
752	828	Response	2	12351023	431264	5
752	828	Response	2	12351188	431429	6
752	828	Response	2	12351357	431598	4
752	828	Response	2	12351523	431764	6
752	828	Response	2	12351689	431930	6
752	828	Response	2	12351858	432099	6
752	828	Response	2	12352023	432264	6
752	828	Response	2	12352191	432432	4
752	828	Response	2	12352354	432595	6
752	828	Response	2	12352523	432764	6
752	828	Response	2	12352689	432930	6
752	828	Response	2	12352856	433097	6
752	828	Response	2	12353023	433264	6
752	828	Response	2	12353188	433429	6
752	828	Response	2	12353354	433595	6
752	828	Response	2	12353520	433761	6
752	828	Response	2	12353688	433929	6
752	828	Response	2	12353856	434097	5
752	828	Response	2	12354023	434264	6
752	828	Response	2	12354189	434430	6
752	828	Response	2	12354356	434597	6
752	828	Response	2	12354523	434764	6
752	828	Response	2	12354690	434931	6
752	828	Response	2	12354855	435096	6
752	828	Response	2	12355023	435264	6
752	828	Response	2	12355188	435429	6
752	828	Response	2	12355354	435595	6
752	828	Response	2	12355521	435762	6
752	828	Response	2	12355689	435930	6
752	828	Response	2	12355854	436095	6
752	828	Response	2	12356023	436264	6
752	828	Response	2	12356188	436429	6
752	828	Response	2	12356358	436599	4
752	828	Response	2	12356523	436764	6
752	828	Response	2	12356689	436930	5
752	828	Response	2	12356856	437097	6
752	828	Response	2	12357021	437262	6
752	828	Response	2	12357191	437432	5
752	828	Response	2	12357355	437596	6
752	828	Response	2	12357525	437766	6
752	828	Response	2	12357690	437931	6
752	828	Response	2	12357855	438096	6
752	828	Response	2	12358025	438266	6
752	828	Response	2	12358190	438431	6
752	828	Response	2	12358354	438595	6
752	828	Response	2	12358525	438766	5
752	828	Response	2	12358691	438932	5
752	828	Response	2	12358854	439095	6
752	828	Response	2	12359021	439262	6
752	828	Response	2	12359188	439429	5
752	828	Response	2	12359354	439595	6
752	828	Response	2	12359521	439762	6
752	828	Response	2	12359691	439932	6
752	828	Response	2	12359856	440097	6
752	828	Response	2	12360024	440265	6
752	828	Response	2	12360191	440432	6
752	828	Response	2	12360357	440598	5
752	828	Response	2	12360525	440766	6
752	828	Response	2	12360689	440930	3
752	828	Response	2	12360857	441098	6
752	828	Response	2	12361022	441263	6
752	828	Response	2	12361185	441426	5
752	828	Response	2	12361352	441593	6
752	828	Response	2	12361522	441763	6
752	828	Response	2	12361687	441928	5
752	828	Response	2	12361851	442092	6
752	828	Response	2	12362019	442260	6
752	828	Response	2	12362187	442428	6
752	828	Response	2	12362351	442592	6
752	828	Response	2	12362521	442762	6
752	828	Response	2	12362685	442926	6
752	828	Response	2	12362851	443092	6
752	828	Response	2	12363019	443260	4
752	828	Response	2	12363185	443426	6
752	828	Response	2	12363355	443596	5
752	828	Response	2	12363520	443761	5
752	828	Response	2	12363686	443927	6
752	828	Response	2	12363855	444096	6
752	828	Response	2	12364020	444261	6
752	828	Response	2	12364186	444427	5
752	828	Response	2	12364354	444595	6
752	828	Response	2	12364521	444762	5
752	828	Response	2	12364686	444927	6
752	828	Response	2	12364851	445092	6
752	828	Response	2	12365017	445258	6
752	828	Response	2	12365185	445426	6
752	828	Response	2	12365352	445593	6
752	828	Response	2	12365521	445762	6
752	828	Response	2	12365685	445926	6
752	828	Response	2	12365854	446095	6
752	828	Response	2	12366019	446260	6
752	828	Response	2	12366187	446428	6
752	828	Response	2	12366354	446595	6
752	828	Response	2	12366519	446760	6
752	828	Response	2	12366689	446930	6
752	828	Response	2	12366854	447095	6
752	828	Response	2	12367020	447261	6
752	828	Response	2	12367187	447428	6
752	828	Response	2	12367354	447595	6
752	828	Response	2	12367519	447760	5
752	828	Response	2	12367686	447927	6
752	828	Response	2	12367852	448093	5
752	828	Response	2	12368020	448261	6
752	828	Response	2	12368187	448428	6
752	828	Response	2	12368353	448594	6
752	828	Response	2	12368521	448762	6
752	828	Response	2	12368687	448928	6
752	828	Response	2	12368853	449094	6
752	828	Response	2	12369021	449262	5
752	828	Response	2	12369187	449428	6
752	828	Response	2	12369355	449596	4
752	828	Response	2	12369520	449761	6
752	828	Response	2	12369686	449927	5
752	828	Response	2	12369855	450096	4
752	828	Response	2	12370021	450262	5
752	828	Response	2	12370187	450428	6
752	828	Response	2	12370353	450594	6
752	828	Response	2	12370520	450761	6
752	828	Response	2	12370687	450928	6
752	828	Response	2	12370852	451093	6
752	828	Response	2	12371020	451261	6
752	828	Response	2	12371187	451428	6
752	828	Response	2	12371353	451594	5
752	828	Response	2	12371521	451762	6
752	828	Response	2	12371687	451928	5
752	828	Response	2	12371853	452094	6
752	828	Response	2	12372021	452262	6
752	828	Response	2	12372188	452429	5
752	828	Response	2	12372353	452594	6
752	828	Response	2	12372520	452761	6
752	828	Response	2	12372687	452928	6
752	828	Response	2	12372855	453096	6
752	828	Response	2	12373020	453261	6
752	828	Response	2	12373190	453431	4
752	828	Response	2	12373353	453594	6
752	828	Response	2	12373522	453763	6
752	828	Response	2	12373686	453927	5
752	828	Response	2	12373853	454094	6
752	828	Response	2	12374021	454262	6
752	828	Response	2	12374186	454427	6
752	828	Response	2	12374353	454594	6
752	828	Response	2	12374521	454762	6
752	828	Response	2	12374686	454927	6
752	828	Response	2	12374853	455094	6
752	828	Response	2	12375020	455261	4
752	828	Response	2	12375187	455428	6
752	828	Response	2	12375355	455596	5
752	828	Response	2	12375525	455766	5
752	828	Response	2	12375687	455928	6
752	828	Response	2	12375854	456095	6
752	828	Response	2	12376020	456261	5
752	828	Response	2	12376190	456431	4
752	828	Response	2	12376354	456595	6
752	828	Response	2	12376521	456762	4
752	828	Response	2	12376687	456928	5
752	828	Response	2	12376856	457097	6
752	828	Response	2	12377022	457263	6
752	828	Response	2	12377188	457429	6
752	828	Response	2	12377353	457594	6
752	828	Response	2	12377522	457763	5
752	828	Response	2	12377688	457929	5
752	828	Response	2	12377854	458095	6
752	828	Response	2	12378022	458263	6
752	828	Response	2	12378187	458428	5
752	828	Response	2	12378357	458598	6
752	828	Response	2	12378853	459094	6
752	828	Response	2	12379019	459260	6
752	828	Response	2	12379188	459429	5
752	828	Response	2	12379354	459595	5
752	828	Response	2	12379519	459760	6
752	828	Response	2	12379689	459930	6
752	828	Response	2	12380019	460260	6
752	828	Response	2	12380522	460763	6
752	828	Response	2	12380687	460928	6
752	828	Response	2	12380857	461098	6
752	828	Response	2	12381022	461263	5
752	828	Response	2	12381357	461598	6
752	828	Response	2	12381524	461765	6
752	828	Response	2	12381854	462095	6
752	828	Response	2	12382689	462930	6
752	828	Response	2	12382856	463097	6
752	828	Response	2	12383022	463263	5
752	828	Response	2	12383189	463430	6
752	828	Response	2	12383353	463594	6
752	828	Response	2	12383522	463763	3
752	828	Response	2	12385689	465930	6
752	828	Response	2	12386023	466264	6
752	828	Response	2	12386188	466429	6
752	828	Response	2	12386357	466598	6
752	828	Response	2	12386523	466764	6
752	828	Response	2	12386689	466930	6
752	828	Response	2	12386855	467096	6
752	828	Response	2	12387189	467430	6
752	828	Response	2	12387358	467599	3
752	828	Response	2	12387524	467765	6
752	828	Response	2	12388855	469096	6
752	828	Response	2	12389023	469264	6
752	828	Response	2	12389190	469431	6
752	828	Response	2	12389357	469598	4
752	828	Response	2	12389523	469764	6
752	828	Response	2	12389692	469933	6
752	828	Response	2	12452366	532607	6
752	828	Response	2	12454206	534447	6
752	828	Response	2	12455030	535271	6
752	828	Response	2	12455371	535612	6
752	828	Response	2	12456040	536281	5
752	828	Response	2	12459381	539622	6
752	828	Response	2	12463349	543590	6
752	828	Response	2	12464536	544777	5
752	828	Response	2	12466223	546464	6
752	828	Response	2	12466358	546599	5
752	828	Response	2	12466877	547118	6
752	828	Response	2	12468377	548618	4
752	828	Response	2	12476728	556969	6
752	828	Response	2	12477376	557617	6
752	828	Response	2	12481659	561900	6
752	828	Response	2	12595231	675472	6
752	828	Response	2	12595386	675627	6
752	828	Response	2	12595759	676000	6
752	828	Response	2	12595898	676139	6
752	828	Response	2	12596063	676304	4
752	828	Response	2	12596226	676467	6
752	828	Response	2	12596396	676637	6
752	828	Response	2	12596564	676805	6
752	828	Response	2	12597379	677620	5
752	828	Response	2	12603400	683641	6
752	828	Response	2	12603569	683810	6
752	828	Response	2	12604566	684807	6
752	828	Response	2	12604725	684966	6
752	828	Response	2	12604906	685147	6
752	828	Response	2	12605400	685641	6
752	828	Response	2	12605561	685802	6
752	828	Response	2	12605729	685970	6
752	828	Response	2	12606391	686632	5
752	828	Response	2	12607396	687637	6
752	828	Response	2	12607734	687975	6
752	828	Response	2	12607899	688140	6
752	828	Response	2	12608066	688307	6
752	828	Response	2	12608231	688472	6
752	828	Response	2	12608396	688637	6
752	828	Response	2	12608901	689142	6
752	828	Response	2	12609065	689306	7
752	828	Response	2	12609229	689470	6
752	828	Response	2	12609399	689640	4
752	828	Response	2	12609574	689815	6
752	828	Response	2	12609744	689985	6
752	828	Response	2	12617233	697474	6
752	828	Response	2	12618562	698803	6
752	828	Response	2	12627415	707656	6
752	828	Response	2	12627905	708146	6
752	828	Response	2	12628058	708299	6
752	828	Response	2	12644237	724478	6
752	828	Response	2	12644404	724645	6
752	828	Response	2	12644573	724814	5
752	828	Quit		106191264	94271505
