Scenario - phase0_bothports
Logfile written - 05/18/2017 14:08:53

Subject	Trial	Event Type	Code	Time	TTime	Uncertainty	Duration	Uncertainty	ReqTime	ReqDur	Stim Type	Pair Index

752	0	Manual	05/18/2017 14:02:23	-9967	-9967
752	1	Sound	0	-9861	0	2			0		other	0
752	2	Nothing	22	10214	0	1			0		other	0
752	3	Sound	19	19981	0	2			0		other	0
752	4	Sound	0	42280	0	2			0		other	0
752	5	Nothing	22	62382	0	1			0		other	0
752	6	Sound	19	65060	0	2			0		other	0
752	7	Sound	0	93539	0	2			0		other	0
752	8	Nothing	22	113610	0	1			0		other	0
752	8	Response	3	113806	196	6
752	8	Response	3	114724	1114	6
752	8	Response	3	115805	2195	5
752	8	Response	3	116892	3282	6
752	9	Sound	19	123228	0	2			0		other	0
752	10	Sound	0	148948	0	1			0		other	0
752	10	Response	3	162086	13138	6
752	12	Nothing	3	163141	0	1			0		other	0
752	13	Nothing	22	192193	0	1			0		other	0
752	14	Sound	19	200120	0	2			0		other	0
752	16	Sound	0	221571	0	2			0		other	0
752	17	Nothing	22	241621	0	1			0		other	0
752	18	Sound	19	250883	0	2			0		other	0
752	18	Response	3	260327	9444	6
752	19	Sound	0	274909	0	2			0		other	0
752	19	Response	2	287265	12356	4
752	21	Nothing	3	288318	0	1			0		false_alarm	27
752	21	Response	2	292102	3784	6
752	22	Nothing	22	317374	0	1			0		other	0
752	23	Sound	19	318281	0	2			0		other	0
752	24	Sound	0	345100	0	2			0		other	0
752	24	Response	2	364161	19061	6
752	25	Response	2	364325	110	6
752	25	Response	2	364492	277	6
752	25	Response	2	364663	448	6
752	25	Response	2	364825	610	6
752	25	Response	2	364991	776	6
752	25	Response	2	365160	945	6
752	26	Nothing	3	365231	0	1			0		false_alarm	39
752	26	Response	2	365323	92	6
752	26	Response	2	365491	260	6
752	26	Response	2	365657	426	6
752	26	Response	2	365826	595	6
752	26	Response	2	365991	760	6
752	26	Response	2	366157	926	6
752	26	Response	2	366318	1087	14
752	26	Response	2	366491	1260	6
752	26	Response	2	366658	1427	6
752	26	Response	2	366826	1595	5
752	26	Response	2	366991	1760	5
752	26	Response	2	367157	1926	6
752	26	Response	2	367325	2094	6
752	26	Response	2	367491	2260	6
752	26	Response	2	367657	2426	6
752	26	Response	2	367823	2592	6
752	26	Response	2	367988	2757	6
752	26	Response	2	368155	2924	6
752	26	Response	2	368322	3091	6
752	26	Response	2	368491	3260	5
752	26	Response	2	368657	3426	6
752	26	Response	2	368825	3594	6
752	26	Response	2	368991	3760	6
752	26	Response	2	369160	3929	4
752	26	Response	2	369321	4090	6
752	26	Response	2	370157	4926	14
752	26	Response	2	370325	5094	6
752	26	Response	2	370492	5261	6
752	26	Response	2	370660	5429	6
752	26	Response	2	370826	5595	6
752	26	Response	2	370993	5762	6
752	26	Response	2	371160	5929	6
752	26	Response	2	371327	6096	6
752	26	Response	2	371495	6264	5
752	26	Response	2	371659	6428	6
752	26	Response	2	371827	6596	6
752	26	Response	2	371993	6762	6
752	26	Response	2	372159	6928	6
752	26	Response	2	372328	7097	6
752	26	Response	2	372494	7263	6
752	26	Response	2	372664	7433	6
752	26	Response	2	372829	7598	6
752	26	Response	2	372997	7766	6
752	26	Response	2	373163	7932	6
752	26	Response	2	373331	8100	6
752	26	Response	2	373501	8270	6
752	26	Response	2	374724	9493	6
752	27	Nothing	22	394271	0	1			0		other	0
752	28	Sound	19	399212	0	2			0		other	0
752	29	Sound	0	426619	0	2			0		other	0
752	30	Nothing	22	446666	0	1			0		other	0
752	31	Sound	19	453933	0	2			0		other	0
752	32	Sound	0	479982	0	2			0		other	0
752	33	Nothing	22	500018	0	1			0		other	0
752	34	Sound	19	507703	0	2			0		other	0
752	36	Sound	0	528704	0	2			0		other	0
752	36	Response	1	534071	5367	2
752	39	Nothing	3	536137	0	1			0		other	0
752	40	Nothing	22	565174	0	1			0		other	0
752	41	Sound	19	574027	0	2			0		other	0
752	42	Sound	0	597115	0	2			0		other	0
752	42	Response	2	611751	14636	6
752	44	Nothing	3	612817	0	1			0		other	0
752	45	Nothing	22	641869	0	1			0		other	0
752	46	Sound	19	649677	0	2			0		other	0
752	47	Sound	0	670385	0	2			0		other	0
752	48	Nothing	22	690538	0	1			0		other	0
752	49	Sound	19	696778	0	2			0		other	0
752	49	Response	2	702625	5847	4
752	49	Response	2	702787	6009	6
752	49	Response	2	702952	6174	6
752	49	Response	2	703119	6341	7
752	49	Response	2	703286	6508	5
752	49	Response	2	703453	6675	7
752	49	Response	2	703618	6840	6
752	49	Response	2	703784	7006	6
752	49	Response	2	703951	7173	6
752	49	Response	2	704119	7341	7
752	49	Response	2	704284	7506	6
752	49	Response	2	704450	7672	7
752	49	Response	2	704617	7839	6
752	49	Response	2	704784	8006	6
752	49	Response	2	704951	8173	6
752	49	Response	2	705116	8338	5
752	49	Response	2	705283	8505	6
752	49	Response	2	705450	8672	6
752	49	Response	2	705618	8840	6
752	49	Response	2	705784	9006	6
752	49	Response	2	705952	9174	6
752	49	Response	2	706948	10170	6
752	49	Response	2	707118	10340	6
752	49	Response	2	707287	10509	6
752	49	Response	2	707452	10674	7
752	49	Response	2	707615	10837	6
752	49	Response	2	707785	11007	6
752	49	Response	2	707953	11175	6
752	49	Response	2	708120	11342	7
752	49	Response	2	708290	11512	6
752	49	Response	2	708453	11675	6
752	49	Response	2	708623	11845	6
752	49	Response	2	708788	12010	6
752	49	Response	2	708958	12180	5
752	49	Response	2	709120	12342	7
752	49	Response	2	709290	12512	6
752	49	Response	2	709455	12677	6
752	49	Response	2	709623	12845	6
752	49	Response	2	709789	13011	6
752	49	Response	2	709954	13176	6
752	49	Response	2	710123	13345	6
752	49	Response	2	710292	13514	4
752	49	Response	2	710460	13682	6
752	49	Response	2	710621	13843	5
752	49	Response	2	710783	14005	6
752	49	Response	2	710952	14174	6
752	49	Response	2	711119	14341	6
752	49	Response	2	711287	14509	5
752	49	Response	2	711454	14676	6
752	49	Response	2	711619	14841	6
752	49	Response	2	711787	15009	5
752	49	Response	2	711955	15177	6
752	49	Response	2	712119	15341	6
752	49	Response	2	712623	15845	6
752	49	Response	2	712788	16010	6
752	49	Response	2	712958	16180	6
752	49	Response	2	713123	16345	6
752	49	Response	2	713291	16513	6
752	49	Response	2	713460	16682	6
752	49	Response	2	713625	16847	6
752	49	Response	2	713789	17011	6
752	49	Response	2	724779	28001	6
752	49	Response	2	724949	28171	6
752	49	Response	2	725115	28337	6
752	49	Response	2	725279	28501	6
752	49	Response	2	725446	28668	6
752	50	Response	2	725611	5	6
752	50	Sound	0	725616	10	2			0		other	0
752	51	Response	2	725776	126	6
752	51	Response	2	725945	295	6
752	51	Response	2	726114	464	6
752	51	Response	2	726276	626	6
752	52	Nothing	3	726666	0	1			0		other	0
752	53	Nothing	22	755718	0	1			0		other	0
752	54	Sound	19	757886	0	2			0		other	0
752	55	Sound	0	780653	0	2			0		other	0
752	55	Response	1	796223	15570	1
752	58	Nothing	3	798326	0	1			0		other	0
752	59	Nothing	22	827363	0	1			0		other	0
752	60	Sound	19	827749	0	2			0		other	0
752	62	Sound	0	857080	0	2			0		other	0
752	63	Nothing	22	877149	0	1			0		other	0
752	64	Sound	19	880466	0	2			0		other	0
752	65	Sound	0	902203	0	2			0		other	0
752	65	Response	2	918903	16700	6
752	67	Nothing	3	919958	0	1			0		other	0
752	68	Nothing	22	949009	0	1			0		other	0
752	69	Sound	19	952228	0	2			0		other	0
752	70	Sound	0	980384	0	2			0		other	0
752	71	Nothing	22	1000451	0	1			0		other	0
752	72	Sound	19	1007695	0	2			0		other	0
752	72	Response	2	1013166	5471	6
752	73	Sound	0	1032103	0	2			0		other	0
752	73	Response	2	1033847	1744	6
752	75	Nothing	3	1034912	0	1			0		other	0
752	76	Nothing	22	1063965	0	1			0		other	0
752	77	Sound	19	1067391	0	1			0		other	0
752	78	Sound	0	1096778	0	3			0		other	0
752	78	Response	2	1097880	1102	6
752	80	Nothing	3	1098962	0	1			0		other	0
752	81	Nothing	22	1128001	0	1			0		other	0
752	82	Sound	19	1131115	0	2			0		other	0
752	84	Sound	0	1157688	0	2			0		other	0
752	85	Nothing	22	1177731	0	1			0		other	0
752	86	Sound	19	1182153	0	2			0		other	0
752	87	Sound	0	1208792	0	2			0		other	0
752	87	Response	2	1224883	16091	6
752	89	Nothing	3	1225953	0	1			0		other	0
752	90	Nothing	22	1255004	0	1			0		other	0
752	91	Sound	19	1257947	0	2			0		other	0
752	91	Response	2	1259758	1811	6
752	92	Sound	0	1285575	0	2			0		other	0
752	93	Nothing	22	1305619	0	1			0		other	0
752	94	Sound	19	1311870	0	2			0		other	0
752	95	Sound	0	1340364	0	2			0		other	0
752	96	Nothing	22	1360401	0	1			0		other	0
752	97	Sound	19	1367127	0	2			0		other	0
752	98	Sound	0	1388766	0	2			0		other	0
752	99	Nothing	22	1408888	0	1			0		other	0
752	100	Sound	19	1415327	0	2			0		other	0
752	100	Response	2	1420062	4735	6
752	102	Sound	0	1440432	0	2			0		other	0
752	102	Response	2	1456076	15644	6
752	103	Response	2	1456240	84	5
752	103	Response	2	1456584	428	4
752	104	Nothing	3	1457177	0	1			0		other	0
752	105	Nothing	22	1486251	0	1			0		other	0
752	106	Sound	19	1490590	0	2			0		other	0
752	107	Sound	0	1515369	0	2			0		other	0
752	108	Nothing	22	1535454	0	1			0		other	0
752	109	Sound	19	1540743	0	2			0		other	0
752	109	Response	2	1558308	17565	6
752	110	Sound	0	1569940	0	2			0		other	0
752	111	Nothing	22	1590019	0	1			0		other	0
752	112	Sound	19	1592561	0	1			0		other	0
752	113	Sound	0	1616560	0	2			0		other	0
752	114	Nothing	22	1636608	0	1			0		other	0
752	115	Sound	19	1638545	0	2			0		other	0
752	115	Response	2	1639294	749	7
752	116	Sound	0	1658662	0	2			0		other	0
752	117	Nothing	22	1678702	0	1			0		other	0
752	118	Sound	19	1685395	0	2			0		other	0
752	118	Response	2	1701468	16073	6
752	120	Sound	0	1708708	0	3			0		other	0
752	121	Nothing	22	1728744	0	1			0		other	0
752	122	Sound	19	1731882	0	2			0		other	0
752	122	Response	2	1737635	5753	6
752	122	Response	2	1750823	18941	6
752	123	Sound	0	1759580	0	2			0		other	0
752	124	Nothing	22	1779639	0	1			0		other	0
752	125	Sound	19	1789198	0	2			0		other	0
752	125	Response	2	1796504	7306	6
752	125	Response	2	1797084	7886	6
752	126	Sound	0	1815096	0	2			0		other	0
752	127	Nothing	22	1835142	0	1			0		other	0
752	128	Sound	19	1835538	0	2			0		other	0
752	129	Sound	0	1856907	0	2			0		other	0
752	130	Nothing	22	1876962	0	1			0		other	0
752	131	Sound	19	1878196	0	1			0		other	0
752	132	Sound	0	1900044	0	1			0		other	0
752	133	Nothing	22	1920182	0	1			0		other	0
752	134	Sound	19	1921420	0	2			0		other	0
752	136	Sound	0	1946167	0	2			0		other	0
752	136	Response	1	1950583	4416	7
752	137	Response	2	1951068	436	6
752	139	Nothing	3	1952669	0	1			0		other	0
752	140	Nothing	22	1981704	0	1			0		other	0
752	141	Sound	19	1986908	0	2			0		other	0
752	142	Sound	0	2009876	0	2			0		other	0
752	143	Nothing	22	2029936	0	1			0		other	0
752	144	Sound	19	2031447	0	2			0		other	0
752	144	Response	2	2040890	9443	6
752	144	Response	2	2041053	9606	6
752	144	Response	2	2041218	9771	6
752	145	Sound	0	2056555	0	2			0		other	0
752	146	Nothing	22	2076648	0	1			0		other	0
752	147	Sound	19	2078793	0	2			0		other	0
752	148	Sound	0	2105461	0	2			0		other	0
752	148	Response	3	2118059	12598	6
752	149	Response	3	2118497	383	6
752	150	Nothing	3	2119133	0	1			0		false_alarm	288
752	150	Response	3	2119189	56	4
752	150	Response	2	2125033	5900	6
752	150	Response	3	2125033	5900	6
752	151	Nothing	22	2148185	0	1			0		other	0
752	152	Sound	19	2151226	0	2			0		other	0
752	153	Sound	0	2176532	0	2			0		other	0
752	154	Nothing	22	2196626	0	1			0		other	0
752	155	Sound	19	2198101	0	1			0		other	0
752	157	Sound	0	2227071	0	2			0		other	0
752	158	Nothing	22	2247214	0	1			0		other	0
752	159	Sound	19	2248449	0	2			0		other	0
752	160	Sound	0	2270027	0	2			0		other	0
752	161	Nothing	22	2290085	0	1			0		other	0
752	162	Sound	19	2292544	0	2			0		other	0
752	162	Response	2	2295496	2952	6
752	163	Sound	0	2322362	0	2			0		other	0
752	163	Response	1	2326656	4294	1
752	166	Nothing	3	2328777	0	1			0		other	0
752	167	Nothing	22	2357816	0	1			0		other	0
752	168	Sound	19	2361143	0	2			0		other	0
752	169	Sound	0	2388342	0	2			0		other	0
752	170	Nothing	22	2408404	0	1			0		other	0
752	171	Sound	19	2416761	0	2			0		other	0
752	172	Sound	0	2439758	0	2			0		other	0
752	173	Nothing	22	2459823	0	1			0		other	0
752	174	Sound	19	2462250	0	2			0		other	0
752	176	Sound	0	2484815	0	2			0		other	0
752	176	Response	3	2500581	15766	10
752	177	Response	3	2500964	233	6
752	178	Nothing	3	2501746	0	1			0		other	0
752	179	Nothing	22	2530798	0	1			0		other	0
752	180	Sound	19	2536246	0	2			0		other	0
752	181	Sound	0	2560323	0	2			0		other	0
752	182	Nothing	22	2580450	0	1			0		other	0
752	183	Sound	19	2582084	0	2			0		other	0
752	184	Sound	0	2604242	0	2			0		other	0
752	184	Response	2	2606752	2510	4
752	186	Nothing	3	2607808	0	1			0		false_alarm	326
752	186	Response	2	2612372	4564	6
752	186	Response	2	2612952	5144	6
752	186	Response	2	2613663	5855	6
752	186	Response	2	2614281	6473	5
752	186	Response	2	2615085	7277	6
752	186	Response	2	2628951	21143	6
752	186	Response	2	2629783	21975	6
752	187	Nothing	22	2636860	0	1			0		other	0
752	188	Sound	19	2640189	0	2			0		other	0
752	189	Sound	0	2668186	0	2			0		other	0
752	189	Response	2	2684774	16588	6
752	191	Nothing	3	2685821	0	1			0		other	0
752	192	Nothing	22	2714860	0	1			0		other	0
752	193	Sound	19	2721549	0	2			0		other	0
752	193	Response	2	2725951	4402	6
752	194	Sound	0	2748046	0	2			0		other	0
752	195	Nothing	22	2768093	0	1			0		other	0
752	196	Sound	19	2772959	0	2			0		other	0
752	198	Sound	0	2801546	0	2			0		other	0
752	199	Nothing	22	2821589	0	1			0		other	0
752	200	Sound	19	2824355	0	2			0		other	0
752	201	Sound	0	2851993	0	2			0		other	0
752	202	Nothing	22	2872034	0	1			0		other	0
752	203	Sound	19	2877863	0	2			0		other	0
752	204	Sound	0	2903621	0	2			0		other	0
752	204	Response	1	2907678	4057	1
752	205	Response	2	2908165	464	6
752	207	Nothing	3	2909741	0	1			0		false_alarm	354
752	207	Response	2	2911276	1535	6
752	207	Response	2	2911447	1706	6
752	207	Response	2	2912114	2373	5
752	207	Response	2	2912285	2544	6
752	208	Nothing	22	2938778	0	1			0		other	0
752	209	Sound	19	2940614	0	2			0		other	0
752	210	Sound	0	2963733	0	2			0		other	0
752	211	Nothing	22	2983788	0	1			0		other	0
752	212	Sound	19	2984886	0	2			0		other	0
752	213	Sound	0	3012373	0	2			0		other	0
752	214	Nothing	22	3032411	0	1			0		other	0
752	214	Response	2	3034220	1809	5
752	215	Sound	19	3037707	0	2			0		other	0
752	217	Sound	0	3059097	0	2			0		other	0
752	218	Nothing	22	3079138	0	1			0		other	0
752	219	Sound	19	3084246	0	2			0		other	0
752	219	Response	3	3096572	12326	6
752	220	Sound	0	3105824	0	2			0		other	0
752	221	Nothing	22	3125861	0	1			0		other	0
752	222	Sound	19	3129868	0	2			0		other	0
752	223	Sound	0	3155225	0	2			0		other	0
752	223	Response	1	3162870	7645	1
752	226	Nothing	3	3164953	0	1			0		false_alarm	377
752	226	Response	2	3190392	25439	6
752	227	Nothing	22	3193991	0	1			0		other	0
752	228	Sound	19	3195818	0	2			0		other	0
752	229	Sound	0	3217045	0	2			0		other	0
752	230	Nothing	22	3237088	0	1			0		other	0
752	230	Response	3	3237738	650	6
752	231	Sound	19	3245211	0	2			0		other	0
752	232	Sound	0	3267879	0	2			0		other	0
752	233	Nothing	22	3287998	0	1			0		other	0
752	234	Sound	19	3288977	0	2			0		other	0
752	236	Sound	0	3318547	0	2			0		other	0
752	236	Response	1	3322705	4158	1
752	239	Nothing	3	3324801	0	1			0		other	0
752	240	Nothing	22	3353837	0	1			0		other	0
752	240	Response	3	3355711	1874	6
752	240	Response	3	3356886	3049	5
752	241	Sound	19	3361053	0	2			0		other	0
752	242	Sound	0	3386910	0	2			0		other	0
752	243	Nothing	22	3406972	0	1			0		other	0
752	244	Sound	19	3409243	0	2			0		other	0
752	245	Sound	0	3435691	0	2			0		other	0
752	246	Nothing	22	3455778	0	1			0		other	0
752	247	Sound	19	3458892	0	2			0		other	0
752	248	Sound	0	3481131	0	2			0		other	0
752	249	Nothing	22	3501173	0	1			0		other	0
752	250	Sound	19	3507365	0	2			0		other	0
752	250	Response	1	3514299	6934	1
752	251	Sound	0	3530173	0	2			0		other	0
752	251	Response	1	3534538	4365	2
752	254	Nothing	3	3536639	0	1			0		other	0
752	255	Nothing	22	3565675	0	1			0		other	0
752	256	Sound	19	3569323	0	2			0		other	0
752	258	Sound	0	3590435	0	2			0		other	0
752	258	Response	3	3605482	15047	6
752	260	Nothing	3	3606528	0	1			0		other	0
752	261	Nothing	22	3635579	0	1			0		other	0
752	261	Quit		3892128	256549
