Scenario - phase0_bothports
Logfile written - 05/18/2017 13:53:10

Subject	Trial	Event Type	Code	Time	TTime	Uncertainty	Duration	Uncertainty	ReqTime	ReqDur	Stim Type	Pair Index

751	0	Manual	05/18/2017 13:49:43	-9972	-9972
751	1	Sound	0	-9861	0	2			0		other	0
751	2	Nothing	22	10216	0	1			0		other	0
751	3	Sound	19	19048	0	2			0		other	0
751	4	Sound	0	48175	0	2			0		other	0
751	5	Nothing	22	68219	0	1			0		other	0
751	6	Sound	19	78136	0	3			0		other	0
751	6	Response	2	89556	11420	6
751	6	Response	2	92596	14460	6
751	6	Response	2	93693	15557	6
751	7	Sound	0	99944	0	2			0		other	0
751	7	Response	3	116900	16956	5
751	9	Nothing	3	118033	0	1			0		false_alarm	14
751	9	Response	2	118179	146	5
751	9	Response	2	120313	2280	6
751	9	Response	2	121981	3948	6
751	9	Response	2	135586	17553	6
751	9	Response	2	142516	24483	6
751	10	Nothing	22	147085	0	1			0		other	0
751	11	Sound	19	156834	0	2			0		other	0
751	11	Response	2	179766	22932	6
751	12	Sound	0	183513	0	2			0		other	0
751	12	Response	2	185091	1578	6
751	14	Nothing	3	186169	0	1			0		false_alarm	25
751	14	Response	2	186769	600	6
751	15	Nothing	22	215210	0	1			0		other	0
751	16	Sound	19	224927	0	2			0		other	0
751	18	Sound	0	245657	0	2			0		other	0
751	19	Nothing	22	265727	0	1			0		other	0
751	20	Sound	19	270382	0	2			0		other	0
751	21	Sound	0	298781	0	2			0		other	0
751	22	Nothing	22	318847	0	1			0		other	0
751	23	Sound	19	327826	0	2			0		other	0
751	23	Response	2	345502	17676	6
751	24	Sound	0	357645	0	2			0		other	0
751	25	Nothing	22	377726	0	1			0		other	0
751	26	Sound	19	383672	0	2			0		other	0
751	26	Response	2	392507	8835	6
751	26	Response	2	398334	14662	7
751	27	Sound	0	404321	0	2			0		other	0
751	27	Response	1	412103	7782	1
751	30	Nothing	3	414200	0	1			0		other	0
751	31	Nothing	22	443235	0	1			0		other	0
751	32	Sound	19	451730	0	2			0		other	0
751	33	Sound	0	475877	0	2			0		other	0
751	34	Nothing	22	495924	0	1			0		other	0
751	35	Sound	19	496739	0	1			0		other	0
751	37	Sound	0	523793	0	2			0		other	0
751	38	Nothing	22	543863	0	1			0		other	0
751	39	Sound	19	544417	0	2			0		other	0
751	40	Sound	0	573385	0	2			0		other	0
751	41	Nothing	22	593477	0	1			0		other	0
751	42	Sound	19	599827	0	2			0		other	0
751	43	Sound	0	629224	0	2			0		other	0
751	44	Nothing	22	649263	0	1			0		other	0
751	45	Sound	19	652589	0	2			0		other	0
751	46	Sound	0	680188	0	2			0		other	0
751	47	Nothing	22	700230	0	1			0		other	0
751	48	Sound	19	701153	0	2			0		other	0
751	49	Sound	0	726741	0	2			0		other	0
751	50	Nothing	22	746796	0	1			0		other	0
751	51	Sound	19	753703	0	2			0		other	0
751	53	Sound	0	775752	0	3			0		other	0
751	54	Nothing	22	795808	0	1			0		other	0
751	55	Sound	19	801717	0	1			0		other	0
751	56	Sound	0	828574	0	2			0		other	0
751	57	Nothing	22	848633	0	1			0		other	0
751	58	Sound	19	850130	0	2			0		other	0
751	59	Sound	0	875759	0	2			0		other	0
751	60	Nothing	22	895796	0	1			0		other	0
751	61	Sound	19	899542	0	2			0		other	0
751	62	Sound	0	927820	0	2			0		other	0
751	63	Nothing	22	947860	0	1			0		other	0
751	64	Sound	19	956444	0	2			0		other	0
751	65	Sound	0	980812	0	2			0		other	0
751	66	Nothing	22	1000849	0	1			0		other	0
751	67	Sound	19	1009953	0	2			0		other	0
751	69	Sound	0	1039474	0	3			0		other	0
751	70	Nothing	22	1059556	0	1			0		other	0
751	71	Sound	19	1063298	0	2			0		other	0
751	72	Sound	0	1084185	0	2			0		other	0
751	73	Nothing	22	1104222	0	1			0		other	0
751	74	Sound	19	1107046	0	2			0		other	0
751	74	Response	1	1125601	18555	1
751	75	Sound	0	1128974	0	2			0		other	0
751	75	Response	1	1135356	6382	6
751	78	Nothing	3	1137416	0	1			0		other	0
751	79	Nothing	22	1166454	0	1			0		other	0
751	80	Sound	19	1175328	0	1			0		other	0
751	81	Sound	0	1197617	0	2			0		other	0
751	82	Nothing	22	1217664	0	1			0		other	0
751	83	Sound	19	1226892	0	2			0		other	0
751	84	Sound	0	1251281	0	2			0		other	0
751	85	Nothing	22	1271328	0	1			0		other	0
751	86	Sound	19	1277534	0	2			0		other	0
751	88	Sound	0	1300735	0	2			0		other	0
751	89	Nothing	22	1320786	0	1			0		other	0
751	90	Sound	19	1320879	0	2			0		other	0
751	91	Sound	0	1344476	0	2			0		other	0
751	92	Nothing	22	1364577	0	1			0		other	0
751	93	Sound	19	1372616	0	2			0		other	0
751	94	Sound	0	1392753	0	2			0		other	0
751	95	Nothing	22	1412789	0	1			0		other	0
751	96	Sound	19	1420247	0	2			0		other	0
751	97	Sound	0	1441888	0	2			0		other	0
751	98	Nothing	22	1461930	0	1			0		other	0
751	99	Sound	19	1466362	0	2			0		other	0
751	100	Sound	0	1494871	0	2			0		other	0
751	101	Nothing	22	1514907	0	1			0		other	0
751	102	Sound	19	1523998	0	2			0		other	0
751	104	Sound	0	1545762	0	2			0		other	0
751	105	Nothing	22	1565819	0	1			0		other	0
751	106	Sound	19	1573291	0	2			0		other	0
751	106	Response	1	1597986	24695	2
751	107	Sound	0	1600239	0	2			0		other	0
751	108	Nothing	22	1620276	0	1			0		other	0
751	109	Sound	19	1627184	0	1			0		other	0
751	110	Sound	0	1651130	0	2			0		other	0
751	111	Nothing	22	1671212	0	1			0		other	0
751	112	Sound	19	1676330	0	1			0		other	0
751	112	Response	1	1677824	1494	1
751	113	Sound	0	1701518	0	1			0		other	0
751	114	Nothing	22	1721614	0	1			0		other	0
751	115	Sound	19	1727775	0	2			0		other	0
751	116	Sound	0	1748641	0	2			0		other	0
751	116	Response	1	1756061	7420	2
751	119	Nothing	3	1758133	0	1			0		other	0
751	120	Nothing	22	1787170	0	1			0		other	0
751	121	Sound	19	1793767	0	2			0		other	0
751	123	Sound	0	1817415	0	3			0		other	0
751	124	Nothing	22	1837458	0	1			0		other	0
751	125	Sound	19	1841382	0	2			0		other	0
751	126	Sound	0	1863841	0	2			0		other	0
751	127	Nothing	22	1883887	0	1			0		other	0
751	128	Sound	19	1892430	0	2			0		other	0
751	129	Sound	0	1912917	0	2			0		other	0
751	130	Nothing	22	1932958	0	1			0		other	0
751	131	Sound	19	1942501	0	2			0		other	0
751	132	Sound	0	1965129	0	2			0		other	0
751	133	Nothing	22	1985171	0	1			0		other	0
751	134	Sound	19	1990716	0	2			0		other	0
751	135	Sound	0	2013705	0	2			0		other	0
751	136	Nothing	22	2033777	0	1			0		other	0
751	137	Sound	19	2043596	0	2			0		other	0
751	137	Response	1	2049172	5576	2
751	137	Quit		2062053	18457
