Scenario - phase1_bothports
Logfile written - 06/01/2017 13:52:08

Subject	Trial	Event Type	Code	Time	TTime	Uncertainty	Duration	Uncertainty	ReqTime	ReqDur	Stim Type	Pair Index

752	0	Manual	06/01/2017 13:11:41	-9994	-9994
752	1	Nothing	5	-9933	0	1			0		other	0
752	1	Response	2	-9657	276	1
752	2	Sound	0	-8933	0	2			0		other	0
752	2	Response	2	-6347	2586	2
752	4	Nothing	10	-5341	0	1			0		false_alarm	7
752	4	Response	2	-4991	350	1
752	4	Response	2	-3470	1871	1
752	4	Response	2	-1803	3538	1
752	4	Response	2	-535	4806	1
752	4	Response	2	1548	6889	1
752	4	Response	2	2941	8282	2
752	4	Response	2	4835	10176	1
752	4	Response	2	6759	12100	1
752	4	Response	2	8471	13812	1
752	4	Response	2	10141	15482	1
752	4	Response	2	11881	17222	1
752	4	Response	2	13607	18948	1
752	4	Response	2	13938	19279	1
752	5	Sound	19	23675	0	2			0		other	0
752	6	Nothing	5	50788	0	1			0		other	0
752	7	Sound	0	51789	0	2			0		other	0
752	7	Response	2	54296	2507	1
752	9	Nothing	10	55301	0	1			0		false_alarm	25
752	9	Response	2	55822	521	1
752	9	Response	2	57351	2050	1
752	9	Response	3	58493	3192	1
752	9	Response	2	58493	3192	1
752	9	Response	2	59887	4586	1
752	9	Response	2	60171	4870	1
752	9	Response	2	61467	6166	1
752	9	Response	2	63025	7724	1
752	9	Response	2	64583	9282	1
752	9	Response	2	64937	9636	2
752	9	Response	2	66663	11362	1
752	9	Response	2	68510	13209	1
752	10	Sound	19	84314	0	2			0		other	0
752	10	Response	2	88657	4343	1
752	10	Response	2	90890	6576	1
752	11	Sound	19	112724	0	2			0		other	0
752	11	Response	3	114179	1455	2
752	11	Response	2	114180	1456	1
752	11	Response	2	115503	2779	1
752	11	Response	2	117057	4333	1
752	11	Response	2	119301	6577	1
752	11	Response	2	121009	8285	1
752	11	Response	2	157725	45001	1
752	11	Response	2	158871	46147	1
752	11	Response	2	159182	46458	1
752	11	Response	2	161069	48345	1
752	11	Response	2	162773	50049	1
752	12	Sound	19	182414	0	2			0		other	0
752	12	Response	2	203007	20593	1
752	12	Response	2	209706	27292	1
752	12	Response	2	210010	27596	1
752	12	Response	2	211577	29163	1
752	12	Response	2	213647	31233	1
752	12	Response	2	215903	33489	1
752	12	Response	2	217716	35302	1
752	13	Sound	19	236655	0	1			0		other	0
752	13	Response	2	252637	15982	2
752	13	Response	2	254225	17570	1
752	13	Response	2	254590	17935	2
752	13	Response	2	256458	19803	1
752	13	Response	2	258304	21649	1
752	13	Response	2	260407	23752	1
752	13	Response	2	262166	25511	1
752	14	Sound	19	279065	0	2			0		other	0
752	14	Response	2	299779	20714	1
752	14	Response	2	301559	22494	1
752	14	Response	2	303541	24476	1
752	14	Response	2	305373	26308	1
752	15	Sound	19	308935	0	2			0		other	0
752	15	Response	2	345853	36918	1
752	15	Response	2	347145	38210	1
752	15	Response	2	349309	40374	1
752	16	Sound	19	355825	0	2			0		other	0
752	16	Response	2	379895	24070	1
752	16	Response	2	381174	25349	1
752	16	Response	2	383521	27696	1
752	16	Response	2	385214	29389	1
752	16	Response	2	387150	31325	1
752	16	Response	2	388465	32640	1
752	16	Response	2	395221	39396	1
752	16	Response	2	395653	39828	1
752	16	Response	2	399164	43339	1
752	17	Sound	19	400345	0	2			0		other	0
752	18	Nothing	5	441620	0	1			0		other	0
752	19	Sound	0	442621	0	2			0		other	0
752	19	Response	2	443675	1054	1
752	21	Nothing	10	444680	0	1			0		false_alarm	92
752	21	Response	2	444859	179	1
752	21	Response	2	446407	1727	1
752	21	Response	2	447390	2710	1
752	21	Response	2	447822	3142	1
752	21	Response	2	448834	4154	1
752	21	Response	2	450280	5600	1
752	21	Response	2	450693	6013	1
752	21	Response	2	451847	7167	1
752	21	Response	2	453741	9061	2
752	21	Response	2	455338	10658	1
752	21	Response	2	456964	12284	1
752	21	Response	2	458350	13670	1
752	21	Response	2	460363	15683	1
752	21	Response	2	462207	17527	2
752	22	Sound	19	473694	0	1			0		other	0
752	22	Response	2	475467	1773	1
752	22	Response	2	476903	3209	1
752	22	Response	2	482581	8887	1
752	22	Response	2	484028	10334	1
752	23	Sound	19	493874	0	2			0		other	0
752	23	Response	2	528544	34670	1
752	23	Response	2	530048	36174	1
752	23	Response	2	530371	36497	2
752	23	Response	2	532133	38259	1
752	23	Response	2	533992	40118	1
752	24	Sound	19	547114	0	2			0		other	0
752	24	Response	2	559040	11926	1
752	24	Response	2	560344	13230	1
752	24	Response	2	562526	15412	1
752	24	Response	2	575905	28791	1
752	24	Response	2	577285	30171	1
752	24	Response	2	586834	39720	2
752	24	Response	2	587198	40084	1
752	25	Sound	19	592784	0	2			0		other	0
752	26	Nothing	5	620067	0	1			0		other	0
752	27	Sound	0	621067	0	2			0		other	0
752	27	Response	2	622257	1190	1
752	29	Nothing	10	623263	0	1			0		false_alarm	130
752	29	Response	2	623528	265	2
752	29	Response	2	624870	1607	1
752	29	Response	2	626326	3063	1
752	29	Response	2	627676	4413	2
752	29	Response	2	629373	6110	1
752	29	Response	2	630901	7638	1
752	29	Response	2	632208	8945	1
752	29	Response	2	633933	10670	1
752	29	Response	2	634256	10993	1
752	29	Response	2	635688	12425	1
752	30	Sound	19	652276	0	2			0		other	0
752	30	Response	2	678641	26365	1
752	30	Response	2	679921	27645	1
752	30	Response	2	681889	29613	1
752	30	Response	2	683341	31065	1
752	31	Sound	19	687036	0	2			0		other	0
752	33	Nothing	5	708389	0	1			0		other	0
752	34	Sound	0	709389	0	2			0		other	0
752	34	Response	2	711456	2067	1
752	35	Response	2	711850	391	1
752	36	Nothing	10	712461	0	1			0		false_alarm	151
752	36	Response	2	713058	597	1
752	36	Response	2	714275	1814	1
752	36	Response	2	715985	3524	1
752	36	Response	2	717307	4846	1
752	36	Response	2	719066	6605	1
752	36	Response	2	720515	8054	2
752	36	Response	2	721970	9509	1
752	36	Response	2	722373	9912	1
752	36	Response	2	723828	11367	1
752	36	Response	2	725902	13441	1
752	36	Response	2	727420	14959	1
752	36	Response	2	729006	16545	1
752	36	Response	2	730935	18474	1
752	36	Response	2	733118	20657	1
752	37	Sound	19	741474	0	2			0		other	0
752	37	Response	2	779065	37591	1
752	37	Response	2	780363	38889	1
752	38	Sound	19	782054	0	2			0		other	0
752	38	Response	2	784422	2368	1
752	38	Response	2	826929	44875	1
752	38	Response	2	828385	46331	1
752	39	Sound	19	834924	0	2			0		other	0
752	39	Response	2	851143	16219	1
752	39	Response	2	851773	16849	1
752	39	Response	2	852886	17962	1
752	40	Sound	19	856285	0	1			0		other	0
752	40	Response	2	894113	37828	1
752	40	Response	2	895498	39213	1
752	40	Response	2	899244	42959	1
752	40	Response	2	902201	45916	1
752	41	Sound	19	926555	0	2			0		other	0
752	41	Response	2	933450	6895	1
752	41	Response	2	938794	12239	1
752	41	Response	2	977700	51145	1
752	41	Response	2	979255	52700	1
752	42	Sound	19	995105	0	2			0		other	0
752	42	Response	2	1003077	7972	1
752	42	Response	2	1006470	11365	1
752	42	Response	2	1063855	68750	1
752	43	Sound	19	1071535	0	2			0		other	0
752	43	Response	3	1075006	3471	1
752	44	Sound	19	1148655	0	2			0		other	0
752	45	Nothing	5	1215098	0	1			0		other	0
752	46	Sound	0	1216098	0	2			0		other	0
752	46	Response	3	1225577	9479	1
752	48	Nothing	10	1226583	0	1			0		false_alarm	197
752	48	Response	3	1226930	347	1
752	48	Response	3	1228195	1612	1
752	48	Response	3	1229384	2801	1
752	49	Sound	19	1255596	0	2			0		other	0
752	50	Nothing	5	1293829	0	1			0		other	0
752	51	Sound	0	1294829	0	2			0		other	0
752	51	Response	3	1298762	3933	1
752	53	Nothing	10	1299767	0	1			0		false_alarm	205
752	53	Response	3	1299863	96	1
752	53	Response	3	1301017	1250	1
752	53	Response	3	1302361	2594	1
752	53	Response	3	1303535	3768	1
752	53	Response	3	1304815	5048	2
752	54	Sound	19	1328782	0	2			0		other	0
752	55	Nothing	5	1376395	0	1			0		other	0
752	56	Sound	0	1377395	0	2			0		other	0
752	56	Response	3	1381455	4060	1
752	58	Nothing	10	1382460	0	1			0		false_alarm	215
752	58	Response	3	1382685	225	1
752	58	Response	3	1383949	1489	1
752	58	Response	3	1385058	2598	1
752	58	Response	3	1386318	3858	1
752	59	Sound	19	1411473	0	2			0		other	0
752	60	Nothing	5	1438045	0	2			0		other	0
752	61	Sound	0	1439045	0	2			0		other	0
752	61	Response	3	1443281	4236	1
752	63	Nothing	10	1444286	0	1			0		false_alarm	224
752	63	Response	3	1444385	99	1
752	63	Response	3	1445751	1465	1
752	63	Response	3	1446964	2678	1
752	63	Response	3	1448215	3929	1
752	63	Response	3	1449630	5344	1
752	64	Sound	19	1473300	0	2			0		other	0
752	64	Response	3	1519246	45946	1
752	64	Response	3	1521053	47753	1
752	64	Response	3	1522790	49490	2
752	64	Response	3	1524528	51228	2
752	65	Sound	19	1549880	0	2			0		other	0
752	67	Nothing	5	1596139	0	1			0		other	0
752	68	Sound	0	1597139	0	2			0		other	0
752	68	Response	3	1603231	6092	1
752	70	Nothing	10	1604236	0	1			0		false_alarm	239
752	70	Response	3	1604578	342	1
752	70	Response	3	1605868	1632	1
752	70	Response	3	1607039	2803	1
752	71	Sound	19	1633249	0	2			0		other	0
752	72	Nothing	5	1671072	0	1			0		other	0
752	73	Sound	0	1672072	0	2			0		other	0
752	73	Response	3	1677781	5709	2
752	75	Nothing	10	1678786	0	1			0		false_alarm	247
752	75	Response	3	1679040	254	1
752	75	Response	3	1680326	1540	1
752	75	Response	3	1681469	2683	1
752	76	Sound	19	1707799	0	2			0		other	0
752	77	Nothing	5	1752555	0	1			0		other	0
752	78	Sound	0	1753555	0	2			0		other	0
752	78	Response	3	1764170	10615	1
752	80	Nothing	10	1765176	0	1			0		false_alarm	255
752	80	Response	3	1765551	375	2
752	80	Response	3	1766825	1649	2
752	80	Response	3	1768107	2931	1
752	80	Response	3	1769412	4236	1
752	81	Sound	19	1794189	0	2			0		other	0
752	82	Nothing	5	1839612	0	1			0		other	0
752	83	Sound	0	1840612	0	2			0		other	0
752	83	Response	3	1846272	5660	1
752	85	Nothing	10	1847277	0	1			0		false_alarm	264
752	85	Response	3	1847530	253	1
752	85	Response	3	1848784	1507	1
752	85	Response	3	1849938	2661	1
752	86	Sound	19	1876291	0	2			0		other	0
752	87	Nothing	5	1907354	0	1			0		other	0
752	88	Sound	0	1908354	0	2			0		other	0
752	88	Response	3	1911129	2775	1
752	90	Nothing	10	1912134	0	1			0		false_alarm	272
752	90	Response	3	1912495	361	1
752	90	Response	3	1913810	1676	1
752	90	Response	3	1914903	2769	1
752	91	Sound	19	1941147	0	2			0		other	0
752	93	Nothing	5	1968131	0	1			0		other	0
752	94	Sound	0	1969131	0	2			0		other	0
752	95	Nothing	6	1989131	0	1			0		other	0
752	96	Sound	19	1999144	0	2			0		other	0
752	96	Response	3	2000352	1208	1
752	96	Response	3	2002013	2869	1
752	96	Response	3	2003822	4678	1
752	97	Sound	19	2025544	0	2			0		other	0
752	98	Nothing	5	2062107	0	1			0		other	0
752	99	Sound	0	2063107	0	2			0		other	0
752	99	Response	3	2069502	6395	1
752	101	Nothing	10	2070507	0	1			0		false_alarm	288
752	101	Response	3	2071058	551	1
752	101	Response	3	2072407	1900	1
752	101	Response	3	2073595	3088	1
752	102	Sound	19	2099520	0	2			0		other	0
752	103	Nothing	5	2154503	0	1			0		other	0
752	104	Sound	0	2155503	0	2			0		other	0
752	105	Nothing	6	2175503	0	1			0		other	0
752	106	Sound	19	2185503	0	2			0		other	0
752	107	Nothing	5	2211307	0	1			0		other	0
752	108	Sound	0	2212307	0	2			0		other	0
752	108	Response	3	2217088	4781	1
752	110	Nothing	10	2218092	0	1			0		false_alarm	300
752	110	Response	3	2218280	188	1
752	110	Response	3	2219769	1677	1
752	110	Response	3	2221012	2920	1
752	110	Response	3	2222345	4253	1
752	111	Sound	19	2247105	0	2			0		other	0
752	112	Nothing	5	2289678	0	1			0		other	0
752	113	Sound	0	2290678	0	2			0		other	0
752	113	Response	3	2293586	2908	1
752	115	Nothing	10	2294590	0	1			0		false_alarm	309
752	115	Response	3	2295025	435	1
752	115	Response	3	2296302	1712	1
752	115	Response	3	2297400	2810	1
752	116	Sound	19	2323605	0	3			0		other	0
752	118	Nothing	5	2358170	0	1			0		other	0
752	119	Sound	0	2359170	0	2			0		other	0
752	119	Response	3	2363899	4729	1
752	121	Nothing	10	2364904	0	1			0		false_alarm	317
752	121	Response	3	2365059	155	1
752	121	Response	3	2366453	1549	1
752	121	Response	3	2367639	2735	1
752	122	Sound	19	2393920	0	1			0		other	0
752	123	Nothing	5	2434933	0	1			0		other	0
752	124	Sound	0	2435934	0	1			0		other	0
752	124	Response	3	2438241	2307	1
752	126	Nothing	10	2439245	0	1			0		false_alarm	325
752	126	Response	3	2439419	174	1
752	126	Response	3	2440767	1522	1
752	126	Response	3	2441915	2670	1
752	127	Sound	19	2468259	0	2			0		other	0
752	128	Nothing	5	2502563	0	1			0		other	0
752	129	Sound	0	2503563	0	2			0		other	0
752	129	Response	3	2509898	6335	1
752	131	Nothing	10	2510904	0	1			0		false_alarm	333
752	131	Response	3	2511244	340	1
752	131	Response	3	2512733	1829	1
752	131	Response	3	2513962	3058	1
752	131	Response	3	2515354	4450	1
752	132	Sound	19	2539917	0	2			0		other	0
752	133	Nothing	5	2560181	0	1			0		other	0
752	134	Sound	0	2561181	0	2			0		other	0
752	134	Response	3	2565593	4412	1
752	136	Nothing	10	2566598	0	1			0		false_alarm	342
752	136	Response	3	2566753	155	1
752	136	Response	3	2568206	1608	2
752	136	Response	3	2569414	2816	1
752	137	Sound	19	2595612	0	2			0		other	0
752	138	Nothing	5	2643745	0	1			0		other	0
752	139	Sound	0	2644745	0	2			0		other	0
752	139	Response	3	2649388	4643	1
752	141	Nothing	10	2650392	0	1			0		false_alarm	350
752	141	Response	3	2650592	200	1
752	141	Response	3	2651951	1559	1
752	141	Response	3	2653168	2776	1
752	142	Sound	19	2679405	0	2			0		other	0
752	144	Nothing	5	2716753	0	1			0		other	0
752	145	Sound	0	2717753	0	2			0		other	0
752	145	Response	3	2721865	4112	1
752	147	Nothing	10	2722870	0	2			0		false_alarm	358
752	147	Response	3	2723056	186	1
752	147	Response	3	2724370	1500	1
752	147	Response	3	2725521	2651	1
752	148	Sound	19	2751884	0	1			0		other	0
752	149	Nothing	5	2773377	0	1			0		other	0
752	150	Sound	0	2774377	0	2			0		other	0
752	150	Response	3	2778413	4036	1
752	152	Nothing	10	2779419	0	1			0		false_alarm	366
752	152	Response	3	2779521	102	1
752	152	Response	3	2780869	1450	1
752	152	Response	3	2782127	2708	1
752	153	Sound	19	2808432	0	2			0		other	0
752	154	Nothing	5	2853245	0	1			0		other	0
752	155	Sound	0	2854245	0	2			0		other	0
752	155	Response	3	2861666	7421	1
752	157	Nothing	10	2862671	0	1			0		false_alarm	374
752	157	Response	3	2862872	201	1
752	157	Response	3	2864375	1704	1
752	157	Response	3	2865767	3096	1
752	158	Sound	19	2891684	0	2			0		other	0
752	159	Nothing	5	2940897	0	1			0		other	0
752	160	Sound	0	2941897	0	2			0		other	0
752	160	Response	3	2944929	3032	2
752	162	Nothing	10	2945935	0	1			0		false_alarm	382
752	162	Response	3	2946286	351	1
752	162	Response	3	2947595	1660	1
752	162	Response	3	2948743	2808	2
752	162	Response	3	2950044	4109	1
752	163	Sound	19	2974948	0	2			0		other	0
752	164	Nothing	5	3003761	0	1			0		other	0
752	165	Sound	0	3004761	0	2			0		other	0
752	165	Response	3	3007162	2401	1
752	167	Nothing	10	3008166	0	1			0		false_alarm	391
752	167	Response	3	3008440	274	1
752	167	Response	3	3009689	1523	1
752	167	Response	3	3010971	2805	1
752	167	Response	3	3012220	4054	1
752	167	Response	3	3013512	5346	1
752	168	Sound	19	3037179	0	2			0		other	0
752	168	Response	3	3038375	1196	1
752	168	Response	3	3040057	2878	1
752	168	Response	3	3041723	4544	1
752	169	Sound	19	3087439	0	2			0		other	0
752	171	Nothing	5	3138731	0	1			0		other	0
752	172	Sound	0	3139731	0	2			0		other	0
752	172	Response	3	3144297	4566	1
752	174	Nothing	10	3145303	0	1			0		false_alarm	405
752	174	Response	3	3145602	299	1
752	174	Response	3	3146881	1578	2
752	174	Response	3	3148033	2730	1
752	175	Sound	19	3174317	0	1			0		other	0
752	176	Nothing	5	3199790	0	1			0		other	0
752	177	Sound	0	3200790	0	2			0		other	0
752	177	Response	3	3203465	2675	1
752	179	Nothing	10	3204470	0	1			0		false_alarm	413
752	179	Response	3	3204676	206	1
752	179	Response	3	3205971	1501	1
752	179	Response	3	3207229	2759	1
752	180	Sound	19	3233483	0	2			0		other	0
752	181	Nothing	5	3275016	0	1			0		other	0
752	182	Sound	0	3276016	0	2			0		other	0
752	182	Response	3	3286104	10088	2
752	184	Nothing	10	3287110	0	1			0		false_alarm	421
752	184	Response	3	3287473	363	1
752	184	Response	3	3288708	1598	1
752	184	Response	3	3290035	2925	1
752	185	Sound	19	3316123	0	2			0		other	0
752	186	Nothing	5	3343206	0	1			0		other	0
752	187	Sound	0	3344206	0	2			0		other	0
752	187	Response	3	3346658	2452	1
752	189	Nothing	10	3347663	0	1			0		false_alarm	429
752	189	Response	3	3347909	246	1
752	189	Response	3	3349272	1609	1
752	189	Response	3	3350380	2717	1
752	190	Sound	19	3376678	0	2			0		other	0
752	191	Nothing	5	3417441	0	1			0		other	0
752	192	Sound	0	3418441	0	2			0		other	0
752	192	Response	3	3421254	2813	1
752	194	Nothing	10	3422259	0	1			0		false_alarm	437
752	194	Response	3	3422518	259	1
752	194	Response	3	3423930	1671	1
752	194	Response	3	3425111	2852	1
752	195	Sound	19	3451273	0	2			0		other	0
752	197	Nothing	5	3477438	0	1			0		other	0
752	198	Sound	0	3478438	0	2			0		other	0
752	198	Response	3	3481334	2896	1
752	200	Nothing	10	3482339	0	1			0		false_alarm	445
752	200	Response	3	3482516	177	1
752	200	Response	3	3483872	1533	1
752	200	Response	3	3484971	2632	1
752	200	Response	3	3486244	3905	1
752	200	Response	3	3487495	5156	1
752	201	Sound	19	3511352	0	2			0		other	0
752	202	Nothing	5	3590675	0	1			0		other	0
752	203	Sound	0	3591675	0	2			0		other	0
752	203	Response	3	3598854	7179	1
752	205	Nothing	10	3599860	0	1			0		false_alarm	455
752	205	Response	3	3600411	551	1
752	205	Response	3	3601762	1902	1
752	206	Sound	19	3628874	0	1			0		other	0
752	207	Nothing	5	3706308	0	1			0		other	0
752	208	Sound	0	3707308	0	2			0		other	0
752	208	Response	3	3714126	6818	1
752	210	Nothing	10	3715131	0	1			0		false_alarm	462
752	210	Response	3	3715541	410	1
752	210	Response	3	3716838	1707	1
752	210	Response	3	3717940	2809	1
752	211	Sound	19	3744144	0	2			0		other	0
752	212	Nothing	5	3772357	0	1			0		other	0
752	213	Sound	0	3773357	0	2			0		other	0
752	213	Response	3	3778255	4898	1
752	215	Nothing	10	3779261	0	1			0		false_alarm	470
752	215	Response	3	3779561	300	1
752	215	Response	3	3780848	1587	1
752	215	Response	3	3781971	2710	1
752	216	Sound	19	3808274	0	2			0		other	0
752	217	Nothing	5	3852357	0	1			0		other	0
752	218	Sound	0	3853357	0	2			0		other	0
752	218	Response	3	3855848	2491	1
752	220	Nothing	10	3856853	0	1			0		false_alarm	478
752	220	Response	3	3857081	228	1
752	220	Response	3	3858416	1563	1
752	220	Response	3	3859591	2738	1
752	221	Sound	19	3885866	0	2			0		other	0
752	223	Nothing	5	3948096	0	1			0		other	0
752	224	Sound	0	3949096	0	2			0		other	0
752	224	Response	3	3954813	5717	1
752	226	Nothing	10	3955819	0	1			0		false_alarm	486
752	226	Response	3	3956140	321	1
752	226	Response	3	3957393	1574	1
752	226	Response	3	3958588	2769	1
752	227	Sound	19	3984853	0	2			0		other	0
752	228	Nothing	5	4008746	0	1			0		other	0
752	229	Sound	0	4009746	0	2			0		other	0
752	229	Response	3	4013988	4242	2
752	231	Nothing	10	4014995	0	1			0		false_alarm	494
752	231	Response	3	4015145	150	1
752	231	Response	3	4016431	1436	1
752	231	Response	3	4017590	2595	1
752	232	Sound	19	4044008	0	2			0		other	0
752	233	Nothing	5	4073571	0	1			0		other	0
752	234	Sound	0	4074571	0	2			0		other	0
752	234	Response	3	4079818	5247	2
752	236	Nothing	10	4080824	0	1			0		false_alarm	502
752	236	Response	3	4081404	580	1
752	236	Response	3	4082697	1873	3
752	236	Response	3	4083837	3013	1
752	236	Response	3	4085042	4218	1
752	237	Sound	19	4109837	0	2			0		other	0
752	238	Nothing	5	4157350	0	1			0		other	0
752	239	Sound	0	4158350	0	2			0		other	0
752	239	Response	3	4164275	5925	1
752	241	Nothing	10	4165281	0	1			0		false_alarm	511
752	241	Response	3	4165548	267	2
752	241	Response	3	4167016	1735	1
752	241	Response	3	4168204	2923	1
752	242	Sound	19	4194295	0	1			0		other	0
752	243	Nothing	5	4268389	0	1			0		other	0
752	244	Sound	0	4269389	0	2			0		other	0
752	244	Response	3	4275774	6385	1
752	246	Nothing	10	4276780	0	1			0		false_alarm	519
752	246	Response	3	4277064	284	2
752	246	Response	3	4278428	1648	2
752	246	Response	3	4279566	2786	1
752	247	Sound	19	4305793	0	2			0		other	0
752	249	Nothing	5	4331044	0	1			0		other	0
752	250	Sound	0	4332044	0	2			0		other	0
752	250	Response	3	4340137	8093	1
752	252	Nothing	10	4341143	0	1			0		false_alarm	527
752	252	Response	3	4341539	396	1
752	252	Response	3	4343009	1866	1
752	252	Response	3	4344245	3102	1
752	253	Sound	19	4370156	0	2			0		other	0
752	254	Nothing	5	4422319	0	1			0		other	0
752	255	Sound	0	4423319	0	2			0		other	0
752	255	Response	3	4434086	10767	1
752	257	Nothing	10	4435090	0	1			0		false_alarm	535
752	257	Response	3	4435425	335	1
752	257	Response	3	4436868	1778	1
752	257	Response	3	4438115	3025	1
752	258	Sound	19	4464103	0	2			0		other	0
752	259	Nothing	5	4486066	0	1			0		other	0
752	260	Sound	0	4487067	0	2			0		other	0
752	260	Response	3	4489541	2474	1
752	262	Nothing	10	4490547	0	1			0		false_alarm	543
752	262	Response	3	4491022	475	1
752	262	Response	3	4492336	1789	1
752	262	Response	3	4493596	3049	2
752	263	Sound	19	4519560	0	2			0		other	0
752	264	Nothing	5	4559443	0	1			0		other	0
752	265	Sound	0	4560443	0	2			0		other	0
752	265	Response	3	4568815	8372	1
752	267	Nothing	10	4569820	0	1			0		false_alarm	551
752	267	Response	3	4570164	344	1
752	267	Response	3	4571507	1687	1
752	267	Response	3	4572717	2897	1
752	268	Sound	19	4598833	0	2			0		other	0
752	269	Nothing	5	4633996	0	1			0		other	0
752	270	Sound	0	4634996	0	2			0		other	0
752	270	Response	3	4640298	5302	1
752	272	Nothing	10	4641304	0	1			0		false_alarm	559
752	272	Response	3	4641525	221	1
752	272	Response	3	4642883	1579	1
752	272	Response	3	4644051	2747	1
752	273	Sound	19	4670317	0	2			0		other	0
752	275	Nothing	5	4727063	0	1			0		other	0
752	276	Sound	0	4728063	0	2			0		other	0
752	276	Response	3	4733120	5057	1
752	278	Nothing	10	4734124	0	1			0		false_alarm	567
752	278	Response	3	4734272	148	1
752	278	Response	3	4735616	1492	1
752	278	Response	3	4736852	2728	1
752	279	Sound	19	4763137	0	2			0		other	0
752	280	Nothing	5	4818930	0	1			0		other	0
752	281	Sound	0	4819930	0	2			0		other	0
752	281	Response	3	4827500	7570	1
752	283	Nothing	10	4828506	0	1			0		false_alarm	575
752	283	Response	3	4828725	219	1
752	283	Response	3	4830076	1570	1
752	283	Response	3	4831278	2772	1
752	284	Sound	19	4857521	0	2			0		other	0
752	285	Nothing	5	4926834	0	1			0		other	0
752	286	Sound	0	4927834	0	2			0		other	0
752	286	Response	3	4934765	6931	1
752	288	Nothing	10	4935772	0	1			0		false_alarm	583
752	288	Response	3	4936330	558	1
752	288	Response	3	4937732	1960	1
752	288	Response	3	4938780	3008	1
752	289	Sound	19	4964785	0	2			0		other	0
752	290	Nothing	5	5028058	0	1			0		other	0
752	291	Sound	0	5029058	0	2			0		other	0
752	291	Response	3	5034440	5382	1
752	293	Nothing	10	5035446	0	1			0		false_alarm	591
752	293	Response	3	5035901	455	1
752	293	Response	3	5037184	1738	2
752	293	Response	3	5038330	2884	2
752	294	Sound	19	5064459	0	2			0		other	0
752	295	Nothing	5	5084692	0	1			0		other	0
752	296	Sound	0	5085692	0	2			0		other	0
752	296	Response	3	5089147	3455	1
752	298	Nothing	10	5090152	0	1			0		false_alarm	599
752	298	Response	3	5090533	381	1
752	298	Response	3	5091885	1733	1
752	298	Response	3	5092986	2834	1
752	299	Sound	19	5119165	0	2			0		other	0
752	301	Nothing	5	5142372	0	1			0		other	0
752	302	Sound	0	5143373	0	1			0		other	0
752	302	Response	3	5149014	5641	1
752	304	Nothing	10	5150019	0	1			0		false_alarm	607
752	304	Response	3	5150208	189	1
752	304	Response	3	5151586	1567	1
752	304	Response	3	5152772	2753	1
752	304	Response	3	5160012	9993	1
752	305	Sound	19	5179032	0	2			0		other	0
752	306	Nothing	5	5236755	0	1			0		other	0
752	307	Sound	0	5237755	0	2			0		other	0
752	307	Response	3	5248124	10369	1
752	309	Nothing	10	5249129	0	1			0		false_alarm	616
752	309	Response	3	5249957	828	2
752	309	Response	3	5252493	3364	1
752	309	Response	3	5253753	4624	1
752	310	Sound	19	5278142	0	2			0		other	0
752	311	Nothing	5	5317686	0	1			0		other	0
752	312	Sound	0	5318686	0	2			0		other	0
752	312	Response	3	5325989	7303	1
752	314	Nothing	10	5326994	0	1			0		false_alarm	624
752	314	Response	3	5327299	305	1
752	314	Response	3	5328574	1580	1
752	314	Response	3	5329828	2834	1
752	315	Sound	19	5356008	0	3			0		other	0
752	316	Nothing	5	5381171	0	1			0		other	0
752	317	Sound	0	5382171	0	2			0		other	0
752	317	Response	3	5384552	2381	1
752	319	Nothing	10	5385557	0	1			0		false_alarm	632
752	319	Response	3	5386000	443	1
752	319	Response	3	5387334	1777	3
752	319	Response	3	5388523	2966	1
752	319	Response	3	5389609	4052	1
752	320	Sound	19	5414570	0	2			0		other	0
752	321	Nothing	5	5465953	0	1			0		other	0
752	322	Sound	0	5466953	0	2			0		other	0
752	322	Response	3	5474652	7699	1
752	324	Nothing	10	5475658	0	1			0		false_alarm	641
752	324	Response	3	5475986	328	1
752	324	Response	3	5477296	1638	1
752	325	Sound	19	5504671	0	2			0		other	0
752	327	Nothing	5	5544754	0	1			0		other	0
752	328	Sound	0	5545754	0	2			0		other	0
752	328	Response	3	5551432	5678	1
752	330	Nothing	10	5552438	0	1			0		false_alarm	648
752	330	Response	3	5552692	254	1
752	330	Response	3	5554105	1667	2
752	330	Response	3	5555324	2886	1
752	331	Sound	19	5581452	0	3			0		other	0
752	332	Nothing	5	5641257	0	1			0		other	0
752	333	Sound	0	5642257	0	2			0		other	0
752	333	Response	3	5650415	8158	1
752	335	Nothing	10	5651421	0	1			0		false_alarm	656
752	335	Response	3	5651618	197	1
752	335	Response	3	5652928	1507	1
752	335	Response	3	5654189	2768	1
752	336	Sound	19	5680434	0	2			0		other	0
752	337	Nothing	5	5706728	0	1			0		other	0
752	338	Sound	0	5707728	0	2			0		other	0
752	338	Response	3	5713623	5895	1
752	340	Nothing	10	5714630	0	1			0		false_alarm	664
752	340	Response	3	5714753	123	1
752	340	Response	3	5715972	1342	1
752	340	Response	3	5717151	2521	1
752	341	Sound	19	5743643	0	2			0		other	0
752	342	Nothing	5	5789726	0	1			0		other	0
752	343	Sound	0	5790726	0	2			0		other	0
752	343	Response	3	5797013	6287	2
752	345	Nothing	10	5798019	0	1			0		false_alarm	672
752	345	Response	3	5798185	166	1
752	345	Response	3	5799539	1520	1
752	345	Response	3	5800645	2626	1
752	345	Response	3	5812974	14955	1
752	345	Response	3	5815049	17030	1
752	345	Response	3	5816707	18688	1
752	345	Response	3	5818283	20264	1
752	345	Response	3	5819951	21932	1
752	346	Sound	19	5827033	0	1			0		other	0
752	347	Nothing	5	5864317	0	1			0		other	0
752	348	Sound	0	5865317	0	2			0		other	0
752	348	Response	3	5870498	5181	1
752	350	Nothing	10	5871504	0	1			0		false_alarm	685
752	350	Response	3	5871691	187	1
752	350	Response	3	5873019	1515	1
752	350	Response	3	5874233	2729	1
752	350	Response	3	5875622	4118	1
752	351	Sound	19	5900517	0	2			0		other	0
752	353	Nothing	5	5976162	0	1			0		other	0
752	354	Sound	0	5977162	0	2			0		other	0
752	354	Response	3	5987746	10584	1
752	356	Nothing	10	5988751	0	1			0		false_alarm	694
752	356	Response	3	5989283	532	1
752	356	Response	3	5990696	1945	1
752	356	Response	3	5991933	3182	1
752	357	Sound	19	6017765	0	2			0		other	0
752	358	Nothing	5	6068258	0	1			0		other	0
752	359	Sound	0	6069258	0	2			0		other	0
752	359	Response	3	6077971	8713	1
752	361	Nothing	10	6078976	0	1			0		false_alarm	702
752	361	Response	3	6079620	644	1
752	361	Response	3	6080946	1970	1
752	361	Response	3	6082159	3183	2
752	362	Sound	19	6107989	0	2			0		other	0
752	363	Nothing	5	6136882	0	1			0		other	0
752	364	Sound	0	6137882	0	2			0		other	0
752	364	Response	3	6146043	8161	1
752	366	Nothing	10	6147049	0	1			0		false_alarm	710
752	366	Response	3	6147436	387	1
752	366	Response	3	6148866	1817	1
752	366	Response	3	6150038	2989	1
752	367	Sound	19	6176062	0	2			0		other	0
752	368	Nothing	5	6215196	0	1			0		other	0
752	369	Sound	0	6216196	0	2			0		other	0
752	369	Response	3	6224023	7827	1
752	371	Nothing	10	6225027	0	1			0		false_alarm	718
752	371	Response	3	6225171	144	1
752	371	Response	3	6226631	1604	1
752	371	Response	3	6227853	2826	2
752	371	Response	3	6229234	4207	1
752	372	Sound	19	6254041	0	2			0		other	0
752	373	Nothing	5	6303404	0	1			0		other	0
752	374	Sound	0	6304404	0	2			0		other	0
752	374	Response	3	6307936	3532	1
752	376	Nothing	10	6308939	0	2			0		false_alarm	727
752	376	Response	3	6309341	402	1
752	376	Response	3	6310674	1735	2
752	377	Sound	19	6337952	0	2			0		other	0
752	379	Nothing	5	6359899	0	1			0		other	0
752	380	Sound	0	6360899	0	2			0		other	0
752	380	Response	3	6365111	4212	1
752	382	Nothing	10	6366117	0	1			0		false_alarm	734
752	382	Response	3	6366499	382	1
752	382	Response	3	6367870	1753	2
752	382	Response	3	6369067	2950	1
752	383	Sound	19	6395130	0	2			0		other	0
752	384	Nothing	5	6420753	0	1			0		other	0
752	385	Sound	0	6421753	0	2			0		other	0
752	385	Response	3	6429746	7993	1
752	387	Nothing	10	6430750	0	1			0		false_alarm	742
752	387	Response	3	6430926	176	1
752	387	Response	3	6432288	1538	1
752	387	Response	3	6433473	2723	1
752	388	Sound	19	6459763	0	2			0		other	0
752	389	Nothing	5	6507307	0	1			0		other	0
752	390	Sound	0	6508307	0	2			0		other	0
752	390	Response	3	6515912	7605	1
752	392	Nothing	10	6516915	0	1			0		false_alarm	750
752	392	Response	3	6517172	257	1
752	392	Response	3	6518477	1562	1
752	392	Response	3	6519723	2808	1
752	393	Sound	19	6545928	0	2			0		other	0
752	394	Nothing	5	6568701	0	1			0		other	0
752	395	Sound	0	6569701	0	2			0		other	0
752	395	Response	3	6574899	5198	1
752	397	Nothing	10	6575904	0	1			0		false_alarm	758
752	397	Response	3	6576030	126	1
752	397	Response	3	6577331	1427	1
752	397	Response	3	6578522	2618	1
752	398	Sound	19	6604917	0	2			0		other	0
752	399	Nothing	5	6644960	0	1			0		other	0
752	400	Sound	0	6645960	0	2			0		other	0
752	400	Response	3	6654642	8682	1
752	402	Nothing	10	6655647	0	1			0		false_alarm	766
752	402	Response	3	6656052	405	1
752	402	Response	3	6657364	1717	1
752	402	Response	3	6658535	2888	1
752	403	Sound	19	6684660	0	2			0		other	0
752	405	Nothing	5	6747431	0	1			0		other	0
752	406	Sound	0	6748431	0	2			0		other	0
752	406	Response	3	6756320	7889	1
752	408	Nothing	10	6757335	0	1			0		false_alarm	774
752	408	Response	3	6758091	756	1
752	408	Response	3	6759399	2064	1
752	408	Response	3	6760542	3207	1
752	409	Sound	19	6786348	0	2			0		other	0
752	410	Nothing	5	6821961	0	1			0		other	0
752	411	Sound	0	6822961	0	2			0		other	0
752	411	Response	3	6827567	4606	1
752	413	Nothing	10	6828573	0	1			0		false_alarm	782
752	413	Response	3	6828804	231	1
752	413	Response	3	6830083	1510	1
752	413	Response	3	6831213	2640	1
752	414	Sound	19	6857586	0	3			0		other	0
752	415	Nothing	5	6886789	0	1			0		other	0
752	416	Sound	0	6887789	0	3			0		other	0
752	416	Response	3	6892277	4488	1
752	418	Nothing	10	6893283	0	1			0		false_alarm	790
752	418	Response	3	6893538	255	1
752	418	Response	3	6894803	1520	1
752	418	Response	3	6895954	2671	1
752	419	Sound	19	6922297	0	1			0		other	0
752	420	Nothing	5	6990020	0	1			0		other	0
752	421	Sound	0	6991020	0	2			0		other	0
752	421	Response	3	6997836	6816	1
752	423	Nothing	10	6998841	0	1			0		false_alarm	798
752	423	Response	3	6999152	311	1
752	423	Response	3	7000450	1609	2
752	424	Sound	19	7027854	0	2			0		other	0
752	425	Nothing	5	7080227	0	1			0		other	0
752	426	Sound	0	7081227	0	2			0		other	0
752	426	Response	3	7087998	6771	1
752	428	Nothing	10	7089004	0	1			0		false_alarm	805
752	428	Response	3	7089279	275	1
752	428	Response	3	7090771	1767	1
752	428	Response	3	7091981	2977	1
752	429	Sound	19	7118018	0	2			0		other	0
752	431	Nothing	5	7139461	0	1			0		other	0
752	432	Sound	0	7140461	0	2			0		other	0
752	432	Response	3	7145161	4700	1
752	434	Nothing	10	7146167	0	1			0		false_alarm	813
752	434	Response	3	7146617	450	1
752	434	Response	3	7147994	1827	1
752	434	Response	3	7149074	2907	2
752	435	Sound	19	7175181	0	1			0		other	0
752	436	Nothing	5	7253514	0	1			0		other	0
752	437	Sound	0	7254514	0	2			0		other	0
752	437	Response	3	7264755	10241	1
752	439	Nothing	10	7265760	0	1			0		false_alarm	821
752	439	Response	3	7265988	228	1
752	439	Response	3	7267336	1576	1
752	439	Response	3	7268549	2789	1
752	440	Sound	19	7294773	0	2			0		other	0
752	440	Response	3	7359060	64287	1
752	441	Sound	19	7361313	0	2			0		other	0
752	442	Nothing	5	7388606	0	1			0		other	0
752	443	Sound	0	7389606	0	2			0		other	0
752	443	Response	3	7394217	4611	1
752	445	Nothing	10	7395222	0	1			0		false_alarm	831
752	445	Response	3	7395578	356	1
752	445	Response	3	7396923	1701	1
752	446	Sound	19	7424235	0	2			0		other	0
752	447	Nothing	5	7451489	0	1			0		other	0
752	448	Sound	0	7452489	0	2			0		other	0
752	448	Response	3	7458325	5836	1
752	450	Nothing	10	7459330	0	1			0		false_alarm	838
752	450	Response	3	7459562	232	2
752	450	Response	3	7461128	1798	2
752	450	Response	3	7462321	2991	1
752	451	Sound	19	7488343	0	2			0		other	0
752	452	Nothing	5	7545676	0	1			0		other	0
752	453	Sound	0	7546676	0	2			0		other	0
752	453	Response	3	7556411	9735	1
752	455	Nothing	10	7557415	0	1			0		false_alarm	846
752	455	Response	3	7557718	303	1
752	455	Response	3	7559148	1733	1
752	455	Response	3	7560385	2970	1
752	456	Sound	19	7586428	0	2			0		other	0
752	458	Nothing	5	7640180	0	1			0		other	0
752	459	Sound	0	7641180	0	2			0		other	0
752	459	Response	3	7648722	7542	1
752	461	Nothing	10	7649728	0	1			0		false_alarm	854
752	461	Response	3	7649955	227	1
752	461	Response	3	7651296	1568	1
752	462	Sound	19	7678741	0	2			0		other	0
752	463	Nothing	5	7739514	0	1			0		other	0
752	464	Sound	0	7740514	0	2			0		other	0
752	464	Response	3	7746403	5889	1
752	466	Nothing	10	7747409	0	1			0		false_alarm	861
752	466	Response	3	7747561	152	1
752	466	Response	3	7748834	1425	1
752	466	Response	3	7750032	2623	1
752	467	Sound	19	7776422	0	2			0		other	0
752	468	Nothing	5	7828026	0	1			0		other	0
752	469	Sound	0	7829026	0	2			0		other	0
752	469	Response	3	7837087	8061	1
752	471	Nothing	10	7838092	0	1			0		false_alarm	869
752	471	Response	3	7838283	191	1
752	471	Response	3	7839675	1583	1
752	471	Response	3	7840858	2766	1
752	472	Sound	19	7867105	0	2			0		other	0
752	473	Nothing	5	7916148	0	1			0		other	0
752	474	Sound	0	7917148	0	2			0		other	0
752	474	Response	3	7924762	7614	1
752	476	Nothing	10	7925767	0	1			0		false_alarm	877
752	476	Response	3	7926137	370	1
752	476	Response	3	7927444	1677	1
752	476	Response	3	7928703	2936	1
752	477	Sound	19	7954780	0	2			0		other	0
752	478	Nothing	5	7980193	0	1			0		other	0
752	479	Sound	0	7981193	0	2			0		other	0
752	479	Response	3	7985436	4243	1
752	481	Nothing	10	7986441	0	1			0		false_alarm	885
752	481	Response	3	7986854	413	1
752	481	Response	3	7988134	1693	1
752	481	Response	3	7989300	2859	2
752	482	Sound	19	8015454	0	2			0		other	0
752	484	Nothing	5	8048993	0	1			0		other	0
752	485	Sound	0	8049993	0	2			0		other	0
752	485	Response	3	8058486	8493	1
752	487	Nothing	10	8059491	0	1			0		false_alarm	893
752	487	Response	3	8059864	373	1
752	487	Response	3	8061206	1715	1
752	487	Response	3	8062458	2967	1
752	488	Sound	19	8088504	0	2			0		other	0
752	489	Nothing	5	8163658	0	1			0		other	0
752	490	Sound	0	8164658	0	2			0		other	0
752	490	Response	3	8172657	7999	1
752	492	Nothing	10	8173671	0	1			0		false_alarm	901
752	492	Response	3	8173888	217	1
752	492	Response	3	8175193	1522	1
752	493	Sound	19	8202684	0	2			0		other	0
752	494	Nothing	5	8234087	0	1			0		other	0
752	495	Sound	0	8235087	0	2			0		other	0
752	495	Response	3	8240747	5660	1
752	497	Nothing	10	8241752	0	1			0		false_alarm	908
752	497	Response	3	8241842	90	1
752	497	Response	3	8243161	1409	1
752	497	Response	3	8244271	2519	1
752	498	Sound	19	8270765	0	2			0		other	0
752	499	Nothing	5	8292279	0	1			0		other	0
752	500	Sound	0	8293279	0	2			0		other	0
752	500	Response	3	8299144	5865	2
752	502	Nothing	10	8300149	0	1			0		false_alarm	916
752	502	Response	3	8300237	88	1
752	502	Response	3	8301521	1372	1
752	502	Response	3	8302640	2491	1
752	503	Sound	19	8329162	0	2			0		other	0
752	504	Nothing	5	8381155	0	1			0		other	0
752	505	Sound	0	8382155	0	2			0		other	0
752	505	Response	3	8397667	15512	1
752	507	Nothing	10	8398672	0	1			0		false_alarm	924
752	507	Response	3	8399102	430	2
752	507	Response	3	8400562	1890	1
752	507	Response	3	8401872	3200	1
752	508	Sound	19	8427685	0	2			0		other	0
752	510	Nothing	5	8477716	0	1			0		other	0
752	511	Sound	0	8478716	0	2			0		other	0
752	511	Response	3	8483971	5255	1
752	513	Nothing	10	8484976	0	1			0		false_alarm	932
752	513	Response	3	8485310	334	1
752	513	Response	3	8486715	1739	1
752	513	Response	3	8487976	3000	1
752	514	Sound	19	8513989	0	2			0		other	0
752	515	Nothing	5	8563162	0	1			0		other	0
752	516	Sound	0	8564162	0	2			0		other	0
752	516	Response	3	8569974	5812	1
752	518	Nothing	10	8570979	0	1			0		false_alarm	940
752	518	Response	3	8571329	350	1
752	518	Response	3	8572651	1672	1
752	518	Response	3	8573851	2872	1
752	519	Sound	19	8599992	0	2			0		other	0
752	520	Nothing	5	8672236	0	1			0		other	0
752	521	Sound	0	8673237	0	1			0		other	0
752	521	Response	3	8682454	9217	1
752	523	Nothing	10	8683459	0	1			0		false_alarm	948
752	523	Response	3	8684012	553	1
752	523	Response	3	8685525	2066	1
752	524	Sound	19	8712475	0	2			0		other	0
752	525	Nothing	5	8754398	0	1			0		other	0
752	526	Sound	0	8755399	0	2			0		other	0
752	526	Response	3	8760801	5402	1
752	528	Nothing	10	8761806	0	1			0		false_alarm	955
752	528	Response	3	8762030	224	1
752	528	Response	3	8763310	1504	2
752	529	Sound	19	8790819	0	2			0		other	0
752	530	Nothing	5	8825662	0	1			0		other	0
752	531	Sound	0	8826662	0	2			0		other	0
752	531	Response	3	8833411	6749	1
752	533	Nothing	10	8834416	0	1			0		false_alarm	962
752	533	Response	3	8834730	314	1
752	533	Response	3	8836039	1623	2
752	533	Response	3	8837165	2749	1
752	534	Sound	19	8863430	0	2			0		other	0
752	536	Nothing	5	8898995	0	1			0		other	0
752	537	Sound	0	8899995	0	2			0		other	0
752	537	Response	3	8907684	7689	1
752	539	Nothing	10	8908689	0	1			0		false_alarm	970
752	539	Response	3	8908967	278	1
752	539	Response	3	8910211	1522	1
752	539	Response	3	8911375	2686	1
752	540	Sound	19	8937702	0	2			0		other	0
752	541	Nothing	5	9005945	0	1			0		other	0
752	542	Sound	0	9006945	0	2			0		other	0
752	542	Response	3	9014815	7870	1
752	544	Nothing	10	9015821	0	1			0		false_alarm	978
752	544	Response	3	9016183	362	1
752	544	Response	3	9017495	1674	1
752	544	Response	3	9018650	2829	1
752	545	Sound	19	9044835	0	2			0		other	0
752	546	Nothing	5	9066828	0	1			0		other	0
752	547	Sound	0	9067828	0	2			0		other	0
752	547	Response	3	9074649	6821	1
752	549	Nothing	10	9075655	0	1			0		false_alarm	986
752	549	Response	3	9075818	163	1
752	549	Response	3	9077165	1510	1
752	549	Response	3	9078336	2681	1
752	550	Sound	19	9104668	0	2			0		other	0
752	551	Nothing	5	9148941	0	1			0		other	0
752	552	Sound	0	9149941	0	2			0		other	0
752	552	Response	3	9158820	8879	1
752	554	Nothing	10	9159824	0	1			0		false_alarm	994
752	554	Response	3	9160149	325	1
752	554	Response	3	9161393	1569	1
752	554	Response	3	9162549	2725	1
752	555	Sound	19	9188837	0	2			0		other	0
752	556	Nothing	5	9212890	0	1			0		other	0
752	557	Sound	0	9213890	0	2			0		other	0
752	557	Response	3	9222060	8170	1
752	559	Nothing	10	9223065	0	1			0		false_alarm	1002
752	559	Response	3	9223445	380	1
752	559	Response	3	9224761	1696	1
752	559	Response	3	9225977	2912	1
752	560	Sound	19	9252078	0	2			0		other	0
752	562	Nothing	5	9281407	0	1			0		other	0
752	563	Sound	0	9282407	0	2			0		other	0
752	563	Response	3	9287535	5128	1
752	565	Nothing	10	9288541	0	1			0		false_alarm	1010
752	565	Response	3	9288550	9	1
752	565	Response	3	9289806	1265	1
752	565	Response	3	9291036	2495	1
752	566	Sound	19	9317554	0	2			0		other	0
752	567	Nothing	5	9342317	0	1			0		other	0
752	568	Sound	0	9343317	0	2			0		other	0
752	568	Response	3	9348700	5383	1
752	570	Nothing	10	9349704	0	1			0		false_alarm	1018
752	570	Response	3	9349902	198	1
752	570	Response	3	9351167	1463	1
752	570	Response	3	9352362	2658	1
752	571	Sound	19	9378718	0	1			0		other	0
752	572	Nothing	5	9432141	0	1			0		other	0
752	573	Sound	0	9433141	0	2			0		other	0
752	573	Response	3	9439780	6639	1
752	575	Nothing	10	9440785	0	1			0		false_alarm	1026
752	575	Response	3	9441033	248	1
752	575	Response	3	9442351	1566	1
752	576	Sound	19	9469798	0	2			0		other	0
752	577	Nothing	5	9520961	0	1			0		other	0
752	578	Sound	0	9521961	0	2			0		other	0
752	578	Response	3	9530089	8128	1
752	580	Nothing	10	9531094	0	1			0		false_alarm	1033
752	580	Response	3	9531306	212	1
752	580	Response	3	9532642	1548	1
752	581	Sound	19	9560108	0	2			0		other	0
752	582	Nothing	5	9601811	0	1			0		other	0
752	583	Sound	0	9602811	0	2			0		other	0
752	583	Response	3	9607553	4742	2
752	585	Nothing	10	9608559	0	1			0		false_alarm	1040
752	585	Response	3	9608881	322	1
752	585	Response	3	9610173	1614	1
752	585	Response	3	9611330	2771	2
752	586	Sound	19	9637572	0	2			0		other	0
752	588	Nothing	5	9675784	0	1			0		other	0
752	589	Sound	0	9676784	0	2			0		other	0
752	589	Response	3	9681410	4626	1
752	591	Nothing	10	9682425	0	1			0		false_alarm	1048
752	591	Response	3	9682634	209	1
752	591	Response	3	9684047	1622	1
752	591	Response	3	9685175	2750	1
752	591	Response	3	9686485	4060	1
752	591	Response	3	9687851	5426	1
752	592	Sound	19	9711440	0	3			0		other	0
752	593	Nothing	5	9752439	0	1			0		other	0
752	594	Sound	0	9753439	0	2			0		other	0
752	594	Response	3	9761443	8004	1
752	596	Nothing	10	9762451	0	1			0		false_alarm	1058
752	596	Response	3	9762992	541	1
752	596	Response	3	9764282	1831	1
752	596	Response	3	9765428	2977	1
752	597	Sound	19	9791464	0	2			0		other	0
752	598	Nothing	5	9820058	0	1			0		other	0
752	599	Sound	0	9821058	0	2			0		other	0
752	599	Response	3	9832724	11666	1
752	601	Nothing	10	9833730	0	1			0		false_alarm	1066
752	601	Response	3	9833838	108	1
752	601	Response	3	9835268	1538	1
752	601	Response	3	9836525	2795	1
752	601	Response	3	9837895	4165	1
752	602	Sound	19	9862743	0	2			0		other	0
752	603	Nothing	5	9893576	0	1			0		other	0
752	604	Sound	0	9894576	0	2			0		other	0
752	605	Nothing	6	9914576	0	1			0		other	0
752	606	Sound	19	9924576	0	2			0		other	0
752	607	Nothing	5	9957100	0	1			0		other	0
752	608	Sound	0	9958100	0	2			0		other	0
752	608	Response	3	9960721	2621	1
752	610	Nothing	10	9961725	0	1			0		false_alarm	1079
752	610	Response	3	9962115	390	1
752	610	Response	3	9963365	1640	1
752	610	Response	3	9964452	2727	1
752	610	Response	3	9965848	4123	1
752	611	Sound	19	9990738	0	2			0		other	0
752	613	Nothing	5	10066833	0	1			0		other	0
752	614	Sound	0	10067833	0	2			0		other	0
752	614	Response	3	10072204	4371	1
752	616	Nothing	10	10073211	0	1			0		false_alarm	1088
752	616	Response	3	10073501	290	1
752	616	Response	3	10074808	1597	1
752	616	Response	3	10075939	2728	1
752	617	Sound	19	10102225	0	1			0		other	0
752	618	Nothing	5	10134688	0	1			0		other	0
752	619	Sound	0	10135688	0	2			0		other	0
752	619	Response	3	10141020	5332	1
752	621	Nothing	10	10142026	0	1			0		false_alarm	1096
752	621	Response	3	10142337	311	1
752	621	Response	3	10143533	1507	2
752	622	Sound	19	10171039	0	2			0		other	0
752	623	Nothing	5	10198202	0	1			0		other	0
752	624	Sound	0	10199202	0	2			0		other	0
752	624	Response	3	10204027	4825	1
752	626	Nothing	10	10205033	0	1			0		false_alarm	1103
752	626	Response	3	10205218	185	1
752	626	Response	3	10206436	1403	1
752	627	Sound	19	10234046	0	2			0		other	0
752	628	Nothing	5	10309359	0	1			0		other	0
752	629	Sound	0	10310359	0	2			0		other	0
752	629	Response	3	10316117	5758	1
752	631	Nothing	10	10317122	0	1			0		false_alarm	1110
752	631	Response	3	10317174	52	1
752	631	Response	3	10318427	1305	1
752	631	Response	3	10320714	3592	1
752	632	Sound	19	10346135	0	2			0		other	0
752	633	Nothing	5	10366648	0	1			0		other	0
752	634	Sound	0	10367648	0	2			0		other	0
752	634	Response	3	10373236	5588	1
752	636	Nothing	10	10374242	0	1			0		false_alarm	1118
752	636	Response	3	10374435	193	1
752	636	Response	3	10375681	1439	1
752	636	Response	3	10376815	2573	1
752	637	Sound	19	10403255	0	2			0		other	0
752	639	Nothing	5	10453606	0	1			0		other	0
752	640	Sound	0	10454606	0	2			0		other	0
752	640	Response	3	10461784	7178	1
752	642	Nothing	10	10462789	0	1			0		false_alarm	1126
752	642	Response	3	10462945	156	1
752	642	Response	3	10464211	1422	1
752	642	Response	3	10465326	2537	1
752	643	Sound	19	10491802	0	2			0		other	0
752	644	Nothing	5	10546445	0	1			0		other	0
752	645	Sound	0	10547445	0	2			0		other	0
752	645	Response	3	10550750	3305	1
752	647	Nothing	10	10551755	0	1			0		false_alarm	1134
752	647	Response	3	10551873	118	1
752	647	Response	3	10553244	1489	1
752	647	Response	3	10554347	2592	1
752	648	Sound	19	10580768	0	2			0		other	0
752	649	Nothing	5	10623881	0	1			0		other	0
752	650	Sound	0	10624881	0	2			0		other	0
752	650	Response	3	10631284	6403	1
752	652	Nothing	10	10632290	0	1			0		false_alarm	1142
752	652	Response	3	10632407	117	1
752	652	Response	3	10633721	1431	1
752	652	Response	3	10634860	2570	1
752	652	Response	3	10636221	3931	1
752	653	Sound	19	10661304	0	2			0		other	0
752	654	Nothing	5	10709287	0	1			0		other	0
752	655	Sound	0	10710287	0	2			0		other	0
752	655	Response	3	10720457	10170	1
752	657	Nothing	10	10721462	0	1			0		false_alarm	1151
752	657	Response	3	10721753	291	1
752	657	Response	3	10722958	1496	1
752	657	Response	3	10724188	2726	2
752	658	Sound	19	10750475	0	2			0		other	0
752	659	Nothing	5	10789600	0	1			0		other	0
752	660	Sound	0	10790600	0	2			0		other	0
752	660	Response	3	10803049	12449	2
752	662	Nothing	10	10804055	0	1			0		false_alarm	1159
752	662	Response	3	10804395	340	1
752	662	Response	3	10805737	1682	1
752	662	Response	3	10806867	2812	2
752	662	Response	3	10808103	4048	1
752	662	Response	3	10809386	5331	1
752	663	Sound	19	10833069	0	2			0		other	0
752	665	Nothing	5	10884981	0	1			0		other	0
752	666	Sound	0	10885981	0	2			0		other	0
752	666	Response	3	10889351	3370	1
752	668	Nothing	10	10890357	0	1			0		false_alarm	1169
752	668	Response	3	10890748	391	1
752	668	Response	3	10892041	1684	1
752	668	Response	3	10893209	2852	1
752	668	Response	3	10894628	4271	1
752	669	Sound	19	10919371	0	1			0		other	0
752	670	Nothing	5	10941244	0	1			0		other	0
752	671	Sound	0	10942244	0	2			0		other	0
752	671	Response	3	10947453	5209	1
752	673	Nothing	10	10948458	0	1			0		false_alarm	1178
752	673	Response	3	10948843	385	1
752	673	Response	3	10950083	1625	1
752	673	Response	3	10951192	2734	1
752	674	Sound	19	10977472	0	1			0		other	0
752	674	Response	2	10985134	7662	1
752	675	Sound	19	11043943	0	1			0		other	0
752	676	Nothing	5	11093746	0	1			0		other	0
752	677	Sound	0	11094746	0	2			0		other	0
752	677	Response	3	11097543	2797	2
752	679	Nothing	10	11098549	0	1			0		false_alarm	1188
752	679	Response	3	11098883	334	1
752	679	Response	3	11100301	1752	1
752	679	Response	3	11101484	2935	1
752	680	Sound	19	11127563	0	2			0		other	0
752	681	Nothing	5	11176657	0	1			0		other	0
752	682	Sound	0	11177657	0	2			0		other	0
752	682	Response	3	11182538	4881	1
752	684	Nothing	10	11183543	0	1			0		false_alarm	1196
752	684	Response	3	11183839	296	1
752	684	Response	3	11185234	1691	1
752	684	Response	3	11186353	2810	1
752	684	Response	3	11187614	4071	1
752	685	Sound	19	11212557	0	2			0		other	0
752	686	Nothing	5	11252711	0	1			0		other	0
752	687	Sound	0	11253711	0	2			0		other	0
752	687	Response	3	11262245	8534	2
752	689	Nothing	10	11263251	0	1			0		false_alarm	1205
752	689	Response	3	11263512	261	1
752	689	Response	3	11264744	1493	1
752	689	Response	3	11265899	2648	1
752	689	Response	3	11267113	3862	1
752	690	Sound	19	11292264	0	2			0		other	0
752	692	Nothing	5	11365798	0	1			0		other	0
752	693	Sound	0	11366798	0	2			0		other	0
752	693	Response	3	11371243	4445	1
752	695	Nothing	10	11372249	0	1			0		false_alarm	1214
752	695	Response	3	11372588	339	1
752	695	Response	3	11373984	1735	1
752	695	Response	3	11375159	2910	12
752	695	Response	3	11376445	4196	1
752	696	Sound	19	11401262	0	2			0		other	0
752	697	Nothing	5	11439555	0	1			0		other	0
752	698	Sound	0	11440555	0	2			0		other	0
752	698	Response	3	11446580	6025	1
752	700	Nothing	10	11447585	0	1			0		false_alarm	1223
752	700	Response	3	11447899	314	1
752	700	Response	3	11449169	1584	1
752	700	Response	3	11450275	2690	1
752	701	Sound	19	11476598	0	2			0		other	0
752	702	Nothing	5	11525721	0	1			0		other	0
752	703	Sound	0	11526721	0	2			0		other	0
752	703	Response	3	11535778	9057	1
752	705	Nothing	10	11536783	0	1			0		false_alarm	1231
752	705	Response	3	11536950	167	1
752	705	Response	3	11538214	1431	1
752	705	Response	3	11539394	2611	1
752	706	Sound	19	11565796	0	2			0		other	0
752	707	Nothing	5	11619909	0	1			0		other	0
752	708	Sound	0	11620909	0	2			0		other	0
752	708	Response	3	11628528	7619	1
752	710	Nothing	10	11629533	0	1			0		false_alarm	1239
752	710	Response	3	11629699	166	1
752	710	Response	3	11630978	1445	1
752	711	Sound	19	11658547	0	2			0		other	0
752	711	Response	3	11724345	65798	1
752	711	Response	3	11726004	67457	1
752	711	Response	3	11727983	69436	1
752	712	Sound	19	11728157	0	2			0		other	0
752	713	Nothing	5	11796870	0	1			0		other	0
752	714	Sound	0	11797870	0	2			0		other	0
752	714	Response	3	11803451	5581	1
752	716	Nothing	10	11804457	0	1			0		false_alarm	1250
752	716	Response	3	11804675	218	1
752	716	Response	3	11805896	1439	1
752	717	Sound	19	11833470	0	2			0		other	0
752	719	Nothing	5	11860930	0	1			0		other	0
752	720	Sound	0	11861930	0	2			0		other	0
752	720	Response	3	11867152	5222	1
752	722	Nothing	10	11868159	0	1			0		false_alarm	1257
752	722	Response	3	11868274	115	1
752	722	Response	3	11869585	1426	1
752	722	Response	3	11870790	2631	1
752	723	Sound	19	11897173	0	2			0		other	0
752	724	Nothing	5	11947726	0	1			0		other	0
752	725	Sound	0	11948726	0	2			0		other	0
752	725	Response	3	11956305	7579	1
752	727	Nothing	10	11957310	0	1			0		false_alarm	1265
752	727	Response	3	11957574	264	1
752	727	Response	3	11958885	1575	1
752	727	Response	3	11960016	2706	1
752	728	Sound	19	11986323	0	2			0		other	0
752	729	Nothing	5	12041206	0	1			0		other	0
752	730	Sound	0	12042206	0	2			0		other	0
752	730	Response	3	12048976	6770	1
752	732	Nothing	10	12049981	0	1			0		false_alarm	1273
752	732	Response	3	12050395	414	1
752	732	Response	3	12051653	1672	1
752	732	Response	3	12052820	2839	1
752	733	Sound	19	12078994	0	2			0		other	0
752	734	Nothing	5	12115069	0	1			0		other	0
752	735	Sound	0	12116069	0	2			0		other	0
752	735	Response	3	12123460	7391	1
752	737	Nothing	10	12124464	0	1			0		false_alarm	1281
752	737	Response	3	12124697	233	1
752	737	Response	3	12125925	1461	1
752	737	Response	3	12127091	2627	1
752	738	Sound	19	12153477	0	2			0		other	0
752	739	Nothing	5	12188990	0	1			0		other	0
752	740	Sound	0	12189990	0	2			0		other	0
752	740	Response	3	12196049	6059	1
752	742	Nothing	10	12197054	0	1			0		false_alarm	1289
752	742	Response	3	12197199	145	1
752	742	Response	3	12198496	1442	1
752	743	Sound	19	12226067	0	2			0		other	0
752	745	Nothing	5	12262142	0	1			0		other	0
752	746	Sound	0	12263143	0	1			0		other	0
752	746	Response	3	12271987	8844	1
752	748	Nothing	10	12272992	0	1			0		false_alarm	1296
752	748	Response	3	12273368	376	1
752	748	Response	3	12274745	1753	1
752	748	Response	3	12275985	2993	1
752	749	Sound	19	12302007	0	3			0		other	0
752	750	Nothing	5	12359600	0	1			0		other	0
752	751	Sound	0	12360600	0	2			0		other	0
752	751	Response	3	12370922	10322	1
752	753	Nothing	10	12371928	0	1			0		false_alarm	1304
752	753	Response	3	12372296	368	1
752	753	Response	3	12373653	1725	1
752	753	Response	3	12374789	2861	2
752	754	Sound	19	12400941	0	2			0		other	0
752	755	Nothing	5	12469664	0	1			0		other	0
752	756	Sound	0	12470664	0	2			0		other	0
752	756	Response	3	12482213	11549	1
752	758	Nothing	10	12483219	0	1			0		false_alarm	1312
752	758	Response	3	12483864	645	1
752	758	Response	3	12485248	2029	1
752	758	Response	3	12486385	3166	1
752	759	Sound	19	12512232	0	2			0		other	0
752	760	Nothing	5	12558195	0	1			0		other	0
752	761	Sound	0	12559195	0	2			0		other	0
752	761	Response	3	12567751	8556	1
752	763	Nothing	10	12568755	0	1			0		false_alarm	1320
752	763	Response	3	12569000	245	1
752	763	Response	3	12570237	1482	1
752	763	Response	3	12571372	2617	1
752	764	Sound	19	12597768	0	2			0		other	0
752	765	Nothing	5	12632711	0	1			0		other	0
752	766	Sound	0	12633711	0	2			0		other	0
752	766	Response	3	12642698	8987	1
752	768	Nothing	10	12643704	0	1			0		false_alarm	1328
752	768	Response	3	12643959	255	1
752	768	Response	3	12645210	1506	1
752	768	Response	3	12646368	2664	1
752	769	Sound	19	12672717	0	2			0		other	0
752	771	Nothing	5	12712162	0	1			0		other	0
752	772	Sound	0	12713162	0	2			0		other	0
752	772	Response	3	12721447	8285	1
752	774	Nothing	10	12722452	0	1			0		false_alarm	1336
752	774	Response	3	12722696	244	1
752	774	Response	3	12723975	1523	1
752	774	Response	3	12725143	2691	1
752	774	Response	3	12726546	4094	1
752	775	Sound	19	12751465	0	2			0		other	0
752	776	Nothing	5	12799798	0	1			0		other	0
752	777	Sound	0	12800798	0	2			0		other	0
752	777	Response	3	12810689	9891	1
752	779	Nothing	10	12811695	0	1			0		false_alarm	1345
752	779	Response	3	12812135	440	1
752	779	Response	3	12813381	1686	1
752	779	Response	3	12814538	2843	1
752	780	Sound	19	12840709	0	1			0		other	0
752	781	Nothing	5	12862382	0	1			0		other	0
752	782	Sound	0	12863382	0	2			0		other	0
752	782	Response	3	12868040	4658	1
752	784	Nothing	10	12869045	0	1			0		false_alarm	1353
752	784	Response	3	12869308	263	1
752	784	Response	3	12870657	1612	1
752	784	Response	3	12871852	2807	1
752	785	Sound	19	12898082	0	2			0		other	0
752	786	Nothing	5	12919595	0	1			0		other	0
752	787	Sound	0	12920595	0	2			0		other	0
752	787	Response	3	12924540	3945	2
752	789	Nothing	10	12925544	0	1			0		false_alarm	1361
752	789	Response	3	12925817	273	1
752	789	Response	3	12927105	1561	1
752	789	Response	3	12928445	2901	1
752	790	Sound	19	12954557	0	2			0		other	0
752	791	Nothing	5	12979681	0	1			0		other	0
752	792	Sound	0	12980681	0	2			0		other	0
752	792	Response	3	12991030	10349	1
752	794	Nothing	10	12992035	0	1			0		false_alarm	1369
752	794	Response	3	12992267	232	1
752	794	Response	3	12993600	1565	1
752	794	Response	3	12994760	2725	1
752	794	Response	3	12996036	4001	1
752	795	Sound	19	13021049	0	1			0		other	0
752	797	Nothing	5	13053627	0	1			0		other	0
752	798	Sound	0	13054627	0	2			0		other	0
752	798	Response	3	13060192	5565	1
752	800	Nothing	10	13061198	0	1			0		false_alarm	1378
752	800	Response	3	13061466	268	1
752	800	Response	3	13062747	1549	1
752	801	Sound	19	13090212	0	2			0		other	0
752	802	Nothing	5	13142855	0	1			0		other	0
752	803	Sound	0	13143855	0	2			0		other	0
752	803	Response	3	13149059	5204	1
752	805	Nothing	10	13150064	0	1			0		false_alarm	1385
752	805	Response	3	13150265	201	1
752	805	Response	3	13151496	1432	1
752	805	Response	3	13152593	2529	1
752	806	Sound	19	13179077	0	2			0		other	0
752	807	Nothing	5	13251411	0	1			0		other	0
752	808	Sound	0	13252411	0	2			0		other	0
752	808	Response	3	13257047	4636	1
752	810	Nothing	10	13258051	0	1			0		false_alarm	1393
752	810	Response	3	13258434	383	1
752	810	Response	3	13259734	1683	1
752	810	Response	3	13260847	2796	2
752	811	Sound	19	13287064	0	2			0		other	0
752	812	Nothing	5	13318277	0	1			0		other	0
752	813	Sound	0	13319277	0	2			0		other	0
752	813	Response	3	13325000	5723	1
752	815	Nothing	10	13326006	0	1			0		false_alarm	1401
752	815	Response	3	13326063	57	1
752	815	Response	3	13327194	1188	1
752	815	Response	3	13328465	2459	1
752	816	Sound	19	13355019	0	2			0		other	0
752	817	Nothing	5	13376892	0	1			0		other	0
752	818	Sound	0	13377892	0	2			0		other	0
752	818	Response	3	13386003	8111	1
752	820	Nothing	10	13387007	0	1			0		false_alarm	1409
752	820	Response	3	13387261	254	1
752	820	Response	3	13388523	1516	1
752	820	Response	3	13389620	2613	1
752	820	Response	3	13390837	3830	1
752	821	Sound	19	13416020	0	2			0		other	0
752	823	Nothing	5	13447981	0	1			0		other	0
752	824	Sound	0	13448981	0	2			0		other	0
752	824	Response	3	13455621	6640	1
752	826	Nothing	10	13456626	0	1			0		false_alarm	1418
752	826	Response	3	13456840	214	1
752	826	Response	3	13458120	1494	1
752	826	Response	3	13459278	2652	1
752	827	Sound	19	13485639	0	2			0		other	0
752	828	Nothing	5	13514904	0	1			0		other	0
752	829	Sound	0	13515904	0	2			0		other	0
752	829	Response	3	13521640	5736	1
752	831	Nothing	10	13522645	0	1			0		false_alarm	1426
752	831	Response	3	13522739	94	1
752	831	Response	3	13524003	1358	1
752	831	Response	3	13525196	2551	1
752	832	Sound	19	13551658	0	2			0		other	0
752	833	Nothing	5	13616211	0	1			0		other	0
752	834	Sound	0	13617211	0	2			0		other	0
752	834	Response	3	13621537	4326	1
752	836	Nothing	10	13622542	0	1			0		false_alarm	1434
752	836	Response	3	13622894	352	1
752	836	Response	3	13624186	1644	1
752	836	Response	3	13625292	2750	1
752	837	Sound	19	13651555	0	2			0		other	0
752	838	Nothing	5	13677708	0	1			0		other	0
752	839	Sound	0	13678708	0	2			0		other	0
752	839	Response	3	13684538	5830	1
752	841	Nothing	10	13685543	0	1			0		false_alarm	1442
752	841	Response	3	13685933	390	1
752	841	Response	3	13687221	1678	1
752	841	Response	3	13688349	2806	1
752	842	Sound	19	13714557	0	2			0		other	0
752	843	Nothing	5	13738660	0	1			0		other	0
752	844	Sound	0	13739660	0	2			0		other	0
752	844	Response	3	13745444	5784	1
752	846	Nothing	10	13746450	0	1			0		false_alarm	1450
752	846	Response	3	13746620	170	1
752	846	Response	3	13747903	1453	1
752	846	Response	3	13749036	2586	1
752	847	Sound	19	13775463	0	2			0		other	0
752	849	Nothing	5	13796253	0	1			0		other	0
752	850	Sound	0	13797253	0	2			0		other	0
752	850	Response	3	13803283	6030	1
752	852	Nothing	10	13804289	0	1			0		false_alarm	1458
752	852	Response	3	13804630	341	1
752	852	Response	3	13805910	1621	1
752	852	Response	3	13807048	2759	1
752	853	Sound	19	13833302	0	2			0		other	0
752	854	Nothing	5	13868055	0	1			0		other	0
752	855	Sound	0	13869055	0	2			0		other	0
752	855	Response	3	13877705	8650	1
752	857	Nothing	10	13878710	0	1			0		false_alarm	1466
752	857	Response	3	13878841	131	1
752	857	Response	3	13880155	1445	1
752	857	Response	3	13881367	2657	1
752	858	Sound	19	13907723	0	2			0		other	0
752	859	Nothing	5	13946746	0	1			0		other	0
752	860	Sound	0	13947746	0	2			0		other	0
752	860	Response	3	13950928	3182	1
752	862	Nothing	10	13951933	0	1			0		false_alarm	1474
752	862	Response	3	13952404	471	1
752	862	Response	3	13953801	1868	1
752	862	Response	3	13955004	3071	1
752	863	Sound	19	13980946	0	2			0		other	0
752	864	Nothing	5	14007489	0	1			0		other	0
752	865	Sound	0	14008489	0	2			0		other	0
752	865	Response	3	14013975	5486	1
752	867	Nothing	10	14014980	0	1			0		false_alarm	1482
752	867	Response	3	14015279	299	1
752	867	Response	3	14016600	1620	1
752	867	Response	3	14017685	2705	1
752	868	Sound	19	14043993	0	2			0		other	0
752	869	Nothing	5	14100076	0	1			0		other	0
752	870	Sound	0	14101078	0	2			0		other	0
752	870	Response	3	14101208	130	1
752	872	Nothing	10	14102213	0	1			0		false_alarm	1490
752	872	Response	3	14102276	63	1
752	872	Response	3	14103626	1413	1
752	872	Response	3	14104872	2659	1
752	873	Sound	19	14131226	0	2			0		other	0
752	875	Nothing	5	14168633	0	1			0		other	0
752	876	Sound	0	14169633	0	2			0		other	0
752	876	Response	3	14178615	8982	1
752	878	Nothing	10	14179621	0	1			0		false_alarm	1498
752	878	Response	3	14179868	247	1
752	878	Response	3	14181091	1470	1
752	878	Response	3	14182270	2649	2
752	879	Sound	19	14208635	0	1			0		other	0
752	880	Nothing	5	14257461	0	1			0		other	0
752	881	Sound	0	14258461	0	2			0		other	0
752	881	Response	3	14265125	6664	1
752	883	Nothing	10	14266131	0	1			0		false_alarm	1506
752	883	Response	3	14266465	334	1
752	883	Response	3	14267824	1693	1
752	883	Response	3	14268969	2838	1
752	884	Sound	19	14295144	0	2			0		other	0
752	885	Nothing	5	14354558	0	1			0		other	0
752	886	Sound	0	14355558	0	2			0		other	0
752	886	Response	3	14366270	10712	1
752	888	Nothing	10	14367276	0	1			0		false_alarm	1514
752	888	Response	3	14367673	397	1
752	888	Response	3	14369069	1793	1
752	888	Response	3	14370415	3139	1
752	889	Sound	19	14396289	0	2			0		other	0
752	890	Nothing	5	14419792	0	1			0		other	0
752	891	Sound	0	14420792	0	2			0		other	0
752	891	Response	3	14428706	7914	1
752	893	Nothing	10	14429711	0	1			0		false_alarm	1522
752	893	Response	3	14430178	467	1
752	893	Response	3	14432595	2884	1
752	894	Sound	19	14458725	0	2			0		other	0
752	895	Nothing	5	14486398	0	1			0		other	0
752	896	Sound	0	14487398	0	2			0		other	0
752	896	Response	3	14491488	4090	1
752	898	Nothing	10	14492493	0	1			0		false_alarm	1529
752	898	Response	3	14492626	133	1
752	898	Response	3	14493965	1472	1
752	898	Response	3	14495262	2769	2
752	899	Sound	19	14521506	0	2			0		other	0
752	901	Nothing	5	14557636	0	1			0		other	0
752	902	Sound	0	14558636	0	2			0		other	0
752	902	Response	3	14564063	5427	1
752	904	Nothing	10	14565068	0	1			0		false_alarm	1537
752	904	Response	3	14565377	309	1
752	904	Response	3	14566670	1602	2
752	904	Response	3	14567942	2874	1
752	905	Sound	19	14594082	0	2			0		other	0
752	905	Response	3	14629401	35319	1
752	906	Sound	19	14635662	0	2			0		other	0
752	907	Nothing	5	14660186	0	1			0		other	0
752	908	Sound	0	14661186	0	2			0		other	0
752	908	Response	3	14664731	3545	1
752	910	Nothing	10	14665736	0	1			0		false_alarm	1547
752	910	Response	3	14665842	106	1
752	910	Response	3	14667185	1449	1
752	910	Response	3	14668341	2605	1
752	910	Response	3	14669738	4002	1
752	911	Sound	19	14694752	0	2			0		other	0
752	912	Nothing	5	14716365	0	1			0		other	0
752	913	Sound	0	14717365	0	2			0		other	0
752	913	Response	3	14719612	2247	1
752	915	Nothing	10	14720617	0	1			0		false_alarm	1556
752	915	Response	3	14720811	194	1
752	915	Response	3	14722068	1451	1
752	915	Response	3	14723238	2621	1
752	916	Sound	19	14749630	0	2			0		other	0
752	917	Nothing	5	14812783	0	1			0		other	0
752	918	Sound	0	14813783	0	2			0		other	0
752	918	Response	3	14817141	3358	1
752	920	Nothing	10	14818147	0	1			0		false_alarm	1564
752	920	Response	3	14818254	107	1
752	920	Response	3	14819690	1543	1
752	920	Response	3	14820922	2775	1
752	921	Sound	19	14847160	0	2			0		other	0
752	922	Nothing	5	14913533	0	1			0		other	0
752	923	Sound	0	14914533	0	2			0		other	0
752	923	Response	3	14921850	7317	1
752	925	Nothing	10	14922854	0	1			0		false_alarm	1572
752	925	Response	3	14923650	796	1
752	925	Response	3	14924987	2133	1
752	925	Response	3	14926117	3263	1
752	926	Sound	19	14951868	0	2			0		other	0
752	928	Nothing	5	14988740	0	1			0		other	0
752	929	Sound	0	14989740	0	2			0		other	0
752	929	Response	3	14994785	5045	1
752	931	Nothing	10	14995790	0	1			0		false_alarm	1580
752	931	Response	3	14996001	211	1
752	931	Response	3	14997405	1615	1
752	932	Sound	19	15024803	0	2			0		other	0
752	933	Nothing	5	15060016	0	1			0		other	0
752	934	Sound	0	15061016	0	2			0		other	0
752	934	Response	3	15068010	6994	1
752	936	Nothing	10	15069016	0	1			0		false_alarm	1587
752	936	Response	3	15069277	261	1
752	936	Response	3	15070599	1583	1
752	936	Response	3	15071908	2892	1
752	937	Sound	19	15098029	0	2			0		other	0
752	938	Nothing	5	15129012	0	1			0		other	0
752	939	Sound	0	15130012	0	2			0		other	0
752	939	Response	3	15133031	3019	1
752	941	Nothing	10	15134036	0	2			0		false_alarm	1595
752	941	Response	3	15134205	169	1
752	941	Response	3	15135524	1488	1
752	941	Response	3	15136823	2787	1
752	942	Sound	19	15163050	0	2			0		other	0
752	943	Nothing	5	15190013	0	1			0		other	0
752	944	Sound	0	15191013	0	2			0		other	0
752	944	Response	3	15197036	6023	1
752	946	Nothing	10	15198041	0	1			0		false_alarm	1603
752	946	Response	3	15198159	118	1
752	946	Response	3	15199476	1435	1
752	946	Response	3	15200666	2625	1
752	947	Sound	19	15227054	0	2			0		other	0
752	948	Nothing	5	15264281	0	1			0		other	0
752	949	Sound	0	15265281	0	2			0		other	0
752	949	Response	3	15269034	3753	1
752	951	Nothing	10	15270040	0	1			0		false_alarm	1611
752	951	Response	3	15270183	143	1
752	951	Response	3	15271446	1406	1
752	951	Response	3	15272634	2594	1
752	952	Sound	19	15299054	0	2			0		other	0
752	954	Nothing	5	15346281	0	1			0		other	0
752	955	Sound	0	15347281	0	3			0		other	0
752	955	Response	3	15353176	5895	1
752	957	Nothing	10	15354181	0	1			0		false_alarm	1619
752	957	Response	3	15354326	145	1
752	957	Response	3	15355750	1569	1
752	957	Response	3	15356948	2767	1
752	958	Sound	19	15383194	0	2			0		other	0
752	959	Nothing	5	15417027	0	1			0		other	0
752	960	Sound	0	15418027	0	2			0		other	0
752	960	Response	3	15425575	7548	2
752	962	Nothing	10	15426581	0	1			0		false_alarm	1627
752	962	Response	3	15426919	338	1
752	962	Response	3	15428234	1653	1
752	962	Response	3	15429369	2788	1
752	963	Sound	19	15455594	0	2			0		other	0
752	964	Nothing	5	15497267	0	1			0		other	0
752	965	Sound	0	15498267	0	2			0		other	0
752	965	Response	3	15504107	5840	1
752	967	Nothing	10	15505112	0	1			0		false_alarm	1635
752	967	Response	3	15505420	308	1
752	967	Response	3	15506740	1628	1
752	967	Response	3	15507861	2749	1
752	968	Sound	19	15534126	0	1			0		other	0
752	969	Nothing	5	15561209	0	1			0		other	0
752	970	Sound	0	15562209	0	2			0		other	0
752	970	Response	3	15565326	3117	1
752	972	Nothing	10	15566333	0	1			0		false_alarm	1643
752	972	Response	3	15566460	127	1
752	972	Response	3	15567789	1456	2
752	972	Response	3	15569006	2673	1
752	973	Sound	19	15595347	0	2			0		other	0
752	974	Nothing	5	15646600	0	1			0		other	0
752	975	Sound	0	15647600	0	2			0		other	0
752	975	Response	3	15656510	8910	2
752	977	Nothing	10	15657515	0	1			0		false_alarm	1651
752	977	Response	3	15657774	259	1
752	977	Response	3	15659054	1539	1
752	977	Response	3	15660260	2745	1
752	978	Sound	19	15686529	0	2			0		other	0
752	980	Nothing	5	15707360	0	1			0		other	0
752	981	Sound	0	15708360	0	2			0		other	0
752	981	Response	3	15714264	5904	1
752	983	Nothing	10	15715270	0	1			0		false_alarm	1659
752	983	Response	3	15715417	147	1
752	983	Response	3	15716710	1440	1
752	983	Response	3	15717848	2578	1
752	983	Response	3	15719262	3992	1
752	984	Sound	19	15744283	0	2			0		other	0
752	984	Response	3	15794434	50151	1
752	985	Sound	19	15822503	0	2			0		other	0
752	986	Nothing	5	15848966	0	1			0		other	0
752	987	Sound	0	15849966	0	2			0		other	0
752	987	Response	3	15858114	8148	1
752	989	Nothing	10	15859120	0	1			0		false_alarm	1670
752	989	Response	3	15859417	297	1
752	989	Response	3	15860712	1592	1
752	989	Response	3	15861891	2771	1
752	990	Sound	19	15888133	0	2			0		other	0
752	991	Nothing	5	15916556	0	1			0		other	0
752	992	Sound	0	15917556	0	2			0		other	0
752	992	Response	3	15923217	5661	1
752	994	Nothing	10	15924224	0	1			0		false_alarm	1678
752	994	Response	3	15924410	186	1
752	994	Response	3	15925706	1482	1
752	994	Response	3	15926855	2631	1
752	995	Sound	19	15953238	0	2			0		other	0
752	996	Nothing	5	16022091	0	1			0		other	0
752	997	Sound	0	16023091	0	2			0		other	0
752	997	Response	3	16031221	8130	1
752	999	Nothing	10	16032227	0	1			0		false_alarm	1686
752	999	Response	3	16032250	23	1
752	999	Response	3	16033562	1335	1
752	999	Response	3	16034755	2528	2
752	1000	Sound	19	16061240	0	2			0		other	0
752	1001	Nothing	5	16084363	0	1			0		other	0
752	1002	Sound	0	16085363	0	2			0		other	0
752	1002	Response	3	16088913	3550	1
752	1004	Nothing	10	16089918	0	1			0		false_alarm	1694
752	1004	Response	3	16090064	146	1
752	1004	Response	3	16091359	1441	1
752	1004	Response	3	16092477	2559	1
752	1005	Sound	19	16118931	0	2			0		other	0
752	1007	Nothing	5	16151428	0	1			0		other	0
752	1008	Sound	0	16152428	0	2			0		other	0
752	1008	Response	3	16158075	5647	2
752	1010	Nothing	10	16159081	0	1			0		false_alarm	1702
752	1010	Response	3	16159094	13	1
752	1010	Response	3	16160257	1176	1
752	1010	Response	3	16161619	2538	1
752	1011	Sound	19	16188095	0	1			0		other	0
752	1012	Nothing	5	16246528	0	1			0		other	0
752	1013	Sound	0	16247528	0	2			0		other	0
752	1013	Response	3	16250711	3183	1
752	1015	Nothing	10	16251716	0	1			0		false_alarm	1710
752	1015	Response	3	16251924	208	1
752	1015	Response	3	16253131	1415	1
752	1015	Response	3	16254364	2648	1
752	1016	Sound	19	16280730	0	2			0		other	0
752	1017	Nothing	5	16345163	0	1			0		other	0
752	1018	Sound	0	16346163	0	2			0		other	0
752	1018	Response	3	16350851	4688	1
752	1020	Nothing	10	16351856	0	1			0		false_alarm	1718
752	1020	Response	3	16352000	144	2
752	1020	Response	3	16353263	1407	1
752	1021	Sound	19	16380869	0	2			0		other	0
752	1022	Nothing	5	16460662	0	1			0		other	0
752	1023	Sound	0	16461662	0	2			0		other	0
752	1023	Response	3	16466212	4550	1
752	1025	Nothing	10	16467218	0	1			0		false_alarm	1725
752	1025	Response	3	16467303	85	1
752	1025	Response	3	16468648	1430	1
752	1025	Response	3	16469811	2593	1
752	1026	Sound	19	16496231	0	2			0		other	0
752	1027	Nothing	5	16560705	0	1			0		other	0
752	1028	Sound	0	16561705	0	2			0		other	0
752	1028	Response	3	16565113	3408	1
752	1030	Nothing	10	16566118	0	1			0		false_alarm	1733
752	1030	Response	3	16566798	680	1
752	1030	Response	3	16568229	2111	1
752	1030	Response	3	16569447	3329	1
752	1031	Sound	19	16595132	0	2			0		other	0
752	1033	Nothing	5	16636748	0	1			0		other	0
752	1034	Sound	0	16637748	0	2			0		other	0
752	1034	Response	3	16641325	3577	1
752	1036	Nothing	10	16642331	0	1			0		false_alarm	1741
752	1036	Response	3	16642509	178	1
752	1036	Response	3	16643727	1396	1
752	1036	Response	3	16644874	2543	1
752	1037	Sound	19	16671344	0	2			0		other	0
752	1038	Nothing	5	16691688	0	1			0		other	0
752	1039	Sound	0	16692688	0	2			0		other	0
752	1039	Response	3	16697796	5108	1
752	1041	Nothing	10	16698801	0	2			0		false_alarm	1749
752	1041	Response	3	16698867	66	1
752	1041	Response	3	16700193	1392	1
752	1041	Response	3	16701416	2615	1
752	1042	Sound	19	16727814	0	2			0		other	0
752	1043	Nothing	5	16748167	0	1			0		other	0
752	1044	Sound	0	16749167	0	2			0		other	0
752	1045	Nothing	6	16769167	0	1			0		other	0
752	1046	Sound	19	16779167	0	2			0		other	0
752	1047	Nothing	5	16856810	0	1			0		other	0
752	1048	Sound	0	16857810	0	2			0		other	0
752	1048	Response	3	16863097	5287	1
752	1050	Nothing	10	16864102	0	1			0		false_alarm	1761
752	1050	Response	3	16864277	175	1
752	1050	Response	3	16865458	1356	1
752	1050	Response	3	16866604	2502	2
752	1051	Sound	19	16893115	0	2			0		other	0
752	1052	Nothing	5	16925879	0	1			0		other	0
752	1053	Sound	0	16926879	0	2			0		other	0
752	1053	Response	3	16929228	2349	1
752	1055	Nothing	10	16930232	0	1			0		false_alarm	1769
752	1055	Response	3	16930362	130	1
752	1055	Response	3	16931585	1353	1
752	1055	Response	3	16932675	2443	1
752	1056	Sound	19	16959246	0	2			0		other	0
752	1058	Nothing	5	17009468	0	1			0		other	0
752	1059	Sound	0	17010468	0	2			0		other	0
752	1059	Response	3	17015094	4626	1
752	1061	Nothing	10	17016098	0	1			0		false_alarm	1777
752	1061	Response	3	17016267	169	2
752	1061	Response	3	17017514	1416	1
752	1061	Response	3	17018754	2656	1
752	1062	Sound	19	17045112	0	2			0		other	0
752	1063	Nothing	5	17086245	0	1			0		other	0
752	1064	Sound	0	17087245	0	2			0		other	0
752	1064	Response	3	17090732	3487	1
752	1066	Nothing	10	17091738	0	1			0		false_alarm	1785
752	1066	Response	3	17091915	177	1
752	1066	Response	3	17093094	1356	1
752	1066	Response	3	17094230	2492	1
752	1067	Sound	19	17120751	0	2			0		other	0
752	1068	Nothing	5	17159316	0	1			0		other	0
752	1069	Sound	0	17160316	0	2			0		other	0
752	1069	Response	3	17164922	4606	1
752	1071	Nothing	10	17165927	0	1			0		false_alarm	1793
752	1071	Response	3	17166019	92	1
752	1071	Response	3	17167302	1375	1
752	1071	Response	3	17168444	2517	1
752	1072	Sound	19	17194941	0	2			0		other	0
752	1073	Nothing	5	17248045	0	1			0		other	0
752	1074	Sound	0	17249045	0	2			0		other	0
752	1074	Response	3	17253063	4018	1
752	1076	Nothing	10	17254069	0	1			0		false_alarm	1801
752	1076	Response	3	17254187	118	1
752	1076	Response	3	17255428	1359	1
752	1076	Response	3	17256652	2583	1
752	1077	Sound	19	17283083	0	2			0		other	0
752	1078	Nothing	5	17308856	0	1			0		other	0
752	1079	Sound	0	17309856	0	2			0		other	0
752	1079	Response	3	17312428	2572	1
752	1081	Nothing	10	17313433	0	1			0		false_alarm	1809
752	1081	Response	3	17313606	173	1
752	1081	Response	3	17314819	1386	1
752	1081	Response	3	17316050	2617	2
752	1082	Sound	19	17342446	0	2			0		other	0
752	1084	Nothing	5	17365825	0	1			0		other	0
752	1085	Sound	0	17366825	0	2			0		other	0
752	1085	Response	3	17372203	5378	1
752	1087	Nothing	10	17373209	0	1			0		false_alarm	1817
752	1087	Response	3	17373235	26	1
752	1087	Response	3	17374400	1191	1
752	1087	Response	3	17375822	2613	1
752	1088	Sound	19	17402222	0	2			0		other	0
752	1089	Nothing	5	17438746	0	1			0		other	0
752	1090	Sound	0	17439746	0	2			0		other	0
752	1090	Response	3	17443561	3815	1
752	1092	Nothing	10	17444566	0	1			0		false_alarm	1825
752	1092	Response	3	17444731	165	2
752	1092	Response	3	17445984	1418	1
752	1092	Response	3	17447121	2555	1
752	1093	Sound	19	17473579	0	2			0		other	0
752	1094	Nothing	5	17514752	0	1			0		other	0
752	1095	Sound	0	17515752	0	2			0		other	0
752	1095	Response	3	17520382	4630	1
752	1097	Nothing	10	17521386	0	1			0		false_alarm	1833
752	1097	Response	3	17521481	95	1
752	1097	Response	3	17522777	1391	1
752	1098	Sound	19	17550399	0	2			0		other	0
752	1099	Nothing	5	17580813	0	1			0		other	0
752	1100	Sound	0	17581813	0	2			0		other	0
752	1100	Response	3	17586495	4682	1
752	1102	Nothing	10	17587501	0	1			0		false_alarm	1840
752	1102	Response	3	17587609	108	1
752	1102	Response	3	17588861	1360	1
752	1102	Response	3	17590115	2614	1
752	1103	Sound	19	17616514	0	2			0		other	0
752	1104	Nothing	5	17639667	0	1			0		other	0
752	1105	Sound	0	17640667	0	2			0		other	0
752	1105	Response	3	17646498	5831	1
752	1107	Nothing	10	17647502	0	1			0		false_alarm	1848
752	1107	Response	3	17647579	77	1
752	1107	Response	3	17648826	1324	1
752	1107	Response	3	17650108	2606	1
752	1108	Sound	19	17676515	0	2			0		other	0
752	1110	Nothing	5	17730303	0	1			0		other	0
752	1111	Sound	0	17731303	0	2			0		other	0
752	1111	Response	3	17733719	2416	1
752	1113	Nothing	10	17734725	0	1			0		false_alarm	1856
752	1113	Response	3	17734943	218	1
752	1113	Response	3	17736214	1489	1
752	1113	Response	3	17737386	2661	1
752	1114	Sound	19	17763738	0	2			0		other	0
752	1115	Nothing	5	17795671	0	1			0		other	0
752	1116	Sound	0	17796671	0	2			0		other	0
752	1116	Response	3	17800239	3568	1
752	1118	Nothing	10	17801244	0	1			0		false_alarm	1864
752	1118	Response	3	17801345	101	1
752	1118	Response	3	17802527	1283	1
752	1118	Response	3	17803829	2585	1
752	1119	Sound	19	17830257	0	2			0		other	0
752	1120	Nothing	5	17865690	0	1			0		other	0
752	1121	Sound	0	17866690	0	2			0		other	0
752	1121	Response	3	17869098	2408	1
752	1123	Nothing	10	17870104	0	1			0		false_alarm	1872
752	1123	Response	3	17870355	251	1
752	1123	Response	3	17871558	1454	1
752	1123	Response	3	17872735	2631	1
752	1124	Sound	19	17899118	0	1			0		other	0
752	1125	Nothing	5	17929761	0	1			0		other	0
752	1126	Sound	0	17930761	0	2			0		other	0
752	1126	Response	3	17935244	4483	1
752	1128	Nothing	10	17936249	0	1			0		false_alarm	1880
752	1128	Response	3	17936401	152	1
752	1128	Response	3	17937732	1483	1
752	1129	Sound	19	17965262	0	2			0		other	0
752	1130	Nothing	5	17988525	0	1			0		other	0
752	1131	Sound	0	17989525	0	2			0		other	0
752	1131	Response	3	17992468	2943	1
752	1133	Nothing	10	17993473	0	1			0		false_alarm	1887
752	1133	Response	3	17993596	123	1
752	1133	Response	3	17994828	1355	1
752	1133	Response	3	17996094	2621	1
752	1134	Sound	19	18022487	0	2			0		other	0
752	1136	Nothing	5	18071041	0	1			0		other	0
752	1137	Sound	0	18072041	0	2			0		other	0
752	1137	Response	3	18075220	3179	1
752	1139	Nothing	10	18076224	0	1			0		false_alarm	1895
752	1139	Response	3	18076510	286	1
752	1139	Response	3	18077944	1720	1
752	1139	Response	3	18079133	2909	1
752	1140	Sound	19	18105238	0	2			0		other	0
752	1141	Nothing	5	18151011	0	1			0		other	0
752	1142	Sound	0	18152011	0	2			0		other	0
752	1142	Response	3	18155833	3822	1
752	1144	Nothing	10	18156839	0	1			0		false_alarm	1903
752	1144	Response	3	18157000	161	1
752	1144	Response	3	18158227	1388	1
752	1144	Response	3	18159448	2609	1
752	1145	Sound	19	18185853	0	2			0		other	0
752	1146	Nothing	5	18256076	0	1			0		other	0
752	1147	Sound	0	18257077	0	1			0		other	0
752	1147	Response	3	18263455	6378	1
752	1149	Nothing	10	18264460	0	1			0		false_alarm	1911
752	1149	Response	3	18264987	527	1
752	1149	Response	3	18266267	1807	1
752	1150	Sound	19	18293473	0	2			0		other	0
752	1151	Nothing	5	18315036	0	1			0		other	0
752	1152	Sound	0	18316036	0	2			0		other	0
752	1152	Response	3	18320042	4006	1
752	1154	Nothing	10	18321047	0	1			0		false_alarm	1918
752	1154	Response	3	18321288	241	1
752	1154	Response	3	18322544	1497	1
752	1154	Response	3	18323835	2788	1
752	1155	Sound	19	18350061	0	2			0		other	0
752	1156	Nothing	5	18397434	0	1			0		other	0
752	1157	Sound	0	18398434	0	2			0		other	0
752	1157	Response	3	18400641	2207	1
752	1159	Nothing	10	18401647	0	1			0		false_alarm	1926
752	1159	Response	3	18401951	304	1
752	1159	Response	3	18403196	1549	1
752	1159	Response	3	18404421	2774	1
752	1160	Sound	19	18430660	0	2			0		other	0
752	1162	Nothing	5	18485993	0	1			0		other	0
752	1163	Sound	0	18486993	0	2			0		other	0
752	1163	Response	3	18490268	3275	1
752	1165	Nothing	10	18491272	0	1			0		false_alarm	1934
752	1165	Response	3	18491501	229	1
752	1165	Response	3	18492861	1589	1
752	1166	Sound	19	18520285	0	2			0		other	0
752	1167	Nothing	5	18556458	0	1			0		other	0
752	1168	Sound	0	18557458	0	2			0		other	0
752	1169	Nothing	6	18577458	0	1			0		other	0
752	1170	Sound	19	18587459	0	1			0		other	0
752	1171	Nothing	5	18619062	0	1			0		other	0
752	1172	Sound	0	18620062	0	2			0		other	0
752	1172	Response	3	18623863	3801	1
752	1174	Nothing	10	18624869	0	1			0		false_alarm	1945
752	1174	Response	3	18625041	172	1
752	1174	Response	3	18626294	1425	1
752	1175	Sound	19	18653884	0	2			0		other	0
752	1176	Nothing	5	18692248	0	1			0		other	0
752	1177	Sound	0	18693248	0	2			0		other	0
752	1178	Nothing	6	18713248	0	1			0		other	0
752	1179	Sound	19	18723248	0	2			0		other	0
752	1180	Nothing	5	18779581	0	1			0		other	0
752	1181	Sound	0	18780581	0	2			0		other	0
752	1182	Nothing	6	18800581	0	1			0		other	0
752	1183	Sound	19	18810594	0	2			0		other	0
752	1185	Nothing	5	18845248	0	1			0		other	0
752	1186	Sound	0	18846248	0	2			0		other	0
752	1186	Response	3	18850679	4431	1
752	1188	Nothing	10	18851683	0	1			0		false_alarm	1960
752	1188	Response	3	18851759	76	1
752	1188	Response	3	18852978	1295	1
752	1188	Response	3	18854212	2529	1
752	1189	Sound	19	18880696	0	2			0		other	0
752	1190	Nothing	5	18938510	0	1			0		other	0
752	1191	Sound	0	18939510	0	2			0		other	0
752	1192	Nothing	6	18959510	0	1			0		other	0
752	1193	Sound	19	18969523	0	2			0		other	0
752	1194	Nothing	5	19013696	0	1			0		other	0
752	1195	Sound	0	19014696	0	2			0		other	0
752	1195	Response	3	19020170	5474	1
752	1197	Nothing	10	19021176	0	1			0		false_alarm	1972
752	1197	Response	3	19021405	229	1
752	1197	Response	3	19022655	1479	1
752	1198	Sound	19	19050189	0	2			0		other	0
752	1199	Nothing	5	19077334	0	1			0		other	0
752	1200	Sound	0	19078334	0	2			0		other	0
752	1200	Response	3	19081914	3580	1
752	1202	Nothing	10	19082918	0	1			0		false_alarm	1979
752	1202	Response	3	19083001	83	1
752	1202	Response	3	19084241	1323	1
752	1203	Sound	19	19111931	0	2			0		other	0
752	1203	Response	3	19179752	67821	1
752	1203	Response	3	19183558	71627	1
752	1204	Sound	19	19186651	0	2			0		other	0
752	1204	Response	3	19189923	3272	1
752	1205	Sound	19	19247371	0	2			0		other	0
752	1206	Nothing	5	19287114	0	1			0		other	0
752	1207	Sound	0	19288114	0	2			0		other	0
752	1207	Response	3	19293321	5207	1
752	1209	Nothing	10	19294325	0	1			0		false_alarm	1991
752	1209	Response	3	19294468	143	1
752	1209	Response	3	19295676	1351	1
752	1209	Response	3	19296834	2509	2
752	1210	Sound	19	19323338	0	2			0		other	0
752	1212	Nothing	5	19388947	0	1			0		other	0
752	1213	Sound	0	19389947	0	4			0		other	0
752	1213	Response	3	19392522	2575	2
752	1215	Nothing	10	19393527	0	1			0		false_alarm	1999
752	1215	Response	3	19393863	336	1
752	1215	Response	3	19395130	1603	1
752	1215	Response	3	19396228	2701	1
752	1216	Sound	19	19422540	0	2			0		other	0
752	1217	Nothing	5	19470993	0	1			0		other	0
752	1218	Sound	0	19471993	0	2			0		other	0
752	1218	Response	3	19475639	3646	1
752	1220	Nothing	10	19476644	0	1			0		false_alarm	2007
752	1220	Response	3	19476803	159	1
752	1220	Response	3	19478012	1368	1
752	1221	Sound	19	19505657	0	2			0		other	0
752	1222	Nothing	5	19549651	0	1			0		other	0
752	1223	Sound	0	19550651	0	2			0		other	0
752	1223	Response	3	19557341	6690	1
752	1225	Nothing	10	19558346	0	1			0		false_alarm	2014
752	1225	Response	3	19558601	255	1
752	1225	Response	3	19559786	1440	1
752	1225	Response	3	19560956	2610	1
752	1226	Sound	19	19587360	0	1			0		other	0
752	1227	Nothing	5	19625373	0	1			0		other	0
752	1228	Sound	0	19626373	0	2			0		other	0
752	1228	Response	3	19628990	2617	1
752	1230	Nothing	10	19629995	0	1			0		false_alarm	2022
752	1230	Response	3	19630185	190	1
752	1230	Response	3	19631456	1461	1
752	1230	Response	3	19632648	2653	1
752	1231	Sound	19	19659008	0	2			0		other	0
752	1232	Nothing	5	19680641	0	1			0		other	0
752	1233	Sound	0	19681641	0	2			0		other	0
752	1233	Response	3	19685196	3555	1
752	1235	Nothing	10	19686202	0	1			0		false_alarm	2030
752	1235	Response	3	19686399	197	1
752	1235	Response	3	19687627	1425	1
752	1235	Response	3	19688809	2607	1
752	1236	Sound	19	19715215	0	2			0		other	0
752	1238	Nothing	5	19743887	0	1			0		other	0
752	1239	Sound	0	19744887	0	2			0		other	0
752	1239	Response	3	19747380	2493	1
752	1241	Nothing	10	19748385	0	1			0		false_alarm	2038
752	1241	Response	3	19748530	145	1
752	1241	Response	3	19749821	1436	1
752	1241	Response	3	19751010	2625	1
752	1242	Sound	19	19777398	0	2			0		other	0
752	1243	Nothing	5	19825701	0	1			0		other	0
752	1244	Sound	0	19826701	0	2			0		other	0
752	1244	Response	3	19829030	2329	1
752	1246	Nothing	10	19830035	0	1			0		false_alarm	2046
752	1246	Response	3	19830237	202	1
752	1246	Response	3	19831543	1508	1
752	1246	Response	3	19832703	2668	1
752	1247	Sound	19	19859061	0	2			0		other	0
752	1248	Nothing	5	19918744	0	1			0		other	0
752	1249	Sound	0	19919744	0	2			0		other	0
752	1249	Response	3	19922795	3051	1
752	1251	Nothing	10	19923799	0	1			0		false_alarm	2054
752	1251	Response	3	19924020	221	1
752	1251	Response	3	19925235	1436	1
752	1251	Response	3	19926402	2603	2
752	1252	Sound	19	19952813	0	1			0		other	0
752	1253	Nothing	5	20027717	0	1			0		other	0
752	1254	Sound	0	20028717	0	2			0		other	0
752	1254	Response	3	20031456	2739	1
752	1256	Nothing	10	20032463	0	1			0		false_alarm	2062
752	1256	Response	3	20032651	188	1
752	1256	Response	3	20033844	1381	2
752	1256	Response	3	20035035	2572	1
752	1257	Sound	19	20061477	0	1			0		other	0
752	1258	Nothing	5	20113310	0	1			0		other	0
752	1259	Sound	0	20114310	0	2			0		other	0
752	1259	Response	3	20117580	3270	1
752	1261	Nothing	10	20118587	0	1			0		false_alarm	2070
752	1261	Response	3	20118638	51	1
752	1261	Response	3	20119828	1241	1
752	1261	Response	3	20121083	2496	1
752	1262	Sound	19	20147601	0	1			0		other	0
752	1264	Nothing	5	20222549	0	1			0		other	0
752	1265	Sound	0	20223549	0	2			0		other	0
752	1265	Response	3	20226114	2565	1
752	1267	Nothing	10	20227117	0	1			0		false_alarm	2078
752	1267	Response	3	20227214	97	1
752	1267	Response	3	20228402	1285	1
752	1267	Response	3	20229583	2466	1
752	1268	Sound	19	20256132	0	3			0		other	0
752	1269	Nothing	5	20296435	0	1			0		other	0
752	1270	Sound	0	20297435	0	12			0		other	0
752	1270	Response	3	20300485	3050	1
752	1272	Nothing	10	20301490	0	1			0		false_alarm	2086
752	1272	Response	3	20301612	122	1
752	1272	Response	3	20302837	1347	1
752	1272	Response	3	20304051	2561	1
752	1273	Sound	19	20330503	0	2			0		other	0
752	1274	Nothing	5	20362736	0	1			0		other	0
752	1275	Sound	0	20363736	0	2			0		other	0
752	1275	Response	3	20366915	3179	1
752	1277	Nothing	10	20367920	0	2			0		false_alarm	2094
752	1277	Response	3	20368142	222	1
752	1277	Response	3	20369404	1484	1
752	1277	Response	3	20370576	2656	1
752	1278	Sound	19	20396933	0	2			0		other	0
752	1279	Nothing	5	20459474	0	1			0		other	0
752	1280	Sound	0	20460474	0	2			0		other	0
752	1280	Response	3	20463595	3121	1
752	1282	Nothing	10	20464599	0	1			0		false_alarm	2102
752	1282	Response	3	20464740	141	1
752	1282	Response	3	20466112	1513	1
752	1282	Response	3	20467364	2765	2
752	1283	Sound	19	20493613	0	2			0		other	0
752	1284	Nothing	5	20541646	0	1			0		other	0
752	1285	Sound	0	20542646	0	2			0		other	0
752	1285	Response	3	20545544	2898	2
752	1287	Nothing	10	20546549	0	1			0		false_alarm	2110
752	1287	Response	3	20546624	75	1
752	1287	Response	3	20547857	1308	1
752	1287	Response	3	20549090	2541	1
752	1288	Sound	19	20575563	0	2			0		other	0
752	1290	Nothing	5	20612512	0	1			0		other	0
752	1291	Sound	0	20613512	0	2			0		other	0
752	1291	Response	3	20616070	2558	1
752	1293	Nothing	10	20617075	0	1			0		false_alarm	2118
752	1293	Response	3	20617189	114	1
752	1293	Response	3	20618422	1347	1
752	1294	Sound	19	20646088	0	2			0		other	0
752	1295	Nothing	5	20667711	0	1			0		other	0
752	1296	Sound	0	20668711	0	2			0		other	0
752	1296	Response	3	20672432	3721	1
752	1298	Nothing	10	20673438	0	1			0		false_alarm	2125
752	1298	Response	3	20673567	129	1
752	1298	Response	3	20674817	1379	1
752	1298	Response	3	20676090	2652	1
752	1299	Sound	19	20702452	0	1			0		other	0
752	1300	Nothing	5	20727325	0	1			0		other	0
752	1301	Sound	0	20728325	0	2			0		other	0
752	1301	Response	3	20730882	2557	1
752	1303	Nothing	10	20731888	0	1			0		false_alarm	2133
752	1303	Response	3	20731985	97	1
752	1303	Response	3	20733265	1377	1
752	1303	Response	3	20734494	2606	1
752	1304	Sound	19	20760902	0	1			0		other	0
752	1305	Nothing	5	20802125	0	1			0		other	0
752	1306	Sound	0	20803125	0	2			0		other	0
752	1306	Response	3	20805209	2084	1
752	1308	Nothing	10	20806214	0	1			0		false_alarm	2141
752	1308	Response	3	20806480	266	1
752	1308	Response	3	20807719	1505	1
752	1308	Response	3	20808952	2738	1
752	1309	Sound	19	20835227	0	2			0		other	0
752	1310	Nothing	5	20879541	0	1			0		other	0
752	1311	Sound	0	20880541	0	2			0		other	0
752	1311	Response	3	20883061	2520	1
752	1313	Nothing	10	20884067	0	1			0		false_alarm	2149
752	1313	Response	3	20884293	226	1
752	1313	Response	3	20885569	1502	1
752	1314	Sound	19	20913080	0	2			0		other	0
752	1316	Nothing	5	20957124	0	1			0		other	0
752	1317	Sound	0	20958124	0	2			0		other	0
752	1317	Response	3	20962315	4191	1
752	1319	Nothing	10	20963320	0	1			0		false_alarm	2156
752	1319	Response	3	20963559	239	1
752	1319	Response	3	20964719	1399	1
752	1320	Sound	19	20992333	0	3			0		other	0
752	1321	Nothing	5	21018136	0	1			0		other	0
752	1322	Sound	0	21019136	0	2			0		other	0
752	1322	Response	3	21022833	3697	1
752	1324	Nothing	10	21023840	0	1			0		false_alarm	2163
752	1324	Response	3	21023970	130	1
752	1324	Response	3	21025190	1350	1
752	1325	Sound	19	21052853	0	2			0		other	0
752	1326	Nothing	5	21117917	0	1			0		other	0
752	1327	Sound	0	21118917	0	2			0		other	0
752	1327	Response	3	21121807	2890	2
752	1329	Nothing	10	21122813	0	1			0		false_alarm	2170
752	1329	Response	3	21123054	241	1
752	1329	Response	3	21124295	1482	2
752	1329	Response	3	21125509	2696	1
752	1330	Sound	19	21151828	0	2			0		other	0
752	1331	Nothing	5	21200951	0	1			0		other	0
752	1332	Sound	0	21201951	0	2			0		other	0
752	1332	Response	3	21205773	3822	1
752	1334	Nothing	10	21206779	0	1			0		false_alarm	2178
752	1334	Response	3	21206944	165	1
752	1334	Response	3	21208213	1434	1
752	1335	Sound	19	21235795	0	2			0		other	0
752	1336	Nothing	5	21274270	0	1			0		other	0
752	1337	Sound	0	21275270	0	2			0		other	0
752	1337	Response	3	21279342	4072	1
752	1339	Nothing	10	21280348	0	1			0		false_alarm	2185
752	1339	Response	3	21280530	182	1
752	1339	Response	3	21281742	1394	1
752	1340	Sound	19	21309362	0	2			0		other	0
752	1342	Nothing	5	21349938	0	1			0		other	0
752	1343	Sound	0	21350938	0	2			0		other	0
752	1343	Response	3	21354862	3924	1
752	1345	Nothing	10	21355868	0	1			0		false_alarm	2192
752	1345	Response	3	21356093	225	1
752	1345	Response	3	21357286	1418	1
752	1345	Response	3	21358541	2673	1
752	1346	Sound	19	21384881	0	2			0		other	0
752	1347	Nothing	5	21440584	0	1			0		other	0
752	1348	Sound	0	21441584	0	2			0		other	0
752	1348	Response	3	21444432	2848	1
752	1350	Nothing	10	21445437	0	2			0		false_alarm	2200
752	1350	Response	3	21445615	178	1
752	1350	Response	3	21446944	1507	1
752	1351	Sound	19	21474450	0	2			0		other	0
752	1352	Nothing	5	21500763	0	1			0		other	0
752	1353	Sound	0	21501763	0	2			0		other	0
752	1353	Response	3	21505552	3789	1
752	1355	Nothing	10	21506557	0	1			0		false_alarm	2207
752	1355	Response	3	21506728	171	1
752	1355	Response	3	21507991	1434	4
752	1355	Response	3	21509217	2660	1
752	1356	Sound	19	21535570	0	2			0		other	0
752	1357	Nothing	5	21575934	0	1			0		other	0
752	1358	Sound	0	21576934	0	2			0		other	0
752	1359	Nothing	6	21596934	0	1			0		other	0
752	1359	Response	3	21597282	348	1
752	1359	Response	3	21599387	2453	1
752	1359	Response	3	21601079	4145	2
752	1359	Response	3	21603112	6178	1
752	1359	Response	3	21605067	8133	1
752	1359	Response	3	21606898	9964	1
752	1360	Sound	19	21606934	0	2			0		other	0
752	1361	Nothing	5	21640757	0	1			0		other	0
752	1362	Sound	0	21641757	0	2			0		other	0
752	1363	Nothing	6	21661757	0	1			0		other	0
752	1364	Sound	19	21671770	0	2			0		other	0
752	1366	Nothing	5	21748992	0	1			0		other	0
752	1367	Sound	0	21749992	0	2			0		other	0
752	1367	Response	3	21753102	3110	1
752	1369	Nothing	10	21754108	0	1			0		false_alarm	2229
752	1369	Response	3	21754364	256	1
752	1369	Response	3	21755618	1510	1
752	1370	Sound	19	21783121	0	2			0		other	0
752	1371	Nothing	5	21828994	0	1			0		other	0
752	1372	Sound	0	21829994	0	2			0		other	0
752	1372	Response	3	21833281	3287	1
752	1374	Nothing	10	21834285	0	1			0		false_alarm	2236
752	1374	Response	3	21834553	268	2
752	1374	Response	3	21835858	1573	1
752	1375	Sound	19	21863298	0	2			0		other	0
752	1376	Nothing	5	21892231	0	1			0		other	0
752	1377	Sound	0	21893252	0	3			0		other	0
752	1378	Nothing	6	21913252	0	1			0		other	0
752	1379	Sound	19	21923265	0	2			0		other	0
752	1380	Nothing	5	21946359	0	1			0		other	0
752	1381	Sound	0	21947359	0	2			0		other	0
752	1382	Nothing	6	21967359	0	1			0		other	0
752	1383	Sound	19	21977372	0	2			0		other	0
752	1384	Nothing	5	22046865	0	1			0		other	0
752	1385	Sound	0	22047865	0	2			0		other	0
752	1385	Response	3	22051493	3628	1
752	1387	Nothing	10	22052499	0	1			0		false_alarm	2251
752	1387	Response	3	22052730	231	1
752	1387	Response	3	22054053	1554	1
752	1388	Sound	19	22081513	0	2			0		other	0
752	1390	Nothing	5	22101760	0	1			0		other	0
752	1391	Sound	0	22102760	0	2			0		other	0
752	1392	Nothing	6	22122760	0	1			0		other	0
752	1393	Sound	19	22132773	0	2			0		other	0
752	1394	Nothing	5	22160596	0	1			0		other	0
752	1395	Sound	0	22161596	0	2			0		other	0
752	1396	Nothing	6	22181596	0	1			0		other	0
752	1397	Sound	19	22191613	0	2			0		other	0
752	1398	Nothing	5	22216747	0	1			0		other	0
752	1399	Sound	0	22217747	0	2			0		other	0
752	1400	Nothing	6	22237747	0	1			0		other	0
752	1401	Sound	19	22247763	0	2			0		other	0
752	1402	Nothing	5	22300587	0	1			0		other	0
752	1403	Sound	0	22301587	0	2			0		other	0
752	1403	Response	3	22306255	4668	1
752	1405	Nothing	10	22307261	0	1			0		false_alarm	2270
752	1405	Response	3	22307621	360	1
752	1405	Response	3	22308847	1586	1
752	1406	Sound	19	22336274	0	2			0		other	0
752	1407	Nothing	5	22395128	0	1			0		other	0
752	1408	Sound	0	22396128	0	2			0		other	0
752	1408	Response	3	22402051	5923	1
752	1410	Nothing	10	22403057	0	1			0		false_alarm	2277
752	1410	Response	3	22403196	139	1
752	1410	Response	3	22404487	1430	1
752	1411	Sound	19	22432070	0	2			0		other	0
752	1413	Nothing	5	22471483	0	1			0		other	0
752	1414	Sound	0	22472483	0	2			0		other	0
752	1415	Nothing	6	22492483	0	1			0		other	0
752	1416	Sound	19	22502501	0	2			0		other	0
752	1417	Nothing	5	22530816	0	1			0		other	0
752	1418	Sound	0	22531816	0	2			0		other	0
752	1419	Nothing	6	22551816	0	1			0		other	0
752	1420	Sound	19	22561829	0	2			0		other	0
752	1421	Nothing	5	22586742	0	1			0		other	0
752	1422	Sound	0	22587742	0	2			0		other	0
752	1423	Nothing	6	22607742	0	1			0		other	0
752	1424	Sound	19	22617755	0	2			0		other	0
752	1425	Nothing	5	22640602	0	1			0		other	0
752	1426	Sound	0	22641602	0	2			0		other	0
752	1427	Nothing	6	22661602	0	1			0		other	0
752	1428	Sound	19	22671615	0	2			0		other	0
752	1429	Nothing	5	22727989	0	1			0		other	0
752	1430	Sound	0	22728989	0	2			0		other	0
752	1430	Response	3	22733242	4253	1
752	1432	Nothing	10	22734247	0	1			0		false_alarm	2300
752	1432	Response	3	22734607	360	1
752	1432	Response	3	22735917	1670	2
752	1433	Sound	19	22763261	0	2			0		other	0
752	1435	Nothing	5	22789950	0	1			0		other	0
752	1436	Sound	0	22790950	0	2			0		other	0
752	1437	Nothing	6	22810950	0	1			0		other	0
752	1438	Sound	19	22820963	0	2			0		other	0
752	1439	Nothing	5	22842376	0	1			0		other	0
752	1440	Sound	0	22843376	0	2			0		other	0
752	1441	Nothing	6	22863376	0	1			0		other	0
752	1442	Sound	19	22873390	0	1			0		other	0
752	1443	Nothing	5	22950463	0	1			0		other	0
752	1444	Sound	0	22951463	0	2			0		other	0
752	1445	Nothing	6	22971463	0	1			0		other	0
752	1446	Sound	19	22981477	0	1			0		other	0
752	1447	Nothing	5	23004340	0	1			0		other	0
752	1448	Sound	0	23005340	0	2			0		other	0
752	1449	Nothing	6	23025340	0	1			0		other	0
752	1450	Sound	19	23035353	0	2			0		other	0
752	1451	Nothing	5	23084878	0	1			0		other	0
752	1452	Sound	0	23085878	0	2			0		other	0
752	1453	Nothing	6	23105878	0	1			0		other	0
752	1454	Sound	19	23115891	0	2			0		other	0
752	1456	Nothing	5	23148969	0	1			0		other	0
752	1457	Sound	0	23149969	0	2			0		other	0
752	1458	Nothing	6	23169969	0	1			0		other	0
752	1459	Sound	19	23179982	0	2			0		other	0
752	1460	Nothing	5	23215185	0	1			0		other	0
752	1461	Sound	0	23216185	0	2			0		other	0
752	1462	Nothing	6	23236185	0	1			0		other	0
752	1463	Sound	19	23246198	0	2			0		other	0
752	1464	Nothing	5	23281331	0	1			0		other	0
752	1465	Sound	0	23282331	0	2			0		other	0
752	1466	Nothing	6	23302331	0	1			0		other	0
752	1467	Sound	19	23312344	0	2			0		other	0
752	1468	Nothing	5	23379537	0	1			0		other	0
752	1469	Sound	0	23380537	0	2			0		other	0
752	1470	Nothing	6	23400537	0	1			0		other	0
752	1471	Sound	19	23410550	0	2			0		other	0
752	1472	Nothing	5	23478653	0	1			0		other	0
752	1473	Sound	0	23479653	0	2			0		other	0
752	1474	Nothing	6	23499653	0	1			0		other	0
752	1475	Sound	19	23509667	0	1			0		other	0
752	1477	Nothing	5	23574584	0	1			0		other	0
752	1478	Sound	0	23575584	0	2			0		other	0
752	1479	Nothing	6	23595589	0	1			0		other	0
752	1480	Sound	19	23605603	0	1			0		other	0
752	1481	Nothing	5	23632486	0	1			0		other	0
752	1482	Sound	0	23633486	0	2			0		other	0
752	1483	Nothing	6	23653486	0	1			0		other	0
752	1484	Sound	19	23663499	0	2			0		other	0
752	1485	Nothing	5	23697972	0	1			0		other	0
752	1486	Sound	0	23698972	0	2			0		other	0
752	1487	Nothing	6	23718972	0	1			0		other	0
752	1488	Sound	19	23728985	0	2			0		other	0
752	1489	Nothing	5	23802309	0	1			0		other	0
752	1490	Sound	0	23803309	0	2			0		other	0
752	1491	Nothing	6	23823309	0	1			0		other	0
752	1492	Sound	19	23833323	0	1			0		other	0
752	1493	Nothing	5	23883386	0	1			0		other	0
752	1494	Sound	0	23884386	0	2			0		other	0
752	1495	Nothing	6	23904386	0	1			0		other	0
752	1496	Sound	19	23914399	0	2			0		other	0
752	1498	Nothing	5	23967768	0	1			0		other	0
752	1499	Sound	0	23968768	0	2			0		other	0
752	1500	Nothing	6	23988768	0	1			0		other	0
752	1501	Sound	19	23998782	0	2			0		other	0
752	1502	Nothing	5	24029575	0	1			0		other	0
752	1503	Sound	0	24030575	0	2			0		other	0
752	1504	Nothing	6	24050575	0	1			0		other	0
752	1505	Sound	19	24060588	0	2			0		other	0
752	1506	Nothing	5	24082293	0	1			0		other	0
752	1507	Sound	0	24083293	0	2			0		other	0
752	1508	Nothing	6	24103293	0	1			0		other	0
752	1509	Sound	19	24113306	0	2			0		other	0
752	1510	Nothing	5	24137331	0	1			0		other	0
752	1511	Sound	0	24138331	0	2			0		other	0
752	1512	Nothing	6	24158331	0	1			0		other	0
752	1513	Sound	19	24168345	0	1			0		other	0
752	1514	Nothing	5	24193668	0	1			0		other	0
752	1515	Sound	0	24194668	0	2			0		other	0
752	1516	Nothing	6	24214668	0	1			0		other	0
752	1517	Sound	19	24224681	0	2			0		other	0
