Scenario - phase1_bothports
Logfile written - 05/30/2017 14:09:14

Subject	Trial	Event Type	Code	Time	TTime	Uncertainty	Duration	Uncertainty	ReqTime	ReqDur	Stim Type	Pair Index

752	0	Manual	05/30/2017 13:31:25	-9994	-9994
752	1	Nothing	5	-9934	0	1			0		other	0
752	2	Sound	0	-8934	0	2			0		other	0
752	3	Nothing	6	11066	0	1			0		other	0
752	4	Sound	19	21080	0	2			0		other	0
752	5	Nothing	5	95833	0	1			0		other	0
752	6	Sound	0	96833	0	2			0		other	0
752	6	Response	3	99093	2260	1
752	8	Nothing	10	100098	0	1			0		false_alarm	10
752	8	Response	3	103694	3596	1
752	8	Response	3	106290	6192	1
752	8	Response	3	107662	7564	1
752	8	Response	3	108988	8890	1
752	9	Sound	19	129111	0	2			0		other	0
752	10	Nothing	5	169366	0	1			0		other	0
752	10	Response	3	169892	526	1
752	11	Sound	0	170366	0	2			0		other	0
752	11	Response	3	171235	869	1
752	13	Nothing	10	172242	0	1			0		false_alarm	20
752	13	Response	3	172590	348	1
752	13	Response	3	173904	1662	1
752	13	Response	3	175074	2832	1
752	13	Response	3	176258	4016	1
752	14	Sound	19	201255	0	2			0		other	0
752	15	Nothing	5	244592	0	1			0		other	0
752	16	Sound	0	245592	0	2			0		other	0
752	16	Response	3	252388	6796	1
752	18	Nothing	10	253394	0	1			0		false_alarm	29
752	18	Response	3	253756	362	1
752	18	Response	3	255030	1636	1
752	18	Response	3	256222	2828	2
752	18	Response	3	257443	4049	1
752	19	Sound	19	282409	0	2			0		other	0
752	21	Nothing	5	316726	0	1			0		other	0
752	22	Sound	0	317726	0	2			0		other	0
752	22	Response	3	321120	3394	1
752	24	Nothing	10	322124	0	1			0		false_alarm	38
752	24	Response	3	322562	438	1
752	24	Response	3	323828	1704	2
752	24	Response	3	324992	2868	1
752	24	Response	2	328777	6653	1
752	25	Sound	19	351137	0	2			0		other	0
752	25	Response	3	398393	47256	1
752	25	Response	3	399782	48645	1
752	25	Response	3	401806	50669	1
752	25	Response	3	403591	52454	1
752	26	Sound	19	404108	0	1			0		other	0
752	27	Nothing	5	443441	0	1			0		other	0
752	28	Sound	0	444441	0	2			0		other	0
752	28	Response	3	448553	4112	1
752	30	Nothing	10	449558	0	1			0		false_alarm	52
752	30	Response	3	450055	497	1
752	30	Response	3	452421	2863	1
752	30	Response	3	453534	3976	1
752	31	Sound	19	478572	0	2			0		other	0
752	32	Nothing	5	524676	0	1			0		other	0
752	33	Sound	0	525676	0	2			0		other	0
752	33	Response	3	528146	2470	1
752	35	Nothing	10	529151	0	1			0		false_alarm	60
752	35	Response	3	529586	435	1
752	35	Response	3	530943	1792	2
752	35	Response	3	532174	3023	1
752	35	Response	3	533383	4232	1
752	36	Sound	19	558164	0	2			0		other	0
752	36	Response	3	590248	32084	1
752	37	Sound	19	616064	0	2			0		other	0
752	37	Response	3	640912	24848	1
752	38	Sound	19	656675	0	2			0		other	0
752	39	Nothing	5	724308	0	1			0		other	0
752	40	Sound	0	725308	0	2			0		other	0
752	40	Response	3	728165	2857	1
752	42	Nothing	10	729169	0	1			0		false_alarm	73
752	42	Response	3	729761	592	1
752	42	Response	3	733446	4277	1
752	43	Sound	19	758182	0	2			0		other	0
752	44	Nothing	5	824805	0	1			0		other	0
752	45	Sound	0	825805	0	2			0		other	0
752	45	Response	3	829456	3651	1
752	47	Nothing	10	830461	0	1			0		false_alarm	80
752	47	Response	3	830901	440	1
752	47	Response	3	833214	2753	1
752	47	Response	3	834353	3892	1
752	48	Sound	19	859475	0	1			0		other	0
752	50	Nothing	5	912148	0	1			0		other	0
752	51	Sound	0	913148	0	2			0		other	0
752	51	Response	3	915269	2121	1
752	53	Nothing	10	916274	0	1			0		false_alarm	88
752	53	Response	3	916583	309	1
752	53	Response	3	918738	2464	1
752	53	Response	3	919726	3452	1
752	53	Response	2	921973	5699	1
752	53	Response	2	923433	7159	1
752	54	Sound	19	945287	0	2			0		other	0
752	55	Nothing	5	982710	0	1			0		other	0
752	56	Sound	0	983710	0	2			0		other	0
752	56	Response	3	989247	5537	1
752	58	Nothing	10	990252	0	1			0		false_alarm	98
752	58	Response	3	990771	519	1
752	58	Response	3	993188	2936	1
752	58	Response	3	994429	4177	1
752	59	Sound	19	1019267	0	2			0		other	0
752	60	Nothing	5	1074210	0	1			0		other	0
752	61	Sound	0	1075210	0	2			0		other	0
752	61	Response	3	1082295	7085	1
752	63	Nothing	10	1083299	0	1			0		false_alarm	106
752	63	Response	3	1083644	345	1
752	63	Response	3	1084944	1645	1
752	63	Response	3	1086066	2767	1
752	64	Sound	19	1112313	0	1			0		other	0
752	65	Nothing	5	1180296	0	1			0		other	0
752	66	Sound	0	1181296	0	2			0		other	0
752	66	Response	3	1186201	4905	1
752	68	Nothing	10	1187206	0	1			0		false_alarm	114
752	68	Response	3	1187601	395	1
752	68	Response	3	1190108	2902	1
752	68	Response	3	1191366	4160	1
752	68	Response	3	1194285	7079	1
752	69	Sound	19	1216219	0	2			0		other	0
752	70	Nothing	5	1273703	0	1			0		other	0
752	71	Sound	0	1274703	0	5			0		other	0
752	71	Response	3	1279054	4351	1
752	73	Nothing	10	1280059	0	1			0		false_alarm	123
752	73	Response	3	1280438	379	1
752	73	Response	3	1281757	1698	1
752	73	Response	3	1282901	2842	1
752	73	Response	3	1284065	4006	1
752	74	Sound	19	1309072	0	2			0		other	0
752	76	Nothing	5	1349197	0	1			0		other	0
752	77	Sound	0	1350197	0	2			0		other	0
752	77	Response	3	1354933	4736	2
752	79	Nothing	10	1355938	0	1			0		false_alarm	132
752	79	Response	3	1356275	337	1
752	79	Response	3	1357616	1678	1
752	79	Response	3	1358687	2749	1
752	79	Response	3	1359907	3969	1
752	80	Sound	19	1384952	0	2			0		other	0
752	81	Nothing	5	1417745	0	1			0		other	0
752	82	Sound	0	1418745	0	2			0		other	0
752	82	Response	3	1428861	10116	1
752	84	Nothing	10	1429865	0	1			0		false_alarm	141
752	84	Response	3	1430325	460	2
752	84	Response	3	1431634	1769	2
752	84	Response	3	1432739	2874	1
752	85	Sound	19	1458879	0	2			0		other	0
752	86	Nothing	5	1504932	0	1			0		other	0
752	87	Sound	0	1505932	0	2			0		other	0
752	87	Response	3	1511498	5566	1
752	89	Nothing	10	1512503	0	1			0		false_alarm	149
752	89	Response	3	1512849	346	1
752	89	Response	3	1514168	1665	2
752	89	Response	3	1515300	2797	1
752	90	Sound	19	1541516	0	2			0		other	0
752	90	Response	2	1585685	44169	2
752	91	Sound	19	1603476	0	2			0		other	0
752	91	Response	3	1618819	15343	1
752	91	Response	3	1620742	17266	1
752	92	Sound	19	1672797	0	1			0		other	0
752	93	Nothing	5	1730660	0	1			0		other	0
752	94	Sound	0	1731660	0	2			0		other	0
752	94	Response	3	1737345	5685	1
752	96	Nothing	10	1738357	0	1			0		false_alarm	162
752	96	Response	3	1738724	367	1
752	96	Response	3	1740044	1687	1
752	96	Response	3	1741244	2887	1
752	97	Sound	19	1767371	0	2			0		other	0
752	98	Nothing	5	1831070	0	1			0		other	0
752	99	Sound	0	1832070	0	2			0		other	0
752	99	Response	3	1836418	4348	1
752	101	Nothing	10	1837422	0	1			0		false_alarm	170
752	101	Response	3	1837739	317	1
752	101	Response	3	1839116	1694	1
752	101	Response	3	1840289	2867	1
752	101	Response	3	1841567	4145	1
752	102	Sound	19	1866437	0	2			0		other	0
752	104	Nothing	5	1896748	0	1			0		other	0
752	105	Sound	0	1897748	0	2			0		other	0
752	105	Response	3	1904361	6613	1
752	107	Nothing	10	1905367	0	1			0		false_alarm	179
752	107	Response	3	1905828	461	2
752	107	Response	3	1907149	1782	1
752	107	Response	3	1908283	2916	2
752	107	Response	3	1909524	4157	1
752	107	Response	2	1912193	6826	1
752	107	Response	2	1913668	8301	1
752	108	Sound	19	1934381	0	2			0		other	0
752	108	Response	3	1973286	38905	1
752	109	Sound	19	1984302	0	2			0		other	0
752	110	Nothing	5	2023825	0	1			0		other	0
752	111	Sound	0	2024825	0	2			0		other	0
752	111	Response	3	2030937	6112	1
752	113	Nothing	10	2031943	0	1			0		false_alarm	192
752	113	Response	3	2032345	402	1
752	113	Response	3	2033745	1802	1
752	113	Response	3	2034929	2986	1
752	114	Sound	19	2060957	0	1			0		other	0
752	115	Nothing	5	2113000	0	1			0		other	0
752	116	Sound	0	2114000	0	2			0		other	0
752	116	Response	3	2121037	7037	1
752	118	Nothing	10	2122042	0	1			0		false_alarm	200
752	118	Response	3	2122585	543	1
752	118	Response	3	2123858	1816	1
752	118	Response	3	2124977	2935	1
752	118	Response	3	2126259	4217	1
752	119	Sound	19	2151056	0	2			0		other	0
752	120	Nothing	5	2191889	0	1			0		other	0
752	121	Sound	0	2192889	0	2			0		other	0
752	121	Response	3	2199837	6948	1
752	123	Nothing	10	2200842	0	1			0		false_alarm	209
752	123	Response	3	2201365	523	1
752	123	Response	3	2202642	1800	1
752	123	Response	3	2203758	2916	1
752	123	Response	3	2205044	4202	1
752	124	Sound	19	2229855	0	2			0		other	0
752	125	Nothing	5	2264648	0	1			0		other	0
752	126	Sound	0	2265648	0	2			0		other	0
752	126	Response	3	2271708	6060	1
752	128	Nothing	10	2272713	0	1			0		false_alarm	218
752	128	Response	3	2273073	360	1
752	128	Response	3	2274318	1605	1
752	128	Response	3	2275464	2751	1
752	129	Sound	19	2301726	0	2			0		other	0
752	129	Response	3	2349100	47374	1
752	130	Sound	19	2377836	0	2			0		other	0
752	132	Nothing	5	2415288	0	1			0		other	0
752	133	Sound	0	2416288	0	2			0		other	0
752	133	Response	3	2422236	5948	1
752	135	Nothing	10	2423242	0	1			0		false_alarm	228
752	135	Response	3	2423704	462	1
752	135	Response	3	2426143	2901	1
752	135	Response	3	2427419	4177	1
752	136	Sound	19	2452255	0	2			0		other	0
752	137	Nothing	5	2515938	0	1			0		other	0
752	138	Sound	0	2516938	0	2			0		other	0
752	138	Response	2	2520470	3532	1
752	140	Nothing	10	2521473	0	1			0		false_alarm	236
752	140	Response	3	2530303	8830	2
752	140	Response	3	2532309	10836	1
752	140	Response	3	2533906	12433	1
752	140	Response	3	2537404	15931	1
752	140	Response	3	2540331	18858	1
752	141	Sound	19	2550486	0	2			0		other	0
752	142	Nothing	5	2599119	0	1			0		other	0
752	143	Sound	0	2600119	0	2			0		other	0
752	143	Response	3	2605778	5659	1
752	145	Nothing	10	2606783	0	1			0		false_alarm	246
752	145	Response	3	2607437	654	1
752	145	Response	3	2608809	2026	2
752	145	Response	3	2609955	3172	1
752	146	Sound	19	2635796	0	2			0		other	0
752	147	Nothing	5	2679689	0	1			0		other	0
752	148	Sound	0	2680689	0	2			0		other	0
752	148	Response	3	2695321	14632	1
752	150	Nothing	10	2696327	0	1			0		false_alarm	254
752	150	Response	3	2696768	441	1
752	150	Response	3	2698267	1940	1
752	150	Response	3	2699595	3268	1
752	151	Sound	19	2725341	0	2			0		other	0
752	152	Nothing	5	2776244	0	1			0		other	0
752	153	Sound	0	2777244	0	2			0		other	0
752	153	Response	3	2782492	5248	1
752	155	Nothing	10	2783498	0	1			0		false_alarm	262
752	155	Response	3	2783690	192	1
752	155	Response	3	2785043	1545	1
752	155	Response	3	2786179	2681	1
752	155	Response	3	2791414	7916	1
752	155	Response	2	2791971	8473	1
752	155	Response	2	2793604	10106	1
752	155	Response	2	2795105	11607	1
752	155	Response	2	2796636	13138	2
752	155	Response	2	2798336	14838	1
752	155	Response	2	2800090	16592	1
752	155	Response	2	2801533	18035	1
752	155	Response	2	2803300	19802	1
752	155	Response	2	2804933	21435	1
752	155	Response	2	2806668	23170	1
752	155	Response	2	2808375	24877	1
752	155	Response	2	2809933	26435	1
752	155	Response	2	2811784	28286	1
752	156	Sound	19	2812511	0	2			0		other	0
752	156	Response	2	2813484	973	1
752	156	Response	2	2815246	2735	1
752	156	Response	2	2817168	4657	1
752	156	Response	2	2819025	6514	1
752	157	Sound	19	2884781	0	2			0		other	0
752	157	Response	2	2894004	9223	1
752	158	Sound	19	2925151	0	2			0		other	0
752	160	Nothing	5	2983927	0	1			0		other	0
752	161	Sound	0	2984927	0	2			0		other	0
752	161	Response	3	2990736	5809	1
752	163	Nothing	10	2991742	0	1			0		false_alarm	291
752	163	Response	3	2992207	465	1
752	163	Response	3	2994600	2858	1
752	163	Response	3	2995804	4062	1
752	164	Sound	19	3020755	0	2			0		other	0
752	165	Nothing	5	3051668	0	1			0		other	0
752	166	Sound	0	3052668	0	2			0		other	0
752	166	Response	3	3058889	6221	1
752	168	Nothing	10	3059894	0	1			0		false_alarm	299
752	168	Response	3	3060226	332	1
752	168	Response	3	3061530	1636	2
752	168	Response	3	3062723	2829	1
752	169	Sound	19	3088907	0	2			0		other	0
752	170	Nothing	5	3146600	0	1			0		other	0
752	171	Sound	0	3147600	0	2			0		other	0
752	171	Response	3	3150509	2909	1
752	173	Nothing	10	3151515	0	1			0		false_alarm	307
752	173	Response	3	3151821	306	1
752	173	Response	3	3153128	1613	1
752	173	Response	3	3154357	2842	1
752	173	Response	3	3155680	4165	1
752	174	Sound	19	3180529	0	1			0		other	0
752	175	Nothing	5	3257192	0	1			0		other	0
752	176	Sound	0	3258192	0	2			0		other	0
752	176	Response	3	3263627	5435	1
752	178	Nothing	10	3264632	0	1			0		false_alarm	316
752	178	Response	3	3264968	336	1
752	178	Response	3	3266275	1643	1
752	178	Response	3	3267591	2959	1
752	179	Sound	19	3293646	0	2			0		other	0
752	180	Nothing	5	3327124	0	1			0		other	0
752	181	Sound	0	3328124	0	2			0		other	0
752	181	Response	3	3334023	5899	1
752	183	Nothing	10	3335028	0	1			0		false_alarm	324
752	183	Response	3	3335359	331	1
752	183	Response	3	3336666	1638	1
752	183	Response	3	3337814	2786	1
752	184	Sound	19	3364042	0	1			0		other	0
752	186	Nothing	5	3438164	0	1			0		other	0
752	187	Sound	0	3439164	0	2			0		other	0
752	187	Response	3	3446639	7475	1
752	189	Nothing	10	3447643	0	1			0		false_alarm	332
752	189	Response	3	3448022	379	1
752	189	Response	3	3449349	1706	1
752	189	Response	3	3450530	2887	1
752	190	Sound	19	3476656	0	1			0		other	0
752	191	Nothing	5	3534809	0	1			0		other	0
752	192	Sound	0	3535809	0	2			0		other	0
752	192	Response	3	3542099	6290	1
752	194	Nothing	10	3543105	0	1			0		false_alarm	340
752	194	Response	3	3543678	573	1
752	194	Response	3	3546187	3082	1
752	194	Response	3	3547572	4467	1
752	195	Sound	19	3572118	0	2			0		other	0
752	196	Nothing	5	3618731	0	1			0		other	0
752	197	Sound	0	3619731	0	2			0		other	0
752	197	Response	3	3625176	5445	1
752	199	Nothing	10	3626181	0	1			0		false_alarm	348
752	199	Response	3	3626543	362	1
752	199	Response	3	3627792	1611	2
752	199	Response	3	3628974	2793	1
752	199	Response	3	3630259	4078	1
752	200	Sound	19	3655194	0	2			0		other	0
752	201	Nothing	5	3691270	0	1			0		other	0
752	202	Sound	0	3692270	0	2			0		other	0
752	202	Response	3	3697657	5387	1
752	204	Nothing	10	3698662	0	1			0		false_alarm	357
752	204	Response	3	3698870	208	1
752	204	Response	3	3700198	1536	1
752	204	Response	3	3701329	2667	1
752	204	Response	3	3702612	3950	1
752	205	Sound	19	3727675	0	2			0		other	0
752	206	Nothing	5	3774328	0	1			0		other	0
752	207	Sound	0	3775328	0	2			0		other	0
752	207	Response	3	3781143	5815	1
752	209	Nothing	10	3782148	0	1			0		false_alarm	366
752	209	Response	3	3782453	305	1
752	209	Response	3	3783814	1666	1
752	209	Response	3	3784886	2738	1
752	209	Response	3	3786126	3978	1
752	210	Sound	19	3811161	0	2			0		other	0
752	210	Response	3	3855943	44782	1
752	210	Response	3	3858634	47473	1
752	210	Response	3	3860599	49438	1
752	211	Sound	19	3877401	0	2			0		other	0
752	213	Nothing	5	3920689	0	1			0		other	0
752	214	Sound	0	3921689	0	2			0		other	0
752	214	Response	3	3927751	6062	1
752	216	Nothing	10	3928756	0	1			0		false_alarm	379
752	216	Response	3	3929308	552	1
752	216	Response	3	3930646	1890	11
752	216	Response	3	3931757	3001	1
752	217	Sound	19	3957776	0	1			0		other	0
752	218	Nothing	5	4030559	0	1			0		other	0
752	219	Sound	0	4031559	0	2			0		other	0
752	219	Response	3	4036724	5165	1
752	221	Nothing	10	4037729	0	1			0		false_alarm	387
752	221	Response	3	4038028	299	1
752	221	Response	3	4039333	1604	1
752	221	Response	3	4040417	2688	1
752	221	Response	3	4041666	3937	1
752	221	Response	2	4051204	13475	1
752	222	Sound	19	4066742	0	2			0		other	0
752	223	Nothing	5	4135835	0	1			0		other	0
752	224	Sound	0	4136835	0	2			0		other	0
752	224	Response	3	4143171	6336	1
752	226	Nothing	10	4144177	0	1			0		false_alarm	397
752	226	Response	3	4144599	422	1
752	226	Response	3	4145923	1746	1
752	226	Response	3	4147148	2971	1
752	227	Sound	19	4173190	0	2			0		other	0
752	228	Nothing	5	4207323	0	1			0		other	0
752	229	Sound	0	4208323	0	2			0		other	0
752	229	Response	3	4214478	6155	1
752	231	Nothing	10	4215483	0	1			0		false_alarm	405
752	231	Response	3	4215731	248	1
752	231	Response	3	4217048	1565	1
752	231	Response	3	4218250	2767	1
752	232	Sound	19	4244497	0	2			0		other	0
752	232	Response	3	4299876	55379	1
752	233	Sound	19	4308627	0	2			0		other	0
752	234	Nothing	5	4344570	0	1			0		other	0
752	235	Sound	0	4345570	0	2			0		other	0
752	235	Response	3	4350633	5063	1
752	237	Nothing	10	4351639	0	1			0		false_alarm	415
752	237	Response	3	4352043	404	1
752	237	Response	3	4353296	1657	1
752	237	Response	3	4354410	2771	1
752	238	Sound	19	4380652	0	2			0		other	0
752	240	Nothing	5	4421027	0	1			0		other	0
752	241	Sound	0	4422027	0	2			0		other	0
752	242	Nothing	6	4442027	0	1			0		other	0
752	242	Response	3	4449828	7801	1
752	242	Response	3	4451663	9636	1
752	243	Sound	19	4452028	0	1			0		other	0
752	243	Response	3	4453623	1595	1
752	244	Sound	19	4499209	0	1			0		other	0
752	245	Nothing	5	4553722	0	1			0		other	0
752	246	Sound	0	4554722	0	2			0		other	0
752	246	Response	3	4559863	5141	1
752	248	Nothing	10	4560868	0	1			0		false_alarm	431
752	248	Response	3	4561270	402	1
752	248	Response	3	4562623	1755	1
752	249	Sound	19	4589881	0	2			0		other	0
752	250	Nothing	5	4639905	0	1			0		other	0
752	251	Sound	0	4640905	0	2			0		other	0
752	251	Response	3	4648037	7132	1
752	253	Nothing	10	4649043	0	1			0		false_alarm	438
752	253	Response	3	4649222	179	1
752	253	Response	3	4650597	1554	1
752	253	Response	3	4651711	2668	1
752	254	Sound	19	4678056	0	2			0		other	0
752	255	Nothing	5	4753779	0	1			0		other	0
752	256	Sound	0	4754779	0	2			0		other	0
752	256	Response	3	4774090	19311	1
752	258	Nothing	10	4775095	0	1			0		false_alarm	446
752	258	Response	3	4775550	455	1
752	258	Response	3	4776954	1859	1
752	258	Response	3	4778285	3190	1
752	259	Sound	19	4804108	0	2			0		other	0
752	260	Nothing	5	4873551	0	1			0		other	0
752	261	Sound	0	4874551	0	2			0		other	0
752	261	Response	3	4881430	6879	1
752	263	Nothing	10	4882436	0	1			0		false_alarm	454
752	263	Response	3	4882756	320	1
752	263	Response	3	4884069	1633	1
752	263	Response	3	4885238	2802	1
752	264	Sound	19	4911449	0	2			0		other	0
752	266	Nothing	5	4952316	0	1			0		other	0
752	267	Sound	0	4953316	0	2			0		other	0
752	267	Response	3	4960296	6980	1
752	269	Nothing	10	4961302	0	1			0		false_alarm	462
752	269	Response	3	4961553	251	1
752	269	Response	3	4962844	1542	1
752	269	Response	3	4964018	2716	1
752	270	Sound	19	4990315	0	2			0		other	0
752	271	Nothing	5	5027378	0	1			0		other	0
752	272	Sound	0	5028378	0	2			0		other	0
752	272	Response	3	5043752	15374	1
752	274	Nothing	10	5044757	0	1			0		false_alarm	470
752	274	Response	3	5044932	175	1
752	274	Response	3	5046264	1507	2
752	274	Response	3	5047442	2685	1
752	275	Sound	19	5073771	0	1			0		other	0
752	276	Nothing	5	5112874	0	1			0		other	0
752	277	Sound	0	5113874	0	2			0		other	0
752	277	Response	3	5120173	6299	1
752	279	Nothing	10	5121176	0	1			0		false_alarm	478
752	279	Response	3	5121461	285	1
752	279	Response	3	5122763	1587	1
752	279	Response	3	5123925	2749	1
752	279	Response	3	5125268	4092	1
752	280	Sound	19	5150189	0	2			0		other	0
752	281	Nothing	5	5195542	0	1			0		other	0
752	282	Sound	0	5196542	0	2			0		other	0
752	282	Response	3	5204479	7937	2
752	284	Nothing	10	5205485	0	1			0		false_alarm	487
752	284	Response	3	5205930	445	1
752	284	Response	3	5207273	1788	1
752	284	Response	3	5208510	3025	1
752	284	Response	3	5209827	4342	1
752	285	Sound	19	5234498	0	2			0		other	0
752	286	Nothing	5	5294471	0	1			0		other	0
752	287	Sound	0	5295471	0	2			0		other	0
752	287	Response	3	5304976	9505	1
752	289	Nothing	10	5305982	0	1			0		false_alarm	496
752	289	Response	3	5306527	545	1
752	289	Response	3	5307872	1890	1
752	289	Response	3	5309076	3094	1
752	290	Sound	19	5334995	0	2			0		other	0
752	292	Nothing	5	5370741	0	1			0		other	0
752	293	Sound	0	5371741	0	2			0		other	0
752	293	Response	3	5378772	7031	1
752	295	Nothing	10	5379777	0	1			0		false_alarm	504
752	295	Response	3	5380167	390	1
752	295	Response	3	5381423	1646	99
752	295	Response	3	5382598	2821	1
752	295	Response	3	5383899	4122	1
752	296	Sound	19	5408791	0	2			0		other	0
752	297	Nothing	5	5462144	0	1			0		other	0
752	298	Sound	0	5463144	0	2			0		other	0
752	298	Response	3	5470161	7017	1
752	300	Nothing	10	5471166	0	1			0		false_alarm	513
752	300	Response	3	5471547	381	1
752	300	Response	3	5472924	1758	1
752	300	Response	3	5474076	2910	1
752	300	Response	3	5475419	4253	1
752	301	Sound	19	5500179	0	2			0		other	0
752	302	Nothing	5	5546422	0	1			0		other	0
752	303	Sound	0	5547422	0	2			0		other	0
752	303	Response	3	5555860	8438	1
752	305	Nothing	10	5556865	0	1			0		false_alarm	522
752	305	Response	3	5557418	553	2
752	305	Response	3	5559946	3081	1
752	305	Response	3	5561221	4356	1
752	306	Sound	19	5585878	0	2			0		other	0
752	307	Nothing	5	5621901	0	1			0		other	0
752	308	Sound	0	5622901	0	2			0		other	0
752	308	Response	3	5629771	6870	1
752	310	Nothing	10	5630777	0	1			0		false_alarm	530
752	310	Response	3	5631198	421	1
752	310	Response	3	5632564	1787	1
752	310	Response	3	5633783	3006	1
752	310	Response	3	5635024	4247	1
752	310	Response	2	5637735	6958	1
752	310	Response	2	5639195	8418	1
752	310	Response	3	5642640	11863	1
752	311	Sound	19	5659791	0	1			0		other	0
752	312	Nothing	5	5729014	0	1			0		other	0
752	313	Sound	0	5730014	0	2			0		other	0
752	313	Response	3	5738053	8039	1
752	315	Nothing	10	5739058	0	1			0		false_alarm	542
752	315	Response	3	5739358	300	1
752	315	Response	3	5740677	1619	1
752	315	Response	3	5741931	2873	1
752	316	Sound	19	5768071	0	2			0		other	0
752	318	Nothing	5	5803696	0	1			0		other	0
752	319	Sound	0	5804696	0	2			0		other	0
752	319	Response	3	5810239	5543	1
752	321	Nothing	10	5811245	0	1			0		false_alarm	550
752	321	Response	3	5811700	455	1
752	321	Response	3	5812976	1731	1
752	321	Response	3	5814079	2834	1
752	321	Response	3	5815468	4223	1
752	322	Sound	19	5840258	0	2			0		other	0
752	323	Nothing	5	5907021	0	1			0		other	0
752	324	Sound	0	5908021	0	2			0		other	0
752	324	Response	3	5920087	12066	1
752	326	Nothing	10	5921092	0	1			0		false_alarm	559
752	326	Response	3	5921477	385	1
752	326	Response	3	5922975	1883	1
752	326	Response	3	5924213	3121	1
752	327	Sound	19	5950105	0	2			0		other	0
752	328	Nothing	5	5990478	0	1			0		other	0
752	329	Sound	0	5991478	0	2			0		other	0
752	329	Response	3	5998341	6863	1
752	331	Nothing	10	5999346	0	1			0		false_alarm	567
752	331	Response	3	5999685	339	1
752	331	Response	3	6001014	1668	1
752	331	Response	3	6002144	2798	1
752	332	Sound	19	6028359	0	2			0		other	0
752	333	Nothing	5	6064562	0	1			0		other	0
752	334	Sound	0	6065562	0	2			0		other	0
752	334	Response	3	6071702	6140	1
752	336	Nothing	10	6072708	0	1			0		false_alarm	575
752	336	Response	3	6073043	335	1
752	336	Response	3	6074319	1611	1
752	336	Response	3	6075460	2752	1
752	337	Sound	19	6101721	0	2			0		other	0
752	338	Nothing	5	6159484	0	1			0		other	0
752	339	Sound	0	6160484	0	2			0		other	0
752	339	Response	3	6170146	9662	1
752	341	Nothing	10	6171151	0	1			0		false_alarm	583
752	341	Response	3	6171725	574	1
752	341	Response	3	6174316	3165	2
752	341	Response	3	6175561	4410	1
752	342	Sound	19	6200164	0	2			0		other	0
752	344	Nothing	5	6243252	0	2			0		other	0
752	345	Sound	0	6244252	0	2			0		other	0
752	345	Response	3	6249873	5621	1
752	347	Nothing	10	6250878	0	1			0		false_alarm	591
752	347	Response	3	6251190	312	1
752	347	Response	3	6252474	1596	1
752	347	Response	3	6253621	2743	1
752	347	Response	3	6254865	3987	1
752	348	Sound	19	6279893	0	2			0		other	0
752	349	Nothing	5	6327706	0	1			0		other	0
752	350	Sound	0	6328706	0	2			0		other	0
752	350	Response	3	6334164	5458	1
752	352	Nothing	10	6335169	0	1			0		false_alarm	600
752	352	Response	3	6335511	342	1
752	352	Response	3	6336947	1778	1
752	352	Response	3	6338155	2986	1
752	352	Response	3	6339707	4538	1
752	353	Sound	19	6364182	0	2			0		other	0
752	354	Nothing	5	6440205	0	1			0		other	0
752	355	Sound	0	6441205	0	2			0		other	0
752	356	Nothing	6	6461205	0	1			0		other	0
752	357	Sound	19	6471206	0	1			0		other	0
752	358	Nothing	5	6517009	0	1			0		other	0
752	359	Sound	0	6518009	0	2			0		other	0
752	359	Response	3	6530676	12667	1
752	361	Nothing	10	6531682	0	1			0		false_alarm	613
752	361	Response	3	6531956	274	1
752	361	Response	3	6534429	2747	1
752	361	Response	3	6535692	4010	1
752	362	Sound	19	6560696	0	2			0		other	0
752	363	Nothing	5	6626549	0	1			0		other	0
752	364	Sound	0	6627549	0	2			0		other	0
752	364	Response	3	6635360	7811	1
752	366	Nothing	10	6636364	0	2			0		false_alarm	621
752	366	Response	3	6636680	316	1
752	366	Response	3	6638003	1639	1
752	366	Response	3	6639207	2843	1
752	367	Sound	19	6665377	0	2			0		other	0
752	369	Nothing	5	6706899	0	1			0		other	0
752	370	Sound	0	6707899	0	2			0		other	0
752	370	Response	3	6714022	6123	1
752	372	Nothing	10	6715026	0	1			0		false_alarm	629
752	372	Response	3	6715281	255	1
752	372	Response	3	6716582	1556	1
752	372	Response	3	6717706	2680	1
752	373	Sound	19	6744040	0	1			0		other	0
752	374	Nothing	5	6784464	0	1			0		other	0
752	375	Sound	0	6785464	0	2			0		other	0
752	375	Response	3	6790902	5438	1
752	377	Nothing	10	6791907	0	1			0		false_alarm	637
752	377	Response	3	6792326	419	1
752	377	Response	3	6793704	1797	1
752	377	Response	3	6794807	2900	1
752	378	Sound	19	6820920	0	2			0		other	0
752	379	Nothing	5	6897683	0	1			0		other	0
752	380	Sound	0	6898683	0	2			0		other	0
752	380	Response	3	6906420	7737	1
752	382	Nothing	10	6907425	0	1			0		false_alarm	645
752	382	Response	3	6907861	436	1
752	382	Response	3	6910382	2957	1
752	382	Response	3	6911577	4152	1
752	383	Sound	19	6936438	0	2			0		other	0
752	384	Nothing	5	6987792	0	1			0		other	0
752	385	Sound	0	6988792	0	2			0		other	0
752	385	Response	3	6994965	6173	1
752	387	Nothing	10	6995971	0	1			0		false_alarm	653
752	387	Response	3	6996167	196	1
752	387	Response	3	6997589	1618	1
752	387	Response	3	6998736	2765	1
752	388	Sound	19	7024984	0	2			0		other	0
752	389	Nothing	5	7072517	0	1			0		other	0
752	390	Sound	0	7073517	0	2			0		other	0
752	390	Response	3	7082641	9124	1
752	392	Nothing	10	7083646	0	1			0		false_alarm	661
752	392	Response	3	7083945	299	1
752	392	Response	3	7085242	1596	1
752	392	Response	3	7086547	2901	1
752	392	Response	3	7087986	4340	1
752	393	Sound	19	7112659	0	2			0		other	0
752	395	Nothing	5	7150795	0	1			0		other	0
752	396	Sound	0	7151795	0	2			0		other	0
752	396	Response	3	7157590	5795	1
752	398	Nothing	10	7158595	0	1			0		false_alarm	670
752	398	Response	3	7158816	221	1
752	398	Response	3	7160030	1435	1
752	398	Response	3	7161228	2633	5
752	398	Response	3	7162475	3880	1
752	399	Sound	19	7187609	0	1			0		other	0
752	400	Nothing	5	7235841	0	1			0		other	0
752	401	Sound	0	7236841	0	2			0		other	0
752	401	Response	3	7244764	7923	1
752	403	Nothing	10	7245769	0	1			0		false_alarm	679
752	403	Response	3	7245962	193	1
752	403	Response	3	7247339	1570	1
752	403	Response	3	7248587	2818	1
752	404	Sound	19	7274782	0	2			0		other	0
752	405	Nothing	5	7315965	0	1			0		other	0
752	406	Sound	0	7316965	0	2			0		other	0
752	406	Response	3	7322353	5388	1
752	408	Nothing	10	7323358	0	1			0		false_alarm	687
752	408	Response	3	7323663	305	1
752	408	Response	3	7324969	1611	1
752	408	Response	3	7326179	2821	1
752	408	Response	3	7327400	4042	1
752	409	Sound	19	7352371	0	2			0		other	0
752	410	Nothing	5	7413124	0	1			0		other	0
752	411	Sound	0	7414124	0	2			0		other	0
752	411	Response	3	7418904	4780	1
752	413	Nothing	10	7419910	0	1			0		false_alarm	696
752	413	Response	3	7420698	788	1
752	413	Response	3	7422010	2100	1
752	413	Response	3	7423140	3230	1
752	414	Sound	19	7448923	0	2			0		other	0
752	415	Nothing	5	7506586	0	1			0		other	0
752	416	Sound	0	7507586	0	2			0		other	0
752	416	Response	3	7515314	7728	1
752	418	Nothing	10	7516320	0	1			0		false_alarm	704
752	418	Response	3	7516609	289	2
752	418	Response	3	7517980	1660	1
752	418	Response	3	7519183	2863	1
752	418	Response	3	7520425	4105	1
752	419	Sound	19	7545333	0	2			0		other	0
752	421	Nothing	5	7579114	0	1			0		other	0
752	422	Sound	0	7580114	0	2			0		other	0
752	422	Response	3	7585299	5185	1
752	424	Nothing	10	7586304	0	1			0		false_alarm	713
752	424	Response	3	7586660	356	1
752	424	Response	3	7588014	1710	3
752	424	Response	3	7589272	2968	1
752	424	Response	3	7590506	4202	1
752	425	Sound	19	7615317	0	2			0		other	0
752	426	Nothing	5	7675010	0	1			0		other	0
752	427	Sound	0	7676010	0	2			0		other	0
752	427	Response	3	7682085	6075	1
752	429	Nothing	10	7683089	0	1			0		false_alarm	722
752	429	Response	3	7683395	306	1
752	429	Response	3	7684760	1671	1
752	429	Response	3	7685996	2907	1
752	429	Response	3	7687246	4157	2
752	430	Sound	19	7712103	0	1			0		other	0
752	431	Nothing	5	7781097	0	1			0		other	0
752	432	Sound	0	7782097	0	2			0		other	0
752	432	Response	3	7790150	8053	1
752	434	Nothing	10	7791155	0	1			0		false_alarm	731
752	434	Response	3	7791519	364	1
752	434	Response	3	7793026	1871	2
752	434	Response	3	7794192	3037	1
752	435	Sound	19	7820168	0	2			0		other	0
752	436	Nothing	5	7860641	0	1			0		other	0
752	437	Sound	0	7861641	0	2			0		other	0
752	437	Response	3	7867495	5854	2
752	439	Nothing	10	7868500	0	1			0		false_alarm	739
752	439	Response	3	7868906	406	1
752	439	Response	3	7870248	1748	1
752	439	Response	3	7871453	2953	1
752	440	Sound	19	7897514	0	1			0		other	0
752	441	Nothing	5	7951839	0	1			0		other	0
752	442	Sound	0	7952839	0	2			0		other	0
752	442	Response	3	7959217	6378	1
752	444	Nothing	10	7960222	0	1			0		false_alarm	747
752	444	Response	3	7960612	390	1
752	444	Response	3	7961848	1626	1
752	444	Response	3	7963020	2798	1
752	444	Response	3	7964286	4064	1
752	445	Sound	19	7989235	0	2			0		other	0
752	447	Nothing	5	8035628	0	1			0		other	0
752	448	Sound	0	8036628	0	2			0		other	0
752	448	Response	3	8042260	5632	1
752	450	Nothing	10	8043265	0	1			0		false_alarm	756
752	450	Response	3	8043683	418	1
752	450	Response	3	8044941	1676	1
752	450	Response	3	8046114	2849	1
752	450	Response	3	8047349	4084	1
752	451	Sound	19	8072277	0	2			0		other	0
752	452	Nothing	5	8138580	0	1			0		other	0
752	453	Sound	0	8139580	0	2			0		other	0
752	453	Response	3	8146820	7240	1
752	455	Nothing	10	8147825	0	1			0		false_alarm	765
752	455	Response	3	8148198	373	1
752	455	Response	3	8149562	1737	1
752	455	Response	3	8150758	2933	1
752	455	Response	3	8152144	4319	1
752	456	Sound	19	8176838	0	2			0		other	0
752	457	Nothing	5	8216831	0	1			0		other	0
752	458	Sound	0	8217831	0	2			0		other	0
752	458	Response	3	8220659	2828	1
752	460	Nothing	10	8221665	0	1			0		false_alarm	774
752	460	Response	3	8222057	392	2
752	460	Response	3	8223382	1717	1
752	460	Response	3	8224628	2963	2
752	460	Response	3	8225936	4271	1
752	461	Sound	19	8250680	0	1			0		other	0
752	461	Response	3	8292542	41862	1
752	461	Response	3	8295896	45216	1
752	461	Response	3	8298123	47443	1
752	462	Sound	19	8298220	0	2			0		other	0
752	463	Nothing	5	8330853	0	1			0		other	0
752	464	Sound	0	8331853	0	2			0		other	0
752	464	Response	3	8336545	4692	1
752	466	Nothing	10	8337549	0	1			0		false_alarm	787
752	466	Response	3	8338044	495	1
752	466	Response	3	8339337	1788	1
752	466	Response	3	8340433	2884	1
752	466	Response	3	8341872	4323	1
752	467	Sound	19	8366562	0	2			0		other	0
752	468	Nothing	5	8425778	0	1			0		other	0
752	469	Sound	0	8426778	0	2			0		other	0
752	469	Response	3	8439161	12383	1
752	471	Nothing	10	8440166	0	1			0		false_alarm	796
752	471	Response	3	8440494	328	1
752	471	Response	3	8441951	1785	1
752	471	Response	3	8443123	2957	89
752	471	Response	3	8444617	4451	1
752	472	Sound	19	8469179	0	2			0		other	0
752	474	Nothing	5	8533126	0	1			0		other	0
752	475	Sound	0	8534126	0	2			0		other	0
752	475	Response	3	8539002	4876	1
752	477	Nothing	10	8540008	0	1			0		false_alarm	805
752	477	Response	3	8540359	351	1
752	477	Response	3	8541655	1647	1
752	477	Response	3	8542926	2918	1
752	477	Response	3	8544160	4152	1
752	478	Sound	19	8569021	0	2			0		other	0
752	479	Nothing	5	8620864	0	1			0		other	0
752	480	Sound	0	8621864	0	2			0		other	0
752	480	Response	3	8629211	7347	1
752	482	Nothing	10	8630215	0	1			0		false_alarm	814
752	482	Response	3	8630536	321	1
752	482	Response	3	8631927	1712	1
752	482	Response	3	8633095	2880	1
752	483	Sound	19	8659228	0	1			0		other	0
752	484	Nothing	5	8718471	0	1			0		other	0
752	485	Sound	0	8719471	0	2			0		other	0
752	485	Response	3	8725841	6370	1
752	487	Nothing	10	8726846	0	1			0		false_alarm	822
752	487	Response	3	8727241	395	1
752	487	Response	3	8728606	1760	1
752	487	Response	3	8729843	2997	1
752	487	Response	3	8731175	4329	1
752	488	Sound	19	8755859	0	2			0		other	0
752	488	Response	3	8795271	39412	2
752	488	Response	3	8797185	41326	2
752	488	Response	3	8799083	43224	1
752	489	Sound	19	8814499	0	2			0		other	0
752	490	Nothing	5	8866722	0	1			0		other	0
752	491	Sound	0	8867722	0	2			0		other	0
752	491	Response	3	8880930	13208	1
752	493	Nothing	10	8881935	0	1			0		false_alarm	835
752	493	Response	3	8882188	253	1
752	493	Response	3	8883524	1589	80
752	493	Response	3	8884853	2918	1
752	494	Sound	19	8910948	0	2			0		other	0
752	495	Nothing	5	8942445	0	1			0		other	0
752	496	Sound	0	8943445	0	2			0		other	0
752	497	Nothing	6	8963445	0	1			0		other	0
752	498	Sound	19	8973445	0	2			0		other	0
752	500	Nothing	5	9019935	0	1			0		other	0
752	501	Sound	0	9020935	0	2			0		other	0
752	501	Response	3	9027093	6158	1
752	503	Nothing	10	9028098	0	1			0		false_alarm	847
752	503	Response	3	9028377	279	1
752	503	Response	3	9029561	1463	1
752	503	Response	3	9030778	2680	1
752	504	Sound	19	9057112	0	1			0		other	0
752	505	Nothing	5	9111247	0	1			0		other	0
752	506	Sound	0	9112247	0	2			0		other	0
752	506	Response	3	9117857	5610	1
752	508	Nothing	10	9118863	0	1			0		false_alarm	855
752	508	Response	3	9119256	393	1
752	508	Response	3	9120452	1589	1
752	508	Response	3	9121716	2853	1
752	509	Sound	19	9147876	0	2			0		other	0
752	510	Nothing	5	9211550	0	1			0		other	0
752	511	Sound	0	9212550	0	2			0		other	0
752	511	Response	3	9216489	3939	1
752	513	Nothing	10	9217494	0	1			0		false_alarm	863
752	513	Response	3	9217944	450	1
752	513	Response	3	9219262	1768	1
752	513	Response	3	9220474	2980	1
752	513	Response	3	9221855	4361	1
752	514	Sound	19	9246508	0	1			0		other	0
752	515	Nothing	5	9287822	0	1			0		other	0
752	516	Sound	0	9288822	0	2			0		other	0
752	516	Response	3	9295334	6512	1
752	518	Nothing	10	9296339	0	1			0		false_alarm	872
752	518	Response	3	9296582	243	1
752	518	Response	3	9297874	1535	1
752	518	Response	3	9299093	2754	1
752	519	Sound	19	9325352	0	2			0		other	0
752	520	Nothing	5	9365575	0	1			0		other	0
752	521	Sound	0	9366575	0	2			0		other	0
752	521	Response	3	9371104	4529	1
752	523	Nothing	10	9372108	0	1			0		false_alarm	880
752	523	Response	3	9372877	769	2
752	523	Response	3	9374114	2006	1
752	523	Response	3	9375139	3031	1
752	523	Response	3	9376368	4260	1
752	524	Sound	19	9401122	0	1			0		other	0
752	526	Nothing	5	9435715	0	1			0		other	0
752	527	Sound	0	9436715	0	2			0		other	0
752	527	Response	3	9443334	6619	1
752	529	Nothing	10	9444339	0	1			0		false_alarm	889
752	529	Response	3	9444561	222	2
752	529	Response	3	9445807	1468	4
752	529	Response	3	9446978	2639	1
752	530	Sound	19	9473352	0	2			0		other	0
752	531	Nothing	5	9526530	0	1			0		other	0
752	532	Sound	0	9527530	0	2			0		other	0
752	532	Response	3	9536097	8567	1
752	534	Nothing	10	9537101	0	1			0		false_alarm	897
752	534	Response	3	9537374	273	1
752	534	Response	3	9538620	1519	1
752	534	Response	3	9539711	2610	1
752	534	Response	3	9540968	3867	1
752	535	Sound	19	9566114	0	2			0		other	0
752	536	Nothing	5	9613697	0	1			0		other	0
752	537	Sound	0	9614697	0	2			0		other	0
752	537	Response	3	9619308	4611	2
752	539	Nothing	10	9620314	0	1			0		false_alarm	906
752	539	Response	3	9621025	711	1
752	539	Response	3	9622319	2005	1
752	539	Response	3	9623471	3157	2
752	539	Response	3	9624785	4471	1
752	540	Sound	19	9649327	0	2			0		other	0
752	541	Nothing	5	9695011	0	1			0		other	0
752	542	Sound	0	9696011	0	2			0		other	0
752	542	Response	3	9702807	6796	1
752	544	Nothing	10	9703812	0	1			0		false_alarm	915
752	544	Response	3	9704034	222	1
752	544	Response	3	9705272	1460	1
752	544	Response	3	9706499	2687	1
752	544	Response	3	9707741	3929	1
752	545	Sound	19	9732825	0	2			0		other	0
752	546	Nothing	5	9773338	0	1			0		other	0
752	547	Sound	0	9774338	0	2			0		other	0
752	547	Response	3	9781601	7263	2
752	549	Nothing	10	9782607	0	1			0		false_alarm	924
752	549	Response	3	9782763	156	2
752	549	Response	3	9784075	1468	1
752	549	Response	3	9785332	2725	1
752	550	Sound	19	9811620	0	2			0		other	0
752	550	Response	3	9883990	72370	1
752	551	Sound	19	9891250	0	2			0		other	0
752	553	Nothing	5	9945574	0	1			0		other	0
752	554	Sound	0	9946575	0	2			0		other	0
752	554	Response	3	9957436	10861	1
752	556	Nothing	10	9958444	0	1			0		false_alarm	934
752	556	Response	3	9958824	380	1
752	556	Response	3	9960030	1586	1
752	556	Response	3	9961319	2875	1
752	557	Sound	19	9987458	0	1			0		other	0
752	558	Nothing	5	10024341	0	1			0		other	0
752	559	Sound	0	10025341	0	2			0		other	0
752	559	Response	3	10029917	4576	1
752	561	Nothing	10	10030922	0	1			0		false_alarm	942
752	561	Response	3	10031289	367	2
752	561	Response	3	10032520	1598	1
752	561	Response	3	10033685	2763	1
752	561	Response	3	10034934	4012	1
752	562	Sound	19	10059935	0	3			0		other	0
752	563	Nothing	5	10100919	0	1			0		other	0
752	564	Sound	0	10101919	0	2			0		other	0
752	564	Response	3	10110545	8626	1
752	566	Nothing	10	10111549	0	1			0		false_alarm	951
752	566	Response	3	10111923	374	1
752	566	Response	3	10113187	1638	2
752	566	Response	3	10114369	2820	1
752	566	Response	3	10115570	4021	1
752	567	Sound	19	10140563	0	2			0		other	0
752	568	Nothing	5	10172186	0	1			0		other	0
752	569	Sound	0	10173186	0	2			0		other	0
752	569	Response	3	10178620	5434	1
752	571	Nothing	10	10179625	0	1			0		false_alarm	960
752	571	Response	3	10179837	212	2
752	571	Response	3	10181110	1485	1
752	571	Response	3	10182359	2734	1
752	571	Response	3	10183622	3997	1
752	572	Sound	19	10208638	0	2			0		other	0
752	573	Nothing	5	10247241	0	1			0		other	0
752	574	Sound	0	10248241	0	2			0		other	0
752	574	Response	3	10253974	5733	1
752	576	Nothing	10	10254980	0	1			0		false_alarm	969
752	576	Response	3	10255355	375	1
752	576	Response	3	10256638	1658	1
752	576	Response	3	10257887	2907	1
752	577	Sound	19	10283994	0	1			0		other	0
752	579	Nothing	5	10347855	0	1			0		other	0
752	580	Sound	0	10348855	0	2			0		other	0
752	580	Response	3	10363317	14462	1
752	582	Nothing	10	10364322	0	1			0		false_alarm	977
752	582	Response	3	10364769	447	1
752	582	Response	3	10366049	1727	1
752	582	Response	3	10367256	2934	1
752	583	Sound	19	10393335	0	2			0		other	0
752	584	Nothing	5	10430418	0	1			0		other	0
752	585	Sound	0	10431418	0	2			0		other	0
752	585	Response	3	10436497	5079	1
752	587	Nothing	10	10437501	0	1			0		false_alarm	985
752	587	Response	3	10437650	149	1
752	587	Response	3	10438889	1388	1
752	587	Response	3	10440086	2585	1
752	588	Sound	19	10466514	0	2			0		other	0
752	589	Nothing	5	10539178	0	1			0		other	0
752	590	Sound	0	10540178	0	2			0		other	0
752	591	Nothing	6	10560178	0	1			0		other	0
752	592	Sound	19	10570179	0	1			0		other	0
752	593	Nothing	5	10633622	0	1			0		other	0
752	594	Sound	0	10634622	0	2			0		other	0
752	594	Response	3	10654201	19579	1
752	596	Nothing	10	10655206	0	1			0		false_alarm	997
752	596	Response	3	10655529	323	1
752	596	Response	3	10656796	1590	1
752	596	Response	3	10658078	2872	1
752	597	Sound	19	10684220	0	1			0		other	0
752	598	Nothing	5	10734703	0	1			0		other	0
752	599	Sound	0	10735703	0	2			0		other	0
752	599	Response	3	10744286	8583	1
752	601	Nothing	10	10745292	0	1			0		false_alarm	1005
752	601	Response	3	10745554	262	1
752	601	Response	3	10746935	1643	1
752	601	Response	3	10748191	2899	1
752	602	Sound	19	10774305	0	2			0		other	0
752	604	Nothing	5	10811298	0	1			0		other	0
752	605	Sound	0	10812298	0	2			0		other	0
752	605	Response	3	10817637	5339	1
752	607	Nothing	10	10818642	0	1			0		false_alarm	1013
752	607	Response	3	10818861	219	1
752	607	Response	3	10820147	1505	1
752	607	Response	3	10821363	2721	1
752	607	Response	3	10822661	4019	1
752	608	Sound	19	10847655	0	2			0		other	0
752	609	Nothing	5	10905918	0	1			0		other	0
752	610	Sound	0	10906918	0	2			0		other	0
752	610	Response	3	10917814	10896	1
752	612	Nothing	10	10918819	0	1			0		false_alarm	1022
752	612	Response	3	10919129	310	1
752	612	Response	3	10920559	1740	1
752	612	Response	3	10921788	2969	1
752	612	Response	3	10923049	4230	1
752	613	Sound	19	10947833	0	1			0		other	0
752	614	Nothing	5	10981856	0	1			0		other	0
752	615	Sound	0	10982856	0	2			0		other	0
752	615	Response	3	10990032	7176	1
752	617	Nothing	10	10991037	0	1			0		false_alarm	1031
752	617	Response	3	10991380	343	1
752	617	Response	3	10992683	1646	1
752	617	Response	3	10993911	2874	1
752	618	Sound	19	11020050	0	2			0		other	0
752	619	Nothing	5	11061333	0	1			0		other	0
752	620	Sound	0	11062333	0	2			0		other	0
752	620	Response	3	11067420	5087	1
752	622	Nothing	10	11068425	0	1			0		false_alarm	1039
752	622	Response	3	11068733	308	1
752	622	Response	3	11070094	1669	1
752	622	Response	3	11071235	2810	1
752	622	Response	3	11072460	4035	1
752	623	Sound	19	11097438	0	2			0		other	0
752	624	Nothing	5	11141941	0	1			0		other	0
752	625	Sound	0	11142941	0	2			0		other	0
752	626	Nothing	6	11162941	0	1			0		other	0
752	627	Sound	19	11172941	0	2			0		other	0
752	629	Nothing	5	11215596	0	1			0		other	0
752	630	Sound	0	11216596	0	2			0		other	0
752	630	Response	3	11224711	8115	1
752	632	Nothing	10	11225715	0	1			0		false_alarm	1052
752	632	Response	3	11225951	236	199
752	632	Response	3	11227368	1653	1
752	632	Response	3	11228527	2812	1
752	633	Sound	19	11254728	0	2			0		other	0
752	634	Nothing	5	11285091	0	1			0		other	0
752	635	Sound	0	11286091	0	2			0		other	0
752	635	Response	3	11295697	9606	1
752	637	Nothing	10	11296702	0	1			0		false_alarm	1060
752	637	Response	3	11296805	103	1
752	637	Response	3	11297952	1250	1
752	637	Response	3	11299316	2614	1
752	638	Sound	19	11325715	0	2			0		other	0
752	639	Nothing	5	11378709	0	1			0		other	0
752	640	Sound	0	11379709	0	2			0		other	0
752	640	Response	3	11385868	6159	1
752	642	Nothing	10	11386875	0	1			0		false_alarm	1068
752	642	Response	3	11387280	405	1
752	642	Response	3	11388596	1721	1
752	642	Response	3	11389885	3010	1
752	642	Response	3	11391229	4354	1
752	643	Sound	19	11415888	0	2			0		other	0
752	644	Nothing	5	11464071	0	1			0		other	0
752	645	Sound	0	11465071	0	2			0		other	0
752	645	Response	3	11470942	5871	1
752	647	Nothing	10	11471948	0	1			0		false_alarm	1077
752	647	Response	3	11472253	305	1
752	647	Response	3	11473490	1542	1
752	647	Response	3	11474651	2703	1
752	648	Sound	19	11500961	0	2			0		other	0
752	649	Nothing	5	11539254	0	1			0		other	0
752	650	Sound	0	11540254	0	2			0		other	0
752	651	Nothing	6	11560254	0	1			0		other	0
752	652	Sound	19	11570254	0	2			0		other	0
752	654	Nothing	5	11623971	0	1			0		other	0
752	655	Sound	0	11624971	0	2			0		other	0
752	655	Response	3	11638382	13411	1
752	657	Nothing	10	11639387	0	1			0		false_alarm	1089
752	657	Response	3	11639733	346	1
752	657	Response	3	11641041	1654	1
752	657	Response	3	11642191	2804	1
752	658	Sound	19	11668401	0	2			0		other	0
752	659	Nothing	5	11729224	0	1			0		other	0
752	660	Sound	0	11730224	0	2			0		other	0
752	660	Response	3	11736322	6098	1
752	662	Nothing	10	11737327	0	1			0		false_alarm	1097
752	662	Response	3	11737707	380	2
752	662	Response	3	11739009	1682	1
752	662	Response	3	11740103	2776	1
752	662	Response	3	11741335	4008	1
752	663	Sound	19	11766340	0	2			0		other	0
752	664	Nothing	5	11808953	0	1			0		other	0
752	665	Sound	0	11809953	0	2			0		other	0
752	665	Response	3	11815799	5846	1
752	667	Nothing	10	11816804	0	1			0		false_alarm	1106
752	667	Response	3	11817236	432	1
752	667	Response	3	11819670	2866	1
752	667	Response	3	11820899	4095	1
752	668	Sound	19	11845817	0	2			0		other	0
752	669	Nothing	5	11898390	0	1			0		other	0
752	670	Sound	0	11899390	0	2			0		other	0
752	670	Response	3	11907239	7849	1
752	672	Nothing	10	11908244	0	1			0		false_alarm	1114
752	672	Response	3	11908509	265	1
752	672	Response	3	11909976	1732	1
752	672	Response	3	11911154	2910	1
752	673	Sound	19	11937257	0	2			0		other	0
752	674	Nothing	5	11984370	0	1			0		other	0
752	675	Sound	0	11985370	0	2			0		other	0
752	675	Response	3	11993076	7706	1
752	677	Nothing	10	11994082	0	1			0		false_alarm	1122
752	677	Response	3	11994342	260	1
752	677	Response	3	11995547	1465	1
752	677	Response	3	11996722	2640	2
752	678	Sound	19	12023095	0	2			0		other	0
752	680	Nothing	5	12059558	0	1			0		other	0
752	681	Sound	0	12060558	0	2			0		other	0
752	681	Response	3	12066204	5646	1
752	683	Nothing	10	12067209	0	1			0		false_alarm	1130
752	683	Response	3	12067487	278	2
752	683	Response	3	12068793	1584	1
752	683	Response	3	12070013	2804	12
752	684	Sound	19	12096222	0	2			0		other	0
752	685	Nothing	5	12131535	0	1			0		other	0
752	686	Sound	0	12132535	0	2			0		other	0
752	686	Response	3	12138343	5808	1
752	688	Nothing	10	12139347	0	1			0		false_alarm	1138
752	688	Response	3	12139680	333	1
752	688	Response	3	12141128	1781	1
752	688	Response	3	12142283	2936	1
752	689	Sound	19	12168360	0	2			0		other	0
752	690	Nothing	5	12213403	0	1			0		other	0
752	691	Sound	0	12214403	0	2			0		other	0
752	691	Response	3	12217296	2893	1
752	693	Nothing	10	12218301	0	1			0		false_alarm	1146
752	693	Response	3	12218746	445	1
752	693	Response	3	12220005	1704	1
752	693	Response	3	12221231	2930	1
752	694	Sound	19	12247314	0	2			0		other	0
752	695	Nothing	5	12305257	0	1			0		other	0
752	696	Sound	0	12306257	0	2			0		other	0
752	696	Response	3	12311676	5419	1
752	698	Nothing	10	12312681	0	1			0		false_alarm	1154
752	698	Response	3	12313014	333	1
752	698	Response	3	12314262	1581	1
752	698	Response	3	12315425	2744	1
752	699	Sound	19	12341694	0	2			0		other	0
752	700	Nothing	5	12392429	0	1			0		other	0
752	701	Sound	0	12393429	0	2			0		other	0
752	701	Response	3	12399560	6131	1
752	703	Nothing	10	12400566	0	1			0		false_alarm	1162
752	703	Response	3	12401027	461	1
752	703	Response	3	12402341	1775	1
752	703	Response	3	12403497	2931	1
752	703	Response	3	12404696	4130	1
752	704	Sound	19	12429579	0	2			0		other	0
752	704	Response	3	12470934	41355	1
752	705	Sound	19	12472459	0	2			0		other	0
752	705	Response	3	12488159	15700	1
752	706	Sound	19	12545730	0	1			0		other	0
752	708	Nothing	5	12588075	0	1			0		other	0
752	709	Sound	0	12589075	0	2			0		other	0
752	709	Response	3	12597934	8859	1
752	711	Nothing	10	12598940	0	1			0		false_alarm	1175
752	711	Response	3	12599162	222	1
752	711	Response	3	12600474	1534	1
752	711	Response	3	12601756	2816	3
752	712	Sound	19	12627953	0	2			0		other	0
752	713	Nothing	5	12667456	0	1			0		other	0
752	714	Sound	0	12668456	0	2			0		other	0
752	714	Response	3	12673618	5162	1
752	716	Nothing	10	12674624	0	1			0		false_alarm	1183
752	716	Response	3	12674846	222	1
752	716	Response	3	12676129	1505	1
752	716	Response	3	12677310	2686	1
752	717	Sound	19	12703637	0	2			0		other	0
752	717	Response	3	12748391	44754	1
752	718	Sound	19	12748778	0	1			0		other	0
752	719	Nothing	5	12791511	0	1			0		other	0
752	720	Sound	0	12792511	0	2			0		other	0
752	720	Response	3	12799644	7133	1
752	722	Nothing	10	12800649	0	1			0		false_alarm	1193
752	722	Response	3	12801155	506	1
752	722	Response	3	12802421	1772	1
752	722	Response	3	12803599	2950	1
752	723	Sound	19	12829662	0	2			0		other	0
752	724	Nothing	5	12880125	0	1			0		other	0
752	725	Sound	0	12881125	0	2			0		other	0
752	725	Response	3	12887929	6804	1
752	727	Nothing	10	12888935	0	1			0		false_alarm	1201
752	727	Response	3	12889469	534	1
752	727	Response	3	12890803	1868	2
752	727	Response	3	12892076	3141	1
752	728	Sound	19	12917948	0	2			0		other	0
752	729	Nothing	5	12953461	0	1			0		other	0
752	730	Sound	0	12954461	0	2			0		other	0
752	730	Response	3	12961819	7358	1
752	732	Nothing	10	12962824	0	1			0		false_alarm	1209
752	732	Response	3	12963238	414	1
752	732	Response	3	12964579	1755	1
752	732	Response	3	12965756	2932	1
752	733	Sound	19	12991837	0	2			0		other	0
752	735	Nothing	5	13050204	0	1			0		other	0
752	736	Sound	0	13051204	0	2			0		other	0
752	736	Response	3	13061387	10183	1
752	738	Nothing	10	13062400	0	1			0		false_alarm	1217
752	738	Response	3	13062866	466	1
752	738	Response	3	13064200	1800	1
752	738	Response	3	13065495	3095	1
752	739	Sound	19	13091413	0	2			0		other	0
752	740	Nothing	5	13153426	0	1			0		other	0
752	741	Sound	0	13154426	0	2			0		other	0
752	741	Response	3	13165131	10705	1
752	743	Nothing	10	13166135	0	1			0		false_alarm	1225
752	743	Response	3	13166422	287	1
752	743	Response	3	13167852	1717	1
752	743	Response	3	13169261	3126	2
752	744	Sound	19	13195149	0	1			0		other	0
752	745	Nothing	5	13269822	0	1			0		other	0
752	746	Sound	0	13270822	0	2			0		other	0
752	746	Response	3	13278233	7411	1
752	748	Nothing	10	13279239	0	1			0		false_alarm	1233
752	748	Response	3	13279547	308	1
752	748	Response	3	13280886	1647	1
752	748	Response	3	13282170	2931	1
752	748	Response	3	13283476	4237	1
752	749	Sound	19	13308252	0	2			0		other	0
752	750	Nothing	5	13343155	0	1			0		other	0
752	751	Sound	0	13344155	0	2			0		other	0
752	751	Response	3	13348885	4730	90
752	753	Nothing	10	13349979	0	1			0		false_alarm	1242
752	753	Response	3	13350271	292	1
752	753	Response	3	13351560	1581	1
752	753	Response	3	13352748	2769	1
752	753	Response	3	13353973	3994	1
752	754	Sound	19	13378994	0	1			0		other	0
752	755	Nothing	5	13425237	0	1			0		other	0
752	756	Sound	0	13426237	0	2			0		other	0
752	756	Response	3	13439167	12930	1
752	758	Nothing	10	13440172	0	1			0		false_alarm	1251
752	758	Response	3	13440275	103	1
752	758	Response	3	13441947	1775	1
752	758	Response	3	13443339	3167	1
752	758	Response	3	13444614	4442	1
752	759	Sound	19	13469187	0	2			0		other	0
752	761	Nothing	5	13542430	0	1			0		other	0
752	762	Sound	0	13543430	0	2			0		other	0
752	762	Response	3	13548704	5274	1
752	764	Nothing	10	13549709	0	1			0		false_alarm	1260
752	764	Response	3	13549934	225	1
752	764	Response	3	13551363	1654	1
752	764	Response	3	13552648	2939	1
752	765	Sound	19	13578722	0	2			0		other	0
752	766	Nothing	5	13609085	0	1			0		other	0
752	767	Sound	0	13610085	0	2			0		other	0
752	767	Response	3	13616359	6274	1
752	769	Nothing	10	13617365	0	1			0		false_alarm	1268
752	769	Response	3	13617647	282	1
752	769	Response	3	13618938	1573	2
752	769	Response	3	13620128	2763	1
752	770	Sound	19	13646378	0	2			0		other	0
752	771	Nothing	5	13677551	0	1			0		other	0
752	772	Sound	0	13678551	0	2			0		other	0
752	772	Response	3	13683190	4639	1
752	774	Nothing	10	13684196	0	1			0		false_alarm	1276
752	774	Response	3	13684522	326	1
752	774	Response	3	13685740	1544	1
752	774	Response	3	13686955	2759	1
752	775	Sound	19	13713211	0	2			0		other	0
752	776	Nothing	5	13756034	0	1			0		other	0
752	777	Sound	0	13757034	0	2			0		other	0
752	777	Response	3	13765891	8857	2
752	779	Nothing	10	13766895	0	1			0		false_alarm	1284
752	779	Response	3	13767131	236	1
752	779	Response	3	13768376	1481	1
752	779	Response	3	13769641	2746	1
752	780	Sound	19	13795909	0	1			0		other	0
752	781	Nothing	5	13840092	0	1			0		other	0
752	782	Sound	0	13841092	0	2			0		other	0
752	782	Response	3	13850679	9587	1
752	784	Nothing	10	13851683	0	1			0		false_alarm	1292
752	784	Response	3	13852120	437	1
752	784	Response	3	13853436	1753	1
752	784	Response	3	13854614	2931	1
752	785	Sound	19	13880697	0	2			0		other	0
752	787	Nothing	5	13925141	0	1			0		other	0
752	788	Sound	0	13926141	0	2			0		other	0
752	788	Response	3	13932257	6116	1
752	790	Nothing	10	13933263	0	1			0		false_alarm	1300
752	790	Response	3	13933500	237	1
752	790	Response	3	13934799	1536	1
752	790	Response	3	13936033	2770	1
752	791	Sound	19	13962277	0	2			0		other	0
752	792	Nothing	5	13998880	0	1			0		other	0
752	793	Sound	0	13999880	0	2			0		other	0
752	793	Response	3	14005910	6030	1
752	795	Nothing	10	14006915	0	1			0		false_alarm	1308
752	795	Response	3	14007191	276	1
752	795	Response	3	14008428	1513	1
752	795	Response	3	14009588	2673	1
752	795	Response	3	14010821	3906	1
752	796	Sound	19	14035928	0	2			0		other	0
752	796	Response	3	14083324	47396	1
752	797	Sound	19	14103848	0	2			0		other	0
752	798	Nothing	5	14170651	0	1			0		other	0
752	799	Sound	0	14171651	0	2			0		other	0
752	799	Response	3	14184391	12740	1
752	801	Nothing	10	14185397	0	1			0		false_alarm	1319
752	801	Response	3	14185694	297	1
752	801	Response	3	14187022	1625	1
752	801	Response	3	14188268	2871	1
752	802	Sound	19	14214410	0	2			0		other	0
752	803	Nothing	5	14277823	0	1			0		other	0
752	804	Sound	0	14278823	0	2			0		other	0
752	804	Response	3	14286030	7207	1
752	806	Nothing	10	14287035	0	1			0		false_alarm	1327
752	806	Response	3	14287509	474	1
752	806	Response	3	14288843	1808	1
752	806	Response	3	14289958	2923	2
752	806	Response	3	14291349	4314	1
752	807	Sound	19	14316048	0	2			0		other	0
752	808	Nothing	5	14387101	0	1			0		other	0
752	809	Sound	0	14388101	0	2			0		other	0
752	809	Response	3	14400810	12709	1
752	811	Nothing	10	14401815	0	1			0		false_alarm	1336
752	811	Response	3	14402347	532	1
752	811	Response	3	14403767	1952	41
752	811	Response	3	14405047	3232	2
752	812	Sound	19	14430829	0	2			0		other	0
752	814	Nothing	5	14485841	0	1			0		other	0
752	815	Sound	0	14486841	0	2			0		other	0
752	815	Response	3	14491486	4645	2
752	817	Nothing	10	14492492	0	1			0		false_alarm	1344
752	817	Response	3	14492915	423	1
752	817	Response	3	14494289	1797	1
752	817	Response	3	14495422	2930	2
752	818	Sound	19	14521505	0	2			0		other	0
752	819	Nothing	5	14588798	0	1			0		other	0
752	820	Sound	0	14589798	0	2			0		other	0
752	820	Response	3	14596406	6608	1
752	822	Nothing	10	14597411	0	1			0		false_alarm	1352
752	822	Response	3	14597943	532	1
752	822	Response	3	14599264	1853	1
752	822	Response	3	14600589	3178	1
752	823	Sound	19	14626424	0	2			0		other	0
752	824	Nothing	5	14671057	0	1			0		other	0
752	825	Sound	0	14672057	0	2			0		other	0
752	825	Response	3	14676573	4516	1
752	827	Nothing	10	14677579	0	1			0		false_alarm	1360
752	827	Response	3	14677867	288	1
752	827	Response	3	14679078	1499	1
752	827	Response	3	14680250	2671	1
752	827	Response	3	14681547	3968	1
752	828	Sound	19	14706594	0	2			0		other	0
752	829	Nothing	5	14739627	0	1			0		other	0
752	830	Sound	0	14740627	0	2			0		other	0
752	830	Response	3	14748266	7639	1
752	832	Nothing	10	14749272	0	1			0		false_alarm	1369
752	832	Response	3	14749659	387	1
752	832	Response	3	14750925	1653	1
752	832	Response	3	14752130	2858	1
752	832	Response	3	14753467	4195	1
752	833	Sound	19	14778285	0	2			0		other	0
752	834	Nothing	5	14830640	0	1			0		other	0
752	835	Sound	0	14831640	0	2			0		other	0
752	835	Response	3	14841102	9462	1
752	837	Nothing	10	14842107	0	2			0		false_alarm	1378
752	837	Response	3	14842400	293	1
752	837	Response	3	14843767	1660	2
752	837	Response	3	14844949	2842	1
752	837	Response	3	14846230	4123	1
752	838	Sound	19	14871120	0	2			0		other	0
752	840	Nothing	5	14938204	0	1			0		other	0
752	841	Sound	0	14939204	0	2			0		other	0
752	841	Response	3	14949589	10385	1
752	843	Nothing	10	14950593	0	1			0		false_alarm	1387
752	843	Response	3	14951052	459	1
752	843	Response	3	14952419	1826	2
752	843	Response	3	14953790	3197	1
752	844	Sound	19	14979606	0	2			0		other	0
752	845	Nothing	5	15011439	0	1			0		other	0
752	846	Sound	0	15012439	0	2			0		other	0
752	846	Response	3	15018785	6346	2
752	848	Nothing	10	15019790	0	1			0		false_alarm	1395
752	848	Response	3	15020185	395	1
752	848	Response	3	15021454	1664	1
752	848	Response	3	15022636	2846	1
752	848	Response	3	15023905	4115	1
752	849	Sound	19	15048803	0	2			0		other	0
752	849	Response	3	15090111	41308	1
752	849	Response	3	15092184	43381	1
752	849	Response	3	15094137	45334	1
752	850	Sound	19	15102753	0	2			0		other	0
752	851	Nothing	5	15164826	0	1			0		other	0
752	852	Sound	0	15165826	0	2			0		other	0
752	852	Response	3	15170351	4525	1
752	854	Nothing	10	15171356	0	1			0		false_alarm	1408
752	854	Response	3	15171683	327	1
752	854	Response	3	15172910	1554	1
752	854	Response	3	15174086	2730	1
752	855	Sound	19	15200369	0	2			0		other	0
752	856	Nothing	5	15240252	0	1			0		other	0
752	857	Sound	0	15241252	0	2			0		other	0
752	857	Response	3	15246358	5106	1
752	859	Nothing	10	15247363	0	1			0		false_alarm	1416
752	859	Response	3	15247630	267	1
752	859	Response	3	15248980	1617	1
752	859	Response	3	15250241	2878	1
752	860	Sound	19	15276377	0	2			0		other	0
752	861	Nothing	5	15348751	0	1			0		other	0
752	862	Sound	0	15349751	0	2			0		other	0
752	862	Response	3	15361922	12171	1
752	864	Nothing	10	15362927	0	1			0		false_alarm	1424
752	864	Response	3	15363346	419	1
752	864	Response	3	15363685	758	1
752	864	Response	3	15364865	1938	1
752	865	Sound	19	15391941	0	2			0		other	0
752	867	Nothing	5	15422166	0	1			0		other	0
752	868	Sound	0	15423166	0	2			0		other	0
752	868	Response	3	15429525	6359	1
752	870	Nothing	10	15430529	0	1			0		false_alarm	1432
752	870	Response	3	15430729	200	1
752	870	Response	3	15432000	1471	1
752	870	Response	3	15433223	2694	1
752	870	Response	3	15434518	3989	1
752	871	Sound	19	15459543	0	1			0		other	0
752	871	Response	3	15535583	76040	14
752	872	Nothing	5	15535596	0	1			0		other	0
752	873	Sound	0	15536596	0	2			0		other	0
752	873	Response	3	15541045	4449	1
752	875	Nothing	10	15542050	0	1			0		false_alarm	1442
752	875	Response	3	15542324	274	2
752	875	Response	3	15543723	1673	1
752	875	Response	3	15545104	3054	1
752	876	Sound	19	15571063	0	2			0		other	0
752	877	Nothing	5	15618716	0	1			0		other	0
752	878	Sound	0	15619716	0	2			0		other	0
752	878	Response	3	15628746	9030	1
752	880	Nothing	10	15629749	0	1			0		false_alarm	1450
752	880	Response	3	15630433	684	1
752	880	Response	3	15632882	3133	1
752	880	Response	3	15634112	4363	1
752	881	Sound	19	15658762	0	2			0		other	0
752	881	Response	3	15718794	60032	1
752	882	Sound	19	15735992	0	2			0		other	0
752	883	Nothing	5	15777045	0	1			0		other	0
752	884	Sound	0	15778045	0	2			0		other	0
752	884	Response	3	15790917	12872	1
752	886	Nothing	10	15791922	0	1			0		false_alarm	1460
752	886	Response	3	15792649	727	1
752	886	Response	3	15793953	2031	1
752	886	Response	3	15795044	3122	1
752	887	Sound	19	15820935	0	2			0		other	0
752	888	Nothing	5	15879938	0	1			0		other	0
752	889	Sound	0	15880938	0	2			0		other	0
752	889	Response	3	15886069	5131	1
752	891	Nothing	10	15887074	0	1			0		false_alarm	1468
752	891	Response	3	15887502	428	1
752	891	Response	3	15888849	1775	1
752	891	Response	3	15890015	2941	1
752	892	Sound	19	15916088	0	2			0		other	0
752	894	Nothing	5	15983647	0	1			0		other	0
752	895	Sound	0	15984647	0	2			0		other	0
752	895	Response	3	15993880	9233	1
752	897	Nothing	10	15994886	0	1			0		false_alarm	1476
752	897	Response	3	15995071	185	1
752	897	Response	3	15996334	1448	1
752	897	Response	3	15997525	2639	1
752	897	Response	3	15998750	3864	1
752	898	Sound	19	16023900	0	2			0		other	0
752	899	Nothing	5	16058413	0	1			0		other	0
752	900	Sound	0	16059413	0	2			0		other	0
752	900	Response	3	16065307	5894	1
752	902	Nothing	10	16066312	0	1			0		false_alarm	1485
752	902	Response	3	16066627	315	1
752	902	Response	3	16068037	1725	1
752	902	Response	3	16069233	2921	1
752	903	Sound	19	16095326	0	2			0		other	0
752	904	Nothing	5	16150119	0	1			0		other	0
752	905	Sound	0	16151119	0	2			0		other	0
752	905	Response	3	16156211	5092	1
752	907	Nothing	10	16157217	0	1			0		false_alarm	1493
752	907	Response	3	16157673	456	1
752	907	Response	3	16158994	1777	1
752	907	Response	3	16160216	2999	1
752	907	Response	3	16161449	4232	1
752	908	Sound	19	16186232	0	2			0		other	0
752	909	Nothing	5	16235535	0	1			0		other	0
752	910	Sound	0	16236535	0	2			0		other	0
752	910	Response	3	16242655	6120	1
752	912	Nothing	10	16243662	0	1			0		false_alarm	1502
752	912	Response	3	16244017	355	1
752	912	Response	3	16245323	1661	1
752	912	Response	3	16246475	2813	1
752	913	Sound	19	16272675	0	2			0		other	0
752	914	Nothing	5	16333168	0	1			0		other	0
752	915	Sound	0	16334168	0	2			0		other	0
752	915	Response	3	16343681	9513	1
752	917	Nothing	10	16344686	0	1			0		false_alarm	1510
752	917	Response	3	16344985	299	1
752	917	Response	3	16346285	1599	1
752	917	Response	3	16347586	2900	1
752	918	Sound	19	16373700	0	2			0		other	0
752	920	Nothing	5	16438092	0	1			0		other	0
752	921	Sound	0	16439092	0	2			0		other	0
752	921	Response	3	16449413	10321	1
752	923	Nothing	10	16450418	0	1			0		false_alarm	1518
752	923	Response	3	16450675	257	1
752	923	Response	3	16452123	1705	1
752	923	Response	3	16453348	2930	1
752	923	Response	3	16454650	4232	1
752	924	Sound	19	16479445	0	2			0		other	0
752	925	Nothing	5	16529598	0	1			0		other	0
752	926	Sound	0	16530598	0	2			0		other	0
752	926	Response	3	16542606	12008	1
752	928	Nothing	10	16543610	0	1			0		false_alarm	1527
752	928	Response	3	16544037	427	1
752	928	Response	3	16545428	1818	1
752	928	Response	3	16546664	3054	1
752	928	Response	3	16548028	4418	1
752	929	Sound	19	16572623	0	2			0		other	0
752	930	Nothing	5	16608297	0	1			0		other	0
752	931	Sound	0	16609297	0	2			0		other	0
752	931	Response	3	16616035	6738	1
752	933	Nothing	10	16617041	0	1			0		false_alarm	1536
752	933	Response	3	16617518	477	1
752	933	Response	3	16618812	1771	1
752	933	Response	3	16620005	2964	1
752	933	Response	3	16621349	4308	1
752	934	Sound	19	16646055	0	2			0		other	0
752	935	Nothing	5	16688988	0	1			0		other	0
752	936	Sound	0	16689988	0	2			0		other	0
752	936	Response	3	16694972	4984	1
752	938	Nothing	10	16695976	0	1			0		false_alarm	1545
752	938	Response	3	16696431	455	1
752	938	Response	3	16697699	1723	1
752	938	Response	3	16698843	2867	1
752	939	Sound	19	16724989	0	2			0		other	0
752	940	Nothing	5	16796695	0	1			0		other	0
752	941	Sound	0	16797695	0	2			0		other	0
752	941	Response	3	16807622	9927	1
752	943	Nothing	10	16808627	0	1			0		false_alarm	1553
752	943	Response	3	16809045	418	1
752	943	Response	3	16810309	1682	1
752	943	Response	3	16811538	2911	1
752	944	Sound	19	16837640	0	2			0		other	0
752	946	Nothing	5	16898994	0	1			0		other	0
752	947	Sound	0	16899994	0	2			0		other	0
752	947	Response	3	16909589	9595	7
752	949	Nothing	10	16910603	0	1			0		false_alarm	1561
752	949	Response	3	16910958	355	1
752	949	Response	3	16912236	1633	1
752	949	Response	3	16913517	2914	1
752	950	Sound	19	16939618	0	2			0		other	0
752	951	Nothing	5	16970611	0	1			0		other	0
752	952	Sound	0	16971611	0	2			0		other	0
752	952	Response	3	16979582	7971	1
752	954	Nothing	10	16980587	0	1			0		false_alarm	1569
752	954	Response	3	16980869	282	1
752	954	Response	3	16982204	1617	1
752	954	Response	3	16983400	2813	1
752	955	Sound	19	17009600	0	2			0		other	0
752	956	Nothing	5	17051653	0	1			0		other	0
752	957	Sound	0	17052653	0	2			0		other	0
752	957	Response	3	17058534	5881	1
752	959	Nothing	10	17059539	0	1			0		false_alarm	1577
752	959	Response	3	17059868	329	1
752	959	Response	3	17061090	1551	1
752	959	Response	3	17062285	2746	1
752	960	Sound	19	17088552	0	2			0		other	0
752	961	Nothing	5	17140427	0	1			0		other	0
752	962	Sound	0	17141427	0	2			0		other	0
752	962	Response	3	17149470	8043	1
752	964	Nothing	10	17150475	0	1			0		false_alarm	1585
752	964	Response	3	17150766	291	1
752	964	Response	3	17151958	1483	1
752	964	Response	3	17153132	2657	1
752	964	Response	3	17168457	17982	1
752	965	Sound	19	17179488	0	2			0		other	0
752	966	Nothing	5	17257531	0	1			0		other	0
752	967	Sound	0	17258531	0	2			0		other	0
752	967	Response	3	17269285	10754	1
752	969	Nothing	10	17270290	0	1			0		false_alarm	1594
752	969	Response	3	17270691	401	1
752	969	Response	3	17272014	1724	1
752	969	Response	3	17273194	2904	1
752	970	Sound	19	17299303	0	2			0		other	0
752	972	Nothing	5	17333912	0	1			0		other	0
752	973	Sound	0	17334912	0	2			0		other	0
752	973	Response	3	17342931	8019	1
752	975	Nothing	10	17343940	0	2			0		false_alarm	1602
752	975	Response	3	17344353	413	1
752	975	Response	3	17345781	1841	1
752	975	Response	3	17346939	2999	1
752	976	Sound	19	17372953	0	2			0		other	0
752	977	Nothing	5	17423276	0	1			0		other	0
752	978	Sound	0	17424276	0	2			0		other	0
752	978	Response	3	17430982	6706	1
752	980	Nothing	10	17431987	0	1			0		false_alarm	1610
752	980	Response	3	17432260	273	2
752	980	Response	3	17433522	1535	1
752	980	Response	3	17434792	2805	1
752	981	Sound	19	17461000	0	2			0		other	0
752	982	Nothing	5	17509303	0	1			0		other	0
752	983	Sound	0	17510303	0	2			0		other	0
752	983	Response	3	17514458	4155	1
752	985	Nothing	10	17515463	0	1			0		false_alarm	1618
752	985	Response	3	17516098	635	1
752	985	Response	3	17518486	3023	1
752	986	Sound	19	17544476	0	2			0		other	0
752	987	Nothing	5	17592949	0	1			0		other	0
752	988	Sound	0	17593949	0	2			0		other	0
752	988	Response	3	17600000	6051	1
752	990	Nothing	10	17601005	0	1			0		false_alarm	1625
752	990	Response	3	17601609	604	1
752	990	Response	3	17602926	1921	1
752	990	Response	3	17604049	3044	1
752	991	Sound	19	17630020	0	2			0		other	0
752	992	Nothing	5	17679393	0	1			0		other	0
752	993	Sound	0	17680393	0	2			0		other	0
752	994	Nothing	6	17700393	0	1			0		other	0
752	994	Response	3	17703714	3321	1
752	994	Response	3	17705773	5380	1
752	995	Sound	19	17710393	0	2			0		other	0
752	997	Nothing	5	17748305	0	1			0		other	0
752	998	Sound	0	17749305	0	2			0		other	0
752	999	Nothing	6	17769305	0	1			0		other	0
752	1000	Sound	19	17779319	0	3			0		other	0
752	1001	Nothing	5	17844772	0	1			0		other	0
752	1002	Sound	0	17845772	0	2			0		other	0
752	1002	Response	3	17857066	11294	1
752	1004	Nothing	10	17858070	0	1			0		false_alarm	1643
752	1004	Response	3	17858642	572	1
752	1004	Response	3	17859950	1880	1
752	1004	Response	3	17861174	3104	1
752	1004	Response	3	17862501	4431	1
752	1005	Sound	19	17887083	0	2			0		other	0
752	1006	Nothing	5	17944057	0	1			0		other	0
752	1007	Sound	0	17945057	0	2			0		other	0
752	1007	Response	3	17949735	4678	1
752	1009	Nothing	10	17950741	0	1			0		false_alarm	1652
752	1009	Response	3	17951364	623	1
752	1009	Response	3	17952617	1876	2
752	1009	Response	3	17953712	2971	1
752	1010	Sound	19	17979755	0	1			0		other	0
752	1011	Nothing	5	18044588	0	1			0		other	0
752	1012	Sound	0	18045588	0	2			0		other	0
752	1012	Response	3	18055609	10021	1
752	1014	Nothing	10	18056613	0	1			0		false_alarm	1660
752	1014	Response	3	18057021	408	1
752	1014	Response	3	18058299	1686	1
752	1014	Response	3	18059570	2957	2
752	1015	Sound	19	18085627	0	2			0		other	0
752	1016	Nothing	5	18139960	0	1			0		other	0
752	1017	Sound	0	18140960	0	2			0		other	0
752	1017	Response	3	18148849	7889	1
752	1019	Nothing	10	18149854	0	1			0		false_alarm	1668
752	1019	Response	3	18150336	482	1
752	1019	Response	3	18151611	1757	1
752	1019	Response	3	18152786	2932	1
752	1020	Sound	19	18178867	0	2			0		other	0
752	1022	Nothing	5	18228412	0	1			0		other	0
752	1023	Sound	0	18229412	0	2			0		other	0
752	1024	Nothing	6	18249412	0	1			0		other	0
752	1025	Sound	19	18259425	0	2			0		other	0
752	1026	Nothing	5	18298188	0	1			0		other	0
752	1027	Sound	0	18299188	0	2			0		other	0
752	1027	Response	3	18311801	12613	1
752	1029	Nothing	10	18312806	0	1			0		false_alarm	1680
752	1029	Response	3	18313029	223	2
752	1029	Response	3	18314387	1581	1
752	1030	Sound	19	18341819	0	2			0		other	0
752	1031	Nothing	5	18396102	0	1			0		other	0
752	1032	Sound	0	18397102	0	2			0		other	0
752	1032	Response	3	18404660	7558	1
752	1034	Nothing	10	18405665	0	1			0		false_alarm	1687
752	1034	Response	3	18406128	463	1
752	1034	Response	3	18407373	1708	1
752	1034	Response	3	18408574	2909	1
752	1035	Sound	19	18434679	0	2			0		other	0
752	1036	Nothing	5	18473883	0	1			0		other	0
752	1037	Sound	0	18474883	0	2			0		other	0
752	1037	Response	3	18482092	7209	1
752	1039	Nothing	10	18483097	0	1			0		false_alarm	1695
752	1039	Response	3	18483499	402	2
752	1039	Response	3	18484733	1636	1
752	1039	Response	3	18485987	2890	1
752	1040	Sound	19	18512111	0	1			0		other	0
752	1041	Nothing	5	18556864	0	1			0		other	0
752	1042	Sound	0	18557864	0	2			0		other	0
752	1042	Response	3	18567518	9654	2
752	1044	Nothing	10	18568523	0	1			0		false_alarm	1703
752	1044	Response	3	18568898	375	1
752	1044	Response	3	18570178	1655	1
752	1044	Response	3	18571357	2834	1
752	1045	Sound	19	18597536	0	2			0		other	0
752	1047	Nothing	5	18656734	0	1			0		other	0
752	1048	Sound	0	18657734	0	2			0		other	0
752	1048	Response	3	18665244	7510	1
752	1050	Nothing	10	18666248	0	1			0		false_alarm	1711
752	1050	Response	3	18666706	458	1
752	1050	Response	3	18667937	1689	1
752	1050	Response	3	18669067	2819	1
752	1051	Sound	19	18695264	0	2			0		other	0
752	1052	Nothing	5	18726037	0	1			0		other	0
752	1053	Sound	0	18727037	0	2			0		other	0
752	1054	Nothing	6	18747037	0	1			0		other	0
752	1055	Sound	19	18757037	0	2			0		other	0
752	1056	Nothing	5	18803330	0	1			0		other	0
752	1057	Sound	0	18804330	0	2			0		other	0
752	1057	Response	3	18812836	8506	1
752	1059	Nothing	10	18813842	0	1			0		false_alarm	1723
752	1059	Response	3	18814294	452	1
752	1059	Response	3	18815627	1785	1
752	1060	Sound	19	18842855	0	2			0		other	0
752	1061	Nothing	5	18909688	0	1			0		other	0
752	1062	Sound	0	18910688	0	2			0		other	0
752	1062	Response	3	18919410	8722	1
752	1064	Nothing	10	18920415	0	1			0		false_alarm	1730
752	1064	Response	3	18920876	461	1
752	1064	Response	3	18922246	1831	1
752	1064	Response	3	18923426	3011	1
752	1065	Sound	19	18949428	0	2			0		other	0
752	1066	Nothing	5	19006381	0	1			0		other	0
752	1067	Sound	0	19007381	0	2			0		other	0
752	1067	Response	3	19025122	17741	1
752	1069	Nothing	10	19026127	0	1			0		false_alarm	1738
752	1069	Response	3	19026500	373	1
752	1069	Response	3	19027884	1757	1
752	1069	Response	3	19029142	3015	1
752	1070	Sound	19	19055141	0	1			0		other	0
752	1072	Nothing	5	19106981	0	1			0		other	0
752	1073	Sound	0	19107981	0	2			0		other	0
752	1073	Response	3	19114502	6521	1
752	1075	Nothing	10	19115507	0	1			0		false_alarm	1746
752	1075	Response	3	19115919	412	1
752	1075	Response	3	19117200	1693	1
752	1075	Response	3	19118428	2921	1
752	1076	Sound	19	19144521	0	2			0		other	0
752	1077	Nothing	5	19196244	0	1			0		other	0
752	1078	Sound	0	19197244	0	2			0		other	0
752	1078	Response	3	19207387	10143	1
752	1080	Nothing	10	19208392	0	1			0		false_alarm	1754
752	1080	Response	3	19208753	361	1
752	1080	Response	3	19210000	1608	1
752	1080	Response	3	19211342	2950	1
752	1081	Sound	19	19237406	0	2			0		other	0
752	1082	Nothing	5	19284749	0	1			0		other	0
752	1083	Sound	0	19285749	0	2			0		other	0
752	1083	Response	3	19292409	6660	1
752	1085	Nothing	10	19293415	0	1			0		false_alarm	1762
752	1085	Response	3	19293816	401	1
752	1085	Response	3	19295036	1621	1
752	1085	Response	3	19296337	2922	1
752	1086	Sound	19	19322429	0	1			0		other	0
752	1087	Nothing	5	19365072	0	1			0		other	0
752	1088	Sound	0	19366072	0	2			0		other	0
752	1088	Response	3	19374953	8881	2
752	1090	Nothing	10	19375959	0	1			0		false_alarm	1770
752	1090	Response	3	19376278	319	1
752	1090	Response	3	19377480	1521	1
752	1090	Response	3	19378668	2709	1
752	1091	Sound	19	19404972	0	2			0		other	0
752	1092	Nothing	5	19443815	0	1			0		other	0
752	1093	Sound	0	19444815	0	2			0		other	0
752	1093	Response	3	19451204	6389	1
752	1095	Nothing	10	19452208	0	1			0		false_alarm	1778
752	1095	Response	3	19452642	434	1
752	1095	Response	3	19453930	1722	1
752	1095	Response	3	19455180	2972	1
752	1096	Sound	19	19481221	0	2			0		other	0
752	1098	Nothing	5	19528237	0	1			0		other	0
752	1099	Sound	0	19529237	0	2			0		other	0
752	1099	Response	3	19543892	14655	1
752	1101	Nothing	10	19544897	0	1			0		false_alarm	1786
752	1101	Response	3	19545270	373	1
752	1101	Response	3	19546679	1782	1
752	1101	Response	3	19547902	3005	1
752	1102	Sound	19	19573910	0	2			0		other	0
752	1103	Nothing	5	19633784	0	1			0		other	0
752	1104	Sound	0	19634784	0	2			0		other	0
752	1104	Response	3	19647110	12326	1
752	1106	Nothing	10	19648115	0	1			0		false_alarm	1794
752	1106	Response	3	19648503	388	1
752	1106	Response	3	19649960	1845	1
752	1106	Response	3	19651290	3175	1
752	1107	Sound	19	19677130	0	1			0		other	0
752	1108	Nothing	5	19722403	0	1			0		other	0
752	1109	Sound	0	19723403	0	2			0		other	0
752	1109	Response	3	19733870	10467	1
752	1111	Nothing	10	19734874	0	1			0		false_alarm	1802
752	1111	Response	3	19735502	628	1
752	1111	Response	3	19736774	1900	1
752	1111	Response	3	19737967	3093	1
752	1112	Sound	19	19763888	0	2			0		other	0
752	1113	Nothing	5	19816401	0	1			0		other	0
752	1114	Sound	0	19817401	0	2			0		other	0
752	1114	Response	3	19824728	7327	1
752	1116	Nothing	10	19825734	0	1			0		false_alarm	1810
752	1116	Response	3	19826161	427	1
752	1116	Response	3	19827413	1679	1
752	1117	Sound	19	19854747	0	2			0		other	0
752	1118	Nothing	5	19921410	0	1			0		other	0
752	1119	Sound	0	19922410	0	2			0		other	0
752	1120	Nothing	6	19942410	0	1			0		other	0
752	1121	Sound	19	19952411	0	1			0		other	0
752	1123	Nothing	5	19983507	0	1			0		other	0
752	1124	Sound	0	19984507	0	2			0		other	0
752	1125	Nothing	6	20004507	0	1			0		other	0
752	1126	Sound	19	20014520	0	2			0		other	0
752	1127	Nothing	5	20084983	0	1			0		other	0
752	1128	Sound	0	20085983	0	2			0		other	0
752	1129	Nothing	6	20105983	0	1			0		other	0
752	1130	Sound	19	20115996	0	2			0		other	0
752	1131	Nothing	5	20194040	0	1			0		other	0
752	1132	Sound	0	20195040	0	2			0		other	0
752	1133	Nothing	6	20215040	0	1			0		other	0
752	1134	Sound	19	20225054	0	2			0		other	0
752	1135	Nothing	5	20283087	0	1			0		other	0
752	1136	Sound	0	20284087	0	2			0		other	0
752	1137	Nothing	6	20304087	0	1			0		other	0
752	1138	Sound	19	20314100	0	2			0		other	0
752	1139	Nothing	5	20374033	0	1			0		other	0
752	1140	Sound	0	20375033	0	2			0		other	0
752	1141	Nothing	6	20395033	0	1			0		other	0
752	1142	Sound	19	20405046	0	2			0		other	0
752	1144	Nothing	5	20435553	0	1			0		other	0
752	1145	Sound	0	20436553	0	2			0		other	0
752	1146	Nothing	6	20456553	0	1			0		other	0
752	1147	Sound	19	20466566	0	2			0		other	0
752	1148	Nothing	5	20535573	0	1			0		other	0
752	1149	Sound	0	20536573	0	2			0		other	0
752	1150	Nothing	6	20556573	0	1			0		other	0
752	1151	Sound	19	20566586	0	2			0		other	0
752	1152	Nothing	5	20607609	0	1			0		other	0
752	1153	Sound	0	20608609	0	2			0		other	0
752	1154	Nothing	6	20628609	0	1			0		other	0
752	1155	Sound	19	20638622	0	2			0		other	0
752	1156	Nothing	5	20704835	0	1			0		other	0
752	1157	Sound	0	20705835	0	2			0		other	0
752	1158	Nothing	6	20725835	0	1			0		other	0
752	1159	Sound	19	20735848	0	2			0		other	0
752	1160	Nothing	5	20768571	0	1			0		other	0
752	1161	Sound	0	20769571	0	2			0		other	0
752	1162	Nothing	6	20789571	0	1			0		other	0
752	1163	Sound	19	20799584	0	2			0		other	0
752	1165	Nothing	5	20859395	0	1			0		other	0
752	1166	Sound	0	20860395	0	2			0		other	0
752	1167	Nothing	6	20880395	0	1			0		other	0
752	1168	Sound	19	20890408	0	2			0		other	0
752	1169	Nothing	5	20934581	0	1			0		other	0
752	1170	Sound	0	20935581	0	2			0		other	0
752	1171	Nothing	6	20955581	0	1			0		other	0
752	1172	Sound	19	20965594	0	2			0		other	0
752	1173	Nothing	5	21039047	0	1			0		other	0
752	1174	Sound	0	21040047	0	2			0		other	0
752	1175	Nothing	6	21060047	0	1			0		other	0
752	1176	Sound	19	21070061	0	2			0		other	0
752	1177	Nothing	5	21107134	0	1			0		other	0
752	1178	Sound	0	21108134	0	2			0		other	0
752	1179	Nothing	6	21128134	0	1			0		other	0
752	1180	Sound	19	21138147	0	2			0		other	0
752	1181	Nothing	5	21198340	0	1			0		other	0
752	1182	Sound	0	21199340	0	2			0		other	0
752	1183	Nothing	6	21219340	0	1			0		other	0
752	1183	Response	2	21225836	6496	1
752	1184	Sound	19	21229353	0	2			0		other	0
752	1186	Nothing	5	21280695	0	1			0		other	0
752	1187	Sound	0	21281695	0	2			0		other	0
752	1188	Nothing	6	21301695	0	1			0		other	0
752	1189	Sound	19	21311708	0	2			0		other	0
752	1190	Nothing	5	21381142	0	1			0		other	0
752	1191	Sound	0	21382142	0	2			0		other	0
752	1192	Nothing	6	21402142	0	1			0		other	0
752	1193	Sound	19	21412155	0	2			0		other	0
752	1194	Nothing	5	21464048	0	1			0		other	0
752	1195	Sound	0	21465048	0	2			0		other	0
752	1196	Nothing	6	21485048	0	1			0		other	0
752	1197	Sound	19	21495062	0	2			0		other	0
752	1198	Nothing	5	21545825	0	1			0		other	0
752	1199	Sound	0	21546825	0	2			0		other	0
752	1200	Nothing	6	21566825	0	1			0		other	0
752	1201	Sound	19	21576838	0	2			0		other	0
752	1202	Nothing	5	21607032	0	1			0		other	0
752	1203	Sound	0	21608032	0	2			0		other	0
752	1204	Nothing	6	21628032	0	1			0		other	0
752	1205	Sound	19	21638045	0	2			0		other	0
752	1207	Nothing	5	21709418	0	1			0		other	0
752	1208	Sound	0	21710418	0	2			0		other	0
752	1209	Nothing	6	21730418	0	1			0		other	0
752	1210	Sound	19	21740431	0	2			0		other	0
752	1211	Nothing	5	21778494	0	1			0		other	0
752	1212	Sound	0	21779494	0	2			0		other	0
752	1213	Nothing	6	21799494	0	1			0		other	0
752	1214	Sound	19	21809508	0	2			0		other	0
752	1215	Nothing	5	21840541	0	1			0		other	0
752	1216	Sound	0	21841541	0	2			0		other	0
752	1217	Nothing	6	21861541	0	1			0		other	0
752	1218	Sound	19	21871554	0	2			0		other	0
752	1219	Nothing	5	21931457	0	1			0		other	0
752	1220	Sound	0	21932457	0	2			0		other	0
752	1221	Nothing	6	21952457	0	1			0		other	0
752	1222	Sound	19	21962470	0	2			0		other	0
752	1223	Nothing	5	22027955	0	1			0		other	0
752	1224	Sound	0	22028955	0	2			0		other	0
752	1225	Nothing	6	22048955	0	1			0		other	0
752	1226	Sound	19	22058968	0	2			0		other	0
752	1228	Nothing	5	22099475	0	1			0		other	0
752	1229	Sound	0	22100475	0	2			0		other	0
752	1230	Nothing	6	22120475	0	1			0		other	0
752	1231	Sound	19	22130488	0	2			0		other	0
752	1232	Nothing	5	22164401	0	1			0		other	0
752	1233	Sound	0	22165401	0	2			0		other	0
752	1234	Nothing	6	22185401	0	1			0		other	0
752	1235	Sound	19	22195415	0	2			0		other	0
752	1236	Nothing	5	22234968	0	1			0		other	0
752	1237	Sound	0	22235969	0	3			0		other	0
752	1238	Nothing	6	22255969	0	1			0		other	0
752	1239	Sound	19	22265982	0	2			0		other	0
752	1240	Nothing	5	22300436	0	1			0		other	0
752	1241	Sound	0	22301463	0	2			0		other	0
752	1242	Nothing	6	22321463	0	1			0		other	0
752	1243	Sound	19	22331477	0	2			0		other	0
752	1244	Nothing	5	22375991	0	1			0		other	0
752	1245	Sound	0	22376991	0	2			0		other	0
752	1246	Nothing	6	22396991	0	1			0		other	0
752	1247	Sound	19	22407004	0	2			0		other	0
752	1249	Nothing	5	22438611	0	1			0		other	0
752	1250	Sound	0	22439611	0	2			0		other	0
752	1251	Nothing	6	22459611	0	1			0		other	0
752	1252	Sound	19	22469625	0	1			0		other	0
752	1253	Nothing	5	22500539	0	1			0		other	0
752	1254	Sound	0	22501539	0	2			0		other	0
752	1255	Nothing	6	22521539	0	1			0		other	0
752	1256	Sound	19	22531552	0	2			0		other	0
752	1257	Nothing	5	22569106	0	1			0		other	0
752	1258	Sound	0	22570106	0	2			0		other	0
752	1259	Nothing	6	22590106	0	1			0		other	0
752	1260	Sound	19	22600120	0	2			0		other	0
752	1261	Nothing	5	22632273	0	1			0		other	0
752	1262	Sound	0	22633273	0	2			0		other	0
752	1263	Nothing	6	22653273	0	1			0		other	0
752	1264	Sound	19	22663287	0	1			0		other	0
752	1264	Quit		22674488	11201
