Scenario - phase0_bothports
Logfile written - 05/20/2017 13:30:55

Subject	Trial	Event Type	Code	Time	TTime	Uncertainty	Duration	Uncertainty	ReqTime	ReqDur	Stim Type	Pair Index

751	0	Manual	05/20/2017 13:18:04	-9993	-9993
751	1	Sound	0	-9913	0	2			0		other	0
751	2	Nothing	22	10125	0	1			0		other	0
751	3	Sound	19	18723	0	2			0		other	0
751	3	Response	3	21262	2539	1
751	4	Sound	0	47663	0	2			0		other	0
751	5	Nothing	22	67713	0	1			0		other	0
751	6	Sound	19	75849	0	3			0		other	0
751	6	Response	3	78510	2661	1
751	7	Sound	0	97300	0	1			0		other	0
751	8	Nothing	22	117314	0	1			0		other	0
751	9	Sound	19	118940	0	2			0		other	0
751	9	Response	3	134385	15445	1
751	9	Response	3	136218	17278	1
751	10	Sound	0	147340	0	2			0		other	0
751	10	Response	1	151108	3768	2
751	13	Nothing	3	153119	0	1			0		other	0
751	14	Nothing	22	182229	0	1			0		other	0
751	15	Sound	19	185249	0	2			0		other	0
751	15	Response	3	187476	2227	1
751	15	Response	3	188580	3331	1
751	15	Response	3	189750	4501	1
751	15	Response	3	191016	5767	1
751	15	Response	3	192439	7190	1
751	15	Response	2	192847	7598	1
751	15	Response	2	194071	8822	1
751	15	Response	2	195744	10495	1
751	15	Response	2	197133	11884	1
751	15	Response	2	198801	13552	1
751	15	Response	3	200645	15396	1
751	15	Response	3	202336	17087	1
751	15	Response	3	204080	18831	1
751	17	Sound	0	208642	0	2			0		other	0
751	17	Response	3	224756	16114	1
751	19	Nothing	3	225761	0	1			0		false_alarm	36
751	19	Response	3	226028	267	1
751	19	Response	3	227348	1587	1
751	19	Response	3	228683	2922	1
751	19	Response	3	230262	4501	1
751	19	Response	2	230267	4506	1
751	19	Response	2	231825	6064	1
751	19	Response	2	233743	7982	1
751	19	Response	3	235675	9914	1
751	19	Response	3	237662	11901	1
751	20	Nothing	22	254800	0	1			0		other	0
751	21	Sound	19	258350	0	2			0		other	0
751	21	Response	3	260725	2375	1
751	22	Sound	0	279720	0	2			0		other	0
751	23	Nothing	22	299747	0	1			0		other	0
751	24	Sound	19	306837	0	2			0		other	0
751	24	Response	3	309473	2636	2
751	25	Sound	0	333437	0	2			0		other	0
751	26	Nothing	22	353486	0	1			0		other	0
751	27	Sound	19	354841	0	1			0		other	0
751	27	Response	3	358306	3465	1
751	28	Sound	0	379241	0	2			0		other	0
751	29	Nothing	22	399255	0	1			0		other	0
751	30	Sound	19	402253	0	2			0		other	0
751	30	Response	3	405119	2866	1
751	31	Sound	0	428573	0	2			0		other	0
751	32	Nothing	22	448587	0	1			0		other	0
751	33	Sound	19	453264	0	2			0		other	0
751	33	Response	3	453806	542	1
751	33	Response	2	455912	2648	1
751	33	Response	3	459948	6684	1
751	33	Response	3	461633	8369	1
751	35	Sound	0	482030	0	1			0		other	0
751	35	Response	3	492002	9972	1
751	37	Nothing	3	493007	0	1			0		false_alarm	70
751	37	Response	3	493408	401	1
751	37	Response	3	494760	1753	1
751	37	Response	3	496138	3131	1
751	37	Response	2	497815	4808	2
751	37	Response	3	499582	6575	1
751	37	Response	2	499584	6577	1
751	37	Response	3	505346	12339	1
751	37	Response	3	506771	13764	1
751	37	Response	2	508718	15711	1
751	37	Response	2	510547	17540	1
751	37	Response	2	512657	19650	1
751	37	Response	3	517273	24266	1
751	37	Response	3	519407	26400	1
751	37	Response	2	519418	26411	1
751	37	Response	3	521566	28559	1
751	37	Response	2	521569	28562	1
751	38	Nothing	22	522092	0	1			0		other	0
751	39	Sound	19	530061	0	1			0		other	0
751	40	Sound	0	557321	0	2			0		other	0
751	41	Nothing	22	577347	0	1			0		other	0
751	42	Sound	19	586857	0	2			0		other	0
751	42	Response	3	587415	558	1
751	42	Response	2	588847	1990	1
751	42	Response	2	590234	3377	2
751	43	Sound	0	614467	0	2			0		other	0
751	44	Nothing	22	634523	0	1			0		other	0
751	45	Sound	19	634903	0	2			0		other	0
751	45	Response	3	637251	2348	1
751	46	Sound	0	656053	0	2			0		other	0
751	47	Nothing	22	676074	0	1			0		other	0
751	48	Sound	19	684098	0	2			0		other	0
751	48	Response	3	686279	2181	1
751	49	Sound	0	704268	0	2			0		other	0
751	50	Nothing	22	724353	0	1			0		other	0
751	51	Sound	19	728053	0	2			0		other	0
751	51	Response	3	730263	2210	1
751	51	Response	3	731853	3800	1
751	51	Response	3	733723	5670	1
751	53	Sound	0	752550	0	1			0		other	0
751	54	Nothing	22	772612	0	1			0		other	0
751	55	Sound	19	778000	0	2			0		other	0
751	55	Response	3	780520	2520	1
751	55	Response	3	782393	4393	2
751	55	Response	2	785031	7031	1
751	55	Response	2	786591	8591	2
751	55	Response	2	788583	10583	1
751	55	Response	3	790835	12835	1
751	55	Response	3	792434	14434	1
751	56	Sound	0	806530	0	2			0		other	0
751	57	Nothing	22	826543	0	2			0		other	0
751	57	Response	3	835660	9117	1
751	58	Sound	19	835886	0	2			0		other	0
751	58	Response	3	837009	1123	1
751	58	Response	2	838905	3019	2
751	58	Response	2	840701	4815	1
751	58	Response	3	856196	20310	1
751	59	Sound	0	861186	0	2			0		other	0
751	60	Nothing	22	881398	0	1			0		other	0
751	61	Sound	19	881868	0	2			0		other	0
751	61	Response	3	884752	2884	1
751	62	Sound	0	910368	0	2			0		other	0
751	63	Nothing	22	930382	0	1			0		other	0
751	64	Sound	19	931689	0	2			0		other	0
751	64	Response	3	933906	2217	1
751	65	Sound	0	957699	0	2			0		other	0
751	66	Nothing	22	977797	0	1			0		other	0
751	67	Sound	19	978899	0	2			0		other	0
751	67	Response	3	981277	2378	1
751	67	Response	3	982955	4056	1
751	69	Sound	0	1004658	0	2			0		other	0
751	70	Nothing	22	1024696	0	1			0		other	0
751	71	Sound	19	1030287	0	2			0		other	0
751	71	Response	3	1032412	2125	1
751	71	Response	3	1034256	3969	1
751	72	Sound	0	1060117	0	2			0		other	0
751	73	Nothing	22	1080143	0	1			0		other	0
751	74	Sound	19	1089461	0	1			0		other	0
751	74	Response	3	1092484	3023	1
751	75	Sound	0	1115461	0	2			0		other	0
751	76	Nothing	22	1135475	0	1			0		other	0
751	77	Sound	19	1143075	0	2			0		other	0
751	77	Response	3	1144846	1771	1
751	77	Response	3	1146419	3344	1
751	77	Response	2	1148614	5539	2
751	77	Response	2	1150353	7278	1
751	77	Response	3	1152639	9564	1
751	77	Response	2	1152641	9566	1
751	77	Response	2	1154493	11418	1
751	77	Response	2	1157356	14281	1
751	77	Response	2	1162212	19137	1
751	78	Sound	0	1172515	0	2			0		other	0
751	79	Nothing	22	1192631	0	1			0		other	0
751	80	Sound	19	1195503	0	2			0		other	0
751	80	Response	3	1197560	2057	1
751	80	Response	3	1199276	3773	1
751	81	Sound	0	1224673	0	2			0		other	0
751	82	Nothing	22	1244703	0	1			0		other	0
751	83	Sound	19	1247684	0	2			0		other	0
751	83	Response	3	1249690	2006	1
751	83	Response	3	1251322	3638	1
751	83	Response	3	1256309	8625	1
751	83	Response	2	1258473	10789	1
751	83	Response	2	1260540	12856	1
751	83	Response	2	1262398	14714	1
751	83	Response	2	1264321	16637	1
751	83	Response	3	1266279	18595	1
751	83	Response	3	1268071	20387	1
751	85	Sound	0	1269237	0	2			0		other	0
751	85	Response	2	1270123	886	1
751	87	Nothing	3	1271128	0	1			0		false_alarm	180
751	87	Response	2	1272119	991	1
751	87	Response	2	1273648	2520	1
751	87	Response	2	1275083	3955	1
751	87	Response	2	1276456	5328	1
751	87	Response	2	1278121	6993	1
751	87	Response	3	1279572	8444	1
751	87	Response	2	1279572	8444	2
751	87	Response	2	1281551	10423	1
751	87	Response	2	1283514	12386	3
751	87	Response	2	1285029	13901	1
751	87	Response	2	1286624	15496	1
751	87	Response	3	1296018	24890	1
751	87	Response	3	1298720	27592	1
751	88	Nothing	22	1300190	0	1			0		other	0
751	88	Response	2	1300712	522	1
751	88	Response	2	1301644	1454	1
751	88	Response	3	1301685	1495	1
751	89	Sound	19	1303442	0	2			0		other	0
751	89	Response	3	1310658	7216	1
751	89	Response	3	1316201	12759	2
751	89	Response	2	1318177	14735	1
751	90	Sound	0	1323865	0	2			0		other	0
751	90	Response	3	1324590	725	1
751	92	Nothing	3	1325595	0	1			0		false_alarm	204
751	92	Response	3	1326351	756	1
751	92	Response	3	1327755	2160	1
751	92	Response	2	1329474	3879	1
751	93	Nothing	22	1354710	0	1			0		other	0
751	94	Sound	19	1362193	0	2			0		other	0
751	94	Response	3	1364107	1914	2
751	94	Response	3	1365497	3304	1
751	94	Response	3	1367012	4819	2
751	94	Response	3	1368607	6414	1
751	94	Response	2	1370452	8259	1
751	94	Response	2	1372381	10188	1
751	94	Response	2	1374738	12545	1
751	94	Response	3	1387807	25614	1
751	95	Sound	0	1388473	0	2			0		other	0
751	95	Response	3	1389588	1115	1
751	97	Nothing	3	1390593	0	1			0		false_alarm	220
751	97	Response	3	1391177	584	1
751	97	Response	3	1392453	1860	1
751	97	Response	3	1394166	3573	1
751	97	Response	2	1394167	3574	1
751	97	Response	2	1395654	5061	1
751	97	Response	2	1397382	6789	1
751	97	Response	3	1399446	8853	1
751	97	Response	3	1401193	10600	1
751	98	Nothing	22	1419620	0	1			0		other	0
751	99	Sound	19	1425356	0	2			0		other	0
751	99	Response	3	1427493	2137	1
751	99	Response	2	1429447	4091	1
751	100	Sound	0	1447816	0	2			0		other	0
751	101	Nothing	22	1467903	0	1			0		other	0
751	102	Sound	19	1477463	0	2			0		other	0
751	102	Response	3	1478233	770	2
751	102	Response	2	1480220	2757	1
751	102	Response	3	1483282	5819	1
751	103	Sound	0	1500753	0	2			0		other	0
751	104	Nothing	22	1521078	0	1			0		other	0
751	105	Sound	19	1528873	0	2			0		other	0
751	105	Response	3	1530578	1705	1
751	105	Response	3	1532061	3188	1
751	107	Sound	0	1552110	0	2			0		other	0
751	108	Nothing	22	1572124	0	1			0		other	0
751	109	Sound	19	1578948	0	2			0		other	0
751	109	Response	3	1581347	2399	1
751	110	Sound	0	1602278	0	2			0		other	0
751	111	Nothing	22	1622292	0	1			0		other	0
751	112	Sound	19	1625277	0	2			0		other	0
751	112	Response	3	1627756	2479	1
751	113	Sound	0	1650197	0	2			0		other	0
751	114	Nothing	22	1670345	0	1			0		other	0
751	115	Sound	19	1679125	0	2			0		other	0
751	115	Response	3	1692913	13788	1
751	115	Response	3	1694800	15675	1
751	116	Sound	0	1707325	0	2			0		other	0
751	116	Response	3	1708083	758	1
751	118	Nothing	3	1709089	0	1			0		false_alarm	259
751	118	Response	3	1709448	359	1
751	118	Response	3	1710695	1606	1
751	118	Response	2	1712463	3374	1
751	118	Response	3	1721245	12156	1
751	118	Response	3	1725183	16094	1
751	118	Response	3	1726917	17828	1
751	118	Response	3	1730674	21585	1
751	118	Response	3	1732727	23638	1
751	119	Nothing	22	1738210	0	1			0		other	0
751	119	Response	3	1738342	132	7
751	120	Sound	19	1738445	0	2			0		other	0
751	121	Sound	0	1766615	0	2			0		other	0
751	122	Nothing	22	1786652	0	1			0		other	0
751	123	Sound	19	1789472	0	2			0		other	0
751	123	Response	3	1792065	2593	1
751	125	Sound	0	1818323	0	2			0		other	0
751	126	Nothing	22	1838398	0	1			0		other	0
751	127	Sound	19	1844168	0	2			0		other	0
751	128	Sound	0	1874068	0	2			0		other	0
751	129	Nothing	22	1894202	0	1			0		other	0
751	130	Sound	19	1898764	0	2			0		other	0
751	130	Response	3	1903028	4264	1
751	131	Sound	0	1923734	0	2			0		other	0
751	132	Nothing	22	1943748	0	1			0		other	0
751	133	Sound	19	1945328	0	2			0		other	0
751	133	Response	3	1966726	21398	1
751	134	Sound	0	1967568	0	2			0		other	0
751	134	Response	3	1968606	1038	1
751	136	Nothing	3	1969611	0	1			0		false_alarm	288
751	136	Response	3	1970164	553	1
751	136	Response	3	1971605	1994	1
751	136	Response	3	1973120	3509	1
751	137	Nothing	22	1998650	0	1			0		other	0
751	138	Sound	19	1999402	0	1			0		other	0
751	139	Sound	0	2022442	0	2			0		other	0
751	139	Response	3	2030171	7729	1
751	141	Nothing	3	2031177	0	1			0		false_alarm	296
751	141	Response	3	2031305	128	1
751	141	Response	3	2032535	1358	1
751	141	Response	3	2033714	2537	1
751	141	Response	3	2035142	3965	1
751	141	Response	3	2037071	5894	1
751	142	Nothing	22	2060215	0	1			0		other	0
751	142	Response	3	2069316	9101	1
751	143	Sound	19	2069756	0	2			0		other	0
751	143	Response	3	2070730	974	1
751	145	Sound	0	2098368	0	2			0		other	0
751	146	Nothing	22	2118479	0	1			0		other	0
751	147	Sound	19	2120037	0	2			0		other	0
751	148	Sound	0	2147087	0	2			0		other	0
751	149	Nothing	22	2167101	0	1			0		other	0
751	150	Sound	19	2176823	0	2			0		other	0
751	150	Response	3	2179625	2802	1
751	150	Response	3	2181242	4419	1
751	151	Sound	0	2206644	0	1			0		other	0
751	152	Nothing	22	2226658	0	1			0		other	0
751	153	Sound	19	2234198	0	2			0		other	0
751	153	Response	3	2237084	2886	1
751	154	Sound	0	2257758	0	2			0		other	0
751	155	Nothing	22	2277796	0	1			0		other	0
751	156	Sound	19	2280594	0	2			0		other	0
751	156	Response	3	2283055	2461	1
751	157	Sound	0	2304994	0	2			0		other	0
751	158	Nothing	22	2325009	0	1			0		other	0
751	159	Sound	19	2334784	0	1			0		other	0
751	159	Response	3	2337822	3038	1
751	159	Response	3	2339477	4693	1
751	161	Sound	0	2361178	0	2			0		other	0
751	162	Nothing	22	2381217	0	1			0		other	0
751	163	Sound	19	2384909	0	2			0		other	0
751	164	Sound	0	2406759	0	2			0		other	0
751	165	Nothing	22	2426773	0	1			0		other	0
751	166	Sound	19	2432798	0	2			0		other	0
751	167	Sound	0	2459558	0	2			0		other	0
751	168	Nothing	22	2479572	0	1			0		other	0
751	169	Sound	19	2482188	0	2			0		other	0
751	169	Response	3	2491450	9262	1
751	170	Sound	0	2502208	0	2			0		other	0
751	171	Nothing	22	2522222	0	1			0		other	0
751	172	Sound	19	2522542	0	2			0		other	0
751	173	Sound	0	2545422	0	2			0		other	0
751	174	Nothing	22	2565521	0	1			0		other	0
751	175	Sound	19	2573146	0	2			0		other	0
751	175	Response	3	2575726	2580	1
751	177	Sound	0	2602222	0	2			0		other	0
751	178	Nothing	22	2622236	0	1			0		other	0
751	179	Sound	19	2625813	0	2			0		other	0
751	180	Sound	0	2655103	0	2			0		other	0
751	181	Nothing	22	2675142	0	1			0		other	0
751	182	Sound	19	2679654	0	2			0		other	0
751	183	Sound	0	2708404	0	2			0		other	0
751	183	Response	1	2711908	3504	1
751	186	Nothing	3	2713919	0	1			0		false_alarm	352
751	186	Response	3	2715089	1170	1
751	186	Response	3	2716178	2259	1
751	186	Response	3	2717222	3303	2
751	186	Response	3	2718447	4528	1
751	186	Response	2	2719820	5901	1
751	186	Response	2	2721308	7389	1
751	186	Response	2	2722728	8809	1
751	186	Response	2	2724344	10425	1
751	186	Response	2	2726222	12303	1
751	187	Nothing	22	2743040	0	1			0		other	0
751	188	Sound	19	2746770	0	2			0		other	0
751	188	Response	3	2749787	3017	1
751	188	Response	3	2751244	4474	1
751	189	Sound	0	2776520	0	2			0		other	0
751	190	Nothing	22	2796548	0	1			0		other	0
751	191	Sound	19	2803232	0	2			0		other	0
751	191	Response	3	2805659	2427	1
751	191	Response	2	2807527	4295	1
751	191	Response	2	2809039	5807	92
751	192	Sound	0	2824872	0	2			0		other	0
751	193	Nothing	22	2844898	0	1			0		other	0
751	194	Sound	19	2845298	0	2			0		other	0
751	194	Response	3	2847727	2429	1
751	196	Sound	0	2868946	0	1			0		other	0
751	197	Nothing	22	2888984	0	1			0		other	0
751	198	Sound	19	2898010	0	2			0		other	0
751	198	Response	3	2900704	2694	2
751	198	Response	2	2902713	4703	1
751	198	Response	2	2904815	6805	1
751	199	Sound	0	2926140	0	2			0		other	0
751	200	Nothing	22	2946202	0	1			0		other	0
751	201	Sound	19	2951668	0	2			0		other	0
751	201	Response	3	2954759	3091	1
751	201	Response	3	2956851	5183	1
751	202	Sound	0	2976179	0	1			0		other	0
751	202	Response	3	2988928	12749	1
751	204	Nothing	3	2989934	0	1			0		false_alarm	389
751	204	Response	3	2990275	341	1
751	204	Response	3	2991667	1733	1
751	204	Response	3	2992838	2904	1
751	204	Response	3	2994294	4360	2
751	204	Response	3	2995988	6054	8
751	204	Response	2	2996161	6227	1
751	205	Nothing	22	3018972	0	1			0		other	0
751	206	Sound	19	3028445	0	2			0		other	0
751	206	Response	3	3030759	2314	1
751	206	Response	3	3032944	4499	1
751	206	Response	3	3034801	6356	1
751	206	Response	3	3036522	8077	1
751	206	Response	2	3038740	10295	1
751	206	Response	2	3040880	12435	1
751	207	Sound	0	3054725	0	2			0		other	0
751	208	Nothing	22	3074787	0	1			0		other	0
751	209	Sound	19	3076063	0	2			0		other	0
751	210	Sound	0	3096623	0	2			0		other	0
751	211	Nothing	22	3116689	0	1			0		other	0
751	212	Sound	19	3122174	0	1			0		other	0
751	214	Sound	0	3150034	0	2			0		other	0
751	215	Nothing	22	3170108	0	1			0		other	0
751	216	Sound	19	3175868	0	2			0		other	0
751	216	Response	3	3179094	3226	1
751	216	Response	3	3180977	5109	1
751	217	Sound	0	3195958	0	2			0		other	0
751	218	Nothing	22	3215985	0	1			0		other	0
751	219	Sound	19	3223508	0	2			0		other	0
751	219	Response	3	3226169	2661	1
751	220	Sound	0	3253308	0	2			0		other	0
751	221	Nothing	22	3273335	0	1			0		other	0
751	222	Sound	19	3277715	0	2			0		other	0
751	223	Sound	0	3298785	0	2			0		other	0
751	224	Nothing	22	3318811	0	1			0		other	0
751	225	Sound	19	3321684	0	2			0		other	0
751	225	Response	3	3327136	5452	1
751	225	Response	3	3328868	7184	1
751	226	Sound	0	3350584	0	2			0		other	0
751	227	Nothing	22	3370600	0	1			0		other	0
751	228	Sound	19	3375549	0	2			0		other	0
751	230	Sound	0	3397081	0	1			0		other	0
751	231	Nothing	22	3417203	0	1			0		other	0
751	232	Sound	19	3422787	0	2			0		other	0
751	233	Sound	0	3449747	0	2			0		other	0
751	234	Nothing	22	3469833	0	1			0		other	0
751	235	Sound	19	3479153	0	2			0		other	0
751	236	Sound	0	3505383	0	2			0		other	0
751	237	Nothing	22	3525410	0	1			0		other	0
751	238	Sound	19	3527230	0	2			0		other	0
751	238	Response	3	3529868	2638	1
751	238	Response	3	3531562	4332	1
751	239	Sound	0	3556931	0	10			0		other	0
751	240	Nothing	22	3576945	0	1			0		other	0
751	241	Sound	19	3581552	0	1			0		other	0
751	242	Sound	0	3606762	0	2			0		other	0
751	242	Response	3	3614148	7386	1
751	244	Nothing	3	3615154	0	1			0		false_alarm	446
751	244	Response	3	3615441	287	1
751	244	Response	3	3616779	1625	1
751	244	Response	3	3617920	2766	1
751	244	Response	2	3619524	4370	1
751	245	Nothing	22	3644206	0	1			0		other	0
751	245	Response	3	3646334	2128	1
751	246	Sound	19	3646924	0	2			0		other	0
751	248	Sound	0	3671698	0	2			0		other	0
751	249	Nothing	22	3691808	0	1			0		other	0
751	250	Sound	19	3701185	0	2			0		other	0
751	250	Response	3	3703212	2027	1
751	251	Sound	0	3721185	0	2			0		other	0
751	252	Nothing	22	3741199	0	1			0		other	0
751	253	Sound	19	3749846	0	1			0		other	0
751	253	Response	3	3752261	2415	2
751	254	Sound	0	3770126	0	2			0		other	0
751	255	Nothing	22	3790199	0	1			0		other	0
751	256	Sound	19	3794039	0	2			0		other	0
751	256	Response	3	3796346	2307	2
751	257	Sound	0	3820610	0	1			0		other	0
751	258	Nothing	22	3840648	0	1			0		other	0
751	259	Sound	19	3843760	0	2			0		other	0
751	259	Response	3	3846933	3173	1
751	259	Response	3	3848868	5108	1
751	260	Sound	0	3868990	0	2			0		other	0
751	261	Nothing	22	3889168	0	1			0		other	0
751	262	Sound	19	3889848	0	2			0		other	0
751	262	Response	3	3893477	3629	1
751	262	Response	3	3895048	5200	1
751	262	Response	3	3896987	7139	1
751	264	Sound	0	3910813	0	2			0		other	0
751	265	Nothing	22	3930851	0	1			0		other	0
751	266	Sound	19	3933428	0	1			0		other	0
751	266	Response	3	3936009	2581	1
751	267	Sound	0	3962248	0	2			0		other	0
751	268	Nothing	22	3982286	0	1			0		other	0
751	269	Sound	19	3991696	0	2			0		other	0
751	269	Response	3	3996532	4836	1
751	270	Sound	0	4013137	0	1			0		other	0
751	271	Nothing	22	4033187	0	1			0		other	0
751	272	Sound	19	4039498	0	2			0		other	0
751	273	Sound	0	4064798	0	2			0		other	0
751	274	Nothing	22	4084812	0	1			0		other	0
751	275	Sound	19	4093362	0	2			0		other	0
751	275	Response	3	4095422	2060	1
751	275	Response	2	4097406	4044	2
751	276	Sound	0	4122323	0	2			0		other	0
751	277	Nothing	22	4142349	0	1			0		other	0
751	278	Sound	19	4145091	0	2			0		other	0
751	278	Response	3	4147544	2453	1
751	278	Response	3	4148934	3843	1
751	280	Sound	0	4172997	0	1			0		other	0
751	281	Nothing	22	4193047	0	1			0		other	0
751	282	Sound	19	4195811	0	2			0		other	0
751	283	Sound	0	4220411	0	2			0		other	0
751	284	Nothing	22	4240493	0	1			0		other	0
751	285	Sound	19	4242077	0	2			0		other	0
751	286	Sound	0	4266858	0	1			0		other	0
751	287	Nothing	22	4286872	0	1			0		other	0
751	288	Sound	19	4291149	0	2			0		other	0
751	288	Response	3	4293311	2162	1
751	289	Sound	0	4317729	0	2			0		other	0
751	290	Nothing	22	4337743	0	1			0		other	0
751	291	Sound	19	4343833	0	2			0		other	0
751	291	Response	3	4346853	3020	1
751	292	Sound	0	4368153	0	2			0		other	0
751	293	Nothing	22	4388179	0	1			0		other	0
751	294	Sound	19	4391069	0	2			0		other	0
751	294	Response	3	4394288	3219	1
751	294	Response	2	4398635	7566	2
751	296	Sound	0	4415588	0	2			0		other	0
751	297	Nothing	22	4435773	0	1			0		other	0
751	298	Sound	19	4438618	0	2			0		other	0
751	299	Sound	0	4461008	0	2			0		other	0
751	299	Response	3	4478721	17713	1
751	301	Nothing	3	4479725	0	1			0		false_alarm	522
751	301	Response	3	4479887	162	1
751	301	Response	3	4481042	1317	2
751	301	Response	3	4482018	2293	2
751	301	Response	3	4483348	3623	1
751	301	Response	2	4484856	5131	1
751	302	Nothing	22	4508875	0	1			0		other	0
751	303	Sound	19	4517863	0	2			0		other	0
751	303	Response	3	4520130	2267	1
751	303	Response	3	4521549	3686	1
751	304	Sound	0	4538063	0	2			0		other	0
751	305	Nothing	22	4558091	0	1			0		other	0
751	306	Sound	19	4566133	0	2			0		other	0
751	306	Response	3	4569271	3138	1
751	306	Response	3	4570881	4748	1
751	307	Sound	0	4589493	0	2			0		other	0
751	308	Nothing	22	4609568	0	1			0		other	0
751	309	Sound	19	4616036	0	2			0		other	0
751	309	Response	3	4618882	2846	1
751	309	Response	2	4624504	8468	1
751	309	Response	3	4630233	14197	1
751	309	Response	3	4638301	22265	1
751	309	Response	2	4638302	22266	1
751	310	Sound	0	4642237	0	1			0		other	0
751	311	Nothing	22	4662275	0	1			0		other	0
751	312	Sound	19	4664261	0	1			0		other	0
751	312	Response	3	4666940	2679	1
751	314	Sound	0	4688762	0	2			0		other	0
751	315	Nothing	22	4708951	0	1			0		other	0
751	316	Sound	19	4711745	0	1			0		other	0
751	316	Response	3	4714278	2533	1
751	316	Response	3	4716054	4309	1
751	317	Sound	0	4737875	0	2			0		other	0
751	318	Nothing	22	4757914	0	1			0		other	0
751	319	Sound	19	4762070	0	2			0		other	0
751	320	Sound	0	4790911	0	1			0		other	0
751	321	Nothing	22	4810925	0	1			0		other	0
751	322	Sound	19	4814112	0	1			0		other	0
751	323	Sound	0	4839332	0	2			0		other	0
751	324	Nothing	22	4859371	0	1			0		other	0
751	325	Sound	19	4866534	0	1			0		other	0
751	326	Sound	0	4891564	0	2			0		other	0
751	326	Response	2	4907834	16270	1
751	328	Nothing	3	4908840	0	1			0		false_alarm	565
751	328	Response	2	4909835	995	18
751	328	Response	2	4911122	2282	1
751	328	Response	2	4912894	4054	1
751	328	Response	2	4914571	5731	1
751	328	Response	3	4920067	11227	1
751	328	Response	2	4922277	13437	1
751	329	Nothing	22	4937933	0	1			0		other	0
751	330	Sound	19	4945376	0	1			0		other	0
751	332	Sound	0	4965929	0	1			0		other	0
751	333	Nothing	22	4985979	0	1			0		other	0
751	334	Sound	19	4989117	0	2			0		other	0
751	334	Response	3	4991037	1920	1
751	335	Sound	0	5009917	0	2			0		other	0
751	336	Nothing	22	5029931	0	1			0		other	0
751	337	Sound	19	5033601	0	2			0		other	0
751	337	Response	3	5036116	2515	1
751	338	Sound	0	5054891	0	2			0		other	0
751	339	Nothing	22	5074941	0	1			0		other	0
751	339	Response	3	5076856	1915	1
751	340	Sound	19	5080555	0	2			0		other	0
751	340	Response	3	5082962	2407	8
751	341	Sound	0	5103355	0	2			0		other	0
751	342	Nothing	22	5123466	0	1			0		other	0
751	343	Sound	19	5124225	0	2			0		other	0
751	343	Response	3	5126934	2709	1
751	344	Sound	0	5152395	0	2			0		other	0
751	345	Nothing	22	5172646	0	1			0		other	0
751	346	Sound	19	5174196	0	2			0		other	0
751	346	Response	3	5176884	2688	1
751	348	Sound	0	5204069	0	2			0		other	0
751	348	Response	3	5212680	8611	1
751	350	Nothing	3	5213685	0	1			0		false_alarm	597
751	350	Response	3	5213933	248	1
751	350	Response	3	5215115	1430	1
751	350	Response	2	5216692	3007	1
751	351	Nothing	22	5242747	0	1			0		other	0
751	352	Sound	19	5243305	0	2			0		other	0
751	352	Response	3	5246017	2712	1
751	353	Sound	0	5263825	0	2			0		other	0
751	354	Nothing	22	5283887	0	1			0		other	0
751	355	Sound	19	5293283	0	3			0		other	0
751	355	Response	3	5299180	5897	1
751	356	Sound	0	5315694	0	1			0		other	0
751	357	Nothing	22	5335802	0	1			0		other	0
751	358	Sound	19	5339480	0	2			0		other	0
751	358	Response	2	5341771	2291	2
751	359	Sound	0	5367650	0	2			0		other	0
751	360	Nothing	22	5387664	0	1			0		other	0
751	361	Sound	19	5390014	0	2			0		other	0
751	361	Response	3	5393194	3180	1
751	362	Sound	0	5417724	0	2			0		other	0
751	363	Nothing	22	5437737	0	1			0		other	0
751	364	Sound	19	5438512	0	1			0		other	0
751	364	Response	3	5441382	2870	1
751	366	Sound	0	5459298	0	1			0		other	0
751	367	Nothing	22	5479349	0	1			0		other	0
751	368	Sound	19	5486778	0	2			0		other	0
751	369	Sound	0	5513489	0	1			0		other	0
751	370	Nothing	22	5533608	0	1			0		other	0
751	371	Sound	19	5541084	0	2			0		other	0
751	371	Response	3	5543805	2721	1
751	371	Response	3	5545938	4854	1
751	372	Sound	0	5570744	0	2			0		other	0
751	373	Nothing	22	5590816	0	1			0		other	0
751	374	Sound	19	5595626	0	2			0		other	0
751	374	Response	3	5598767	3141	1
751	374	Response	3	5600518	4892	1
751	374	Response	3	5602972	7346	1
751	375	Sound	0	5619956	0	2			0		other	0
751	375	Response	3	5626907	6951	1
751	377	Nothing	3	5627913	0	1			0		false_alarm	636
751	377	Response	3	5628296	383	1
751	377	Response	3	5629557	1644	1
751	377	Response	2	5630987	3074	1
751	377	Response	2	5632368	4455	1
751	377	Response	2	5634080	6167	1
751	377	Response	3	5639931	12018	1
751	377	Response	3	5642924	15011	1
751	377	Response	3	5647394	19481	1
751	378	Nothing	22	5657043	0	1			0		other	0
751	379	Sound	19	5657873	0	2			0		other	0
751	379	Response	3	5661036	3163	1
751	380	Sound	0	5681553	0	2			0		other	0
751	381	Nothing	22	5701615	0	1			0		other	0
751	382	Sound	19	5705633	0	2			0		other	0
751	382	Response	3	5708526	2893	1
751	384	Sound	0	5734342	0	1			0		other	0
751	385	Nothing	22	5754368	0	1			0		other	0
751	385	Response	3	5761153	6785	1
751	386	Sound	19	5761348	0	2			0		other	0
751	386	Response	3	5762699	1351	1
751	386	Response	2	5764712	3364	1
751	387	Sound	0	5788709	0	1			0		other	0
751	388	Nothing	22	5808771	0	1			0		other	0
751	389	Sound	19	5809661	0	2			0		other	0
751	390	Sound	0	5834791	0	2			0		other	0
751	391	Nothing	22	5854889	0	1			0		other	0
751	392	Sound	19	5857027	0	2			0		other	0
751	393	Sound	0	5886187	0	2			0		other	0
751	394	Nothing	22	5906286	0	1			0		other	0
751	395	Sound	19	5906450	0	2			0		other	0
751	395	Response	3	5909314	2864	1
751	395	Response	3	5910535	4085	1
751	396	Sound	0	5930680	0	2			0		other	0
751	397	Nothing	22	5950706	0	1			0		other	0
751	398	Sound	19	5950840	0	2			0		other	0
751	400	Sound	0	5977040	0	1			0		other	0
751	400	Response	3	5985332	8292	1
751	402	Nothing	3	5986345	0	1			0		false_alarm	674
751	402	Response	3	5986524	179	1
751	402	Response	3	5987606	1261	1
751	402	Response	3	5988861	2516	1
751	402	Response	2	5990446	4101	1
751	403	Nothing	22	6015395	0	1			0		other	0
751	404	Sound	19	6015697	0	2			0		other	0
751	405	Sound	0	6037027	0	2			0		other	0
751	406	Nothing	22	6057065	0	1			0		other	0
751	407	Sound	19	6059795	0	2			0		other	0
751	408	Sound	0	6084065	0	2			0		other	0
751	409	Nothing	22	6104218	0	1			0		other	0
751	410	Sound	19	6108783	0	2			0		other	0
751	410	Response	3	6111131	2348	1
751	411	Sound	0	6132303	0	2			0		other	0
751	412	Nothing	22	6152390	0	1			0		other	0
751	413	Sound	19	6153590	0	2			0		other	0
751	413	Response	3	6156652	3062	1
751	414	Sound	0	6176590	0	2			0		other	0
751	415	Nothing	22	6196604	0	1			0		other	0
751	416	Sound	19	6205245	0	2			0		other	0
751	418	Sound	0	6231425	0	2			0		other	0
751	419	Nothing	22	6251499	0	1			0		other	0
751	420	Sound	19	6254578	0	2			0		other	0
751	421	Sound	0	6282857	0	2			0		other	0
751	422	Nothing	22	6302884	0	1			0		other	0
751	423	Sound	19	6310512	0	2			0		other	0
751	424	Sound	0	6337052	0	2			0		other	0
751	425	Nothing	22	6357066	0	1			0		other	0
751	426	Sound	19	6363026	0	2			0		other	0
751	427	Sound	0	6388396	0	2			0		other	0
751	428	Nothing	22	6408410	0	1			0		other	0
751	429	Sound	19	6408894	0	2			0		other	0
751	430	Sound	0	6435954	0	2			0		other	0
751	431	Nothing	22	6456008	0	1			0		other	0
751	432	Sound	19	6462978	0	2			0		other	0
751	432	Response	3	6473027	10049	1
751	432	Response	3	6483930	20952	1
751	434	Sound	0	6492421	0	2			0		other	0
751	434	Response	3	6493651	1230	2
751	436	Nothing	3	6494657	0	1			0		false_alarm	714
751	436	Response	3	6494785	128	1
751	436	Response	3	6495339	682	1
751	436	Response	3	6496813	2156	1
751	437	Nothing	22	6523695	0	1			0		other	0
751	438	Sound	19	6528220	0	2			0		other	0
751	438	Response	3	6530658	2438	1
751	439	Sound	0	6556460	0	2			0		other	0
751	440	Nothing	22	6576511	0	1			0		other	0
751	441	Sound	19	6582166	0	1			0		other	0
751	442	Sound	0	6608366	0	2			0		other	0
751	443	Nothing	22	6628404	0	1			0		other	0
751	444	Sound	19	6635509	0	2			0		other	0
751	444	Response	3	6638009	2500	1
751	445	Sound	0	6657539	0	2			0		other	0
751	446	Nothing	22	6677566	0	1			0		other	0
751	447	Sound	19	6686499	0	2			0		other	0
751	447	Response	3	6688504	2005	1
751	448	Sound	0	6712130	0	1			0		other	0
751	449	Nothing	22	6732145	0	1			0		other	0
751	450	Sound	19	6739625	0	2			0		other	0
751	452	Sound	0	6762792	0	2			0		other	0
751	453	Nothing	22	6782807	0	1			0		other	0
751	454	Sound	19	6788352	0	2			0		other	0
751	455	Sound	0	6811772	0	2			0		other	0
751	456	Nothing	22	6831834	0	1			0		other	0
751	457	Sound	19	6839254	0	2			0		other	0
751	458	Sound	0	6868644	0	2			0		other	0
751	458	Response	3	6882345	13701	1
751	460	Nothing	3	6883350	0	1			0		false_alarm	743
751	460	Response	3	6883691	341	1
751	460	Response	3	6884995	1645	1
751	461	Nothing	22	6912401	0	1			0		other	0
751	462	Sound	19	6916386	0	1			0		other	0
751	463	Sound	0	6945016	0	2			0		other	0
751	464	Nothing	22	6965043	0	1			0		other	0
751	465	Sound	19	6965860	0	2			0		other	0
751	465	Response	3	6969171	3311	1
751	466	Sound	0	6994761	0	1			0		other	0
751	467	Nothing	22	7014799	0	2			0		other	0
751	468	Sound	19	7018798	0	1			0		other	0
751	470	Sound	0	7048386	0	2			0		other	0
751	471	Nothing	22	7068496	0	1			0		other	0
751	472	Sound	19	7072373	0	2			0		other	0
751	473	Sound	0	7100543	0	2			0		other	0
751	474	Nothing	22	7120570	0	1			0		other	0
751	475	Sound	19	7121426	0	2			0		other	0
751	476	Sound	0	7146647	0	1			0		other	0
751	477	Nothing	22	7166661	0	1			0		other	0
751	478	Sound	19	7174723	0	2			0		other	0
751	479	Sound	0	7203143	0	2			0		other	0
751	480	Nothing	22	7223169	0	1			0		other	0
751	481	Sound	19	7223676	0	2			0		other	0
751	481	Response	3	7227838	4162	1
751	481	Response	3	7229390	5714	1
751	482	Sound	0	7252596	0	2			0		other	0
751	482	Response	3	7265034	12438	1
751	484	Nothing	3	7266039	0	1			0		false_alarm	771
751	484	Response	3	7266494	455	1
751	484	Response	3	7267704	1665	1
751	484	Response	3	7268996	2957	1
751	485	Nothing	22	7295099	0	1			0		other	0
751	486	Sound	19	7301754	0	1			0		other	0
751	488	Sound	0	7324325	0	1			0		other	0
751	489	Nothing	22	7344823	0	1			0		other	0
751	490	Sound	19	7351496	0	2			0		other	0
751	491	Sound	0	7371796	0	2			0		other	0
751	492	Nothing	22	7391942	0	1			0		other	0
751	493	Sound	19	7401504	0	2			0		other	0
751	494	Sound	0	7429744	0	2			0		other	0
751	495	Nothing	22	7449759	0	1			0		other	0
751	496	Sound	19	7457205	0	2			0		other	0
751	496	Response	3	7460079	2874	1
751	497	Sound	0	7478092	0	2			0		other	0
751	498	Nothing	22	7498143	0	1			0		other	0
751	499	Sound	19	7506850	0	2			0		other	0
751	499	Response	3	7512438	5588	1
751	499	Response	3	7514527	7677	1
751	500	Sound	0	7536410	0	2			0		other	0
751	501	Nothing	22	7556451	0	1			0		other	0
751	502	Sound	19	7559708	0	2			0		other	0
751	504	Sound	0	7581638	0	2			0		other	0
751	505	Nothing	22	7601665	0	1			0		other	0
751	506	Sound	19	7604035	0	2			0		other	0
751	506	Response	3	7607100	3065	1
751	507	Sound	0	7632545	0	2			0		other	0
751	508	Nothing	22	7652573	0	1			0		other	0
751	509	Sound	19	7653193	0	2			0		other	0
751	510	Sound	0	7673543	0	2			0		other	0
751	511	Nothing	22	7693582	0	1			0		other	0
751	512	Sound	19	7697942	0	2			0		other	0
751	512	Quit		7703588	5646
