Scenario - phase0_bothports
Logfile written - 05/23/2017 16:19:01

Subject	Trial	Event Type	Code	Time	TTime	Uncertainty	Duration	Uncertainty	ReqTime	ReqDur	Stim Type	Pair Index

751	0	Manual	05/23/2017 15:41:32	-9994	-9994
751	1	Sound	0	-9927	0	1			0		other	0
751	2	Nothing	22	10086	0	1			0		other	0
751	3	Sound	19	14706	0	2			0		other	0
751	3	Response	3	42556	27850	1
751	4	Sound	0	43339	0	2			0		other	0
751	5	Nothing	22	63353	0	1			0		other	0
751	6	Sound	19	67144	0	2			0		other	0
751	7	Sound	0	93607	0	2			0		other	0
751	7	Response	3	94375	768	1
751	9	Nothing	3	95381	0	1			0		false_alarm	12
751	9	Response	3	95553	172	1
751	9	Response	3	96912	1531	1
751	9	Response	3	98078	2697	1
751	9	Response	3	99333	3952	1
751	10	Nothing	22	124405	0	1			0		other	0
751	11	Sound	19	126325	0	2			0		other	0
751	12	Sound	0	150048	0	2			0		other	0
751	12	Response	3	163960	13912	1
751	14	Nothing	3	164965	0	1			0		false_alarm	21
751	14	Response	3	165160	195	1
751	14	Response	3	166429	1464	1
751	14	Response	3	167604	2639	1
751	14	Response	3	168766	3801	1
751	15	Nothing	22	193979	0	1			0		other	0
751	16	Sound	19	199319	0	2			0		other	0
751	18	Sound	0	225164	0	2			0		other	0
751	18	Response	3	231604	6440	1
751	20	Nothing	3	232610	0	1			0		false_alarm	30
751	20	Response	3	232709	99	1
751	20	Response	3	234010	1400	1
751	20	Response	3	235280	2670	1
751	20	Response	3	236477	3867	1
751	21	Nothing	22	261623	0	1			0		other	0
751	22	Sound	19	265164	0	2			0		other	0
751	22	Response	3	287562	22398	1
751	22	Response	3	289120	23956	1
751	23	Sound	0	289177	0	2			0		other	0
751	23	Response	3	290282	1105	1
751	25	Nothing	3	291286	0	1			0		false_alarm	41
751	25	Response	3	291691	405	1
751	25	Response	3	292948	1662	1
751	25	Response	3	294181	2895	2
751	25	Response	3	303158	11872	2
751	25	Response	3	304510	13224	1
751	25	Response	3	305999	14713	1
751	25	Response	3	307503	16217	1
751	26	Nothing	22	320299	0	1			0		other	0
751	27	Sound	19	320879	0	2			0		other	0
751	28	Sound	0	344792	0	2			0		other	0
751	28	Response	3	359611	14819	1
751	29	Response	3	360593	980	1
751	30	Nothing	3	360615	0	1			0		false_alarm	54
751	30	Response	3	361869	1254	1
751	30	Response	3	363076	2461	1
751	31	Nothing	22	389630	0	1			0		other	0
751	32	Sound	19	396520	0	2			0		other	0
751	33	Sound	0	420273	0	2			0		other	0
751	33	Response	3	425892	5619	1
751	35	Nothing	3	426898	0	1			0		false_alarm	61
751	35	Response	3	427073	175	1
751	35	Response	3	428387	1489	1
751	35	Response	3	429611	2713	1
751	36	Nothing	22	455911	0	1			0		other	0
751	37	Sound	19	461312	0	1			0		other	0
751	38	Sound	0	481975	0	2			0		other	0
751	38	Response	3	495593	13618	1
751	40	Nothing	3	496600	0	1			0		false_alarm	69
751	40	Response	3	496829	229	1
751	40	Response	3	498175	1575	1
751	40	Response	3	499482	2882	1
751	40	Response	3	510414	13814	1
751	40	Response	3	511832	15232	1
751	41	Nothing	22	525614	0	1			0		other	0
751	42	Sound	19	533695	0	2			0		other	0
751	44	Sound	0	558442	0	2			0		other	0
751	44	Response	3	566320	7878	1
751	46	Nothing	3	567325	0	1			0		false_alarm	79
751	46	Response	3	567574	249	1
751	46	Response	3	568804	1479	2
751	46	Response	3	569970	2645	1
751	47	Nothing	22	596339	0	1			0		other	0
751	48	Sound	19	602119	0	2			0		other	0
751	48	Response	3	625034	22915	1
751	48	Response	3	626389	24270	1
751	49	Sound	0	627142	0	2			0		other	0
751	49	Response	3	627865	723	1
751	51	Nothing	3	628870	0	1			0		false_alarm	89
751	51	Response	3	628942	72	1
751	51	Response	3	630255	1385	1
751	51	Response	3	631410	2540	1
751	52	Nothing	22	657885	0	1			0		other	0
751	53	Sound	19	666985	0	2			0		other	0
751	53	Response	3	686163	19178	1
751	53	Response	3	687559	20574	1
751	53	Response	3	689138	22153	1
751	53	Response	3	690646	23661	1
751	54	Sound	0	692019	0	8			0		other	0
751	54	Response	3	692186	167	1
751	56	Nothing	3	693197	0	1			0		false_alarm	101
751	56	Response	3	693338	141	2
751	56	Response	3	694700	1503	1
751	56	Response	3	695945	2748	1
751	57	Nothing	22	722210	0	1			0		other	0
751	58	Sound	19	729160	0	2			0		other	0
751	59	Sound	0	754793	0	2			0		other	0
751	60	Nothing	22	774806	0	1			0		other	0
751	61	Sound	19	783337	0	2			0		other	0
751	61	Response	3	810396	27059	1
751	61	Response	3	811804	28467	43
751	62	Sound	0	812449	0	2			0		other	0
751	62	Response	3	812992	543	1
751	64	Nothing	3	814002	0	1			0		false_alarm	114
751	64	Response	3	814394	392	1
751	64	Response	3	815663	1661	1
751	64	Response	3	818251	4249	1
751	65	Nothing	22	843027	0	1			0		other	0
751	66	Sound	19	850137	0	2			0		other	0
751	68	Sound	0	872540	0	2			0		other	0
751	68	Response	3	882279	9739	1
751	70	Nothing	3	883296	0	1			0		false_alarm	122
751	70	Response	3	883485	189	1
751	70	Response	3	884759	1463	1
751	70	Response	3	885890	2594	1
751	71	Nothing	22	912308	0	1			0		other	0
751	72	Sound	19	915978	0	2			0		other	0
751	73	Sound	0	944442	0	1			0		other	0
751	73	Response	3	947311	2869	1
751	75	Nothing	3	948314	0	1			0		false_alarm	130
751	75	Response	3	948458	144	1
751	75	Response	3	949750	1436	1
751	75	Response	3	950843	2529	1
751	76	Nothing	22	977327	0	1			0		other	0
751	77	Sound	19	980867	0	2			0		other	0
751	78	Sound	0	1001270	0	1			0		other	0
751	78	Response	3	1009432	8162	1
751	80	Nothing	3	1010438	0	1			0		false_alarm	138
751	80	Response	3	1010652	214	1
751	80	Response	3	1011980	1542	1
751	80	Response	3	1013145	2707	1
751	81	Nothing	22	1039451	0	1			0		other	0
751	82	Sound	19	1048234	0	2			0		other	0
751	82	Response	3	1070722	22488	1
751	82	Response	3	1072246	24012	1
751	82	Response	3	1073504	25270	1
751	82	Response	3	1074852	26618	1
751	83	Sound	0	1075747	0	1			0		other	0
751	83	Response	3	1076394	647	1
751	85	Nothing	3	1077402	0	1			0		false_alarm	150
751	85	Response	3	1077457	55	1
751	85	Response	3	1078890	1488	1
751	85	Response	3	1080015	2613	2
751	86	Nothing	22	1106416	0	1			0		other	0
751	87	Sound	19	1111586	0	2			0		other	0
751	88	Sound	0	1131899	0	2			0		other	0
751	88	Response	3	1140491	8592	1
751	90	Nothing	3	1141496	0	1			0		false_alarm	158
751	90	Response	3	1141813	317	1
751	90	Response	3	1143066	1570	1
751	91	Nothing	22	1170509	0	1			0		other	0
751	92	Sound	19	1174749	0	2			0		other	0
751	94	Sound	0	1196994	0	2			0		other	0
751	94	Response	3	1202611	5617	1
751	96	Nothing	3	1203617	0	1			0		false_alarm	165
751	96	Response	3	1203888	271	1
751	96	Response	3	1205150	1533	1
751	96	Response	3	1206197	2580	1
751	97	Nothing	22	1232630	0	2			0		other	0
751	98	Sound	19	1240820	0	2			0		other	0
751	99	Sound	0	1268604	0	1			0		other	0
751	99	Response	3	1269057	453	1
751	101	Nothing	3	1270062	0	1			0		false_alarm	173
751	101	Response	3	1270239	177	1
751	101	Response	3	1271520	1458	2
751	101	Response	3	1272573	2511	1
751	102	Nothing	22	1299077	0	1			0		other	0
751	103	Sound	19	1304188	0	2			0		other	0
751	103	Response	3	1328018	23830	1
751	103	Response	3	1329446	25258	1
751	103	Response	3	1330679	26491	1
751	103	Response	3	1332053	27865	1
751	103	Response	3	1333418	29230	1
751	104	Sound	0	1334151	0	2			0		other	0
751	104	Response	3	1334796	645	1
751	106	Nothing	3	1335802	0	1			0		false_alarm	186
751	106	Response	3	1336172	370	2
751	106	Response	3	1337510	1708	2
751	106	Response	3	1338745	2943	1
751	107	Nothing	22	1364815	0	1			0		other	0
751	108	Sound	19	1374586	0	2			0		other	0
751	108	Response	3	1400954	26368	1
751	109	Sound	0	1402119	0	2			0		other	0
751	109	Response	3	1402538	419	1
751	111	Nothing	3	1403543	0	1			0		false_alarm	195
751	111	Response	3	1403572	29	1
751	111	Response	3	1404960	1417	1
751	111	Response	3	1406155	2612	1
751	112	Nothing	22	1432556	0	1			0		other	0
751	113	Sound	19	1442108	0	2			0		other	0
751	113	Response	3	1467599	25491	2
751	113	Response	3	1468971	26863	1
751	113	Response	3	1470231	28123	1
751	114	Sound	0	1471151	0	2			0		other	0
751	114	Response	3	1471472	321	1
751	116	Nothing	3	1472477	0	1			0		false_alarm	206
751	116	Response	3	1472595	118	4
751	116	Response	3	1473914	1437	1
751	116	Response	3	1475176	2699	1
751	116	Response	3	1476513	4036	1
751	116	Response	3	1478042	5565	1
751	117	Nothing	22	1501490	0	1			0		other	0
751	118	Sound	19	1511230	0	2			0		other	0
751	118	Response	3	1517729	6499	1
751	118	Response	3	1519133	7903	1
751	118	Response	3	1520452	9222	1
751	118	Response	3	1521968	10738	1
751	118	Response	3	1523511	12281	1
751	118	Response	3	1526940	15710	1
751	118	Response	3	1528481	17251	1
751	118	Response	3	1529951	18721	1
751	118	Response	3	1531643	20413	1
751	118	Response	3	1533290	22060	1
751	118	Response	3	1534821	23591	1
751	120	Sound	0	1535602	0	2			0		other	0
751	120	Response	3	1536596	994	1
751	122	Nothing	3	1537602	0	1			0		false_alarm	227
751	122	Response	3	1538199	597	1
751	122	Response	3	1539643	2041	1
751	122	Response	3	1540963	3361	1
751	123	Nothing	22	1566615	0	1			0		other	0
751	124	Sound	19	1575376	0	2			0		other	0
751	125	Sound	0	1600519	0	2			0		other	0
751	125	Response	3	1608949	8430	1
751	127	Nothing	3	1609953	0	1			0		false_alarm	235
751	127	Response	3	1610246	293	1
751	127	Response	3	1611448	1495	1
751	127	Response	3	1612584	2631	1
751	128	Nothing	22	1638966	0	1			0		other	0
751	129	Sound	19	1641687	0	1			0		other	0
751	129	Response	3	1663326	21639	1
751	129	Response	3	1664846	23159	1
751	129	Response	3	1666237	24550	1
751	129	Response	3	1667450	25763	1
751	129	Response	3	1668657	26970	1
751	129	Response	3	1670113	28426	1
751	130	Sound	0	1670430	0	2			0		other	0
751	130	Response	3	1671752	1322	1
751	132	Nothing	3	1672761	0	2			0		false_alarm	249
751	132	Response	3	1672925	164	1
751	132	Response	3	1674385	1624	1
751	132	Response	3	1675615	2854	1
751	133	Nothing	22	1701774	0	1			0		other	0
751	134	Sound	19	1710664	0	2			0		other	0
751	135	Sound	0	1738957	0	2			0		other	0
751	135	Response	3	1742348	3391	1
751	137	Nothing	3	1743354	0	1			0		false_alarm	257
751	137	Response	3	1743557	203	2
751	137	Response	3	1744818	1464	1
751	137	Response	3	1745951	2597	1
751	138	Nothing	22	1772368	0	1			0		other	0
751	139	Sound	19	1781228	0	2			0		other	0
751	139	Response	3	1804839	23611	1
751	139	Response	3	1806215	24987	1
751	140	Sound	0	1806951	0	2			0		other	0
751	140	Response	3	1807631	680	1
751	142	Nothing	3	1808637	0	1			0		false_alarm	267
751	142	Response	3	1808738	101	1
751	142	Response	3	1810104	1467	1
751	142	Response	3	1811334	2697	1
751	143	Nothing	22	1837651	0	1			0		other	0
751	144	Sound	19	1843821	0	2			0		other	0
751	146	Sound	0	1869146	0	2			0		other	0
751	146	Response	3	1871949	2803	1
751	148	Nothing	3	1872955	0	1			0		false_alarm	275
751	148	Response	3	1873222	267	1
751	148	Response	3	1874460	1505	1
751	149	Nothing	22	1901968	0	1			0		other	0
751	150	Sound	19	1911179	0	2			0		other	0
751	150	Response	3	1914842	3663	1
751	150	Response	3	1916164	4985	1
751	150	Response	3	1917620	6441	1
751	150	Response	3	1918970	7791	1
751	150	Response	3	1920509	9330	1
751	150	Response	3	1923346	12167	1
751	150	Response	3	1925009	13830	1
751	150	Response	3	1926268	15089	1
751	150	Response	3	1927679	16500	1
751	150	Response	3	1929198	18019	1
751	150	Response	3	1930927	19748	1
751	150	Response	3	1932822	21643	1
751	151	Sound	0	1935494	0	2			0		other	0
751	151	Response	3	1936139	645	1
751	153	Nothing	3	1937144	0	1			0		false_alarm	294
751	153	Response	3	1937502	358	1
751	153	Response	3	1939007	1863	1
751	153	Response	3	1940511	3367	1
751	154	Nothing	22	1966157	0	1			0		other	0
751	155	Sound	19	1974658	0	1			0		other	0
751	156	Sound	0	1997941	0	2			0		other	0
751	156	Response	3	2005513	7572	2
751	158	Nothing	3	2006518	0	1			0		false_alarm	302
751	158	Response	3	2006766	248	1
751	158	Response	3	2008242	1724	1
751	158	Response	3	2009472	2954	2
751	159	Nothing	22	2035532	0	1			0		other	0
751	160	Sound	19	2039402	0	2			0		other	0
751	161	Sound	0	2060115	0	2			0		other	0
751	161	Response	3	2061829	1714	1
751	163	Nothing	3	2062834	0	1			0		false_alarm	310
751	163	Response	3	2063129	295	2
751	163	Response	3	2064617	1783	1
751	163	Response	3	2065900	3066	1
751	164	Nothing	22	2091847	0	1			0		other	0
751	165	Sound	19	2092718	0	2			0		other	0
751	166	Sound	0	2113461	0	2			0		other	0
751	166	Response	3	2115936	2475	1
751	168	Nothing	3	2116943	0	1			0		false_alarm	318
751	168	Response	3	2117311	368	1
751	168	Response	3	2118576	1633	1
751	168	Response	3	2119721	2778	1
751	169	Nothing	22	2145956	0	1			0		other	0
751	170	Sound	19	2153387	0	2			0		other	0
751	172	Sound	0	2174755	0	2			0		other	0
751	172	Response	3	2181749	6994	1
751	174	Nothing	3	2182755	0	1			0		false_alarm	326
751	174	Response	3	2183101	346	1
751	174	Response	3	2184500	1745	1
751	174	Response	3	2185648	2893	2
751	175	Nothing	22	2211768	0	1			0		other	0
751	176	Sound	19	2212259	0	1			0		other	0
751	176	Response	3	2226287	14028	1
751	176	Response	3	2227795	15536	1
751	177	Sound	0	2232532	0	2			0		other	0
751	178	Nothing	22	2252545	0	1			0		other	0
751	179	Sound	19	2254855	0	2			0		other	0
751	180	Sound	0	2280780	0	3			0		other	0
751	181	Nothing	22	2300793	0	1			0		other	0
751	182	Sound	19	2306024	0	2			0		other	0
751	183	Sound	0	2327327	0	2			0		other	0
751	183	Response	3	2335245	7918	1
751	185	Nothing	3	2336250	0	1			0		false_alarm	342
751	185	Response	3	2336614	364	1
751	185	Response	3	2337883	1633	1
751	185	Response	3	2339033	2783	1
751	186	Nothing	22	2365276	0	1			0		other	0
751	187	Sound	19	2369387	0	2			0		other	0
751	188	Sound	0	2390340	0	2			0		other	0
751	188	Response	3	2398940	8600	1
751	190	Nothing	3	2399946	0	1			0		false_alarm	350
751	190	Response	3	2400343	397	1
751	190	Response	3	2401679	1733	1
751	190	Response	3	2402822	2876	1
751	190	Response	3	2427074	27128	1
751	191	Nothing	22	2428959	0	1			0		other	0
751	191	Response	3	2430028	1069	1
751	191	Response	3	2431586	2627	1
751	191	Response	3	2434736	5777	1
751	192	Sound	19	2435499	0	2			0		other	0
751	192	Response	3	2436251	752	1
751	192	Response	3	2437622	2123	1
751	194	Sound	0	2460241	0	2			0		other	0
751	195	Nothing	22	2480255	0	1			0		other	0
751	196	Sound	19	2480536	0	1			0		other	0
751	197	Sound	0	2503909	0	2			0		other	0
751	198	Nothing	22	2523922	0	1			0		other	0
751	199	Sound	19	2532273	0	2			0		other	0
751	199	Response	3	2535195	2922	1
751	199	Response	3	2536640	4367	2
751	199	Response	3	2538105	5832	1
751	199	Response	3	2539570	7297	1
751	199	Response	3	2541175	8902	1
751	199	Response	3	2542696	10423	1
751	199	Response	3	2544335	12062	1
751	199	Response	3	2545835	13562	1
751	199	Response	3	2547265	14992	1
751	199	Response	3	2549171	16898	1
751	199	Response	3	2551172	18899	1
751	199	Response	3	2552644	20371	1
751	200	Sound	0	2554367	0	1			0		other	0
751	200	Response	3	2554566	199	1
751	202	Nothing	3	2555572	0	1			0		false_alarm	382
751	202	Response	3	2556010	438	1
751	202	Response	3	2557497	1925	1
751	202	Response	3	2558814	3242	1
751	203	Nothing	22	2584596	0	1			0		other	0
751	204	Sound	19	2589957	0	1			0		other	0
751	205	Sound	0	2618320	0	2			0		other	0
751	205	Response	3	2626828	8508	1
751	207	Nothing	3	2627833	0	1			0		false_alarm	390
751	207	Response	3	2627999	166	1
751	207	Response	3	2629504	1671	1
751	207	Response	3	2630623	2790	1
751	208	Nothing	22	2656846	0	1			0		other	0
751	209	Sound	19	2662986	0	2			0		other	0
751	210	Sound	0	2692989	0	2			0		other	0
751	210	Response	3	2694865	1876	1
751	212	Nothing	3	2695870	0	1			0		false_alarm	398
751	212	Response	3	2696138	268	1
751	212	Response	3	2697347	1477	1
751	212	Response	3	2698717	2847	1
751	212	Response	3	2699944	4074	1
751	213	Nothing	22	2724883	0	1			0		other	0
751	214	Sound	19	2733553	0	2			0		other	0
751	216	Sound	0	2754009	0	2			0		other	0
751	217	Nothing	22	2774022	0	1			0		other	0
751	218	Sound	19	2776883	0	2			0		other	0
751	219	Sound	0	2801016	0	2			0		other	0
751	219	Response	3	2801524	508	1
751	221	Nothing	3	2802530	0	1			0		false_alarm	410
751	221	Response	3	2802793	263	2
751	221	Response	3	2804081	1551	1
751	221	Response	3	2805210	2680	1
751	222	Nothing	22	2831555	0	1			0		other	0
751	223	Sound	19	2837717	0	1			0		other	0
751	224	Sound	0	2860170	0	2			0		other	0
751	224	Response	3	2866456	6286	1
751	226	Nothing	3	2867461	0	1			0		false_alarm	418
751	226	Response	3	2867675	214	1
751	226	Response	3	2870008	2547	1
751	227	Nothing	22	2896476	0	1			0		other	0
751	228	Sound	19	2896876	0	2			0		other	0
751	229	Sound	0	2919259	0	2			0		other	0
751	229	Response	3	2928145	8886	2
751	231	Nothing	3	2929151	0	1			0		false_alarm	425
751	231	Response	3	2929296	145	1
751	231	Response	3	2930627	1476	1
751	231	Response	3	2931788	2637	1
751	232	Nothing	22	2958164	0	1			0		other	0
751	233	Sound	19	2966634	0	2			0		other	0
751	233	Response	3	2991205	24571	1
751	233	Response	3	2992635	26001	1
751	233	Response	3	2994125	27491	1
751	233	Response	3	2995415	28781	1
751	234	Sound	0	2996167	0	2			0		other	0
751	234	Response	3	2996840	673	1
751	236	Nothing	3	2997845	0	1			0		false_alarm	437
751	236	Response	3	2998077	232	1
751	236	Response	3	2999557	1712	1
751	237	Nothing	22	3026858	0	1			0		other	0
751	238	Sound	19	3033598	0	2			0		other	0
751	240	Sound	0	3061076	0	2			0		other	0
751	240	Response	3	3069117	8041	1
751	242	Nothing	3	3070124	0	1			0		false_alarm	444
751	242	Response	3	3070358	234	1
751	242	Response	3	3071635	1511	1
751	242	Response	3	3072860	2736	2
751	243	Nothing	22	3099138	0	1			0		other	0
751	244	Sound	19	3103269	0	1			0		other	0
751	245	Sound	0	3125342	0	2			0		other	0
751	246	Nothing	22	3145355	0	1			0		other	0
751	247	Sound	19	3153365	0	2			0		other	0
751	247	Response	3	3177496	24131	1
751	247	Response	3	3179117	25752	1
751	248	Sound	0	3179358	0	2			0		other	0
751	248	Response	3	3180657	1299	1
751	250	Nothing	3	3181663	0	1			0		false_alarm	457
751	250	Response	3	3181727	64	1
751	250	Response	3	3183131	1468	1
751	251	Nothing	22	3210687	0	1			0		other	0
751	252	Sound	19	3211188	0	2			0		other	0
751	253	Sound	0	3237951	0	2			0		other	0
751	253	Response	3	3246946	8995	1
751	255	Nothing	3	3247951	0	1			0		false_alarm	464
751	255	Response	3	3248175	224	1
751	255	Response	3	3249475	1524	1
751	255	Response	3	3250644	2693	1
751	256	Nothing	22	3276966	0	1			0		other	0
751	257	Sound	19	3279606	0	2			0		other	0
751	258	Sound	0	3307350	0	1			0		other	0
751	258	Response	3	3310282	2932	1
751	260	Nothing	3	3311287	0	1			0		false_alarm	472
751	260	Response	3	3311613	326	1
751	260	Response	3	3312892	1605	1
751	260	Response	3	3314061	2774	1
751	261	Nothing	22	3340300	0	1			0		other	0
751	262	Sound	19	3347131	0	2			0		other	0
751	264	Sound	0	3368812	0	2			0		other	0
751	264	Response	3	3373909	5097	1
751	266	Nothing	3	3374915	0	1			0		false_alarm	480
751	266	Response	3	3375108	193	1
751	266	Response	3	3376475	1560	1
751	266	Response	3	3380650	5735	1
751	266	Response	3	3381821	6906	1
751	266	Response	3	3383107	8192	1
751	266	Response	3	3384571	9656	1
751	267	Nothing	22	3403929	0	1			0		other	0
751	268	Sound	19	3411920	0	2			0		other	0
751	269	Sound	0	3434553	0	2			0		other	0
751	269	Response	3	3445735	11182	1
751	271	Nothing	3	3446739	0	1			0		false_alarm	491
751	271	Response	3	3446990	251	1
751	271	Response	3	3448266	1527	1
751	271	Response	3	3449444	2705	1
751	272	Nothing	22	3475752	0	1			0		other	0
751	273	Sound	19	3483133	0	2			0		other	0
751	274	Sound	0	3504527	0	2			0		other	0
751	274	Response	3	3512261	7734	1
751	276	Nothing	3	3513267	0	1			0		false_alarm	499
751	276	Response	3	3513421	154	1
751	276	Response	3	3514856	1589	1
751	276	Response	3	3516102	2835	1
751	277	Nothing	22	3542280	0	1			0		other	0
751	278	Sound	19	3548920	0	2			0		other	0
751	279	Sound	0	3570733	0	2			0		other	0
751	279	Response	3	3577661	6928	1
751	281	Nothing	3	3578666	0	1			0		false_alarm	507
751	281	Response	3	3578927	261	1
751	281	Response	3	3580251	1585	1
751	281	Response	3	3581350	2684	1
751	281	Response	3	3582633	3967	1
751	282	Nothing	22	3607680	0	1			0		other	0
751	283	Sound	19	3613460	0	2			0		other	0
751	284	Sound	0	3635004	0	2			0		other	0
751	284	Response	3	3642435	7431	1
751	286	Nothing	3	3643439	0	1			0		false_alarm	516
751	286	Response	3	3643755	316	1
751	286	Response	3	3645103	1664	1
751	286	Response	3	3646220	2781	1
751	286	Response	3	3647512	4073	2
751	287	Nothing	22	3672453	0	1			0		other	0
751	288	Sound	19	3677814	0	2			0		other	0
751	290	Sound	0	3703548	0	2			0		other	0
751	290	Response	3	3723117	19569	1
751	292	Nothing	3	3724122	0	1			0		false_alarm	525
751	292	Response	3	3724477	355	2
751	292	Response	3	3725781	1659	1
751	292	Response	3	3727094	2972	1
751	293	Nothing	22	3753136	0	1			0		other	0
751	294	Sound	19	3762677	0	1			0		other	0
751	295	Sound	0	3783840	0	2			0		other	0
751	295	Response	3	3793042	9202	1
751	297	Nothing	3	3794047	0	1			0		false_alarm	533
751	297	Response	3	3794197	150	1
751	297	Response	3	3795474	1427	1
751	297	Response	3	3796612	2565	1
751	298	Nothing	22	3823060	0	1			0		other	0
751	299	Sound	19	3830851	0	2			0		other	0
751	300	Sound	0	3852574	0	2			0		other	0
751	300	Response	3	3857053	4479	1
751	302	Nothing	3	3858057	0	1			0		false_alarm	541
751	302	Response	3	3858453	396	2
751	302	Response	3	3859728	1671	1
751	302	Response	3	3862373	4316	1
751	302	Response	3	3863853	5796	1
751	302	Response	3	3865300	7243	1
751	303	Nothing	22	3887070	0	1			0		other	0
751	304	Sound	19	3892982	0	2			0		other	0
751	305	Sound	0	3919286	0	2			0		other	0
751	306	Nothing	22	3939299	0	1			0		other	0
751	307	Sound	19	3947909	0	2			0		other	0
751	307	Response	3	3972549	24640	1
751	308	Sound	0	3973702	0	2			0		other	0
751	308	Response	3	3974302	600	1
751	310	Nothing	3	3975307	0	1			0		false_alarm	555
751	310	Response	3	3975501	194	2
751	310	Response	3	3976795	1488	1
751	310	Response	3	3978011	2704	1
751	311	Nothing	22	4004331	0	1			0		other	0
751	312	Sound	19	4010182	0	2			0		other	0
751	314	Sound	0	4037161	0	2			0		other	0
751	314	Response	3	4042875	5714	1
751	316	Nothing	3	4043880	0	1			0		false_alarm	563
751	316	Response	3	4044112	232	1
751	316	Response	3	4045476	1596	1
751	317	Nothing	22	4072895	0	1			0		other	0
751	318	Sound	19	4080206	0	2			0		other	0
751	319	Sound	0	4100619	0	2			0		other	0
751	319	Response	3	4110512	9893	1
751	321	Nothing	3	4111517	0	1			0		false_alarm	570
751	321	Response	3	4111687	170	1
751	321	Response	3	4112961	1444	1
751	321	Response	3	4114134	2617	1
751	322	Nothing	22	4140530	0	1			0		other	0
751	323	Sound	19	4144531	0	1			0		other	0
751	324	Sound	0	4165616	0	2			0		other	0
751	325	Nothing	22	4185630	0	1			0		other	0
751	326	Sound	19	4190071	0	2			0		other	0
751	326	Response	3	4194647	4576	1
751	326	Response	3	4196025	5954	1
751	326	Response	3	4197415	7344	1
751	326	Response	3	4198844	8773	2
751	326	Response	3	4200287	10216	1
751	326	Response	3	4201675	11604	1
751	326	Response	3	4206200	16129	1
751	326	Response	3	4213109	23038	1
751	326	Response	3	4214816	24745	1
751	327	Sound	0	4215804	0	2			0		other	0
751	327	Response	3	4220578	4774	1
751	329	Nothing	3	4221583	0	1			0		false_alarm	590
751	329	Response	3	4222255	672	2
751	329	Response	3	4223685	2102	1
751	329	Response	3	4224924	3341	1
751	330	Nothing	22	4250609	0	1			0		other	0
751	331	Sound	19	4251780	0	2			0		other	0
751	332	Sound	0	4276075	0	2			0		other	0
751	333	Nothing	22	4296088	0	1			0		other	0
751	334	Sound	19	4299108	0	2			0		other	0
751	334	Response	3	4299542	434	2
751	334	Response	3	4300994	1886	1
751	334	Response	3	4302282	3174	1
751	334	Response	3	4303914	4806	1
751	334	Response	3	4305316	6208	1
751	334	Response	3	4307154	8046	1
751	336	Sound	0	4323698	0	2			0		other	0
751	337	Nothing	22	4343711	0	1			0		other	0
751	338	Sound	19	4346931	0	2			0		other	0
751	339	Sound	0	4370474	0	2			0		other	0
751	339	Response	3	4382039	11565	1
751	341	Nothing	3	4383044	0	1			0		false_alarm	610
751	341	Response	3	4383326	282	1
751	341	Response	3	4384629	1585	1
751	341	Response	3	4385870	2826	1
751	342	Nothing	22	4412068	0	1			0		other	0
751	343	Sound	19	4419828	0	2			0		other	0
751	344	Sound	0	4440482	0	1			0		other	0
751	344	Response	3	4450906	10424	1
751	346	Nothing	3	4451912	0	1			0		false_alarm	618
751	346	Response	3	4452249	337	1
751	346	Response	3	4454715	2803	1
751	347	Nothing	22	4480925	0	1			0		other	0
751	348	Sound	19	4490166	0	1			0		other	0
751	349	Sound	0	4514959	0	2			0		other	0
751	349	Response	3	4523141	8182	1
751	351	Nothing	3	4524147	0	1			0		false_alarm	625
751	351	Response	3	4524410	263	1
751	351	Response	3	4525711	1564	1
751	352	Nothing	22	4553160	0	1			0		other	0
751	353	Sound	19	4553570	0	2			0		other	0
751	354	Sound	0	4579443	0	2			0		other	0
751	355	Nothing	22	4599456	0	1			0		other	0
751	356	Sound	19	4609336	0	2			0		other	0
751	358	Sound	0	4638258	0	2			0		other	0
751	358	Response	3	4642843	4585	1
751	360	Nothing	3	4643847	0	1			0		false_alarm	635
751	360	Response	3	4644006	159	1
751	360	Response	3	4645326	1479	1
751	361	Nothing	22	4672870	0	1			0		other	0
751	362	Sound	19	4675320	0	2			0		other	0
751	363	Sound	0	4698633	0	2			0		other	0
751	363	Response	3	4710990	12357	2
751	365	Nothing	3	4711996	0	1			0		false_alarm	642
751	365	Response	3	4712196	200	1
751	365	Response	3	4713548	1552	1
751	365	Response	3	4714760	2764	1
751	366	Nothing	22	4741009	0	1			0		other	0
751	367	Sound	19	4746050	0	2			0		other	0
751	368	Sound	0	4769363	0	2			0		other	0
751	369	Nothing	22	4789377	0	1			0		other	0
751	370	Sound	19	4791518	0	1			0		other	0
751	370	Response	3	4792464	946	1
751	370	Response	3	4793810	2292	1
751	370	Response	3	4795177	3659	1
751	370	Response	3	4796452	4934	1
751	370	Response	3	4797966	6448	1
751	370	Response	3	4802852	11334	1
751	370	Response	3	4804316	12798	1
751	370	Response	3	4807697	16179	1
751	370	Response	3	4809149	17631	1
751	370	Response	3	4810801	19283	1
751	370	Response	3	4812695	21177	1
751	371	Sound	0	4812721	0	2			0		other	0
751	371	Response	3	4818522	5801	1
751	373	Nothing	3	4819529	0	1			0		false_alarm	664
751	373	Response	3	4819976	447	1
751	373	Response	3	4821439	1910	1
751	373	Response	3	4822707	3178	1
751	373	Response	3	4838901	19372	1
751	373	Response	3	4840657	21128	1
751	373	Response	3	4842483	22954	1
751	374	Nothing	22	4848553	0	1			0		other	0
751	375	Sound	19	4856513	0	2			0		other	0
751	376	Sound	0	4876838	0	2			0		other	0
751	377	Nothing	22	4896853	0	1			0		other	0
751	378	Sound	19	4901983	0	2			0		other	0
751	380	Sound	0	4923789	0	1			0		other	0
751	380	Response	3	4933432	9643	1
751	382	Nothing	3	4934437	0	1			0		false_alarm	678
751	382	Response	3	4934809	372	1
751	382	Response	3	4936133	1696	1
751	382	Response	3	4937498	3061	1
751	382	Response	3	4938817	4380	2
751	383	Nothing	22	4963460	0	1			0		other	0
751	384	Sound	19	4971610	0	2			0		other	0
751	385	Sound	0	4996143	0	2			0		other	0
751	385	Response	3	5005546	9403	1
751	387	Nothing	3	5006551	0	1			0		false_alarm	687
751	387	Response	3	5006977	426	1
751	387	Response	3	5008317	1766	1
751	387	Response	3	5009601	3050	1
751	388	Nothing	22	5035565	0	1			0		other	0
751	389	Sound	19	5044415	0	2			0		other	0
751	390	Sound	0	5066718	0	2			0		other	0
751	391	Nothing	22	5086731	0	1			0		other	0
751	392	Sound	19	5090585	0	2			0		other	0
751	393	Sound	0	5117381	0	2			0		other	0
751	393	Response	3	5123171	5790	1
751	395	Nothing	3	5124176	0	1			0		false_alarm	698
751	395	Response	3	5124522	346	1
751	395	Response	3	5125792	1616	1
751	395	Response	3	5126977	2801	1
751	396	Nothing	22	5153200	0	1			0		other	0
751	397	Sound	19	5156600	0	2			0		other	0
751	398	Sound	0	5184163	0	2			0		other	0
751	398	Response	3	5202658	18495	1
751	400	Nothing	3	5203662	0	1			0		false_alarm	706
751	400	Response	3	5204028	366	1
751	400	Response	3	5205342	1680	1
751	400	Response	3	5206577	2915	1
751	401	Nothing	22	5232676	0	1			0		other	0
751	402	Sound	19	5236957	0	2			0		other	0
751	404	Sound	0	5260627	0	2			0		other	0
751	404	Response	3	5260916	289	1
751	406	Nothing	3	5261921	0	1			0		false_alarm	714
751	406	Response	3	5262289	368	1
751	406	Response	3	5263512	1591	1
751	406	Response	3	5264765	2844	1
751	407	Nothing	22	5290934	0	1			0		other	0
751	408	Sound	19	5298334	0	2			0		other	0
751	409	Sound	0	5319787	0	2			0		other	0
751	409	Response	3	5329327	9540	1
751	411	Nothing	3	5330332	0	1			0		false_alarm	722
751	411	Response	3	5330719	387	1
751	411	Response	3	5332030	1698	2
751	412	Nothing	22	5359346	0	1			0		other	0
751	413	Sound	19	5363256	0	2			0		other	0
751	414	Sound	0	5388029	0	2			0		other	0
751	414	Response	3	5392684	4655	1
751	416	Nothing	3	5393688	0	1			0		false_alarm	729
751	416	Response	3	5394002	314	1
751	416	Response	3	5395271	1583	1
751	416	Response	3	5396450	2762	1
751	417	Nothing	22	5422702	0	1			0		other	0
751	418	Sound	19	5423123	0	2			0		other	0
751	419	Sound	0	5452386	0	2			0		other	0
751	420	Nothing	22	5472400	0	1			0		other	0
751	421	Sound	19	5480341	0	2			0		other	0
751	421	Response	3	5486350	6009	1
751	421	Response	3	5487838	7497	1
751	421	Response	3	5489336	8995	1
751	422	Sound	0	5504224	0	2			0		other	0
751	423	Nothing	22	5524237	0	1			0		other	0
751	424	Sound	19	5531747	0	2			0		other	0
751	426	Sound	0	5552257	0	2			0		other	0
751	426	Response	3	5565065	12808	1
751	428	Nothing	3	5566070	0	1			0		false_alarm	746
751	428	Response	3	5566482	412	1
751	428	Response	3	5567751	1681	1
751	428	Response	3	5569234	3164	1
751	429	Nothing	22	5595096	0	1			0		other	0
751	430	Sound	19	5604716	0	2			0		other	0
751	431	Sound	0	5631639	0	2			0		other	0
751	431	Response	3	5631987	348	1
751	433	Nothing	3	5632992	0	1			0		false_alarm	754
751	433	Response	3	5633359	367	1
751	433	Response	3	5634701	1709	1
751	433	Response	3	5636012	3020	1
751	434	Nothing	22	5662005	0	1			0		other	0
751	435	Sound	19	5668055	0	2			0		other	0
751	436	Sound	0	5694059	0	1			0		other	0
751	436	Response	3	5695497	1438	1
751	438	Nothing	3	5696503	0	1			0		false_alarm	762
751	438	Response	3	5696825	322	1
751	438	Response	3	5698096	1593	1
751	438	Response	3	5699391	2888	1
751	439	Nothing	22	5725516	0	1			0		other	0
751	440	Sound	19	5734937	0	2			0		other	0
751	441	Sound	0	5761230	0	2			0		other	0
751	441	Response	3	5775884	14654	1
751	443	Nothing	3	5776889	0	1			0		false_alarm	770
751	443	Response	3	5777202	313	1
751	443	Response	3	5778461	1572	1
751	444	Nothing	22	5805903	0	1			0		other	0
751	445	Sound	19	5815493	0	2			0		other	0
751	446	Sound	0	5843186	0	2			0		other	0
751	446	Response	3	5848835	5649	1
751	448	Nothing	3	5849841	0	1			0		false_alarm	777
751	448	Response	3	5850275	434	1
751	448	Response	3	5851610	1769	1
751	449	Nothing	22	5878855	0	1			0		other	0
751	450	Sound	19	5879086	0	1			0		other	0
751	452	Sound	0	5904722	0	2			0		other	0
751	453	Nothing	22	5924735	0	1			0		other	0
751	454	Sound	19	5926446	0	3			0		other	0
751	455	Sound	0	5950079	0	2			0		other	0
751	455	Response	3	5963283	13204	2
751	457	Nothing	3	5964289	0	1			0		false_alarm	787
751	457	Response	3	5964586	297	1
751	457	Response	3	5965923	1634	1
751	457	Response	3	5967222	2933	1
751	458	Nothing	22	5993313	0	1			0		other	0
751	459	Sound	19	6000924	0	2			0		other	0
751	460	Sound	0	6026227	0	2			0		other	0
751	460	Response	3	6034058	7831	1
751	462	Nothing	3	6035063	0	1			0		false_alarm	795
751	462	Response	3	6035272	209	1
751	462	Response	3	6036512	1449	1
751	463	Nothing	22	6064076	0	1			0		other	0
751	464	Sound	19	6069997	0	1			0		other	0
751	465	Sound	0	6090311	0	2			0		other	0
751	465	Response	3	6103126	12815	1
751	467	Nothing	3	6104131	0	1			0		false_alarm	802
751	467	Response	3	6104546	415	1
751	467	Response	3	6105845	1714	1
751	468	Nothing	22	6133144	0	1			0		other	0
751	469	Sound	19	6135454	0	2			0		other	0
751	470	Sound	0	6156227	0	2			0		other	0
751	471	Nothing	22	6176241	0	1			0		other	0
751	472	Sound	19	6178202	0	2			0		other	0
751	474	Sound	0	6199178	0	1			0		other	0
751	475	Nothing	22	6219193	0	1			0		other	0
751	476	Sound	19	6223653	0	2			0		other	0
751	477	Sound	0	6253516	0	2			0		other	0
751	477	Response	3	6260081	6565	1
751	479	Nothing	3	6261086	0	1			0		false_alarm	815
751	479	Response	3	6261432	346	1
751	479	Response	3	6262706	1620	1
751	480	Nothing	22	6290111	0	1			0		other	0
751	481	Sound	19	6291323	0	2			0		other	0
751	482	Sound	0	6317497	0	1			0		other	0
751	482	Response	3	6319569	2072	1
751	484	Nothing	3	6320574	0	1			0		false_alarm	822
751	484	Response	3	6320907	333	1
751	484	Response	3	6322217	1643	1
751	484	Response	3	6323487	2913	1
751	484	Response	3	6324886	4312	1
751	485	Nothing	22	6349587	0	1			0		other	0
751	486	Sound	19	6350077	0	2			0		other	0
751	487	Sound	0	6370920	0	2			0		other	0
751	488	Nothing	22	6390935	0	1			0		other	0
751	489	Sound	19	6398835	0	2			0		other	0
751	490	Sound	0	6421578	0	2			0		other	0
751	490	Response	3	6423973	2395	1
751	492	Nothing	3	6424980	0	1			0		false_alarm	834
751	492	Response	3	6425258	278	1
751	492	Response	3	6426545	1565	1
751	493	Nothing	22	6454004	0	1			0		other	0
751	494	Sound	19	6454334	0	2			0		other	0
751	496	Sound	0	6479695	0	2			0		other	0
751	496	Response	3	6483683	3988	1
751	498	Nothing	3	6484687	0	1			0		false_alarm	841
751	498	Response	3	6484930	243	1
751	498	Response	3	6486230	1543	1
751	498	Response	3	6487448	2761	1
751	499	Nothing	22	6513700	0	1			0		other	0
751	500	Sound	19	6520801	0	1			0		other	0
751	501	Sound	0	6543964	0	2			0		other	0
751	501	Response	3	6549660	5696	1
751	503	Nothing	3	6550666	0	1			0		false_alarm	849
751	503	Response	3	6551027	361	1
751	503	Response	3	6552263	1597	1
751	504	Nothing	22	6579681	0	1			0		other	0
751	505	Sound	19	6588002	0	2			0		other	0
751	506	Sound	0	6608286	0	1			0		other	0
751	506	Response	3	6616466	8180	1
751	508	Nothing	3	6617471	0	1			0		false_alarm	856
751	508	Response	3	6617781	310	1
751	508	Response	3	6619106	1635	1
751	509	Nothing	22	6646484	0	1			0		other	0
751	510	Sound	19	6648784	0	2			0		other	0
751	511	Sound	0	6669347	0	1			0		other	0
751	511	Response	3	6689102	19755	1
751	513	Nothing	3	6690107	0	1			0		false_alarm	863
751	513	Response	3	6690469	362	1
751	513	Response	3	6691758	1651	1
751	513	Response	3	6693035	2928	1
751	514	Nothing	22	6719120	0	1			0		other	0
751	515	Sound	19	6727011	0	2			0		other	0
751	516	Sound	0	6750394	0	2			0		other	0
751	516	Response	3	6761048	10654	1
751	518	Nothing	3	6762053	0	1			0		false_alarm	871
751	518	Response	3	6762348	295	1
751	518	Response	3	6763567	1514	1
751	519	Nothing	22	6791066	0	1			0		other	0
751	520	Sound	19	6791486	0	2			0		other	0
751	522	Sound	0	6812617	0	2			0		other	0
751	522	Response	3	6819923	7306	1
751	524	Nothing	3	6820928	0	1			0		false_alarm	878
751	524	Response	3	6821384	456	1
751	524	Response	3	6822657	1729	1
751	525	Nothing	22	6849940	0	1			0		other	0
751	526	Sound	19	6859661	0	2			0		other	0
751	526	Response	3	6880019	20358	1
751	527	Sound	0	6881125	0	2			0		other	0
751	527	Response	3	6881226	101	1
751	529	Nothing	3	6882231	0	1			0		false_alarm	886
751	529	Response	3	6882320	89	1
751	529	Response	3	6883635	1404	1
751	529	Response	3	6884903	2672	1
751	530	Nothing	22	6911244	0	1			0		other	0
751	531	Sound	19	6918904	0	2			0		other	0
751	532	Sound	0	6944587	0	2			0		other	0
751	532	Response	3	6950365	5778	1
751	534	Nothing	3	6951370	0	1			0		false_alarm	894
751	534	Response	3	6951705	335	1
751	534	Response	3	6953027	1657	1
751	534	Response	3	6954290	2920	1
751	535	Nothing	22	6980383	0	1			0		other	0
751	536	Sound	19	6982494	0	2			0		other	0
751	537	Sound	0	7011818	0	2			0		other	0
751	537	Response	3	7021582	9764	1
751	539	Nothing	3	7022586	0	1			0		false_alarm	902
751	539	Response	3	7022886	300	2
751	539	Response	3	7024205	1619	1
751	539	Response	3	7025508	2922	1
751	540	Nothing	22	7051599	0	1			0		other	0
751	541	Sound	19	7058661	0	2			0		other	0
751	542	Sound	0	7079044	0	2			0		other	0
751	542	Response	3	7089247	10203	1
751	544	Nothing	3	7090252	0	1			0		false_alarm	910
751	544	Response	3	7090560	308	1
751	544	Response	3	7091828	1576	1
751	544	Response	3	7093133	2881	1
751	544	Response	3	7095942	5690	1
751	544	Response	3	7097401	7149	1
751	545	Nothing	22	7119265	0	1			0		other	0
751	546	Sound	19	7127956	0	2			0		other	0
751	548	Sound	0	7149391	0	2			0		other	0
751	548	Response	3	7158944	9553	1
751	550	Nothing	3	7159949	0	1			0		false_alarm	920
751	550	Response	3	7160273	324	2
751	550	Response	3	7161664	1715	1
751	551	Nothing	22	7188962	0	1			0		other	0
751	552	Sound	19	7198653	0	2			0		other	0
751	553	Sound	0	7218766	0	2			0		other	0
751	554	Nothing	22	7238779	0	1			0		other	0
751	555	Sound	19	7246489	0	2			0		other	0
751	556	Sound	0	7269982	0	2			0		other	0
751	556	Response	3	7272570	2588	1
751	558	Nothing	3	7273575	0	1			0		false_alarm	930
751	558	Response	3	7273850	275	1
751	558	Response	3	7276217	2642	1
751	558	Response	3	7277522	3947	1
751	559	Nothing	22	7302599	0	1			0		other	0
751	560	Sound	19	7307340	0	2			0		other	0
751	561	Sound	0	7329953	0	2			0		other	0
751	561	Response	3	7337443	7490	1
751	563	Nothing	3	7338448	0	1			0		false_alarm	938
751	563	Response	3	7338868	420	1
751	563	Response	3	7340172	1724	1
751	563	Response	3	7341489	3041	1
751	564	Nothing	22	7367462	0	1			0		other	0
751	565	Sound	19	7371492	0	2			0		other	0
751	566	Sound	0	7396685	0	2			0		other	0
751	566	Response	3	7403372	6687	1
751	568	Nothing	3	7404378	0	1			0		false_alarm	946
751	568	Response	3	7404680	302	1
751	568	Response	3	7406001	1623	1
751	568	Response	3	7407181	2803	1
751	569	Nothing	22	7433391	0	1			0		other	0
751	570	Sound	19	7435022	0	1			0		other	0
751	572	Sound	0	7461900	0	2			0		other	0
751	572	Response	3	7463681	1781	1
751	574	Nothing	3	7464686	0	1			0		false_alarm	954
751	574	Response	3	7464937	251	1
751	574	Response	3	7466199	1513	1
751	574	Response	3	7467621	2935	1
751	575	Nothing	22	7493699	0	1			0		other	0
751	576	Sound	19	7499639	0	2			0		other	0
751	577	Sound	0	7521852	0	2			0		other	0
751	578	Nothing	22	7541865	0	1			0		other	0
751	579	Sound	19	7547237	0	1			0		other	0
751	580	Sound	0	7569120	0	2			0		other	0
751	581	Nothing	22	7589133	0	1			0		other	0
751	582	Sound	19	7590035	0	2			0		other	0
751	583	Sound	0	7617418	0	2			0		other	0
751	583	Response	3	7629684	12266	1
751	585	Nothing	3	7630689	0	1			0		false_alarm	968
751	585	Response	3	7631078	389	1
751	585	Response	3	7633450	2761	1
751	585	Response	3	7634882	4193	1
751	586	Nothing	22	7659714	0	1			0		other	0
751	587	Sound	19	7662325	0	2			0		other	0
751	588	Sound	0	7689231	0	2			0		other	0
751	588	Response	3	7695867	6636	1
751	590	Nothing	3	7696872	0	1			0		false_alarm	976
751	590	Response	3	7697194	322	1
751	590	Response	3	7698411	1539	1
751	590	Response	3	7699656	2784	1
751	591	Nothing	22	7725885	0	1			0		other	0
751	592	Sound	19	7729185	0	2			0		other	0
751	594	Sound	0	7753727	0	3			0		other	0
751	594	Response	3	7754474	747	1
751	596	Nothing	3	7755480	0	1			0		false_alarm	984
751	596	Response	3	7755741	261	1
751	596	Response	3	7758076	2596	1
751	597	Nothing	22	7784493	0	1			0		other	0
751	598	Sound	19	7786745	0	2			0		other	0
751	599	Sound	0	7811158	0	2			0		other	0
751	599	Response	3	7819306	8148	1
751	601	Nothing	3	7820311	0	1			0		false_alarm	991
751	601	Response	3	7820527	216	1
751	601	Response	3	7821839	1528	1
751	601	Response	3	7823136	2825	1
751	602	Nothing	22	7849326	0	1			0		other	0
751	603	Sound	19	7854126	0	2			0		other	0
751	604	Sound	0	7881590	0	1			0		other	0
751	604	Response	3	7889507	7917	2
751	606	Nothing	3	7890512	0	1			0		false_alarm	999
751	606	Response	3	7890737	225	1
751	606	Response	3	7891988	1476	1
751	606	Response	3	7893302	2790	1
751	607	Nothing	22	7919525	0	1			0		other	0
751	608	Sound	19	7920066	0	2			0		other	0
751	609	Sound	0	7942959	0	2			0		other	0
751	609	Response	3	7953819	10860	1
751	611	Nothing	3	7954825	0	1			0		false_alarm	1007
751	611	Response	3	7955140	315	1
751	611	Response	3	7956502	1677	1
751	611	Response	3	7957828	3003	1
751	612	Nothing	22	7983838	0	1			0		other	0
751	613	Sound	19	7989699	0	2			0		other	0
751	614	Sound	0	8015872	0	2			0		other	0
751	614	Response	3	8020226	4354	1
751	616	Nothing	3	8021231	0	1			0		false_alarm	1015
751	616	Response	3	8021421	190	2
751	616	Response	3	8022708	1477	1
751	617	Nothing	22	8050245	0	1			0		other	0
751	618	Sound	19	8055726	0	1			0		other	0
751	620	Sound	0	8083139	0	2			0		other	0
751	620	Response	3	8086130	2991	1
751	622	Nothing	3	8087135	0	1			0		false_alarm	1022
751	622	Response	3	8087249	114	84
751	622	Response	3	8088505	1370	1
751	623	Nothing	22	8116149	0	1			0		other	0
751	624	Sound	19	8118969	0	2			0		other	0
751	625	Sound	0	8145762	0	2			0		other	0
751	625	Response	3	8152815	7053	1
751	627	Nothing	3	8153821	0	1			0		false_alarm	1029
751	627	Response	3	8154153	332	2
751	627	Response	3	8155454	1633	1
751	628	Nothing	22	8182835	0	1			0		other	0
751	629	Sound	19	8185556	0	2			0		other	0
751	629	Response	3	8212770	27214	1
751	629	Response	3	8214220	28664	1
751	630	Sound	0	8214539	0	2			0		other	0
751	630	Response	3	8215619	1080	1
751	632	Nothing	3	8216624	0	1			0		false_alarm	1038
751	632	Response	3	8216807	183	1
751	632	Response	3	8218231	1607	1
751	632	Response	3	8219557	2933	2
751	633	Nothing	22	8245638	0	1			0		other	0
751	634	Sound	19	8252339	0	2			0		other	0
751	635	Sound	0	8277472	0	2			0		other	0
751	635	Response	3	8286920	9448	1
751	637	Nothing	3	8287925	0	1			0		false_alarm	1046
751	637	Response	3	8288209	284	1
751	637	Response	3	8289591	1666	1
751	637	Response	3	8290867	2942	1
751	638	Nothing	22	8316938	0	1			0		other	0
751	639	Sound	19	8321909	0	1			0		other	0
751	640	Sound	0	8345452	0	2			0		other	0
751	641	Nothing	22	8365465	0	1			0		other	0
751	642	Sound	19	8367656	0	2			0		other	0
751	644	Sound	0	8393873	0	2			0		other	0
751	644	Response	3	8400106	6233	1
751	646	Nothing	3	8401112	0	1			0		false_alarm	1057
751	646	Response	3	8401374	262	1
751	646	Response	3	8402747	1635	1
751	646	Response	3	8403894	2782	1
751	647	Nothing	22	8430137	0	1			0		other	0
751	648	Sound	19	8436148	0	2			0		other	0
751	649	Sound	0	8465401	0	2			0		other	0
751	649	Response	3	8477299	11898	1
751	651	Nothing	3	8478304	0	1			0		false_alarm	1065
751	651	Response	3	8478671	367	1
751	651	Response	3	8479965	1661	1
751	651	Response	3	8481304	3000	1
751	652	Nothing	22	8507317	0	1			0		other	0
751	653	Sound	19	8516568	0	2			0		other	0
751	654	Sound	0	8541631	0	2			0		other	0
751	654	Response	3	8553640	12009	1
751	656	Nothing	3	8554645	0	1			0		false_alarm	1073
751	656	Response	3	8554905	260	1
751	656	Response	3	8556229	1584	1
751	656	Response	3	8557430	2785	1
751	657	Nothing	22	8583667	0	1			0		other	0
751	658	Sound	19	8588898	0	2			0		other	0
751	659	Sound	0	8612332	0	2			0		other	0
751	659	Response	3	8619819	7487	1
751	661	Nothing	3	8620825	0	1			0		false_alarm	1081
751	661	Response	3	8621003	178	1
751	661	Response	3	8622222	1397	1
751	662	Nothing	22	8649838	0	1			0		other	0
751	663	Sound	19	8659298	0	2			0		other	0
751	664	Sound	0	8682891	0	2			0		other	0
751	664	Response	3	8691230	8339	1
751	666	Nothing	3	8692235	0	1			0		false_alarm	1088
751	666	Response	3	8692401	166	1
751	666	Response	3	8693652	1417	1
751	666	Response	3	8694952	2717	1
751	667	Nothing	22	8721249	0	1			0		other	0
751	668	Sound	19	8723109	0	2			0		other	0
751	670	Sound	0	8749764	0	2			0		other	0
751	670	Response	3	8763116	13352	1
751	672	Nothing	3	8764121	0	1			0		false_alarm	1096
751	672	Response	3	8764385	264	1
751	672	Response	3	8765650	1529	1
751	672	Response	3	8766910	2789	1
751	673	Nothing	22	8793135	0	1			0		other	0
751	674	Sound	19	8799895	0	2			0		other	0
751	675	Sound	0	8820588	0	2			0		other	0
751	676	Nothing	22	8840601	0	1			0		other	0
751	677	Sound	19	8847711	0	2			0		other	0
751	678	Sound	0	8874374	0	2			0		other	0
751	679	Nothing	22	8894388	0	1			0		other	0
751	680	Sound	19	8895679	0	1			0		other	0
751	681	Sound	0	8921342	0	2			0		other	0
751	681	Response	3	8930891	9549	1
751	683	Nothing	3	8931895	0	1			0		false_alarm	1110
751	683	Response	3	8932241	346	1
751	683	Response	3	8933438	1543	1
751	683	Response	3	8934688	2793	1
751	684	Nothing	22	8960919	0	1			0		other	0
751	685	Sound	19	8966519	0	2			0		other	0
751	686	Sound	0	8989642	0	2			0		other	0
751	686	Response	3	9008967	19325	1
751	688	Nothing	3	9009972	0	1			0		false_alarm	1118
751	688	Response	3	9010473	501	1
751	688	Response	3	9011774	1802	1
751	688	Response	3	9012978	3006	1
751	689	Nothing	22	9038985	0	1			0		other	0
751	690	Sound	19	9042296	0	1			0		other	0
751	692	Sound	0	9064288	0	2			0		other	0
751	693	Nothing	22	9084302	0	1			0		other	0
751	694	Sound	19	9086645	0	2			0		other	0
751	694	Response	3	9089095	2450	1
751	694	Response	3	9090466	3821	1
751	694	Response	3	9094909	8264	1
751	694	Response	3	9096282	9637	1
751	694	Response	3	9097673	11028	2
751	694	Response	3	9101388	14743	1
751	694	Response	3	9104915	18270	1
751	695	Sound	0	9107358	0	2			0		other	0
751	695	Response	3	9113009	5651	1
751	697	Nothing	3	9114014	0	1			0		false_alarm	1136
751	697	Response	3	9114406	392	1
751	697	Response	3	9115834	1820	1
751	697	Response	3	9117165	3151	1
751	698	Nothing	22	9143039	0	1			0		other	0
751	699	Sound	19	9148230	0	1			0		other	0
751	700	Sound	0	9169443	0	2			0		other	0
751	701	Nothing	22	9189458	0	2			0		other	0
751	702	Sound	19	9197919	0	2			0		other	0
751	703	Sound	0	9224455	0	2			0		other	0
751	704	Nothing	22	9244469	0	1			0		other	0
751	705	Sound	19	9247890	0	2			0		other	0
751	706	Sound	0	9271894	0	2			0		other	0
751	707	Nothing	22	9291908	0	1			0		other	0
751	708	Sound	19	9299979	0	2			0		other	0
751	710	Sound	0	9329895	0	1			0		other	0
751	710	Response	3	9337347	7452	1
751	712	Nothing	3	9338352	0	1			0		false_alarm	1153
751	712	Response	3	9338734	382	1
751	712	Response	3	9339952	1600	1
751	712	Response	3	9341301	2949	2
751	713	Nothing	22	9367377	0	1			0		other	0
751	714	Sound	19	9371257	0	2			0		other	0
751	715	Sound	0	9396810	0	2			0		other	0
751	715	Response	3	9409498	12688	1
751	717	Nothing	3	9410504	0	1			0		false_alarm	1161
751	717	Response	3	9410735	231	1
751	717	Response	3	9411947	1443	1
751	717	Response	3	9413166	2662	1
751	718	Nothing	22	9439517	0	1			0		other	0
751	719	Sound	19	9446068	0	1			0		other	0
751	720	Sound	0	9470942	0	2			0		other	0
751	721	Nothing	22	9490956	0	1			0		other	0
751	722	Sound	19	9496817	0	1			0		other	0
751	723	Sound	0	9520834	0	2			0		other	0
751	724	Nothing	22	9540849	0	1			0		other	0
751	725	Sound	19	9544709	0	2			0		other	0
751	726	Sound	0	9564943	0	1			0		other	0
751	727	Nothing	22	9584956	0	1			0		other	0
751	728	Sound	19	9593526	0	2			0		other	0
751	730	Sound	0	9616752	0	2			0		other	0
751	730	Response	3	9622936	6184	1
751	732	Nothing	3	9623941	0	1			0		false_alarm	1178
751	732	Response	3	9626649	2708	1
751	732	Response	3	9628094	4153	1
751	732	Response	3	9629182	5241	1
751	732	Response	3	9630606	6665	1
751	733	Nothing	22	9652966	0	1			0		other	0
751	734	Sound	19	9660266	0	2			0		other	0
751	735	Sound	0	9686089	0	2			0		other	0
751	736	Nothing	22	9706102	0	1			0		other	0
751	737	Sound	19	9706492	0	2			0		other	0
751	738	Sound	0	9727915	0	2			0		other	0
751	739	Nothing	22	9747928	0	1			0		other	0
751	740	Sound	19	9752031	0	2			0		other	0
751	741	Sound	0	9780935	0	2			0		other	0
751	742	Nothing	22	9800949	0	1			0		other	0
751	743	Sound	19	9809869	0	2			0		other	0
751	744	Sound	0	9832602	0	2			0		other	0
751	745	Nothing	22	9852615	0	1			0		other	0
751	746	Sound	19	9858375	0	2			0		other	0
751	748	Sound	0	9882611	0	2			0		other	0
751	748	Response	3	9897976	15365	1
751	750	Nothing	3	9898981	0	1			0		false_alarm	1199
751	750	Response	3	9899432	451	1
751	750	Response	3	9900913	1932	1
751	750	Response	3	9902335	3354	1
751	751	Nothing	22	9928005	0	1			0		other	0
751	752	Sound	19	9935206	0	1			0		other	0
751	753	Sound	0	9964069	0	2			0		other	0
751	754	Nothing	22	9984082	0	1			0		other	0
751	755	Sound	19	9991862	0	2			0		other	0
751	756	Sound	0	10016695	0	2			0		other	0
751	757	Nothing	22	10036708	0	1			0		other	0
751	758	Sound	19	10042359	0	2			0		other	0
751	759	Sound	0	10070132	0	2			0		other	0
751	760	Nothing	22	10090145	0	1			0		other	0
751	761	Sound	19	10091475	0	3			0		other	0
751	762	Sound	0	10115608	0	2			0		other	0
751	763	Nothing	22	10135622	0	1			0		other	0
751	764	Sound	19	10140663	0	2			0		other	0
751	766	Sound	0	10167864	0	1			0		other	0
751	766	Response	3	10171913	4049	2
751	768	Nothing	3	10172919	0	1			0		false_alarm	1219
751	768	Response	3	10173236	317	1
751	768	Response	3	10174471	1552	1
751	768	Response	3	10175809	2890	1
751	769	Nothing	22	10201944	0	1			0		other	0
751	770	Sound	19	10207274	0	2			0		other	0
751	771	Sound	0	10233448	0	1			0		other	0
751	771	Response	3	10241150	7702	2
751	773	Nothing	3	10242156	0	1			0		false_alarm	1227
751	773	Response	3	10242334	178	1
751	773	Response	3	10243760	1604	1
751	773	Response	3	10245027	2871	1
751	774	Nothing	22	10271168	0	1			0		other	0
751	775	Sound	19	10279328	0	2			0		other	0
751	776	Sound	0	10307841	0	2			0		other	0
751	777	Nothing	22	10327854	0	1			0		other	0
751	778	Sound	19	10337185	0	1			0		other	0
751	779	Sound	0	10358058	0	2			0		other	0
751	779	Response	3	10375838	17780	1
751	781	Nothing	3	10376844	0	1			0		false_alarm	1238
751	781	Response	3	10377216	372	1
751	781	Response	3	10378631	1787	1
751	782	Nothing	22	10405869	0	1			0		other	0
751	783	Sound	19	10411881	0	30			0		other	0
751	784	Sound	0	10438784	0	2			0		other	0
751	784	Response	3	10445532	6748	1
751	786	Nothing	3	10446537	0	1			0		false_alarm	1245
751	786	Response	3	10446773	236	1
751	786	Response	3	10448028	1491	2
751	787	Nothing	22	10475551	0	1			0		other	0
751	788	Sound	19	10478311	0	2			0		other	0
751	790	Sound	0	10503053	0	2			0		other	0
751	791	Nothing	22	10523066	0	1			0		other	0
751	792	Sound	19	10527997	0	2			0		other	0
751	793	Sound	0	10552080	0	2			0		other	0
751	794	Nothing	22	10572093	0	1			0		other	0
751	795	Sound	19	10579374	0	2			0		other	0
751	796	Sound	0	10604347	0	2			0		other	0
751	796	Response	3	10616280	11933	1
751	798	Nothing	3	10617285	0	1			0		false_alarm	1258
751	798	Response	3	10617650	365	1
751	798	Response	3	10619014	1729	1
751	799	Nothing	22	10646309	0	1			0		other	0
751	800	Sound	19	10654999	0	2			0		other	0
751	801	Sound	0	10679492	0	2			0		other	0
751	802	Nothing	22	10699507	0	1			0		other	0
751	803	Sound	19	10702027	0	2			0		other	0
751	804	Sound	0	10725540	0	2			0		other	0
751	805	Nothing	22	10745553	0	1			0		other	0
751	806	Sound	19	10750253	0	2			0		other	0
751	808	Sound	0	10777779	0	1			0		other	0
751	808	Response	3	10784407	6628	1
751	810	Nothing	3	10785412	0	1			0		false_alarm	1271
751	810	Response	3	10785782	370	1
751	810	Response	3	10786972	1560	1
751	810	Response	3	10788122	2710	30
751	810	Response	3	10789531	4119	1
751	810	Response	3	10790862	5450	1
751	811	Nothing	22	10814436	0	1			0		other	0
751	812	Sound	19	10823626	0	2			0		other	0
751	813	Sound	0	10843800	0	2			0		other	0
751	814	Nothing	22	10863814	0	1			0		other	0
751	815	Sound	19	10873575	0	1			0		other	0
751	816	Sound	0	10897199	0	2			0		other	0
751	817	Nothing	22	10917212	0	1			0		other	0
751	818	Sound	19	10919573	0	2			0		other	0
751	819	Sound	0	10940836	0	2			0		other	0
751	819	Response	3	10950294	9458	1
751	821	Nothing	3	10951298	0	1			0		false_alarm	1287
751	821	Response	3	10951720	422	2
751	821	Response	3	10952997	1699	1
751	821	Response	3	10954275	2977	1
751	822	Nothing	22	10980322	0	1			0		other	0
751	823	Sound	19	10989682	0	2			0		other	0
751	824	Sound	0	11016905	0	2			0		other	0
751	825	Nothing	22	11036919	0	1			0		other	0
751	826	Sound	19	11038840	0	1			0		other	0
751	828	Sound	0	11067156	0	2			0		other	0
751	828	Response	3	11076706	9550	1
751	830	Nothing	3	11077712	0	1			0		false_alarm	1298
751	830	Response	3	11078033	321	1
751	830	Response	3	11079344	1632	1
751	831	Nothing	22	11106738	0	1			0		other	0
751	832	Sound	19	11109898	0	2			0		other	0
751	833	Sound	0	11136192	0	2			0		other	0
751	833	Response	3	11156054	19862	1
751	835	Nothing	3	11157059	0	1			0		false_alarm	1305
751	835	Response	3	11157358	299	2
751	835	Response	3	11158606	1547	1
751	836	Nothing	22	11186074	0	1			0		other	0
751	837	Sound	19	11193435	0	1			0		other	0
751	837	Response	3	11204612	11177	1
751	837	Response	3	11206149	12714	1
751	837	Response	3	11207685	14250	1
751	837	Response	3	11209417	15982	1
751	837	Response	3	11210959	17524	1
751	838	Sound	0	11217120	0	2			0		other	0
751	838	Response	3	11223049	5929	1
751	840	Nothing	3	11224054	0	1			0		false_alarm	1317
751	840	Response	3	11224541	487	1
751	840	Response	3	11226084	2030	1
751	840	Response	3	11227460	3406	1
751	841	Nothing	22	11253067	0	1			0		other	0
751	842	Sound	19	11260318	0	2			0		other	0
751	843	Sound	0	11286501	0	2			0		other	0
751	844	Nothing	22	11306514	0	1			0		other	0
751	845	Sound	19	11312996	0	2			0		other	0
751	846	Sound	0	11339099	0	2			0		other	0
751	847	Nothing	22	11359113	0	1			0		other	0
751	848	Sound	19	11366335	0	1			0		other	0
751	850	Sound	0	11387715	0	2			0		other	0
751	850	Response	3	11400070	12355	1
751	852	Nothing	3	11401076	0	1			0		false_alarm	1331
751	852	Response	3	11401427	351	1
751	852	Response	3	11402733	1657	1
751	853	Nothing	22	11430099	0	1			0		other	0
751	854	Sound	19	11433030	0	2			0		other	0
751	855	Sound	0	11454194	0	1			0		other	0
751	856	Nothing	22	11474207	0	1			0		other	0
751	857	Sound	19	11478697	0	2			0		other	0
751	858	Sound	0	11500950	0	2			0		other	0
751	858	Response	3	11509165	8215	1
751	860	Nothing	3	11510170	0	1			0		false_alarm	1341
751	860	Response	3	11510382	212	1
751	860	Response	3	11511749	1579	1
751	861	Nothing	22	11539195	0	1			0		other	0
751	862	Sound	19	11542346	0	1			0		other	0
751	863	Sound	0	11564739	0	2			0		other	0
751	864	Nothing	22	11584752	0	1			0		other	0
751	865	Sound	19	11590863	0	3			0		other	0
751	866	Sound	0	11616956	0	2			0		other	0
751	866	Response	3	11624793	7837	1
751	868	Nothing	3	11625799	0	1			0		false_alarm	1351
751	868	Response	3	11626196	397	1
751	868	Response	3	11627555	1756	1
751	869	Nothing	22	11654823	0	1			0		other	0
751	870	Sound	19	11658323	0	2			0		other	0
751	872	Sound	0	11683986	0	2			0		other	0
751	873	Nothing	22	11703999	0	1			0		other	0
751	874	Sound	19	11705539	0	2			0		other	0
751	875	Sound	0	11733722	0	2			0		other	0
751	876	Nothing	22	11753737	0	1			0		other	0
751	877	Sound	19	11761799	0	2			0		other	0
751	878	Sound	0	11784864	0	1			0		other	0
751	878	Response	3	11798114	13250	1
751	880	Nothing	3	11799119	0	1			0		false_alarm	1364
751	880	Response	3	11799408	289	1
751	880	Response	3	11800617	1498	1
751	881	Nothing	22	11828144	0	1			0		other	0
751	882	Sound	19	11832435	0	1			0		other	0
751	883	Sound	0	11856578	0	2			0		other	0
751	884	Nothing	22	11876592	0	1			0		other	0
751	885	Sound	19	11881684	0	2			0		other	0
751	886	Sound	0	11909417	0	2			0		other	0
751	887	Nothing	22	11929431	0	1			0		other	0
751	888	Sound	19	11933972	0	2			0		other	0
751	890	Sound	0	11955462	0	2			0		other	0
751	891	Nothing	22	11975475	0	1			0		other	0
751	892	Sound	19	11975726	0	1			0		other	0
751	893	Sound	0	12003320	0	1			0		other	0
751	894	Nothing	22	12023333	0	1			0		other	0
751	895	Sound	19	12030253	0	2			0		other	0
751	896	Sound	0	12052437	0	2			0		other	0
751	896	Response	3	12065440	13003	1
751	898	Nothing	3	12066446	0	1			0		false_alarm	1383
751	898	Response	3	12066655	209	1
751	898	Response	3	12067929	1483	1
751	899	Nothing	22	12095470	0	1			0		other	0
751	900	Sound	19	12096630	0	2			0		other	0
751	901	Sound	0	12119174	0	1			0		other	0
751	902	Nothing	22	12139187	0	1			0		other	0
751	903	Sound	19	12144507	0	2			0		other	0
751	904	Sound	0	12170830	0	2			0		other	0
751	904	Response	3	12177094	6264	1
751	906	Nothing	3	12178100	0	1			0		false_alarm	1393
751	906	Response	3	12178485	385	1
751	906	Response	3	12179799	1699	1
751	907	Nothing	22	12207124	0	1			0		other	0
751	908	Sound	19	12213054	0	2			0		other	0
751	910	Sound	0	12242818	0	1			0		other	0
751	910	Response	3	12252044	9226	1
751	912	Nothing	3	12253050	0	1			0		false_alarm	1400
751	912	Response	3	12253195	145	1
751	912	Response	3	12254494	1444	1
751	912	Response	3	12255773	2723	1
751	913	Nothing	22	12282063	0	1			0		other	0
751	914	Sound	19	12284784	0	2			0		other	0
751	915	Sound	0	12314407	0	2			0		other	0
751	916	Nothing	22	12334423	0	1			0		other	0
751	917	Sound	19	12336863	0	2			0		other	0
751	918	Sound	0	12361147	0	2			0		other	0
751	918	Response	3	12366160	5013	1
751	920	Nothing	3	12367164	0	1			0		false_alarm	1411
751	920	Response	3	12367337	173	1
751	920	Response	3	12368572	1408	2
751	921	Nothing	22	12396189	0	1			0		other	0
751	922	Sound	19	12398229	0	2			0		other	0
751	923	Sound	0	12425382	0	2			0		other	0
751	924	Nothing	22	12445395	0	1			0		other	0
751	925	Sound	19	12450526	0	2			0		other	0
751	926	Sound	0	12472170	0	1			0		other	0
751	927	Nothing	22	12492183	0	1			0		other	0
751	928	Sound	19	12498304	0	1			0		other	0
751	930	Sound	0	12526270	0	2			0		other	0
751	931	Nothing	22	12546283	0	1			0		other	0
751	932	Sound	19	12548014	0	2			0		other	0
751	933	Sound	0	12577527	0	2			0		other	0
751	934	Nothing	22	12597542	0	1			0		other	0
751	935	Sound	19	12602112	0	2			0		other	0
751	936	Sound	0	12626985	0	2			0		other	0
751	937	Nothing	22	12646998	0	1			0		other	0
751	938	Sound	19	12647948	0	2			0		other	0
751	939	Sound	0	12670071	0	2			0		other	0
751	940	Nothing	22	12690084	0	1			0		other	0
751	941	Sound	19	12695185	0	2			0		other	0
751	942	Sound	0	12724018	0	2			0		other	0
751	942	Response	3	12732602	8584	1
751	944	Nothing	3	12733606	0	1			0		false_alarm	1436
751	944	Response	3	12733980	374	1
751	944	Response	3	12735206	1600	1
751	945	Nothing	22	12762630	0	1			0		other	0
751	946	Sound	19	12771481	0	2			0		other	0
751	948	Sound	0	12793529	0	3			0		other	0
751	949	Nothing	22	12813544	0	1			0		other	0
751	950	Sound	19	12816975	0	2			0		other	0
751	951	Sound	0	12843609	0	1			0		other	0
751	952	Nothing	22	12863622	0	1			0		other	0
751	953	Sound	19	12869162	0	2			0		other	0
751	954	Sound	0	12899005	0	2			0		other	0
751	955	Nothing	22	12919018	0	1			0		other	0
751	956	Sound	19	12927680	0	1			0		other	0
751	957	Sound	0	12951113	0	2			0		other	0
751	957	Response	3	12964028	12915	1
751	959	Nothing	3	12965033	0	1			0		false_alarm	1452
751	959	Response	3	12965178	145	1
751	959	Response	3	12967692	2659	1
751	960	Nothing	22	12994056	0	1			0		other	0
751	961	Sound	19	12998428	0	2			0		other	0
751	961	Response	3	13008645	10217	1
751	961	Response	3	13010184	11756	1
751	962	Sound	0	13019302	0	2			0		other	0
751	963	Nothing	22	13039315	0	1			0		other	0
751	964	Sound	19	13044116	0	2			0		other	0
751	966	Sound	0	13066397	0	2			0		other	0
751	967	Nothing	22	13086411	0	1			0		other	0
751	968	Sound	19	13090042	0	2			0		other	0
751	969	Sound	0	13118916	0	2			0		other	0
751	970	Nothing	22	13138930	0	1			0		other	0
751	971	Sound	19	13138980	0	2			0		other	0
751	972	Sound	0	13164784	0	2			0		other	0
751	973	Nothing	22	13184797	0	1			0		other	0
751	974	Sound	19	13190447	0	2			0		other	0
751	975	Sound	0	13212381	0	1			0		other	0
751	975	Response	3	13219896	7515	1
751	977	Nothing	3	13220901	0	1			0		false_alarm	1473
751	977	Response	3	13221152	251	1
751	977	Response	3	13222474	1573	1
751	978	Nothing	22	13249926	0	1			0		other	0
751	979	Sound	19	13251246	0	2			0		other	0
751	980	Sound	0	13272170	0	1			0		other	0
751	981	Nothing	22	13292183	0	1			0		other	0
751	982	Sound	19	13292294	0	1			0		other	0
751	984	Sound	0	13312737	0	2			0		other	0
751	985	Nothing	22	13332750	0	1			0		other	0
751	986	Sound	19	13337881	0	1			0		other	0
751	987	Sound	0	13366626	0	2			0		other	0
751	988	Nothing	22	13386640	0	1			0		other	0
751	989	Sound	19	13389771	0	2			0		other	0
751	990	Sound	0	13413215	0	2			0		other	0
751	991	Nothing	22	13433229	0	1			0		other	0
751	992	Sound	19	13443209	0	2			0		other	0
751	993	Sound	0	13470242	0	2			0		other	0
751	994	Nothing	22	13490255	0	1			0		other	0
751	995	Sound	19	13491235	0	2			0		other	0
751	996	Sound	0	13516399	0	2			0		other	0
751	997	Nothing	22	13536413	0	1			0		other	0
751	998	Sound	19	13542755	0	1			0		other	0
751	1000	Sound	0	13563579	0	2			0		other	0
751	1001	Nothing	22	13583592	0	1			0		other	0
751	1002	Sound	19	13590942	0	2			0		other	0
751	1003	Sound	0	13619885	0	2			0		other	0
751	1003	Response	3	13627835	7950	1
751	1005	Nothing	3	13628840	0	1			0		false_alarm	1501
751	1005	Response	3	13629124	284	1
751	1005	Response	3	13630398	1558	2
751	1006	Nothing	22	13657864	0	1			0		other	0
751	1007	Sound	19	13659645	0	1			0		other	0
751	1008	Sound	0	13680568	0	2			0		other	0
751	1009	Nothing	22	13700583	0	1			0		other	0
751	1010	Sound	19	13703334	0	2			0		other	0
751	1011	Sound	0	13728947	0	2			0		other	0
751	1012	Nothing	22	13748960	0	1			0		other	0
751	1013	Sound	19	13754751	0	2			0		other	0
751	1014	Sound	0	13776717	0	2			0		other	0
751	1015	Nothing	22	13796731	0	1			0		other	0
751	1016	Sound	19	13796891	0	2			0		other	0
751	1018	Sound	0	13821364	0	2			0		other	0
751	1019	Nothing	22	13841377	0	1			0		other	0
751	1020	Sound	19	13842550	0	1			0		other	0
751	1021	Sound	0	13862795	0	2			0		other	0
751	1022	Nothing	22	13882809	0	1			0		other	0
751	1023	Sound	19	13888250	0	1			0		other	0
751	1024	Sound	0	13909783	0	2			0		other	0
751	1025	Nothing	22	13929796	0	1			0		other	0
751	1026	Sound	19	13930146	0	2			0		other	0
751	1027	Sound	0	13959259	0	2			0		other	0
751	1028	Nothing	22	13979273	0	1			0		other	0
751	1029	Sound	19	13984513	0	2			0		other	0
751	1030	Sound	0	14011176	0	2			0		other	0
751	1031	Nothing	22	14031190	0	1			0		other	0
751	1032	Sound	19	14035840	0	2			0		other	0
751	1034	Sound	0	14061355	0	1			0		other	0
751	1035	Nothing	22	14081368	0	1			0		other	0
751	1036	Sound	19	14086108	0	2			0		other	0
751	1037	Sound	0	14114751	0	2			0		other	0
751	1038	Nothing	22	14134765	0	1			0		other	0
751	1039	Sound	19	14139605	0	2			0		other	0
751	1040	Sound	0	14168768	0	2			0		other	0
751	1041	Nothing	22	14188781	0	1			0		other	0
751	1042	Sound	19	14192042	0	2			0		other	0
751	1043	Sound	0	14215755	0	2			0		other	0
751	1044	Nothing	22	14235768	0	1			0		other	0
751	1045	Sound	19	14244030	0	1			0		other	0
751	1046	Sound	0	14267084	0	1			0		other	0
751	1047	Nothing	22	14287100	0	1			0		other	0
751	1048	Sound	19	14290540	0	2			0		other	0
751	1050	Sound	0	14320547	0	2			0		other	0
751	1051	Nothing	22	14340559	0	1			0		other	0
751	1052	Sound	19	14347469	0	2			0		other	0
751	1053	Sound	0	14368352	0	2			0		other	0
751	1054	Nothing	22	14388365	0	1			0		other	0
751	1055	Sound	19	14389396	0	2			0		other	0
751	1056	Sound	0	14414269	0	1			0		other	0
751	1057	Nothing	22	14434282	0	1			0		other	0
751	1058	Sound	19	14434432	0	2			0		other	0
751	1059	Sound	0	14457906	0	2			0		other	0
751	1060	Nothing	22	14477920	0	1			0		other	0
751	1061	Sound	19	14481081	0	2			0		other	0
751	1062	Sound	0	14510115	0	1			0		other	0
751	1062	Response	2	14522992	12877	1
751	1064	Nothing	3	14523997	0	1			0		other	0
751	1065	Nothing	22	14553024	0	1			0		other	0
751	1066	Sound	19	14556034	0	2			0		other	0
751	1068	Sound	0	14582394	0	2			0		other	0
751	1069	Nothing	22	14602407	0	1			0		other	0
751	1070	Sound	19	14602937	0	2			0		other	0
751	1071	Sound	0	14627700	0	2			0		other	0
751	1072	Nothing	22	14647713	0	1			0		other	0
751	1073	Sound	19	14650214	0	2			0		other	0
751	1074	Sound	0	14670397	0	2			0		other	0
751	1075	Nothing	22	14690410	0	1			0		other	0
751	1076	Sound	19	14699921	0	2			0		other	0
751	1077	Sound	0	14727524	0	2			0		other	0
751	1078	Nothing	22	14747537	0	1			0		other	0
751	1079	Sound	19	14755688	0	2			0		other	0
751	1080	Sound	0	14780203	0	2			0		other	0
751	1081	Nothing	22	14800216	0	1			0		other	0
751	1082	Sound	19	14806857	0	2			0		other	0
751	1084	Sound	0	14836184	0	1			0		other	0
751	1085	Nothing	22	14856197	0	1			0		other	0
751	1086	Sound	19	14861658	0	2			0		other	0
751	1087	Sound	0	14886491	0	2			0		other	0
751	1088	Nothing	22	14906504	0	1			0		other	0
751	1089	Sound	19	14913056	0	2			0		other	0
751	1090	Sound	0	14938399	0	2			0		other	0
751	1091	Nothing	22	14958413	0	1			0		other	0
751	1092	Sound	19	14963964	0	2			0		other	0
751	1093	Sound	0	14988698	0	2			0		other	0
751	1094	Nothing	22	15008711	0	1			0		other	0
751	1095	Sound	19	15017931	0	2			0		other	0
751	1096	Sound	0	15041914	0	2			0		other	0
751	1097	Nothing	22	15061928	0	1			0		other	0
751	1098	Sound	19	15062248	0	2			0		other	0
751	1100	Sound	0	15085679	0	2			0		other	0
751	1101	Nothing	22	15105695	0	1			0		other	0
751	1102	Sound	19	15111255	0	2			0		other	0
751	1103	Sound	0	15137648	0	2			0		other	0
751	1104	Nothing	22	15157662	0	1			0		other	0
751	1105	Sound	19	15164412	0	2			0		other	0
751	1106	Sound	0	15189626	0	2			0		other	0
751	1107	Nothing	22	15209639	0	1			0		other	0
751	1108	Sound	19	15213250	0	2			0		other	0
751	1109	Sound	0	15234853	0	2			0		other	0
751	1110	Nothing	22	15254866	0	1			0		other	0
751	1111	Sound	19	15258467	0	2			0		other	0
751	1112	Sound	0	15281180	0	2			0		other	0
751	1113	Nothing	22	15301193	0	1			0		other	0
751	1114	Sound	19	15301763	0	2			0		other	0
751	1116	Sound	0	15327667	0	2			0		other	0
751	1117	Nothing	22	15347680	0	1			0		other	0
751	1118	Sound	19	15356030	0	2			0		other	0
751	1119	Sound	0	15382843	0	2			0		other	0
751	1120	Nothing	22	15402856	0	1			0		other	0
751	1121	Sound	19	15411966	0	2			0		other	0
751	1122	Sound	0	15434399	0	2			0		other	0
751	1123	Nothing	22	15454413	0	1			0		other	0
751	1124	Sound	19	15462553	0	2			0		other	0
751	1125	Sound	0	15485787	0	1			0		other	0
751	1126	Nothing	22	15505800	0	1			0		other	0
751	1127	Sound	19	15506071	0	2			0		other	0
751	1128	Sound	0	15532575	0	1			0		other	0
751	1129	Nothing	22	15552588	0	1			0		other	0
751	1130	Sound	19	15558539	0	1			0		other	0
751	1132	Sound	0	15581424	0	2			0		other	0
751	1133	Nothing	22	15601437	0	1			0		other	0
751	1134	Sound	19	15609777	0	2			0		other	0
751	1135	Sound	0	15635310	0	2			0		other	0
751	1136	Nothing	22	15655323	0	1			0		other	0
751	1137	Sound	19	15659524	0	2			0		other	0
751	1138	Sound	0	15682238	0	2			0		other	0
751	1139	Nothing	22	15702251	0	1			0		other	0
751	1140	Sound	19	15711602	0	1			0		other	0
751	1141	Sound	0	15738785	0	2			0		other	0
751	1142	Nothing	22	15758798	0	1			0		other	0
751	1143	Sound	19	15767169	0	2			0		other	0
751	1144	Sound	0	15788653	0	2			0		other	0
751	1144	Response	3	15808177	19524	1
751	1146	Nothing	3	15809192	0	1			0		false_alarm	1636
751	1146	Response	3	15809576	384	1
751	1146	Response	3	15812254	3062	1
751	1147	Nothing	22	15838216	0	1			0		other	0
751	1148	Sound	19	15838307	0	1			0		other	0
751	1150	Sound	0	15860816	0	1			0		other	0
751	1151	Nothing	22	15880852	0	1			0		other	0
751	1152	Sound	19	15889053	0	2			0		other	0
751	1153	Sound	0	15917466	0	2			0		other	0
751	1154	Nothing	22	15937479	0	1			0		other	0
751	1155	Sound	19	15937620	0	2			0		other	0
751	1156	Sound	0	15964143	0	1			0		other	0
751	1157	Nothing	22	15984158	0	1			0		other	0
751	1158	Sound	19	15989619	0	2			0		other	0
751	1159	Sound	0	16010652	0	2			0		other	0
751	1160	Nothing	22	16030666	0	1			0		other	0
751	1161	Sound	19	16037276	0	2			0		other	0
751	1162	Sound	0	16057499	0	2			0		other	0
751	1163	Nothing	22	16077513	0	1			0		other	0
751	1164	Sound	19	16087313	0	2			0		other	0
751	1166	Sound	0	16108719	0	1			0		other	0
751	1167	Nothing	22	16128735	0	1			0		other	0
751	1168	Sound	19	16129565	0	2			0		other	0
751	1169	Sound	0	16154569	0	1			0		other	0
751	1170	Nothing	22	16174584	0	1			0		other	0
751	1171	Sound	19	16179335	0	1			0		other	0
751	1172	Sound	0	16200309	0	2			0		other	0
751	1173	Nothing	22	16220322	0	1			0		other	0
751	1174	Sound	19	16224093	0	2			0		other	0
751	1175	Sound	0	16245266	0	2			0		other	0
751	1176	Nothing	22	16265279	0	1			0		other	0
751	1177	Sound	19	16272700	0	1			0		other	0
751	1178	Sound	0	16294883	0	2			0		other	0
751	1179	Nothing	22	16314896	0	1			0		other	0
751	1180	Sound	19	16321536	0	2			0		other	0
751	1182	Sound	0	16342725	0	2			0		other	0
751	1183	Nothing	22	16362738	0	1			0		other	0
751	1184	Sound	19	16364560	0	2			0		other	0
751	1185	Sound	0	16384614	0	2			0		other	0
751	1186	Nothing	22	16404627	0	1			0		other	0
751	1187	Sound	19	16408628	0	2			0		other	0
751	1188	Sound	0	16438151	0	2			0		other	0
751	1189	Nothing	22	16458164	0	1			0		other	0
751	1190	Sound	19	16464345	0	2			0		other	0
751	1191	Sound	0	16487339	0	1			0		other	0
751	1192	Nothing	22	16507352	0	1			0		other	0
751	1193	Sound	19	16512652	0	2			0		other	0
751	1194	Sound	0	16533205	0	2			0		other	0
751	1195	Nothing	22	16553219	0	1			0		other	0
751	1196	Sound	19	16559570	0	1			0		other	0
751	1198	Sound	0	16583237	0	1			0		other	0
751	1199	Nothing	22	16603250	0	1			0		other	0
751	1200	Sound	19	16612992	0	2			0		other	0
751	1201	Sound	0	16642835	0	2			0		other	0
751	1202	Nothing	22	16662849	0	1			0		other	0
751	1203	Sound	19	16668010	0	2			0		other	0
751	1204	Sound	0	16693714	0	1			0		other	0
751	1205	Nothing	22	16713727	0	1			0		other	0
751	1206	Sound	19	16719918	0	1			0		other	0
751	1207	Sound	0	16746181	0	2			0		other	0
751	1208	Nothing	22	16766194	0	1			0		other	0
751	1209	Sound	19	16775914	0	2			0		other	0
751	1210	Sound	0	16797857	0	2			0		other	0
751	1211	Nothing	22	16817870	0	1			0		other	0
751	1212	Sound	19	16824511	0	2			0		other	0
751	1214	Sound	0	16848481	0	2			0		other	0
751	1215	Nothing	22	16868494	0	1			0		other	0
751	1216	Sound	19	16874665	0	2			0		other	0
751	1217	Sound	0	16899399	0	1			0		other	0
751	1218	Nothing	22	16919413	0	1			0		other	0
751	1219	Sound	19	16923873	0	2			0		other	0
751	1220	Sound	0	16944426	0	2			0		other	0
751	1221	Nothing	22	16964439	0	1			0		other	0
751	1222	Sound	19	16965140	0	2			0		other	0
751	1222	Response	3	16965658	518	1
751	1223	Sound	0	16991593	0	2			0		other	0
751	1224	Nothing	22	17011606	0	1			0		other	0
751	1225	Sound	19	17016976	0	2			0		other	0
751	1226	Sound	0	17044479	0	2			0		other	0
751	1227	Nothing	22	17064491	0	1			0		other	0
751	1228	Sound	19	17065012	0	2			0		other	0
751	1230	Sound	0	17085855	0	2			0		other	0
751	1231	Nothing	22	17105868	0	1			0		other	0
751	1232	Sound	19	17110869	0	2			0		other	0
751	1233	Sound	0	17137923	0	2			0		other	0
751	1234	Nothing	22	17157937	0	1			0		other	0
751	1235	Sound	19	17159948	0	2			0		other	0
751	1235	Response	2	17170490	10542	1
751	1236	Sound	0	17187501	0	2			0		other	0
751	1237	Nothing	22	17207514	0	1			0		other	0
751	1238	Sound	19	17209335	0	2			0		other	0
751	1239	Sound	0	17231668	0	2			0		other	0
751	1240	Nothing	22	17251681	0	1			0		other	0
751	1241	Sound	19	17253162	0	1			0		other	0
751	1242	Sound	0	17274645	0	2			0		other	0
751	1243	Nothing	22	17294659	0	1			0		other	0
751	1244	Sound	19	17301219	0	2			0		other	0
751	1246	Sound	0	17324083	0	1			0		other	0
751	1247	Nothing	22	17344097	0	1			0		other	0
751	1248	Sound	19	17349117	0	2			0		other	0
751	1249	Sound	0	17373950	0	3			0		other	0
751	1250	Nothing	22	17393963	0	1			0		other	0
751	1251	Sound	19	17398883	0	2			0		other	0
751	1252	Sound	0	17426818	0	2			0		other	0
751	1253	Nothing	22	17446831	0	1			0		other	0
751	1254	Sound	19	17452011	0	2			0		other	0
751	1255	Sound	0	17478374	0	2			0		other	0
751	1256	Nothing	22	17498388	0	1			0		other	0
751	1257	Sound	19	17505738	0	2			0		other	0
751	1258	Sound	0	17533672	0	2			0		other	0
751	1259	Nothing	22	17553688	0	1			0		other	0
751	1260	Sound	19	17561198	0	2			0		other	0
751	1262	Sound	0	17586206	0	2			0		other	0
751	1263	Nothing	22	17606219	0	1			0		other	0
751	1264	Sound	19	17607360	0	2			0		other	0
751	1265	Sound	0	17634033	0	2			0		other	0
751	1266	Nothing	22	17654045	0	1			0		other	0
751	1267	Sound	19	17654415	0	2			0		other	0
751	1268	Sound	0	17680920	0	2			0		other	0
751	1269	Nothing	22	17700933	0	1			0		other	0
751	1270	Sound	19	17703956	0	2			0		other	0
751	1271	Sound	0	17725490	0	1			0		other	0
751	1272	Nothing	22	17745503	0	1			0		other	0
751	1273	Sound	19	17753146	0	1			0		other	0
751	1274	Sound	0	17780309	0	2			0		other	0
751	1275	Nothing	22	17800322	0	1			0		other	0
751	1276	Sound	19	17807692	0	2			0		other	0
751	1278	Sound	0	17833609	0	2			0		other	0
751	1279	Nothing	22	17853622	0	1			0		other	0
751	1280	Sound	19	17855122	0	2			0		other	0
751	1281	Sound	0	17881165	0	2			0		other	0
751	1282	Nothing	22	17901178	0	1			0		other	0
751	1283	Sound	19	17909909	0	2			0		other	0
751	1284	Sound	0	17936412	0	2			0		other	0
751	1285	Nothing	22	17956425	0	1			0		other	0
751	1286	Sound	19	17960486	0	2			0		other	0
751	1287	Sound	0	17988119	0	2			0		other	0
751	1288	Nothing	22	18008133	0	1			0		other	0
751	1289	Sound	19	18015913	0	2			0		other	0
751	1290	Sound	0	18041617	0	2			0		other	0
751	1291	Nothing	22	18061631	0	1			0		other	0
751	1292	Sound	19	18062872	0	2			0		other	0
751	1294	Sound	0	18091132	0	2			0		other	0
751	1295	Nothing	22	18111145	0	1			0		other	0
751	1296	Sound	19	18120706	0	2			0		other	0
751	1297	Sound	0	18144210	0	1			0		other	0
751	1298	Nothing	22	18164223	0	1			0		other	0
751	1299	Sound	19	18170814	0	2			0		other	0
751	1300	Sound	0	18198268	0	1			0		other	0
751	1301	Nothing	22	18218281	0	1			0		other	0
751	1302	Sound	19	18223201	0	2			0		other	0
751	1303	Sound	0	18250194	0	2			0		other	0
751	1304	Nothing	22	18270209	0	1			0		other	0
751	1305	Sound	19	18273130	0	2			0		other	0
751	1306	Sound	0	18296513	0	2			0		other	0
751	1307	Nothing	22	18316526	0	1			0		other	0
751	1308	Sound	19	18324796	0	2			0		other	0
751	1310	Sound	0	18347552	0	2			0		other	0
751	1311	Nothing	22	18367566	0	1			0		other	0
751	1312	Sound	19	18377527	0	2			0		other	0
751	1313	Sound	0	18398210	0	2			0		other	0
751	1314	Nothing	22	18418223	0	1			0		other	0
751	1315	Sound	19	18419383	0	2			0		other	0
751	1316	Sound	0	18448616	0	2			0		other	0
751	1317	Nothing	22	18468630	0	1			0		other	0
751	1318	Sound	19	18476001	0	2			0		other	0
751	1319	Sound	0	18503114	0	2			0		other	0
751	1320	Nothing	22	18523129	0	1			0		other	0
751	1321	Sound	19	18526990	0	2			0		other	0
751	1322	Sound	0	18554954	0	2			0		other	0
751	1323	Nothing	22	18574967	0	1			0		other	0
751	1324	Sound	19	18581429	0	1			0		other	0
751	1326	Sound	0	18605463	0	2			0		other	0
751	1327	Nothing	22	18625479	0	1			0		other	0
751	1328	Sound	19	18632769	0	2			0		other	0
751	1329	Sound	0	18662153	0	1			0		other	0
751	1330	Nothing	22	18682166	0	1			0		other	0
751	1331	Sound	19	18682786	0	2			0		other	0
751	1332	Sound	0	18708530	0	3			0		other	0
751	1333	Nothing	22	18728545	0	1			0		other	0
751	1334	Sound	19	18737147	0	2			0		other	0
751	1335	Sound	0	18759600	0	2			0		other	0
751	1336	Nothing	22	18779613	0	1			0		other	0
751	1337	Sound	19	18788563	0	3			0		other	0
751	1338	Sound	0	18817616	0	2			0		other	0
751	1339	Nothing	22	18837630	0	1			0		other	0
751	1340	Sound	19	18837981	0	2			0		other	0
751	1342	Sound	0	18858265	0	1			0		other	0
751	1343	Nothing	22	18878278	0	1			0		other	0
751	1344	Sound	19	18881548	0	2			0		other	0
751	1345	Sound	0	18905963	0	1			0		other	0
751	1346	Nothing	22	18925976	0	1			0		other	0
751	1347	Sound	19	18935177	0	2			0		other	0
751	1348	Sound	0	18960641	0	2			0		other	0
751	1349	Nothing	22	18980654	0	1			0		other	0
751	1350	Sound	19	18986884	0	2			0		other	0
751	1351	Sound	0	19015807	0	2			0		other	0
751	1352	Nothing	22	19035820	0	1			0		other	0
751	1353	Sound	19	19040201	0	2			0		other	0
751	1354	Sound	0	19069194	0	2			0		other	0
751	1355	Nothing	22	19089207	0	1			0		other	0
751	1356	Sound	19	19095437	0	2			0		other	0
751	1358	Sound	0	19122980	0	2			0		other	0
751	1359	Nothing	22	19142994	0	1			0		other	0
751	1360	Sound	19	19149894	0	2			0		other	0
751	1361	Sound	0	19176738	0	2			0		other	0
751	1362	Nothing	22	19196751	0	1			0		other	0
751	1362	Response	2	19200842	4091	1
751	1363	Sound	19	19204172	0	2			0		other	0
751	1364	Sound	0	19233425	0	2			0		other	0
751	1365	Nothing	22	19253438	0	1			0		other	0
751	1366	Sound	19	19262070	0	2			0		other	0
751	1367	Sound	0	19283083	0	2			0		other	0
751	1368	Nothing	22	19303096	0	1			0		other	0
751	1369	Sound	19	19306187	0	2			0		other	0
751	1370	Sound	0	19331020	0	2			0		other	0
751	1371	Nothing	22	19351033	0	1			0		other	0
751	1372	Sound	19	19353363	0	2			0		other	0
751	1374	Sound	0	19377318	0	2			0		other	0
751	1375	Nothing	22	19397332	0	1			0		other	0
751	1376	Sound	19	19406062	0	2			0		other	0
751	1377	Sound	0	19428915	0	2			0		other	0
751	1378	Nothing	22	19448929	0	1			0		other	0
751	1379	Sound	19	19452320	0	2			0		other	0
751	1380	Sound	0	19476084	0	1			0		other	0
751	1381	Nothing	22	19496097	0	1			0		other	0
751	1382	Sound	19	19499819	0	2			0		other	0
751	1383	Sound	0	19521405	0	1			0		other	0
751	1384	Nothing	22	19541418	0	1			0		other	0
751	1385	Sound	19	19550189	0	2			0		other	0
751	1386	Sound	0	19578313	0	2			0		other	0
751	1387	Nothing	22	19598329	0	1			0		other	0
751	1388	Sound	19	19599271	0	1			0		other	0
751	1390	Sound	0	19626685	0	8			0		other	0
751	1391	Nothing	22	19646699	0	1			0		other	0
751	1392	Sound	19	19654409	0	2			0		other	0
751	1393	Sound	0	19676942	0	2			0		other	0
751	1394	Nothing	22	19696955	0	1			0		other	0
751	1395	Sound	19	19703616	0	2			0		other	0
751	1396	Sound	0	19726549	0	2			0		other	0
751	1397	Nothing	22	19746563	0	1			0		other	0
751	1398	Sound	19	19754794	0	2			0		other	0
751	1399	Sound	0	19783277	0	2			0		other	0
751	1400	Nothing	22	19803291	0	1			0		other	0
751	1401	Sound	19	19811092	0	2			0		other	0
751	1402	Sound	0	19835296	0	2			0		other	0
751	1403	Nothing	22	19855310	0	1			0		other	0
751	1404	Sound	19	19864082	0	2			0		other	0
751	1406	Sound	0	19888308	0	3			0		other	0
751	1407	Nothing	22	19908322	0	1			0		other	0
751	1408	Sound	19	19913342	0	2			0		other	0
751	1409	Sound	0	19939445	0	2			0		other	0
751	1410	Nothing	22	19959458	0	1			0		other	0
751	1411	Sound	19	19963019	0	2			0		other	0
751	1412	Sound	0	19985512	0	2			0		other	0
751	1413	Nothing	22	20005526	0	1			0		other	0
751	1414	Sound	19	20010727	0	2			0		other	0
751	1415	Sound	0	20036820	0	2			0		other	0
751	1416	Nothing	22	20056834	0	1			0		other	0
751	1417	Sound	19	20061574	0	2			0		other	0
751	1418	Sound	0	20084727	0	2			0		other	0
751	1419	Nothing	22	20104740	0	1			0		other	0
751	1420	Sound	19	20112910	0	2			0		other	0
751	1422	Sound	0	20134750	0	2			0		other	0
751	1423	Nothing	22	20154763	0	1			0		other	0
751	1424	Sound	19	20155134	0	1			0		other	0
751	1425	Sound	0	20176547	0	1			0		other	0
751	1425	Response	3	20188051	11504	2
751	1427	Nothing	3	20189057	0	1			0		false_alarm	1904
751	1427	Response	3	20189446	389	1
751	1427	Response	3	20190828	1771	1
751	1428	Nothing	22	20218082	0	1			0		other	0
751	1429	Sound	19	20218093	0	2			0		other	0
751	1430	Sound	0	20244157	0	2			0		other	0
751	1431	Nothing	22	20264171	0	1			0		other	0
751	1432	Sound	19	20266082	0	2			0		other	0
751	1433	Sound	0	20286287	0	2			0		other	0
751	1434	Nothing	22	20306301	0	1			0		other	0
751	1435	Sound	19	20310732	0	1			0		other	0
751	1436	Sound	0	20339345	0	2			0		other	0
751	1437	Nothing	22	20359359	0	1			0		other	0
751	1438	Sound	19	20362151	0	2			0		other	0
751	1440	Sound	0	20388681	0	2			0		other	0
751	1441	Nothing	22	20408695	0	1			0		other	0
751	1442	Sound	19	20418445	0	2			0		other	0
751	1443	Sound	0	20445508	0	2			0		other	0
751	1444	Nothing	22	20465521	0	1			0		other	0
751	1445	Sound	19	20466351	0	2			0		other	0
751	1446	Sound	0	20486604	0	2			0		other	0
751	1447	Nothing	22	20506617	0	1			0		other	0
751	1448	Sound	19	20509778	0	1			0		other	0
751	1449	Sound	0	20539781	0	2			0		other	0
751	1450	Nothing	22	20559794	0	1			0		other	0
751	1451	Sound	19	20564474	0	2			0		other	0
751	1452	Sound	0	20585817	0	2			0		other	0
751	1453	Nothing	22	20605830	0	1			0		other	0
751	1454	Sound	19	20615161	0	1			0		other	0
751	1456	Sound	0	20643223	0	2			0		other	0
751	1457	Nothing	22	20663237	0	1			0		other	0
751	1458	Sound	19	20672558	0	2			0		other	0
751	1459	Sound	0	20698851	0	2			0		other	0
751	1460	Nothing	22	20718865	0	1			0		other	0
751	1461	Sound	19	20722056	0	1			0		other	0
751	1462	Sound	0	20744329	0	2			0		other	0
751	1463	Nothing	22	20764342	0	1			0		other	0
751	1464	Sound	19	20768162	0	2			0		other	0
751	1465	Sound	0	20788295	0	2			0		other	0
751	1466	Nothing	22	20808308	0	1			0		other	0
751	1467	Sound	19	20811739	0	1			0		other	0
751	1468	Sound	0	20840522	0	2			0		other	0
751	1469	Nothing	22	20860535	0	1			0		other	0
751	1470	Sound	19	20861406	0	2			0		other	0
751	1472	Sound	0	20885219	0	2			0		other	0
751	1473	Nothing	22	20905233	0	1			0		other	0
751	1474	Sound	19	20906804	0	1			0		other	0
751	1475	Sound	0	20928657	0	2			0		other	0
751	1476	Nothing	22	20948671	0	1			0		other	0
751	1477	Sound	19	20954663	0	1			0		other	0
751	1478	Sound	0	20979586	0	2			0		other	0
751	1478	Response	3	20995676	16090	1
751	1480	Nothing	3	20996682	0	1			0		false_alarm	1956
751	1480	Response	3	20996914	232	1
751	1480	Response	3	20999472	2790	1
751	1480	Response	3	21000857	4175	1
751	1481	Nothing	22	21025706	0	1			0		other	0
751	1482	Sound	19	21031987	0	1			0		other	0
751	1483	Sound	0	21054140	0	2			0		other	0
751	1484	Nothing	22	21074153	0	1			0		other	0
751	1485	Sound	19	21074993	0	2			0		other	0
751	1486	Sound	0	21096396	0	2			0		other	0
751	1487	Nothing	22	21116410	0	1			0		other	0
751	1488	Sound	19	21120760	0	2			0		other	0
751	1490	Sound	0	21144515	0	2			0		other	0
751	1491	Nothing	22	21164529	0	2			0		other	0
751	1492	Sound	19	21173549	0	2			0		other	0
751	1493	Sound	0	21197432	0	2			0		other	0
751	1494	Nothing	22	21217446	0	1			0		other	0
751	1495	Sound	19	21221996	0	2			0		other	0
751	1496	Sound	0	21242061	0	2			0		other	0
751	1496	Response	3	21251245	9184	1
751	1498	Nothing	3	21252250	0	1			0		false_alarm	1976
751	1498	Response	3	21252484	234	1
751	1498	Response	3	21253724	1474	1
751	1499	Nothing	22	21281274	0	1			0		other	0
751	1500	Sound	19	21282574	0	2			0		other	0
751	1501	Sound	0	21306348	0	1			0		other	0
751	1502	Nothing	22	21326361	0	1			0		other	0
751	1503	Sound	19	21331781	0	2			0		other	0
751	1504	Sound	0	21357736	0	1			0		other	0
751	1505	Nothing	22	21377751	0	1			0		other	0
751	1506	Sound	19	21383602	0	2			0		other	0
751	1508	Sound	0	21407580	0	2			0		other	0
751	1509	Nothing	22	21427593	0	1			0		other	0
751	1510	Sound	19	21430234	0	2			0		other	0
751	1511	Sound	0	21451537	0	2			0		other	0
751	1512	Nothing	22	21471550	0	1			0		other	0
751	1513	Sound	19	21480830	0	2			0		other	0
751	1514	Sound	0	21501533	0	2			0		other	0
751	1515	Nothing	22	21521546	0	1			0		other	0
751	1516	Sound	19	21528787	0	1			0		other	0
751	1517	Sound	0	21550280	0	2			0		other	0
751	1518	Nothing	22	21570293	0	1			0		other	0
751	1519	Sound	19	21572344	0	2			0		other	0
751	1520	Sound	0	21598407	0	2			0		other	0
751	1521	Nothing	22	21618420	0	1			0		other	0
751	1522	Sound	19	21628210	0	2			0		other	0
751	1524	Sound	0	21656687	0	2			0		other	0
751	1525	Nothing	22	21676775	0	1			0		other	0
751	1526	Sound	19	21678516	0	2			0		other	0
751	1527	Sound	0	21706239	0	2			0		other	0
751	1528	Nothing	22	21726254	0	1			0		other	0
751	1529	Sound	19	21730525	0	2			0		other	0
751	1530	Sound	0	21758100	0	2			0		other	0
751	1531	Nothing	22	21778113	0	1			0		other	0
751	1532	Sound	19	21785614	0	2			0		other	0
751	1533	Sound	0	21814348	0	2			0		other	0
751	1534	Nothing	22	21834361	0	1			0		other	0
751	1535	Sound	19	21841701	0	2			0		other	0
751	1536	Sound	0	21863254	0	2			0		other	0
751	1537	Nothing	22	21883267	0	1			0		other	0
751	1538	Sound	19	21889847	0	2			0		other	0
751	1540	Sound	0	21910134	0	2			0		other	0
751	1541	Nothing	22	21930147	0	1			0		other	0
751	1542	Sound	19	21931118	0	2			0		other	0
751	1543	Sound	0	21956901	0	2			0		other	0
751	1544	Nothing	22	21976914	0	1			0		other	0
751	1545	Sound	19	21985405	0	2			0		other	0
751	1546	Sound	0	22012628	0	2			0		other	0
751	1547	Nothing	22	22032642	0	1			0		other	0
751	1548	Sound	19	22040062	0	2			0		other	0
751	1549	Sound	0	22065175	0	2			0		other	0
751	1550	Nothing	22	22085188	0	1			0		other	0
751	1551	Sound	19	22091859	0	2			0		other	0
751	1552	Sound	0	22118032	0	2			0		other	0
751	1553	Nothing	22	22138048	0	1			0		other	0
751	1554	Sound	19	22140388	0	2			0		other	0
751	1556	Sound	0	22165079	0	3			0		other	0
751	1557	Nothing	22	22185093	0	1			0		other	0
751	1558	Sound	19	22193153	0	2			0		other	0
751	1559	Sound	0	22221296	0	2			0		other	0
751	1560	Nothing	22	22241309	0	1			0		other	0
751	1561	Sound	19	22243719	0	2			0		other	0
751	1562	Sound	0	22268102	0	2			0		other	0
751	1563	Nothing	22	22288116	0	1			0		other	0
751	1564	Sound	19	22290996	0	2			0		other	0
751	1565	Sound	0	22313999	0	2			0		other	0
751	1566	Nothing	22	22334012	0	1			0		other	0
751	1567	Sound	19	22339853	0	1			0		other	0
751	1568	Sound	0	22368966	0	2			0		other	0
751	1569	Nothing	22	22388979	0	1			0		other	0
751	1570	Sound	19	22394940	0	1			0		other	0
751	1572	Sound	0	22421264	0	2			0		other	0
751	1573	Nothing	22	22441277	0	1			0		other	0
751	1574	Sound	19	22447379	0	1			0		other	0
