Scenario - phase0_bothports
Logfile written - 05/23/2017 15:41:00

Subject	Trial	Event Type	Code	Time	TTime	Uncertainty	Duration	Uncertainty	ReqTime	ReqDur	Stim Type	Pair Index

751	0	Manual	05/23/2017 15:19:42	-9993	-9993
751	1	Sound	0	-9930	0	2			0		other	0
751	2	Nothing	22	10084	0	1			0		other	0
751	3	Sound	19	16044	0	2			0		other	0
751	3	Response	3	20921	4877	1
751	4	Sound	0	36098	0	2			0		other	0
751	5	Nothing	22	56112	0	1			0		other	0
751	6	Sound	19	62852	0	2			0		other	0
751	7	Sound	0	83926	0	2			0		other	0
751	8	Nothing	22	103939	0	1			0		other	0
751	9	Sound	19	112469	0	2			0		other	0
751	10	Sound	0	133352	0	2			0		other	0
751	11	Nothing	22	153365	0	1			0		other	0
751	12	Sound	19	160976	0	2			0		other	0
751	12	Response	3	176610	15634	1
751	14	Sound	0	185818	0	2			0		other	0
751	15	Nothing	22	205831	0	1			0		other	0
751	16	Sound	19	210551	0	2			0		other	0
751	17	Sound	0	230814	0	2			0		other	0
751	18	Nothing	22	250827	0	1			0		other	0
751	19	Sound	19	255127	0	2			0		other	0
751	20	Sound	0	282460	0	2			0		other	0
751	20	Response	1	286808	4348	2
751	22	Response	3	288669	853	1
751	22	Response	2	288670	854	1
751	23	Nothing	3	288819	0	1			0		false_alarm	27
751	23	Response	2	290100	1281	24
751	23	Response	2	291191	2372	1
751	23	Response	2	292532	3713	1
751	23	Response	3	293835	5016	1
751	23	Response	2	293845	5026	1
751	23	Response	2	295387	6568	1
751	23	Response	2	296743	7924	1
751	23	Response	2	298214	9395	1
751	23	Response	2	299680	10861	1
751	23	Response	2	301263	12444	1
751	23	Response	2	302717	13898	1
751	24	Nothing	22	317832	0	1			0		other	0
751	25	Sound	19	324562	0	2			0		other	0
751	25	Response	2	327319	2757	1
751	25	Response	2	328906	4344	1
751	25	Response	2	330263	5701	1
751	25	Response	2	331942	7380	1
751	25	Response	2	333431	8869	1
751	25	Response	2	340334	15772	1
751	25	Response	2	342422	17860	1
751	26	Sound	0	351055	0	2			0		other	0
751	26	Response	2	357491	6436	1
751	28	Nothing	3	358497	0	1			0		false_alarm	50
751	28	Response	2	358556	59	1
751	28	Response	2	360408	1911	1
751	28	Response	2	363761	5264	1
751	28	Response	2	369121	10624	1
751	28	Response	2	371026	12529	2
751	29	Nothing	22	387520	0	1			0		other	0
751	30	Sound	19	393902	0	3			0		other	0
751	30	Response	3	396678	2776	1
751	30	Response	2	396678	2776	2
751	30	Response	2	398444	4542	1
751	30	Response	2	404228	10326	2
751	30	Response	2	406231	12329	1
751	30	Response	2	410454	16552	1
751	30	Response	2	412601	18699	1
751	30	Response	2	414430	20528	1
751	30	Response	3	418015	24113	1
751	30	Response	2	418017	24115	1
751	30	Response	2	420082	26180	1
751	31	Sound	0	420725	0	2			0		other	0
751	31	Response	2	423671	2946	1
751	33	Nothing	3	424676	0	1			0		false_alarm	71
751	33	Response	3	425190	514	1
751	33	Response	2	425190	514	1
751	33	Response	2	428229	3553	1
751	33	Response	2	429777	5101	1
751	33	Response	2	431227	6551	1
751	33	Response	2	434511	9835	1
751	33	Response	2	441732	17056	1
751	34	Nothing	22	453689	0	1			0		other	0
751	35	Sound	19	459139	0	2			0		other	0
751	35	Response	2	462149	3010	1
751	35	Response	2	464322	5183	1
751	35	Response	2	466382	7243	1
751	35	Response	2	468285	9146	1
751	35	Response	2	470285	11146	1
751	35	Response	2	472285	13146	1
751	35	Response	2	476266	17127	1
751	35	Response	2	478180	19041	1
751	35	Response	2	479933	20794	1
751	37	Sound	0	480376	0	2			0		other	0
751	37	Response	2	481943	1567	1
751	39	Nothing	3	482948	0	1			0		false_alarm	92
751	39	Response	3	483201	253	1
751	39	Response	2	483201	253	1
751	39	Response	2	485006	2058	1
751	39	Response	3	486366	3418	1
751	39	Response	2	486366	3418	1
751	39	Response	2	487908	4960	1
751	39	Response	2	489551	6603	1
751	39	Response	2	493116	10168	1
751	39	Response	2	494906	11958	26
751	39	Response	2	496856	13908	1
751	39	Response	2	500466	17518	1
751	40	Nothing	22	511962	0	1			0		other	0
751	41	Sound	19	517353	0	1			0		other	0
751	41	Response	2	519456	2103	1
751	42	Sound	0	538398	0	2			0		other	0
751	43	Nothing	22	558412	0	1			0		other	0
751	44	Sound	19	565463	0	2			0		other	0
751	44	Response	2	568846	3383	1
751	44	Response	2	570414	4951	1
751	44	Response	2	583655	18192	1
751	44	Response	2	585576	20113	1
751	44	Response	2	587601	22138	2
751	44	Response	2	589704	24241	1
751	44	Response	2	591874	26411	1
751	45	Sound	0	592407	0	2			0		other	0
751	45	Response	2	593984	1577	1
751	47	Nothing	3	594988	0	1			0		false_alarm	119
751	47	Response	3	595389	401	1
751	47	Response	2	595389	401	1
751	47	Response	3	597046	2058	1
751	47	Response	2	597046	2058	1
751	47	Response	2	598544	3556	1
751	47	Response	2	601871	6883	2
751	47	Response	2	603330	8342	1
751	47	Response	2	604809	9821	1
751	47	Response	2	606621	11633	1
751	47	Response	2	608443	13455	1
751	47	Response	2	610266	15278	1
751	47	Response	2	612151	17163	1
751	47	Response	2	614075	19087	1
751	47	Response	2	616003	21015	1
751	47	Response	2	617864	22876	1
751	47	Response	2	619884	24896	1
751	47	Response	2	622011	27023	1
751	48	Nothing	22	624012	0	1			0		other	0
751	48	Response	2	624081	69	1
751	48	Response	2	626111	2099	1
751	48	Response	2	627926	3914	1
751	48	Response	2	629793	5781	1
751	49	Sound	19	631122	0	2			0		other	0
751	49	Response	2	631915	793	1
751	49	Response	2	633517	2395	1
751	49	Response	2	635383	4261	1
751	49	Response	2	638518	7396	1
751	49	Response	2	642188	11066	2
751	50	Sound	0	654885	0	3			0		other	0
751	51	Nothing	22	674899	0	1			0		other	0
751	51	Response	3	680913	6014	1
751	52	Sound	19	683759	0	2			0		other	0
751	52	Response	2	684588	829	2
751	53	Sound	0	706835	0	2			0		other	0
751	53	Response	2	724652	17817	1
751	55	Nothing	3	725657	0	1			0		false_alarm	155
751	55	Response	2	725679	22	1
751	55	Response	2	727231	1574	1
751	55	Response	3	728736	3079	2
751	55	Response	2	728737	3080	1
751	55	Response	2	730244	4587	1
751	55	Response	2	731735	6078	1
751	55	Response	2	733290	7633	1
751	55	Response	2	735060	9403	1
751	55	Response	2	736687	11030	1
751	55	Response	2	738346	12689	1
751	55	Response	2	743906	18249	1
751	55	Response	2	745841	20184	1
751	55	Response	2	747608	21951	1
751	55	Response	2	751498	25841	1
751	55	Response	2	753260	27603	1
751	56	Nothing	22	754682	0	1			0		other	0
751	56	Response	2	755229	547	1
751	57	Sound	19	756132	0	3			0		other	0
751	57	Response	2	757144	1012	1
751	59	Sound	0	786055	0	2			0		other	0
751	59	Response	2	792934	6879	1
751	61	Nothing	3	793938	0	1			0		false_alarm	177
751	61	Response	2	794028	90	1
751	61	Response	2	795651	1713	1
751	61	Response	2	798568	4630	1
751	61	Response	2	799871	5933	2
751	61	Response	2	801267	7329	1
751	61	Response	2	802755	8817	1
751	61	Response	2	804337	10399	1
751	61	Response	2	805983	12045	2
751	61	Response	2	807698	13760	1
751	61	Response	2	809585	15647	1
751	61	Response	2	811353	17415	1
751	61	Response	2	813162	19224	1
751	61	Response	2	815103	21165	2
751	62	Nothing	22	822953	0	1			0		other	0
751	63	Sound	19	828624	0	2			0		other	0
751	63	Response	2	831952	3328	1
751	63	Response	2	833859	5235	2
751	63	Response	2	835716	7092	1
751	63	Response	3	854404	25780	1
751	64	Sound	0	856347	0	2			0		other	0
751	64	Response	3	862568	6221	1
751	66	Nothing	3	863572	0	1			0		false_alarm	199
751	66	Response	3	864053	481	1
751	66	Response	3	865633	2061	1
751	66	Response	3	867066	3494	1
751	66	Response	3	868964	5392	1
751	66	Response	3	872580	9008	1
751	66	Response	3	874427	10855	1
751	67	Nothing	22	892585	0	1			0		other	0
751	68	Sound	19	893926	0	2			0		other	0
751	69	Sound	0	916779	0	2			0		other	0
751	69	Response	3	923845	7066	1
751	71	Nothing	3	924850	0	1			0		false_alarm	210
751	71	Response	3	925033	183	1
751	71	Response	3	926475	1625	1
751	71	Response	3	927728	2878	1
751	71	Response	3	929395	4545	1
751	71	Response	3	934493	9643	2
751	71	Response	3	936237	11387	1
751	71	Response	3	937929	13079	1
751	71	Response	3	940160	15310	1
751	72	Nothing	22	953863	0	1			0		other	0
751	73	Sound	19	961643	0	2			0		other	0
751	73	Response	3	963475	1832	1
751	73	Response	3	965038	3395	1
751	73	Response	3	966067	4424	1
751	73	Response	3	966535	4892	1
751	73	Response	3	968393	6750	1
751	73	Response	3	989836	28193	1
751	74	Sound	0	990806	0	2			0		other	0
751	74	Response	3	991155	349	1
751	75	Response	3	991567	408	1
751	76	Nothing	3	992161	0	1			0		false_alarm	230
751	76	Response	3	992627	466	1
751	76	Response	3	994363	2202	1
751	76	Response	3	995754	3593	1
751	76	Response	3	997296	5135	1
751	77	Nothing	22	1021174	0	1			0		other	0
751	78	Sound	19	1027206	0	2			0		other	0
751	78	Response	3	1030416	3210	1
751	78	Response	3	1033856	6650	1
751	78	Response	3	1035661	8455	1
751	78	Response	3	1037359	10153	90
751	78	Response	3	1043012	15806	1
751	78	Response	3	1045036	17830	1
751	78	Response	3	1048743	21537	1
751	78	Response	3	1050728	23522	1
751	79	Sound	0	1052679	0	2			0		other	0
751	79	Response	3	1052758	79	1
751	81	Nothing	3	1053764	0	1			0		false_alarm	247
751	81	Response	3	1054852	1088	1
751	81	Response	3	1056519	2755	1
751	81	Response	3	1057840	4076	92
751	81	Response	3	1059548	5784	1
751	82	Nothing	22	1082777	0	1			0		other	0
751	83	Sound	19	1092088	0	2			0		other	0
751	83	Response	3	1093917	1829	1
751	83	Response	3	1096539	4451	1
751	83	Response	3	1096963	4875	1
751	83	Response	3	1100524	8436	1
751	83	Response	3	1106719	14631	1
751	83	Response	3	1108544	16456	1
751	85	Sound	0	1113297	0	2			0		other	0
751	85	Response	3	1123187	9890	1
751	87	Nothing	3	1124192	0	1			0		false_alarm	262
751	87	Response	3	1124984	792	1
751	87	Response	3	1126538	2346	1
751	87	Response	3	1127965	3773	1
751	88	Nothing	22	1153205	0	1			0		other	0
751	89	Sound	19	1159955	0	2			0		other	0
751	89	Response	3	1163039	3084	1
751	89	Response	3	1164079	4124	1
751	89	Response	3	1164707	4752	1
751	89	Response	3	1166091	6136	1
751	89	Response	3	1168116	8161	1
751	89	Response	3	1169595	9640	1
751	89	Response	3	1171175	11220	1
751	90	Sound	0	1184098	0	2			0		other	0
751	91	Nothing	22	1204112	0	1			0		other	0
751	92	Sound	19	1213403	0	2			0		other	0
751	92	Response	3	1223687	10284	1
751	92	Response	3	1225402	11999	1
751	92	Response	2	1227355	13952	2
751	92	Response	3	1232698	19295	1
751	93	Sound	0	1234189	0	2			0		other	0
751	93	Response	3	1234552	363	1
751	95	Nothing	3	1235558	0	1			0		false_alarm	284
751	95	Response	3	1236027	469	1
751	95	Response	3	1237701	2143	1
751	95	Response	3	1239062	3504	1
751	95	Response	3	1240577	5019	2
751	96	Nothing	22	1264582	0	1			0		other	0
751	97	Sound	19	1267092	0	2			0		other	0
751	97	Response	3	1270805	3713	1
751	97	Response	2	1274693	7601	1
751	97	Response	2	1276468	9376	1
751	97	Response	3	1283642	16550	2
751	97	Response	3	1285573	18481	1
751	97	Response	3	1287573	20481	1
751	98	Sound	0	1293125	0	2			0		other	0
751	98	Response	3	1293364	239	13
751	100	Nothing	3	1294448	0	1			0		false_alarm	299
751	100	Response	3	1295096	648	1
751	100	Response	3	1296557	2109	1
751	100	Response	3	1297798	3350	1
751	100	Response	3	1299198	4750	1
751	100	Response	3	1300901	6453	1
751	101	Nothing	22	1323462	0	1			0		other	0
751	102	Sound	19	1328063	0	1			0		other	0
751	102	Response	3	1329880	1817	1
751	102	Response	3	1331560	3497	1
751	102	Response	3	1333156	5093	1
751	102	Response	3	1336847	8784	1
751	102	Response	3	1338529	10466	1
751	102	Response	3	1340448	12385	1
751	102	Response	3	1342559	14496	1
751	102	Response	3	1345119	17056	1
751	103	Sound	0	1355107	0	1			0		other	0
751	103	Response	3	1373874	18767	1
751	104	Response	3	1374301	425	1
751	105	Nothing	3	1374878	0	1			0		false_alarm	318
751	105	Response	3	1375354	476	1
751	105	Response	3	1376974	2096	1
751	105	Response	3	1378343	3465	1
751	105	Response	3	1380001	5123	1
751	106	Nothing	22	1403891	0	1			0		other	0
751	107	Sound	19	1405832	0	1			0		other	0
751	107	Response	3	1410797	4965	1
751	107	Response	3	1415826	9994	1
751	107	Response	3	1419342	13510	1
751	107	Response	3	1421327	15495	2
751	107	Response	3	1423310	17478	1
751	107	Response	3	1425319	19487	1
751	109	Sound	0	1432613	0	1			0		other	0
751	110	Nothing	22	1452626	0	1			0		other	0
751	111	Sound	19	1460996	0	2			0		other	0
751	111	Response	3	1464481	3485	1
751	111	Response	3	1466184	5188	1
751	111	Response	3	1467737	6741	1
751	111	Response	3	1469315	8319	1
751	111	Response	3	1471181	10185	1
751	111	Response	3	1472972	11976	1
751	111	Response	3	1479390	18394	1
751	111	Response	3	1480952	19956	1
751	111	Response	3	1487273	26277	1
751	112	Sound	0	1490800	0	1			0		other	0
751	113	Nothing	22	1510813	0	1			0		other	0
751	114	Sound	19	1514334	0	1			0		other	0
751	114	Response	3	1518387	4053	1
751	114	Response	3	1521781	7447	1
751	114	Response	3	1523665	9331	2
751	115	Sound	0	1544227	0	2			0		other	0
751	116	Nothing	22	1564240	0	1			0		other	0
751	117	Sound	19	1566151	0	2			0		other	0
751	117	Response	3	1567636	1485	1
751	117	Response	3	1568636	2485	2
751	117	Response	3	1569324	3173	1
751	117	Response	3	1572774	6623	1
751	117	Response	3	1574678	8527	1
751	117	Response	3	1576465	10314	1
751	117	Response	3	1578417	12266	1
751	117	Response	3	1580206	14055	1
751	117	Response	3	1582050	15899	1
751	117	Response	3	1583662	17511	1
751	117	Response	3	1585774	19623	1
751	117	Response	3	1587975	21824	1
751	118	Sound	0	1592434	0	2			0		other	0
751	119	Nothing	22	1612447	0	1			0		other	0
751	120	Sound	19	1616687	0	2			0		other	0
751	120	Response	3	1617079	392	1
751	120	Response	3	1618770	2083	1
751	120	Response	3	1624759	8072	1
751	120	Response	3	1626791	10104	1
751	121	Sound	0	1639720	0	2			0		other	0
751	122	Nothing	22	1659752	0	1			0		other	0
751	123	Sound	19	1665963	0	2			0		other	0
751	123	Response	3	1669946	3983	1
751	123	Response	3	1671893	5930	1
751	123	Response	3	1673675	7712	1
751	123	Response	3	1675397	9434	1
751	125	Sound	0	1686193	0	2			0		other	0
751	126	Nothing	22	1706206	0	1			0		other	0
751	127	Sound	19	1711487	0	2			0		other	0
751	128	Sound	0	1733450	0	2			0		other	0
751	129	Nothing	22	1753463	0	1			0		other	0
751	130	Sound	19	1760513	0	2			0		other	0
751	130	Response	3	1776996	16483	1
751	130	Response	3	1778642	18129	1
751	130	Response	3	1780581	20068	1
751	130	Response	3	1782656	22143	1
751	131	Sound	0	1783117	0	2			0		other	0
751	132	Nothing	22	1803131	0	1			0		other	0
751	133	Sound	19	1804422	0	1			0		other	0
751	134	Sound	0	1831805	0	2			0		other	0
751	134	Response	3	1833962	2157	1
751	136	Nothing	3	1834968	0	1			0		false_alarm	393
751	136	Response	3	1835104	136	1
751	136	Response	3	1836650	1682	1
751	136	Response	3	1837865	2897	1
751	136	Response	3	1839302	4334	1
751	137	Nothing	22	1863993	0	1			0		other	0
751	138	Sound	19	1865894	0	1			0		other	0
751	138	Response	3	1868692	2798	1
751	138	Response	3	1870402	4508	1
751	138	Response	3	1876394	10500	1
751	138	Response	3	1878169	12275	1
751	138	Response	3	1879519	13625	2
751	138	Response	3	1881507	15613	11
751	138	Response	3	1890994	25100	1
751	138	Response	3	1892883	26989	1
751	139	Sound	0	1892987	0	2			0		other	0
751	139	Response	3	1894732	1745	2
751	141	Nothing	3	1895737	0	1			0		false_alarm	410
751	141	Response	3	1896036	299	1
751	141	Response	3	1897627	1890	1
751	141	Response	3	1898985	3248	1
751	142	Nothing	22	1924750	0	1			0		other	0
751	143	Sound	19	1928241	0	2			0		other	0
751	143	Response	3	1933756	5515	1
751	143	Response	3	1935493	7252	1
751	143	Response	3	1937007	8766	1
751	143	Response	3	1938763	10522	1
751	143	Response	3	1940231	11990	2
751	143	Response	3	1941846	13605	1
751	143	Response	3	1943716	15475	1
751	145	Sound	0	1952022	0	2			0		other	0
751	146	Nothing	22	1972037	0	1			0		other	0
751	147	Sound	19	1973678	0	2			0		other	0
751	148	Sound	0	2001751	0	2			0		other	0
751	148	Response	3	2012865	11114	1
751	150	Nothing	3	2013871	0	1			0		false_alarm	428
751	150	Response	3	2014345	474	1
751	150	Response	3	2015769	1898	1
751	150	Response	3	2017084	3213	1
751	151	Nothing	22	2042895	0	1			0		other	0
751	152	Sound	19	2049367	0	2			0		other	0
751	152	Response	3	2051712	2345	1
751	152	Response	3	2053474	4107	2
751	152	Response	3	2055056	5689	1
751	152	Response	3	2056536	7169	1
751	152	Response	3	2058481	9114	1
751	152	Response	3	2060199	10832	1
751	152	Response	3	2062168	12801	1
751	152	Response	3	2068207	18840	1
751	152	Response	3	2070211	20844	2
751	152	Response	3	2072267	22900	2
751	152	Response	3	2074183	24816	1
751	152	Response	3	2076344	26977	1
751	153	Sound	0	2078801	0	1			0		other	0
751	154	Nothing	22	2098814	0	1			0		other	0
751	155	Sound	19	2101164	0	2			0		other	0
751	155	Response	3	2103875	2711	1
751	155	Response	3	2105812	4648	1
751	155	Response	3	2107698	6534	1
751	155	Response	3	2109866	8702	1
751	156	Sound	0	2126937	0	2			0		other	0
751	157	Nothing	22	2146950	0	1			0		other	0
751	158	Sound	19	2149651	0	1			0		other	0
751	159	Sound	0	2177964	0	2			0		other	0
751	159	Response	3	2189856	11892	1
751	161	Nothing	3	2190860	0	1			0		false_alarm	458
751	161	Response	3	2191006	146	1
751	161	Response	3	2192397	1537	1
751	161	Response	3	2193694	2834	1
751	161	Response	3	2195022	4162	1
751	161	Response	3	2196486	5626	2
751	162	Nothing	22	2219885	0	1			0		other	0
751	163	Sound	19	2221605	0	2			0		other	0
751	163	Response	3	2225842	4237	1
751	163	Response	3	2227844	6239	1
751	163	Response	3	2231172	9567	2
751	163	Response	3	2232866	11261	2
751	163	Response	3	2234646	13041	1
751	163	Response	3	2236439	14834	1
751	163	Response	3	2238275	16670	1
751	163	Response	3	2239682	18077	1
751	163	Response	3	2241492	19887	1
751	165	Sound	0	2249420	0	1			0		other	0
751	166	Nothing	22	2269433	0	1			0		other	0
751	167	Sound	19	2274905	0	2			0		other	0
751	167	Response	3	2286850	11945	1
751	167	Response	3	2288829	13924	1
751	167	Response	3	2290436	15531	1
751	167	Response	3	2294175	19270	1
751	167	Response	3	2295948	21043	1
751	167	Response	3	2297574	22669	1
751	167	Response	3	2299563	24658	1
751	168	Sound	0	2302329	0	1			0		other	0
751	169	Nothing	22	2322343	0	1			0		other	0
751	170	Sound	19	2329884	0	1			0		other	0
751	171	Sound	0	2350327	0	2			0		other	0
751	171	Response	3	2360003	9676	1
751	173	Nothing	3	2361008	0	1			0		false_alarm	490
751	173	Response	3	2361134	126	1
751	173	Response	3	2362540	1532	1
751	173	Response	3	2363806	2798	1
751	173	Response	3	2365204	4196	1
751	173	Response	3	2366885	5877	1
751	174	Nothing	22	2390032	0	1			0		other	0
751	175	Sound	19	2397023	0	2			0		other	0
751	176	Sound	0	2422586	0	2			0		other	0
751	176	Response	3	2425529	2943	2
751	177	Response	3	2425905	372	1
751	178	Nothing	3	2426535	0	1			0		false_alarm	501
751	178	Response	3	2426981	446	1
751	178	Response	3	2428497	1962	1
751	178	Response	3	2429776	3241	1
751	178	Response	3	2431235	4700	1
751	179	Nothing	22	2455549	0	1			0		other	0
751	180	Sound	19	2462829	0	2			0		other	0
751	180	Response	3	2465405	2576	1
751	180	Response	3	2467113	4284	1
751	180	Response	3	2468101	5272	1
751	180	Response	3	2468746	5917	1
751	180	Response	3	2470244	7415	1
751	180	Response	3	2474024	11195	1
751	180	Response	3	2475724	12895	1
751	180	Response	3	2477687	14858	1
751	180	Response	3	2479277	16448	1
751	181	Sound	0	2488013	0	2			0		other	0
751	182	Nothing	22	2508026	0	1			0		other	0
751	183	Sound	19	2517767	0	1			0		other	0
751	185	Sound	0	2541315	0	2			0		other	0
751	185	Response	3	2549144	7829	2
751	186	Response	3	2549516	368	1
751	187	Nothing	3	2550150	0	1			0		false_alarm	523
751	187	Response	3	2550658	508	1
751	187	Response	3	2552150	2000	1
751	187	Response	3	2553384	3234	1
751	187	Response	3	2554813	4663	1
751	188	Nothing	22	2579174	0	1			0		other	0
751	189	Sound	19	2585817	0	2			0		other	0
751	190	Sound	0	2610770	0	2			0		other	0
751	190	Response	3	2611755	985	2
751	192	Nothing	3	2612761	0	1			0		false_alarm	532
751	192	Response	3	2612879	118	4
751	192	Response	3	2614189	1428	1
751	192	Response	3	2615464	2703	1
751	192	Response	3	2616772	4011	1
751	192	Response	3	2617990	5229	1
751	193	Nothing	22	2641774	0	1			0		other	0
751	194	Sound	19	2647204	0	2			0		other	0
751	194	Response	3	2650727	3523	1
751	194	Response	3	2652637	5433	1
751	194	Response	3	2654203	6999	1
751	194	Response	3	2655700	8496	1
751	194	Response	3	2657445	10241	1
751	194	Response	3	2659084	11880	1
751	194	Response	3	2660924	13720	1
751	194	Response	3	2662918	15714	1
751	195	Sound	0	2667997	0	2			0		other	0
751	195	Response	3	2680395	12398	1
751	197	Nothing	3	2681400	0	1			0		false_alarm	550
751	197	Response	3	2681449	49	1
751	197	Response	3	2682840	1440	1
751	197	Response	3	2684170	2770	1
751	197	Response	3	2685626	4226	1
751	197	Response	3	2687085	5685	1
751	198	Nothing	22	2710413	0	1			0		other	0
751	199	Sound	19	2718354	0	2			0		other	0
751	199	Response	3	2720764	2410	1
751	199	Response	3	2722575	4221	2
751	199	Response	3	2724158	5804	2
751	199	Response	3	2725575	7221	1
751	199	Response	3	2727089	8735	1
751	199	Response	3	2728884	10530	1
751	199	Response	3	2730371	12017	1
751	199	Response	3	2731868	13514	1
751	199	Response	3	2733662	15308	1
751	199	Response	3	2735591	17237	1
751	199	Response	3	2735754	17400	1
751	200	Sound	0	2746537	0	2			0		other	0
751	201	Nothing	22	2766550	0	1			0		other	0
751	202	Sound	19	2774342	0	2			0		other	0
751	202	Response	3	2777471	3129	1
751	202	Response	3	2780401	6059	1
751	202	Response	3	2782079	7737	1
751	202	Response	3	2788447	14105	1
751	202	Response	3	2790047	15705	1
751	202	Response	3	2791744	17402	1
751	203	Sound	0	2800366	0	2			0		other	0
751	204	Nothing	22	2820381	0	1			0		other	0
751	205	Sound	19	2821692	0	2			0		other	0
751	207	Sound	0	2849716	0	1			0		other	0
751	207	Response	3	2855106	5390	1
751	209	Nothing	3	2856112	0	1			0		false_alarm	583
751	209	Response	3	2856176	64	1
751	209	Response	3	2857518	1406	1
751	209	Response	3	2858749	2637	1
751	209	Response	3	2859997	3885	1
751	209	Response	3	2862715	6603	1
751	209	Response	3	2864188	8076	1
751	209	Response	3	2865669	9557	1
751	210	Nothing	22	2885136	0	1			0		other	0
751	211	Sound	19	2886427	0	2			0		other	0
751	212	Sound	0	2912010	0	2			0		other	0
751	212	Response	3	2926318	14308	1
751	214	Nothing	3	2927324	0	1			0		other	0
751	215	Nothing	22	2956338	0	1			0		other	0
751	216	Sound	19	2961638	0	2			0		other	0
751	216	Response	3	2964015	2377	1
751	216	Response	3	2965259	3621	1
751	216	Response	3	2966375	4737	1
751	216	Response	3	2967514	5876	1
751	216	Response	3	2968755	7117	2
751	217	Sound	0	2982271	0	2			0		other	0
751	218	Nothing	22	3002284	0	1			0		other	0
751	219	Sound	19	3009535	0	2			0		other	0
751	219	Response	3	3011300	1765	1
751	219	Response	3	3012569	3034	1
751	219	Response	3	3014001	4466	1
751	219	Response	3	3015326	5791	1
751	219	Response	3	3016881	7346	1
751	219	Response	3	3018337	8802	1
751	219	Response	3	3019935	10400	1
751	219	Response	3	3021349	11814	1
751	219	Response	3	3023080	13545	1
751	219	Response	3	3024502	14967	1
751	219	Response	3	3026188	16653	1
751	219	Response	3	3028067	18532	1
751	220	Sound	0	3038319	0	2			0		other	0
751	220	Response	3	3044265	5946	1
751	222	Nothing	3	3045271	0	1			0		false_alarm	620
751	222	Response	3	3045332	61	1
751	222	Response	3	3046557	1286	1
751	222	Response	3	3047773	2502	1
751	222	Response	3	3048994	3723	1
751	222	Response	3	3050365	5094	1
751	223	Nothing	22	3074294	0	1			0		other	0
751	223	Response	3	3076988	2694	1
751	224	Sound	19	3078075	0	2			0		other	0
751	224	Response	3	3080309	2234	1
751	224	Response	3	3081695	3620	1
751	224	Response	3	3083139	5064	1
751	224	Response	3	3084816	6741	1
751	224	Response	3	3086534	8459	1
751	224	Response	3	3088470	10395	1
751	224	Response	3	3102257	24182	1
751	225	Sound	0	3103209	0	2			0		other	0
751	225	Response	3	3103815	606	1
751	227	Nothing	3	3104821	0	1			0		false_alarm	638
751	227	Response	3	3105670	849	1
751	227	Response	3	3107111	2290	1
751	227	Response	3	3108280	3459	1
751	227	Response	3	3109631	4810	1
751	227	Response	3	3111029	6208	1
751	228	Nothing	22	3133834	0	1			0		other	0
751	229	Sound	19	3139785	0	2			0		other	0
751	229	Response	3	3144750	4965	1
751	229	Response	3	3146151	6366	1
751	229	Response	3	3147978	8193	1
751	229	Response	3	3149691	9906	2
751	229	Response	3	3151464	11679	1
751	229	Response	3	3153694	13909	1
751	231	Sound	0	3162176	0	3			0		other	0
751	232	Nothing	22	3182189	0	1			0		other	0
751	233	Sound	19	3186670	0	1			0		other	0
751	233	Response	3	3187821	1151	80
751	233	Response	3	3193417	6747	1
751	233	Response	3	3195307	8637	2
751	233	Response	2	3199081	12411	1
751	233	Response	2	3201074	14404	1
751	233	Response	2	3202926	16256	1
751	233	Response	3	3204497	17827	1
751	233	Response	3	3206301	19631	1
751	234	Sound	0	3206973	0	2			0		other	0
751	234	Response	3	3211686	4713	1
751	236	Nothing	3	3212692	0	1			0		false_alarm	665
751	236	Response	3	3213027	335	1
751	236	Response	3	3214723	2031	1
751	236	Response	3	3215954	3262	1
751	236	Response	3	3217524	4832	2
751	237	Nothing	22	3241716	0	1			0		other	0
751	238	Sound	19	3242506	0	2			0		other	0
751	239	Sound	0	3264539	0	2			0		other	0
751	239	Response	3	3270807	6268	1
751	240	Response	3	3271752	941	2
751	241	Nothing	3	3271813	0	1			0		false_alarm	675
751	241	Response	3	3273118	1305	1
751	241	Response	3	3274528	2715	1
751	241	Response	3	3275701	3888	1
751	241	Response	3	3277181	5368	1
751	242	Nothing	22	3300827	0	1			0		other	0
751	243	Sound	19	3309437	0	2			0		other	0
751	243	Response	3	3312018	2581	1
751	243	Response	3	3313713	4276	1
751	243	Response	3	3315296	5859	1
751	243	Response	3	3318778	9341	1
751	243	Response	3	3320662	11225	1
751	243	Response	3	3322383	12946	1
751	243	Response	3	3324150	14713	1
751	243	Response	3	3326106	16669	2
751	243	Response	3	3327848	18411	1
751	243	Response	3	3329503	20066	1
751	243	Response	3	3331336	21899	1
751	244	Sound	0	3337770	0	2			0		other	0
751	244	Response	3	3352713	14943	1
751	246	Nothing	3	3353718	0	1			0		false_alarm	695
751	246	Response	3	3353762	44	1
751	246	Response	3	3355504	1786	1
751	246	Response	3	3356751	3033	2
751	246	Response	3	3358159	4441	1
751	247	Nothing	22	3382731	0	1			0		other	0
751	248	Sound	19	3388352	0	2			0		other	0
751	249	Sound	0	3408715	0	2			0		other	0
751	249	Response	3	3420957	12242	1
751	251	Nothing	3	3421962	0	1			0		false_alarm	704
751	251	Response	3	3422025	63	1
751	251	Response	3	3423506	1544	1
751	251	Response	3	3424753	2791	1
751	251	Response	3	3426090	4128	1
751	251	Response	3	3427603	5641	1
751	251	Response	3	3429112	7150	1
751	252	Nothing	22	3450975	0	1			0		other	0
751	253	Sound	19	3456755	0	2			0		other	0
751	253	Response	3	3461229	4474	1
751	253	Response	3	3462946	6191	1
751	253	Response	3	3481954	25199	1
751	253	Response	3	3483763	27008	1
751	253	Response	3	3485634	28879	1
751	255	Sound	0	3486757	0	2			0		other	0
751	255	Response	3	3487308	551	1
751	257	Nothing	3	3488313	0	1			0		false_alarm	720
751	257	Response	3	3488517	204	1
751	257	Response	3	3489998	1685	1
751	257	Response	3	3491241	2928	1
751	257	Response	3	3492627	4314	1
751	258	Nothing	22	3517327	0	1			0		other	0
751	259	Sound	19	3517999	0	2			0		other	0
751	260	Sound	0	3544532	0	2			0		other	0
751	260	Response	3	3555126	10594	1
751	262	Nothing	3	3556131	0	1			0		false_alarm	729
751	262	Response	3	3556157	26	1
751	262	Response	3	3557618	1487	1
751	262	Response	3	3558860	2729	1
751	262	Response	3	3560242	4111	1
751	263	Nothing	22	3585145	0	1			0		other	0
751	264	Sound	19	3592845	0	2			0		other	0
751	264	Response	3	3600407	7562	1
751	264	Response	3	3601930	9085	1
751	264	Response	3	3603598	10753	1
751	264	Response	3	3605421	12576	1
751	264	Response	3	3607302	14457	1
751	264	Response	3	3609120	16275	1
751	264	Response	3	3610634	17789	1
751	264	Response	3	3612303	19458	1
751	264	Response	3	3613953	21108	1
751	264	Response	3	3615772	22927	1
751	265	Sound	0	3619498	0	2			0		other	0
751	266	Nothing	22	3639511	0	1			0		other	0
751	267	Sound	19	3640171	0	2			0		other	0
751	267	Response	3	3643443	3272	2
751	267	Response	2	3650864	10693	1
751	267	Response	2	3652461	12290	1
751	267	Response	3	3655633	15462	1
751	267	Response	3	3657334	17163	1
751	267	Response	3	3662306	22135	1
751	267	Response	3	3664035	23864	1
751	267	Response	3	3665774	25603	1
751	267	Response	3	3667520	27349	1
751	268	Sound	0	3669161	0	2			0		other	0
751	268	Response	3	3688941	19780	1
751	269	Response	3	3689898	954	1
751	270	Nothing	3	3689946	0	1			0		false_alarm	761
751	270	Response	3	3691337	1391	1
751	270	Response	3	3692682	2736	1
751	270	Response	3	3694144	4198	1
751	270	Response	3	3695660	5714	1
751	271	Nothing	22	3718970	0	1			0		other	0
751	272	Sound	19	3719101	0	2			0		other	0
751	272	Response	3	3740680	21579	64
751	272	Response	3	3745496	26395	1
751	272	Response	3	3747322	28221	1
751	273	Sound	0	3747694	0	2			0		other	0
751	273	Response	3	3750917	3223	88
751	275	Nothing	3	3752011	0	1			0		false_alarm	773
751	275	Response	3	3752475	464	1
751	275	Response	3	3753930	1919	1
751	275	Response	3	3755109	3098	2
751	275	Response	3	3756487	4476	1
751	275	Response	3	3758168	6157	1
751	275	Response	3	3758335	6324	1
751	276	Nothing	22	3781024	0	1			0		other	0
751	277	Sound	19	3784784	0	2			0		other	0
751	279	Sound	0	3805843	0	2			0		other	0
751	279	Response	3	3814799	8956	1
751	280	Response	3	3815782	980	1
751	281	Nothing	3	3815803	0	1			0		false_alarm	785
751	281	Response	3	3817161	1358	1
751	281	Response	3	3818459	2656	1
751	281	Response	3	3819778	3975	1
751	281	Response	3	3821348	5545	1
751	282	Nothing	22	3844816	0	1			0		other	0
751	283	Sound	19	3854106	0	2			0		other	0
751	283	Response	3	3857168	3062	1
751	283	Response	3	3858852	4746	1
751	283	Response	3	3860188	6082	1
751	283	Response	3	3861687	7581	1
751	284	Sound	0	3875859	0	2			0		other	0
751	284	Response	3	3885534	9675	1
751	286	Nothing	3	3886540	0	1			0		false_alarm	798
751	286	Response	3	3886735	195	1
751	286	Response	3	3888233	1693	1
751	286	Response	3	3889493	2953	1
751	286	Response	3	3890811	4271	1
751	287	Nothing	22	3915553	0	1			0		other	0
751	288	Sound	19	3919413	0	2			0		other	0
751	288	Response	3	3922535	3122	1
751	288	Response	3	3924176	4763	1
751	288	Response	3	3925834	6421	1
751	288	Response	3	3927503	8090	1
751	288	Response	3	3929523	10110	1
751	289	Sound	0	3943456	0	2			0		other	0
751	289	Response	3	3958906	15450	1
751	290	Response	3	3959269	360	1
751	291	Nothing	3	3959911	0	1			0		false_alarm	813
751	291	Response	3	3960392	481	1
751	291	Response	3	3961968	2057	1
751	291	Response	3	3963275	3364	1
751	291	Response	3	3964662	4751	1
751	291	Response	3	3966211	6300	1
751	291	Response	3	3967876	7965	1
751	292	Nothing	22	3988925	0	1			0		other	0
751	292	Response	3	3992358	3433	1
751	292	Response	3	3995106	6181	1
751	292	Response	3	3995551	6626	1
751	293	Sound	19	3996887	0	2			0		other	0
751	293	Response	3	3997672	785	1
751	293	Response	3	3999340	2453	1
751	294	Sound	0	4019670	0	2			0		other	0
751	295	Nothing	22	4039683	0	1			0		other	0
751	296	Sound	19	4042014	0	2			0		other	0
751	296	Response	3	4044188	2174	1
751	296	Response	3	4045553	3539	1
751	296	Response	3	4046891	4877	1
751	296	Response	3	4048884	6870	1
751	296	Response	3	4050567	8553	2
751	296	Response	3	4052707	10693	1
751	297	Sound	0	4066278	0	3			0		other	0
751	298	Nothing	22	4086291	0	1			0		other	0
751	299	Sound	19	4092771	0	2			0		other	0
751	301	Sound	0	4113465	0	1			0		other	0
751	301	Response	3	4116066	2601	1
751	303	Nothing	3	4117071	0	1			0		false_alarm	841
751	303	Response	3	4117435	364	1
751	303	Response	3	4118845	1774	1
751	303	Response	3	4120114	3043	1
751	303	Response	3	4121464	4393	1
751	303	Response	3	4122885	5814	1
751	304	Nothing	22	4146097	0	1			0		other	0
751	305	Sound	19	4151708	0	1			0		other	0
751	305	Response	3	4153488	1780	1
751	305	Response	3	4155681	3973	1
751	305	Response	3	4157052	5344	1
751	305	Response	3	4158579	6871	1
751	305	Response	3	4160206	8498	1
751	305	Response	3	4162056	10348	1
751	305	Response	3	4163553	11845	2
751	305	Response	3	4165719	14011	1
751	305	Response	3	4167554	15846	1
751	305	Response	3	4169392	17684	1
751	306	Sound	0	4180281	0	2			0		other	0
751	306	Response	3	4193218	12937	1
751	308	Nothing	3	4194223	0	1			0		false_alarm	861
751	308	Response	3	4194528	305	1
751	308	Response	3	4196012	1789	1
751	308	Response	3	4197316	3093	1
751	309	Nothing	22	4223236	0	1			0		other	0
751	310	Sound	19	4224047	0	1			0		other	0
751	311	Sound	0	4246510	0	2			0		other	0
751	311	Response	3	4254156	7646	2
751	313	Nothing	3	4255161	0	1			0		false_alarm	869
751	313	Response	3	4255260	99	1
751	313	Response	3	4256675	1514	2
751	313	Response	3	4257982	2821	1
751	313	Response	3	4259217	4056	1
751	313	Response	3	4260672	5511	1
751	313	Response	3	4262210	7049	1
751	313	Response	3	4263699	8538	1
751	314	Nothing	22	4284174	0	1			0		other	0
751	315	Sound	19	4291614	0	2			0		other	0
751	316	Sound	0	4313657	0	2			0		other	0
751	316	Response	3	4316212	2555	1
751	318	Nothing	3	4317217	0	1			0		false_alarm	881
751	318	Response	3	4317387	170	1
751	318	Response	3	4318868	1651	1
751	318	Response	3	4320163	2946	2
751	318	Response	3	4321497	4280	2
751	318	Response	3	4322891	5674	1
751	318	Response	3	4324536	7319	26
751	319	Nothing	22	4346231	0	1			0		other	0
751	320	Sound	19	4350491	0	2			0		other	0
751	321	Sound	0	4373824	0	2			0		other	0
751	321	Response	3	4376681	2857	1
751	322	Response	3	4377664	981	1
751	323	Nothing	3	4377686	0	1			0		false_alarm	893
751	323	Response	3	4378995	1309	1
751	323	Response	3	4380233	2547	1
751	323	Response	3	4381513	3827	1
751	323	Response	3	4382832	5146	1
751	324	Nothing	22	4406701	0	1			0		other	0
751	325	Sound	19	4409491	0	2			0		other	0
751	325	Response	3	4413507	4016	1
751	325	Response	3	4415325	5834	1
751	325	Response	3	4417196	7705	1
751	325	Response	3	4422168	12677	2
751	325	Response	3	4423695	14204	1
751	325	Response	3	4425657	16166	1
751	325	Response	3	4427363	17872	1
751	325	Response	3	4428977	19486	1
751	327	Sound	0	4431901	0	3			0		other	0
751	328	Nothing	22	4451914	0	1			0		other	0
751	328	Response	3	4459595	7681	1
751	329	Sound	19	4460456	0	2			0		other	0
751	329	Response	3	4461360	904	1
751	329	Response	3	4462858	2402	1
751	329	Response	3	4464676	4220	2
751	329	Response	3	4470488	10032	1
751	329	Response	3	4472487	12031	1
751	329	Response	3	4474527	14071	1
751	330	Sound	0	4481699	0	2			0		other	0
751	330	Response	3	4492005	10306	1
751	331	Response	3	4493003	995	1
751	332	Nothing	3	4493011	0	1			0		false_alarm	921
751	332	Response	3	4494618	1607	1
751	332	Response	3	4496012	3001	1
751	332	Response	3	4497689	4678	1
751	333	Nothing	22	4522035	0	1			0		other	0
751	334	Sound	19	4530596	0	2			0		other	0
751	335	Sound	0	4553442	0	2			0		other	0
751	335	Response	3	4554194	752	1
751	337	Nothing	3	4555200	0	1			0		false_alarm	929
751	337	Response	3	4555436	236	1
751	337	Response	3	4556882	1682	1
751	337	Response	3	4558118	2918	1
751	337	Response	3	4559454	4254	1
751	337	Response	3	4560843	5643	1
751	338	Nothing	22	4584213	0	1			0		other	0
751	339	Sound	19	4591704	0	2			0		other	0
751	339	Response	3	4612657	20953	1
751	339	Response	3	4614182	22478	1
751	339	Response	3	4615199	23495	1
751	339	Response	3	4616830	25126	1
751	339	Response	3	4618193	26489	1
751	339	Response	3	4619815	28111	1
751	340	Sound	0	4620937	0	2			0		other	0
751	340	Response	3	4627523	6586	1
751	342	Nothing	3	4628528	0	1			0		false_alarm	945
751	342	Response	3	4628573	45	1
751	342	Response	3	4630090	1562	2
751	342	Response	3	4631245	2717	1
751	342	Response	3	4632659	4131	1
751	342	Response	3	4634186	5658	1
751	343	Nothing	22	4657542	0	1			0		other	0
751	344	Sound	19	4662333	0	1			0		other	0
751	344	Response	3	4663523	1190	1
751	344	Response	3	4670308	7975	1
751	344	Response	3	4671689	9356	1
751	344	Response	3	4673355	11022	2
751	344	Response	3	4675021	12688	1
751	344	Response	3	4678688	16355	1
751	344	Response	3	4680669	18336	1
751	344	Response	3	4682166	19833	1
751	345	Sound	0	4688216	0	2			0		other	0
751	345	Response	3	4692023	3807	1
751	347	Nothing	3	4693027	0	1			0		false_alarm	963
751	347	Response	3	4693182	155	1
751	347	Response	3	4694717	1690	1
751	347	Response	3	4696002	2975	1
751	347	Response	3	4697494	4467	1
751	348	Nothing	22	4722040	0	1			0		other	0
751	349	Sound	19	4730271	0	1			0		other	0
751	349	Response	3	4751196	20925	1
751	349	Response	3	4752653	22382	1
751	349	Response	3	4754023	23752	1
751	351	Sound	0	4754352	0	2			0		other	0
751	351	Response	3	4755691	1339	1
751	353	Nothing	3	4756697	0	1			0		false_alarm	975
751	353	Response	3	4757138	441	1
751	353	Response	3	4758714	2017	1
751	353	Response	3	4761530	4833	1
751	353	Response	3	4763037	6340	1
751	353	Response	3	4764698	8001	1
751	353	Response	3	4766537	9840	1
751	354	Nothing	22	4785710	0	1			0		other	0
751	355	Sound	19	4790431	0	1			0		other	0
751	356	Sound	0	4819185	0	2			0		other	0
751	356	Response	3	4820699	1514	1
751	358	Nothing	3	4821703	0	1			0		false_alarm	986
751	358	Response	3	4821787	84	1
751	358	Response	3	4823212	1509	1
751	358	Response	3	4824444	2741	1
751	358	Response	3	4825832	4129	1
751	358	Response	3	4832531	10828	2
751	359	Nothing	22	4850718	0	1			0		other	0
751	360	Sound	19	4857848	0	2			0		other	0
751	360	Response	3	4879535	21687	1
751	360	Response	3	4880844	22996	1
751	360	Response	3	4882211	24363	1
751	361	Sound	0	4883611	0	2			0		other	0
751	361	Response	3	4883694	83	1
751	363	Nothing	3	4884699	0	1			0		false_alarm	999
751	363	Response	3	4885077	378	1
751	363	Response	3	4886527	1828	1
751	363	Response	3	4887778	3079	1
751	363	Response	3	4889175	4476	1
751	363	Response	3	4890689	5990	1
751	363	Response	3	4892203	7504	1
751	364	Nothing	22	4913712	0	1			0		other	0
751	365	Sound	19	4918572	0	2			0		other	0
751	366	Sound	0	4939696	0	2			0		other	0
751	366	Response	3	4950211	10515	1
751	368	Nothing	3	4951217	0	1			0		false_alarm	1010
751	368	Response	3	4951363	146	1
751	368	Response	3	4952908	1691	1
751	368	Response	3	4954170	2953	1
751	368	Response	3	4955537	4320	1
751	369	Nothing	22	4980230	0	1			0		other	0
751	370	Sound	19	4983500	0	2			0		other	0
751	370	Response	3	5011705	28205	1
751	371	Sound	0	5012153	0	2			0		other	0
751	371	Response	3	5013362	1209	1
751	373	Nothing	3	5014366	0	1			0		false_alarm	1020
751	373	Response	3	5014503	137	1
751	373	Response	3	5015980	1614	1
751	373	Response	3	5017245	2879	1
751	373	Response	3	5018710	4344	1
751	374	Nothing	22	5043379	0	1			0		other	0
751	375	Sound	19	5044310	0	2			0		other	0
751	377	Sound	0	5068479	0	2			0		other	0
751	377	Response	3	5077695	9216	1
751	379	Nothing	3	5078701	0	1			0		false_alarm	1029
751	379	Response	3	5078811	110	1
751	379	Response	3	5080172	1471	1
751	379	Response	3	5081355	2654	1
751	379	Response	3	5082679	3978	2
751	379	Response	3	5084190	5489	1
751	380	Nothing	22	5107714	0	1			0		other	0
751	381	Sound	19	5110805	0	1			0		other	0
751	381	Response	3	5136872	26067	1
751	381	Response	3	5137999	27194	1
751	382	Sound	0	5138928	0	2			0		other	0
751	382	Response	3	5139530	602	1
751	383	Response	3	5140506	974	1
751	384	Nothing	3	5140534	0	1			0		false_alarm	1042
751	384	Response	3	5141982	1448	1
751	384	Response	3	5147876	7342	1
751	384	Response	3	5149208	8674	1
751	384	Response	3	5150673	10139	1
751	384	Response	3	5152374	11840	1
751	385	Nothing	22	5169547	0	1			0		other	0
751	386	Sound	19	5169947	0	2			0		other	0
751	387	Sound	0	5190670	0	2			0		other	0
751	388	Nothing	22	5210684	0	1			0		other	0
751	389	Sound	19	5212816	0	2			0		other	0
751	389	Response	3	5217032	4216	1
751	389	Response	3	5218344	5528	1
751	389	Response	3	5219705	6889	1
751	389	Response	3	5221049	8233	1
751	389	Response	3	5224379	11563	1
751	389	Response	3	5226157	13341	1
751	389	Response	3	5227871	15055	1
751	389	Response	3	5229211	16395	1
751	389	Response	3	5231038	18222	1
751	389	Response	3	5232674	19858	1
751	389	Response	3	5234382	21566	1
751	389	Response	3	5236220	23404	1
751	390	Sound	0	5236861	0	2			0		other	0
751	391	Nothing	22	5256874	0	1			0		other	0
751	392	Sound	19	5263475	0	1			0		other	0
751	393	Sound	0	5288488	0	2			0		other	0
751	393	Response	3	5296712	8224	1
751	395	Nothing	3	5297717	0	1			0		false_alarm	1070
751	395	Response	3	5297864	147	1
751	395	Response	3	5299215	1498	1
751	395	Response	3	5300496	2779	1
751	395	Response	3	5301883	4166	1
751	395	Response	3	5304871	7154	1
751	396	Nothing	22	5326769	0	1			0		other	0
751	396	Response	3	5333874	7105	1
751	396	Response	3	5336718	9949	1
751	397	Sound	19	5336750	0	1			0		other	0
751	397	Response	3	5338148	1398	1
751	397	Response	3	5339544	2794	2
751	397	Response	3	5341200	4450	1
751	397	Response	3	5342867	6117	1
751	399	Sound	0	5362455	0	2			0		other	0
751	399	Response	3	5374205	11750	1
751	401	Nothing	3	5375209	0	1			0		false_alarm	1086
751	401	Response	3	5375340	131	1
751	401	Response	3	5376840	1631	2
751	401	Response	3	5378038	2829	1
751	402	Nothing	22	5404223	0	1			0		other	0
751	403	Sound	19	5412894	0	2			0		other	0
751	404	Sound	0	5433907	0	2			0		other	0
751	405	Nothing	22	5453920	0	1			0		other	0
751	406	Sound	19	5459790	0	2			0		other	0
751	406	Response	3	5464003	4213	1
751	406	Response	3	5465472	5682	1
751	406	Response	3	5466642	6852	2
751	407	Sound	0	5485093	0	2			0		other	0
751	407	Response	3	5492515	7422	1
751	409	Nothing	3	5493520	0	1			0		false_alarm	1100
751	409	Response	3	5493894	374	1
751	409	Response	3	5495270	1750	1
751	409	Response	3	5496462	2942	1
751	409	Response	3	5497687	4167	1
751	410	Nothing	22	5522547	0	1			0		other	0
751	411	Sound	19	5531638	0	1			0		other	0
751	412	Sound	0	5552101	0	2			0		other	0
751	412	Response	3	5561506	9405	1
751	413	Response	3	5562436	927	1
751	414	Nothing	3	5562511	0	1			0		false_alarm	1110
751	414	Response	3	5563806	1295	1
751	414	Response	3	5565245	2734	1
751	414	Response	3	5566460	3949	1
751	414	Response	3	5567842	5331	1
751	415	Nothing	22	5591525	0	1			0		other	0
751	416	Sound	19	5592995	0	2			0		other	0
751	417	Sound	0	5621678	0	2			0		other	0
751	417	Response	3	5629434	7756	1
751	419	Nothing	3	5630439	0	1			0		false_alarm	1119
751	419	Response	3	5630451	12	1
751	419	Response	3	5631722	1283	1
751	419	Response	3	5633008	2569	1
751	419	Response	3	5634153	3714	1
751	419	Response	3	5635656	5217	1
751	420	Nothing	22	5659452	0	1			0		other	0
751	421	Sound	19	5666284	0	2			0		other	0
751	423	Sound	0	5695362	0	4			0		other	0
751	423	Response	3	5704445	9083	1
751	425	Nothing	3	5705451	0	1			0		false_alarm	1129
751	425	Response	3	5705495	44	1
751	425	Response	3	5706863	1412	1
751	425	Response	3	5708093	2642	1
751	425	Response	3	5709320	3869	1
751	426	Nothing	22	5734464	0	1			0		other	0
751	427	Sound	19	5742314	0	2			0		other	0
751	428	Sound	0	5771977	0	2			0		other	0
751	428	Response	3	5779787	7810	1
751	429	Response	3	5780735	944	1
751	430	Nothing	3	5780793	0	1			0		false_alarm	1139
751	430	Response	3	5782120	1327	1
751	430	Response	3	5783416	2623	2
751	430	Response	3	5784574	3781	1
751	430	Response	3	5785921	5128	1
751	431	Nothing	22	5809806	0	1			0		other	0
751	432	Sound	19	5819696	0	2			0		other	0
751	432	Response	3	5835272	15576	1
751	432	Response	3	5836786	17090	1
751	432	Response	3	5838239	18543	1
751	432	Response	3	5839747	20051	1
751	432	Response	3	5841066	21370	1
751	432	Response	3	5842577	22881	1
751	433	Sound	0	5849080	0	2			0		other	0
751	434	Nothing	22	5869093	0	1			0		other	0
751	435	Sound	19	5870714	0	2			0		other	0
751	436	Sound	0	5897807	0	2			0		other	0
751	436	Response	3	5903099	5292	1
751	438	Nothing	3	5904104	0	1			0		false_alarm	1157
751	438	Response	3	5904264	160	1
751	438	Response	3	5905596	1492	1
751	438	Response	3	5906831	2727	1
751	438	Response	3	5908052	3948	2
751	439	Nothing	22	5933128	0	1			0		other	0
751	440	Sound	19	5939499	0	1			0		other	0
751	440	Response	3	5963901	24402	1
751	441	Sound	0	5964913	0	2			0		other	0
751	441	Response	3	5965249	336	1
751	443	Nothing	3	5966255	0	1			0		false_alarm	1167
751	443	Response	3	5966289	34	1
751	443	Response	3	5967698	1443	1
751	443	Response	3	5969046	2791	1
751	443	Response	3	5970223	3968	1
751	444	Nothing	22	5995268	0	2			0		other	0
751	445	Sound	19	6004588	0	2			0		other	0
751	447	Sound	0	6032675	0	2			0		other	0
751	448	Nothing	22	6052688	0	1			0		other	0
751	449	Sound	19	6059309	0	1			0		other	0
751	450	Sound	0	6082162	0	2			0		other	0
751	450	Response	3	6100055	17893	1
751	452	Nothing	3	6101061	0	1			0		false_alarm	1179
751	452	Response	3	6101080	19	1
751	452	Response	3	6102395	1334	1
751	452	Response	3	6104847	3786	1
751	452	Response	3	6106198	5137	1
751	453	Nothing	22	6130087	0	1			0		other	0
751	454	Sound	19	6139618	0	2			0		other	0
751	455	Sound	0	6160721	0	2			0		other	0
751	455	Response	3	6169683	8962	1
751	457	Nothing	3	6170688	0	1			0		false_alarm	1188
751	457	Response	3	6170744	56	1
751	457	Response	3	6172033	1345	1
751	457	Response	3	6173171	2483	1
751	457	Response	3	6174423	3735	1
751	458	Nothing	22	6199701	0	1			0		other	0
751	459	Sound	19	6206341	0	2			0		other	0
751	459	Response	3	6208722	2381	1
751	459	Response	3	6210038	3697	1
751	459	Response	3	6211352	5011	1
751	459	Response	3	6212586	6245	1
751	459	Response	3	6214009	7668	1
751	459	Response	3	6215694	9353	1
751	460	Sound	0	6227914	0	2			0		other	0
751	461	Nothing	22	6247928	0	1			0		other	0
751	462	Sound	19	6254299	0	2			0		other	0
751	463	Sound	0	6276452	0	2			0		other	0
751	463	Response	3	6279040	2588	1
751	465	Nothing	3	6280045	0	1			0		false_alarm	1206
751	465	Response	3	6280249	204	1
751	465	Response	3	6281524	1479	1
751	465	Response	3	6282731	2686	1
751	465	Response	3	6283884	3839	1
751	466	Nothing	22	6309069	0	1			0		other	0
751	467	Sound	19	6317950	0	1			0		other	0
751	469	Sound	0	6345148	0	2			0		other	0
751	469	Response	3	6349542	4394	1
751	471	Nothing	3	6350548	0	1			0		false_alarm	1215
751	471	Response	3	6350647	99	1
751	471	Response	3	6351998	1450	1
751	471	Response	3	6353172	2624	1
751	471	Response	3	6354439	3891	1
751	472	Nothing	22	6379561	0	1			0		other	0
751	473	Sound	19	6383921	0	2			0		other	0
751	474	Sound	0	6412734	0	2			0		other	0
751	474	Response	3	6419528	6794	1
751	476	Nothing	3	6420532	0	1			0		false_alarm	1224
751	476	Response	3	6420580	48	1
751	476	Response	3	6421832	1300	1
751	476	Response	3	6423044	2512	1
751	476	Response	3	6424284	3752	2
751	477	Nothing	22	6449547	0	1			0		other	0
751	478	Sound	19	6451207	0	2			0		other	0
751	479	Sound	0	6472571	0	1			0		other	0
751	479	Response	3	6480024	7453	1
751	480	Response	3	6480222	196	1
751	481	Nothing	3	6481028	0	1			0		false_alarm	1234
751	481	Response	3	6481427	399	1
751	481	Response	3	6482725	1697	1
751	481	Response	3	6483876	2848	1
751	481	Response	3	6485172	4144	2
751	482	Nothing	22	6510041	0	1			0		other	0
751	483	Sound	19	6516772	0	2			0		other	0
751	483	Response	3	6532719	15947	1
751	483	Response	3	6534192	17420	1
751	483	Response	3	6540386	23614	1
751	483	Response	3	6541883	25111	2
751	483	Response	3	6543338	26566	1
751	483	Response	3	6544752	27980	1
751	484	Sound	0	6545675	0	2			0		other	0
751	484	Response	3	6546549	874	2
751	486	Nothing	3	6547555	0	1			0		false_alarm	1249
751	486	Response	3	6548097	542	1
751	486	Response	3	6549665	2110	1
751	486	Response	3	6550841	3286	1
751	486	Response	3	6552216	4661	1
751	487	Nothing	22	6576568	0	1			0		other	0
751	488	Sound	19	6578838	0	2			0		other	0
751	489	Sound	0	6605301	0	2			0		other	0
751	489	Response	3	6612202	6901	1
751	491	Nothing	3	6613207	0	1			0		false_alarm	1258
751	491	Response	3	6613273	66	1
751	491	Response	3	6614586	1379	1
751	491	Response	3	6615827	2620	1
751	491	Response	3	6617175	3968	1
751	491	Response	3	6618542	5335	1
751	492	Nothing	22	6642220	0	1			0		other	0
751	493	Sound	19	6649340	0	2			0		other	0
751	495	Sound	0	6673813	0	1			0		other	0
751	495	Response	3	6674205	392	2
751	497	Nothing	3	6675210	0	1			0		false_alarm	1268
751	497	Response	3	6675255	45	1
751	497	Response	3	6676474	1264	1
751	497	Response	3	6677789	2579	1
751	497	Response	3	6679036	3826	1
751	498	Nothing	22	6704224	0	1			0		other	0
751	499	Sound	19	6713704	0	2			0		other	0
751	499	Response	3	6716531	2827	1
751	499	Response	3	6717877	4173	1
751	499	Response	3	6719216	5512	1
751	499	Response	3	6720582	6878	1
751	499	Response	3	6722210	8506	1
751	499	Response	3	6723716	10012	1
751	499	Response	3	6725372	11668	1
751	499	Response	3	6726873	13169	1
751	500	Sound	0	6737037	0	2			0		other	0
751	500	Response	3	6746876	9839	1
751	502	Nothing	3	6747883	0	1			0		false_alarm	1285
751	502	Response	3	6747934	51	1
751	502	Response	3	6749344	1461	1
751	502	Response	3	6750644	2761	1
751	502	Response	3	6751877	3994	1
751	502	Response	3	6753377	5494	1
751	503	Nothing	22	6776896	0	1			0		other	0
751	504	Sound	19	6778968	0	2			0		other	0
751	505	Sound	0	6806351	0	2			0		other	0
751	505	Response	3	6812875	6524	1
751	507	Nothing	3	6813880	0	1			0		false_alarm	1295
751	507	Response	3	6813947	67	1
751	507	Response	3	6815243	1363	1
751	507	Response	3	6816498	2618	1
751	507	Response	3	6817686	3806	1
751	507	Response	3	6819027	5147	1
751	508	Nothing	22	6842894	0	1			0		other	0
751	508	Response	3	6846717	3823	1
751	508	Response	3	6848204	5310	1
751	508	Response	3	6849873	6979	1
751	509	Sound	19	6852515	0	1			0		other	0
751	509	Response	3	6853383	868	1
751	509	Response	3	6855160	2645	1
751	509	Response	3	6856703	4188	1
751	509	Response	3	6858216	5701	1
751	509	Response	3	6859851	7336	1
751	509	Response	3	6861374	8859	1
751	509	Response	3	6863206	10691	2
751	510	Sound	0	6882458	0	2			0		other	0
751	510	Response	3	6889715	7257	1
751	512	Nothing	3	6890720	0	1			0		false_alarm	1315
751	512	Response	3	6890923	203	1
751	512	Response	3	6892355	1635	1
751	512	Response	3	6893675	2955	1
751	512	Response	3	6895211	4491	1
751	513	Nothing	22	6919733	0	1			0		other	0
751	514	Sound	19	6921163	0	2			0		other	0
751	514	Response	3	6944206	23043	1
751	514	Response	3	6945715	24552	1
751	515	Sound	0	6946276	0	2			0		other	0
751	515	Response	3	6947368	1092	1
751	517	Nothing	3	6948373	0	1			0		false_alarm	1326
751	517	Response	3	6948511	138	1
751	517	Response	3	6949975	1602	1
751	517	Response	3	6951212	2839	1
751	517	Response	3	6955838	7465	1
751	518	Nothing	22	6977386	0	1			0		other	0
751	519	Sound	19	6979057	0	2			0		other	0
751	521	Sound	0	6999488	0	2			0		other	0
751	521	Response	3	7008333	8845	1
751	523	Nothing	3	7009338	0	1			0		false_alarm	1335
751	523	Response	3	7009472	134	1
751	523	Response	3	7010887	1549	1
751	523	Response	3	7012055	2717	1
751	523	Response	3	7015007	5669	1
751	524	Nothing	22	7038352	0	1			0		other	0
751	525	Sound	19	7047853	0	2			0		other	0
751	525	Response	3	7050361	2508	1
751	525	Response	3	7051684	3831	2
751	525	Response	3	7053127	5274	1
751	525	Response	3	7054471	6618	1
751	525	Response	3	7055917	8064	1
751	525	Response	3	7057611	9758	1
751	525	Response	3	7059018	11165	1
751	525	Response	3	7060657	12804	1
751	525	Response	3	7063999	16146	2
751	525	Response	3	7065683	17830	1
751	526	Sound	0	7069186	0	2			0		other	0
751	527	Nothing	22	7089202	0	1			0		other	0
751	528	Sound	19	7091613	0	1			0		other	0
751	528	Response	3	7094981	3368	1
751	528	Response	3	7096479	4866	1
751	528	Response	3	7098015	6402	1
751	528	Response	3	7100019	8406	1
751	529	Sound	0	7111897	0	1			0		other	0
751	529	Response	3	7125680	13783	1
751	531	Nothing	3	7126685	0	1			0		false_alarm	1361
751	531	Response	3	7126880	195	1
751	531	Response	3	7128292	1607	1
751	531	Response	3	7129558	2873	1
751	531	Response	3	7130849	4164	1
751	531	Response	3	7132346	5661	1
751	532	Nothing	22	7155708	0	1			0		other	0
751	533	Sound	19	7158258	0	2			0		other	0
751	534	Sound	0	7187082	0	1			0		other	0
751	534	Response	3	7193839	6757	2
751	536	Nothing	3	7194844	0	1			0		false_alarm	1371
751	536	Response	3	7194953	109	1
751	536	Response	3	7196409	1565	1
751	536	Response	3	7197644	2800	1
751	536	Response	3	7198995	4151	1
751	537	Nothing	22	7223859	0	1			0		other	0
751	538	Sound	19	7224980	0	1			0		other	0
751	538	Response	3	7247808	22828	2
751	538	Response	3	7249070	24090	2
751	539	Sound	0	7252683	0	2			0		other	0
751	539	Response	3	7254505	1822	1
751	541	Nothing	3	7255509	0	1			0		false_alarm	1382
751	541	Response	3	7255914	405	1
751	541	Response	3	7257285	1776	1
751	541	Response	3	7258513	3004	1
751	541	Response	3	7259847	4338	2
751	541	Response	3	7261335	5826	1
751	542	Nothing	22	7284522	0	1			0		other	0
751	543	Sound	19	7288622	0	2			0		other	0
751	545	Sound	0	7317706	0	2			0		other	0
751	545	Response	3	7328171	10465	2
751	547	Nothing	3	7329176	0	1			0		false_alarm	1392
751	547	Response	3	7329342	166	1
751	547	Response	3	7330737	1561	1
751	547	Response	3	7331941	2765	1
751	547	Response	3	7333318	4142	1
751	547	Response	3	7336174	6998	1
751	547	Response	3	7337814	8638	1
751	548	Nothing	22	7358189	0	1			0		other	0
751	549	Sound	19	7361601	0	2			0		other	0
751	549	Response	3	7383665	22064	2
751	549	Response	3	7384004	22403	1
751	549	Response	3	7385664	24063	1
751	549	Response	3	7387166	25565	1
751	550	Sound	0	7389095	0	2			0		other	0
751	550	Response	3	7390693	1598	1
751	552	Nothing	3	7391699	0	1			0		false_alarm	1407
751	552	Response	3	7391829	130	1
751	552	Response	3	7393326	1627	1
751	552	Response	3	7394551	2852	1
751	552	Response	3	7395976	4277	1
751	552	Response	3	7397498	5799	1
751	553	Nothing	22	7420712	0	1			0		other	0
751	554	Sound	19	7425693	0	2			0		other	0
751	554	Response	3	7451864	26171	1
751	554	Response	3	7453483	27790	1
751	555	Sound	0	7454376	0	2			0		other	0
751	555	Response	3	7458326	3950	1
751	557	Nothing	3	7459332	0	1			0		false_alarm	1419
751	557	Response	3	7459459	127	1
751	557	Response	3	7460993	1661	1
751	557	Response	3	7462268	2936	1
751	557	Response	3	7463657	4325	1
751	557	Response	3	7465158	5826	1
751	558	Nothing	22	7488345	0	1			0		other	0
751	559	Sound	19	7491915	0	2			0		other	0
751	560	Sound	0	7518289	0	2			0		other	0
751	560	Response	3	7524322	6033	1
751	562	Nothing	3	7525328	0	1			0		false_alarm	1429
751	562	Response	3	7525391	63	2
751	562	Response	3	7526785	1457	1
751	562	Response	3	7528130	2802	1
751	562	Response	3	7529487	4159	1
751	563	Nothing	22	7554341	0	1			0		other	0
751	564	Sound	19	7563771	0	2			0		other	0
751	564	Response	3	7583490	19719	1
751	564	Response	3	7588484	24713	1
751	564	Response	3	7590319	26548	1
751	564	Response	3	7591788	28017	1
751	565	Sound	0	7593384	0	2			0		other	0
751	565	Response	3	7593614	230	1
751	567	Nothing	3	7594620	0	1			0		false_alarm	1442
751	567	Response	3	7594907	287	1
751	567	Response	3	7596319	1699	1
751	567	Response	3	7597595	2975	2
751	567	Response	3	7598972	4352	1
751	568	Nothing	22	7623634	0	1			0		other	0
751	569	Sound	19	7631824	0	2			0		other	0
751	569	Response	3	7656314	24490	1
751	569	Response	3	7657475	25651	1
751	569	Response	3	7657814	25990	1
751	569	Response	3	7659319	27495	1
751	571	Sound	0	7660943	0	2			0		other	0
751	571	Response	3	7661147	204	1
751	572	Response	3	7662144	993	1
751	573	Nothing	3	7662153	0	1			0		false_alarm	1456
751	573	Response	3	7663693	1540	1
751	573	Response	3	7664971	2818	2
751	573	Response	3	7666302	4149	1
751	573	Response	3	7667816	5663	1
751	573	Response	3	7669319	7166	2
751	574	Nothing	22	7691167	0	1			0		other	0
751	575	Sound	19	7691287	0	2			0		other	0
751	576	Sound	0	7715330	0	2			0		other	0
751	576	Response	3	7724327	8997	1
751	578	Nothing	3	7725332	0	1			0		false_alarm	1466
751	578	Response	3	7725566	234	1
751	578	Response	3	7726933	1601	1
751	578	Response	3	7728153	2821	2
751	578	Response	3	7729498	4166	1
751	579	Nothing	22	7754346	0	1			0		other	0
751	580	Sound	19	7759086	0	2			0		other	0
751	581	Sound	0	7785229	0	2			0		other	0
751	581	Response	3	7791341	6112	1
751	582	Response	3	7792344	1000	3
751	583	Nothing	3	7792347	0	1			0		false_alarm	1476
751	583	Response	3	7793712	1365	1
751	583	Response	3	7794876	2529	1
751	583	Response	3	7796117	3770	1
751	583	Response	3	7797495	5148	1
751	584	Nothing	22	7821361	0	1			0		other	0
751	585	Sound	19	7822782	0	1			0		other	0
751	585	Response	3	7823509	727	1
751	585	Response	3	7824966	2184	1
751	585	Response	3	7826178	3396	1
751	585	Response	3	7827672	4890	1
751	585	Response	3	7829138	6356	1
751	585	Response	3	7830802	8020	1
751	585	Response	3	7832495	9713	1
751	585	Response	3	7834181	11399	1
751	585	Response	3	7835648	12866	1
751	585	Response	3	7837194	14412	2
751	586	Sound	0	7845525	0	2			0		other	0
751	586	Response	3	7856480	10955	1
751	588	Nothing	3	7857484	0	1			0		false_alarm	1495
751	588	Response	3	7857650	166	1
751	588	Response	3	7859211	1727	1
751	588	Response	3	7860457	2973	1
751	589	Nothing	22	7886503	0	1			0		other	0
751	590	Sound	19	7893733	0	2			0		other	0
751	591	Sound	0	7916316	0	2			0		other	0
751	591	Response	3	7918861	2545	1
751	593	Nothing	3	7919866	0	1			0		false_alarm	1503
751	593	Response	3	7919962	96	1
751	593	Response	3	7921356	1490	1
751	593	Response	3	7922542	2676	1
751	593	Response	3	7923853	3987	1
751	594	Nothing	22	7948880	0	1			0		other	0
751	595	Sound	19	7952562	0	2			0		other	0
751	597	Sound	0	7976014	0	2			0		other	0
751	597	Response	3	7986559	10545	1
751	599	Nothing	3	7987564	0	1			0		false_alarm	1512
751	599	Response	3	7987594	30	1
751	599	Response	3	7988995	1431	1
751	599	Response	3	7990154	2590	90
751	599	Response	3	7991558	3994	1
751	600	Nothing	22	8016577	0	1			0		other	0
751	601	Sound	19	8021317	0	2			0		other	0
751	602	Sound	0	8046670	0	2			0		other	0
751	602	Response	3	8053490	6820	1
751	603	Response	3	8053842	350	1
751	604	Nothing	3	8054494	0	1			0		false_alarm	1522
751	604	Response	3	8054963	469	1
751	604	Response	3	8056309	1815	1
751	604	Response	3	8057537	3043	1
751	604	Response	3	8058870	4376	1
751	604	Response	3	8060246	5752	1
751	604	Response	3	8061584	7090	1
751	605	Nothing	22	8083508	0	1			0		other	0
751	606	Sound	19	8089998	0	2			0		other	0
751	606	Response	3	8117045	27047	1
751	607	Sound	0	8118261	0	2			0		other	0
751	607	Response	3	8118590	329	1
751	609	Nothing	3	8119596	0	1			0		false_alarm	1534
751	609	Response	3	8121342	1746	2
751	609	Response	3	8122689	3093	1
751	609	Response	3	8123814	4218	1
751	609	Response	3	8125047	5451	1
751	609	Response	3	8126388	6792	1
751	609	Response	3	8127895	8299	1
751	610	Nothing	22	8148609	0	1			0		other	0
751	611	Sound	19	8158320	0	2			0		other	0
751	611	Response	3	8160949	2629	1
751	612	Sound	0	8181904	0	1			0		other	0
751	612	Response	3	8190768	8864	1
751	614	Nothing	3	8191772	0	1			0		false_alarm	1546
751	614	Response	3	8191928	156	1
751	614	Response	3	8193232	1460	1
751	614	Response	3	8194439	2667	1
751	614	Response	3	8195747	3975	1
751	615	Nothing	22	8220787	0	1			0		other	0
751	616	Sound	19	8225440	0	2			0		other	0
751	617	Sound	0	8246383	0	2			0		other	0
751	617	Response	3	8253935	7552	1
751	619	Nothing	3	8254941	0	1			0		false_alarm	1555
751	619	Response	3	8255129	188	1
751	619	Response	3	8256513	1572	1
751	619	Response	3	8257727	2786	1
751	619	Response	3	8258940	3999	1
751	620	Nothing	22	8283954	0	1			0		other	0
751	621	Sound	19	8289734	0	2			0		other	0
751	623	Sound	0	8311841	0	2			0		other	0
751	623	Response	3	8315241	3400	1
751	625	Nothing	3	8316247	0	1			0		false_alarm	1564
751	625	Response	3	8316396	149	1
751	625	Response	3	8317726	1479	1
751	625	Response	3	8318918	2671	1
751	625	Response	3	8320277	4030	1
751	626	Nothing	22	8345260	0	1			0		other	0
751	627	Sound	19	8349721	0	2			0		other	0
751	627	Response	3	8372250	22529	1
751	627	Response	3	8372586	22865	1
751	628	Sound	0	8373824	0	2			0		other	0
751	628	Response	3	8374244	420	1
751	630	Nothing	3	8375249	0	1			0		false_alarm	1575
751	630	Response	3	8375489	240	1
751	630	Response	3	8376822	1573	1
751	630	Response	3	8378057	2808	1
751	630	Response	3	8379380	4131	1
751	631	Nothing	22	8404262	0	1			0		other	0
751	632	Sound	19	8413482	0	2			0		other	0
751	632	Response	3	8440722	27240	80
751	632	Response	3	8442401	28919	1
751	633	Sound	0	8443195	0	2			0		other	0
751	633	Response	3	8443735	540	1
751	635	Nothing	3	8444741	0	1			0		false_alarm	1586
751	635	Response	3	8444837	96	1
751	635	Response	3	8446231	1490	1
751	635	Response	3	8447542	2801	1
751	635	Response	3	8448916	4175	1
751	636	Nothing	22	8473754	0	1			0		other	0
751	637	Sound	19	8475344	0	2			0		other	0
751	638	Sound	0	8499407	0	2			0		other	0
751	638	Response	3	8509215	9808	1
751	640	Nothing	3	8510220	0	1			0		false_alarm	1595
751	640	Response	3	8510374	154	1
751	640	Response	3	8511785	1565	1
751	640	Response	3	8513025	2805	1
751	640	Response	3	8514218	3998	1
751	640	Response	3	8515552	5332	1
751	641	Nothing	22	8539235	0	1			0		other	0
751	642	Sound	19	8548025	0	2			0		other	0
751	642	Response	3	8572701	24676	1
751	642	Response	3	8573900	25875	1
751	643	Sound	0	8574968	0	2			0		other	0
751	643	Response	3	8577705	2737	1
751	644	Response	3	8578684	976	1
751	645	Nothing	3	8578710	0	1			0		false_alarm	1608
751	645	Response	3	8580123	1413	1
751	645	Response	3	8581402	2692	1
751	646	Nothing	22	8607723	0	1			0		other	0
751	647	Sound	19	8614704	0	1			0		other	0
751	649	Sound	0	8638976	0	3			0		other	0
751	649	Response	3	8652297	13321	1
751	651	Nothing	3	8653303	0	1			0		false_alarm	1615
751	651	Response	3	8653413	110	1
751	651	Response	3	8654882	1579	1
751	651	Response	3	8656107	2804	1
751	652	Nothing	22	8682316	0	1			0		other	0
751	653	Sound	19	8683976	0	2			0		other	0
751	653	Response	3	8686662	2686	1
751	653	Response	3	8688152	4176	1
751	653	Response	3	8689485	5509	1
751	653	Response	3	8690846	6870	1
751	653	Response	3	8692495	8519	2
751	653	Response	3	8694172	10196	2
751	653	Response	3	8704173	20197	1
751	653	Response	3	8705930	21954	11
751	653	Response	3	8707826	23850	1
751	653	Response	3	8709506	25530	2
751	654	Sound	0	8712809	0	2			0		other	0
751	655	Nothing	22	8732822	0	1			0		other	0
751	656	Sound	19	8737522	0	2			0		other	0
751	657	Sound	0	8762185	0	2			0		other	0
751	657	Response	3	8770115	7930	1
751	658	Response	3	8770329	211	1
751	658	Response	3	8770481	363	2
751	659	Nothing	3	8771120	0	1			0		false_alarm	1638
751	659	Response	3	8771489	369	1
751	659	Response	3	8772979	1859	1
751	659	Response	3	8774155	3035	2
751	659	Response	3	8775496	4376	1
751	660	Nothing	22	8800144	0	1			0		other	0
751	661	Sound	19	8801395	0	2			0		other	0
751	662	Sound	0	8823838	0	2			0		other	0
751	662	Response	3	8830315	6477	1
751	664	Nothing	3	8831320	0	1			0		false_alarm	1647
751	664	Response	3	8831451	131	1
751	664	Response	3	8832721	1401	1
751	664	Response	3	8833914	2594	1
751	664	Response	3	8835142	3822	1
751	665	Nothing	22	8860333	0	1			0		other	0
751	666	Sound	19	8869593	0	2			0		other	0
751	667	Sound	0	8898896	0	2			0		other	0
751	667	Response	3	8904768	5872	1
751	669	Nothing	3	8905773	0	1			0		false_alarm	1656
751	669	Response	3	8905853	80	1
751	669	Response	3	8907181	1408	1
751	669	Response	3	8908440	2667	1
751	669	Response	3	8909739	3966	1
751	670	Nothing	22	8934788	0	1			0		other	0
751	671	Sound	19	8943558	0	2			0		other	0
751	673	Sound	0	8973032	0	2			0		other	0
751	673	Response	3	8982204	9172	1
751	675	Nothing	3	8983208	0	1			0		false_alarm	1665
751	675	Response	3	8983510	302	1
751	675	Response	3	8984796	1588	1
751	675	Response	3	8985960	2752	1
751	675	Response	3	8987280	4072	1
751	676	Nothing	22	9012221	0	1			0		other	0
751	677	Sound	19	9014122	0	2			0		other	0
751	678	Sound	0	9035445	0	2			0		other	0
751	678	Response	3	9047776	12331	1
751	680	Nothing	3	9048781	0	1			0		false_alarm	1674
751	680	Response	3	9049023	242	1
751	680	Response	3	9050350	1569	1
751	680	Response	3	9051549	2768	1
751	680	Response	3	9052888	4107	1
751	680	Response	3	9055773	6992	1
751	681	Nothing	22	9077794	0	1			0		other	0
751	682	Sound	19	9085474	0	2			0		other	0
751	683	Sound	0	9108638	0	2			0		other	0
751	683	Response	3	9117717	9079	1
751	685	Nothing	3	9118723	0	1			0		false_alarm	1684
751	685	Response	3	9118810	87	1
751	685	Response	3	9120279	1556	1
751	685	Response	3	9121486	2763	1
751	685	Response	3	9122674	3951	1
751	686	Nothing	22	9147736	0	1			0		other	0
751	687	Sound	19	9148976	0	2			0		other	0
751	688	Sound	0	9177229	0	2			0		other	0
751	688	Response	3	9185267	8038	1
751	689	Response	3	9186265	996	1
751	690	Nothing	3	9186272	0	1			0		false_alarm	1694
751	690	Response	3	9187457	1185	1
751	690	Response	3	9188814	2542	1
751	690	Response	3	9190099	3827	1
751	691	Nothing	22	9215285	0	1			0		other	0
751	692	Sound	19	9220135	0	2			0		other	0
751	692	Response	3	9244247	24112	1
751	692	Response	3	9245765	25630	2
751	693	Sound	0	9246498	0	2			0		other	0
751	693	Response	3	9247153	655	1
751	694	Response	3	9248101	945	2
751	695	Nothing	3	9248157	0	1			0		false_alarm	1705
751	695	Response	3	9249477	1320	1
751	695	Response	3	9250743	2586	1
751	695	Response	3	9251924	3767	1
751	695	Response	3	9253236	5079	1
751	695	Response	3	9254765	6608	1
751	695	Response	3	9256391	8234	1
751	696	Nothing	22	9277170	0	1			0		other	0
751	697	Sound	19	9286421	0	2			0		other	0
751	699	Sound	0	9307522	0	2			0		other	0
751	699	Response	3	9316442	8920	1
751	701	Nothing	3	9317447	0	1			0		false_alarm	1716
751	701	Response	3	9317574	127	1
751	701	Response	3	9318901	1454	1
751	701	Response	3	9320101	2654	1
751	701	Response	3	9321389	3942	1
751	702	Nothing	22	9346461	0	1			0		other	0
751	702	Response	3	9349256	2795	1
751	703	Sound	19	9350393	0	2			0		other	0
751	703	Response	3	9350734	341	1
751	704	Sound	0	9375116	0	2			0		other	0
751	704	Response	3	9389544	14428	1
751	706	Nothing	3	9390550	0	1			0		false_alarm	1727
751	706	Response	3	9391024	474	1
751	706	Response	3	9392245	1695	1
751	706	Response	3	9393428	2878	1
751	706	Response	3	9394711	4161	1
751	706	Response	3	9396263	5713	1
751	706	Response	3	9397762	7212	1
751	706	Response	3	9399555	9005	1
751	707	Nothing	22	9419563	0	1			0		other	0
751	708	Sound	19	9427814	0	2			0		other	0
751	709	Sound	0	9454658	0	2			0		other	0
751	710	Nothing	22	9474671	0	1			0		other	0
751	711	Sound	19	9483631	0	2			0		other	0
751	711	Response	3	9486262	2631	1
751	712	Sound	0	9508494	0	2			0		other	0
751	712	Response	3	9515783	7289	1
751	714	Nothing	3	9516787	0	1			0		false_alarm	1743
751	714	Response	3	9517092	305	1
751	714	Response	3	9518367	1580	1
751	714	Response	3	9519539	2752	1
751	714	Response	3	9520750	3963	1
751	715	Nothing	22	9545814	0	1			0		other	0
751	716	Sound	19	9553774	0	2			0		other	0
751	717	Sound	0	9578007	0	2			0		other	0
751	717	Response	3	9585389	7382	1
751	719	Nothing	3	9586394	0	1			0		false_alarm	1752
751	719	Response	3	9586504	110	1
751	719	Response	3	9587743	1349	2
751	719	Response	3	9588941	2547	1
751	719	Response	3	9590075	3681	1
751	720	Nothing	22	9615407	0	1			0		other	0
751	721	Sound	19	9618157	0	2			0		other	0
751	722	Response	3	9642540	0	141
751	723	Sound	0	9642681	0	2			0		other	0
751	723	Response	3	9645711	3030	1
751	725	Nothing	3	9646717	0	1			0		false_alarm	1762
751	725	Response	3	9646887	170	1
751	725	Response	3	9648253	1536	2
751	725	Response	3	9649392	2675	2
751	725	Response	3	9650680	3963	1
751	726	Nothing	22	9675730	0	1			0		other	0
751	727	Sound	19	9680651	0	2			0		other	0
751	728	Sound	0	9706524	0	2			0		other	0
751	728	Response	3	9708427	1903	1
751	730	Nothing	3	9709433	0	1			0		false_alarm	1771
751	730	Response	3	9709604	171	1
751	730	Response	3	9710916	1483	1
751	730	Response	3	9712067	2634	1
751	730	Response	3	9713272	3839	1
751	731	Nothing	22	9738446	0	1			0		other	0
751	732	Sound	19	9746337	0	2			0		other	0
751	732	Response	3	9748715	2378	1
751	732	Response	3	9750228	3891	1
751	732	Response	3	9751597	5260	1
751	732	Response	3	9752938	6601	2
751	732	Response	3	9754746	8409	2
751	732	Response	3	9756076	9739	1
751	732	Response	3	9763913	17576	2
751	732	Response	3	9765389	19052	1
751	733	Sound	0	9773441	0	2			0		other	0
751	733	Response	3	9776594	3153	1
751	735	Nothing	3	9777599	0	1			0		false_alarm	1788
751	735	Response	3	9777705	106	1
751	735	Response	3	9779307	1708	1
751	736	Nothing	22	9806612	0	1			0		other	0
751	737	Sound	19	9816313	0	2			0		other	0
751	738	Sound	0	9837556	0	2			0		other	0
751	738	Response	3	9846830	9274	1
751	740	Nothing	3	9847836	0	1			0		false_alarm	1795
751	740	Response	3	9848059	223	1
751	740	Response	3	9849406	1570	1
751	740	Response	3	9850546	2710	1
751	740	Response	3	9860025	12189	1
751	740	Response	3	9861594	13758	1
751	740	Response	3	9863169	15333	1
751	740	Response	3	9870064	22228	1
751	740	Response	3	9871752	23916	1
751	740	Response	3	9873425	25589	1
751	740	Response	3	9875084	27248	1
751	741	Nothing	22	9876849	0	1			0		other	0
751	741	Response	3	9877088	239	1
751	742	Sound	19	9880779	0	2			0		other	0
751	743	Sound	0	9908102	0	2			0		other	0
751	744	Nothing	22	9928115	0	1			0		other	0
751	745	Sound	19	9936365	0	2			0		other	0
751	747	Sound	0	9963110	0	2			0		other	0
751	747	Response	3	9967235	4125	1
751	749	Nothing	3	9968240	0	1			0		false_alarm	1814
751	749	Response	3	9968406	166	2
751	749	Response	3	9969823	1583	1
751	749	Response	3	9970990	2750	1
751	749	Response	3	9972217	3977	1
751	750	Nothing	22	9997266	0	1			0		other	0
751	751	Sound	19	9999806	0	2			0		other	0
751	752	Sound	0	10022909	0	2			0		other	0
751	752	Response	3	10030375	7466	1
751	754	Nothing	3	10031380	0	1			0		false_alarm	1823
751	754	Response	3	10031552	172	1
751	754	Response	3	10032894	1514	1
751	754	Response	3	10034110	2730	1
751	755	Nothing	22	10060393	0	1			0		other	0
751	756	Sound	19	10069265	0	2			0		other	0
751	757	Sound	0	10096179	0	2			0		other	0
751	757	Response	3	10097743	1564	1
751	759	Nothing	3	10098749	0	1			0		false_alarm	1831
751	759	Response	3	10098907	158	1
751	759	Response	3	10100279	1530	1
751	759	Response	3	10101407	2658	1
751	759	Response	3	10102712	3963	1
751	760	Nothing	22	10127763	0	1			0		other	0
751	761	Sound	19	10137303	0	2			0		other	0
751	761	Response	3	10140464	3161	1
751	761	Response	3	10141984	4681	1
751	761	Response	3	10143538	6235	1
751	761	Response	3	10145010	7707	1
751	761	Response	3	10146510	9207	1
751	761	Response	3	10148037	10734	1
751	761	Response	3	10155190	17887	1
751	761	Response	3	10156839	19536	1
751	762	Sound	0	10158116	0	2			0		other	0
751	762	Response	3	10158371	255	1
751	764	Nothing	3	10159375	0	1			0		false_alarm	1848
751	764	Response	3	10159694	319	1
751	764	Response	3	10161139	1764	1
751	764	Response	3	10162472	3097	1
751	764	Response	3	10164039	4664	1
751	765	Nothing	22	10188388	0	1			0		other	0
751	766	Sound	19	10191368	0	2			0		other	0
751	767	Sound	0	10213082	0	2			0		other	0
751	767	Response	3	10218349	5267	1
751	769	Nothing	3	10219355	0	1			0		false_alarm	1857
751	769	Response	3	10219454	99	1
751	769	Response	3	10220759	1404	1
751	769	Response	3	10222052	2697	2
751	769	Response	3	10223335	3980	1
751	769	Response	3	10224656	5301	1
751	770	Nothing	22	10248368	0	1			0		other	0
751	771	Sound	19	10249408	0	2			0		other	0
751	773	Sound	0	10278436	0	1			0		other	0
751	773	Response	3	10284144	5708	1
751	775	Nothing	3	10285149	0	1			0		false_alarm	1867
751	775	Response	3	10285280	131	1
751	775	Response	3	10286710	1561	1
751	775	Response	3	10287935	2786	1
751	776	Nothing	22	10314162	0	1			0		other	0
751	777	Sound	19	10320832	0	2			0		other	0
751	777	Response	3	10337333	16501	1
751	777	Response	3	10340191	19359	1
751	777	Response	3	10341770	20938	1
751	777	Response	3	10343123	22291	1
751	777	Response	3	10344665	23833	1
751	778	Sound	0	10349546	0	2			0		other	0
751	778	Response	3	10351497	1951	1
751	780	Nothing	3	10352502	0	1			0		false_alarm	1880
751	780	Response	3	10352692	190	1
751	780	Response	3	10354159	1657	1
751	780	Response	3	10355448	2946	1
751	781	Nothing	22	10381515	0	1			0		other	0
751	782	Sound	19	10383067	0	2			0		other	0
751	783	Sound	0	10410162	0	1			0		other	0
751	783	Response	3	10416953	6791	89
751	785	Nothing	3	10418046	0	1			0		false_alarm	1888
751	785	Response	3	10418086	40	1
751	785	Response	3	10419304	1258	1
751	785	Response	3	10420695	2649	1
751	785	Response	3	10421874	3828	1
751	786	Nothing	22	10447059	0	1			0		other	0
751	787	Sound	19	10452950	0	2			0		other	0
751	787	Response	3	10458442	5492	1
751	787	Response	3	10459802	6852	1
751	787	Response	3	10461287	8337	1
751	788	Sound	0	10478743	0	2			0		other	0
751	788	Response	3	10492484	13741	1
751	790	Nothing	3	10493490	0	1			0		false_alarm	1900
751	790	Response	3	10495241	1751	1
751	790	Response	3	10496563	3073	1
751	790	Response	3	10497758	4268	1
751	790	Response	3	10498964	5474	1
751	790	Response	3	10500305	6815	1
751	791	Nothing	22	10522503	0	1			0		other	0
751	792	Sound	19	10527803	0	2			0		other	0
751	793	Sound	0	10553966	0	2			0		other	0
751	793	Response	3	10554110	144	1
751	794	Response	3	10555061	948	1
751	795	Nothing	3	10555116	0	1			0		false_alarm	1911
751	795	Response	3	10556268	1152	1
751	795	Response	3	10557595	2479	1
751	795	Response	3	10558879	3763	1
751	796	Nothing	22	10584129	0	1			0		other	0
751	797	Sound	19	10589649	0	2			0		other	0
751	799	Sound	0	10610072	0	2			0		other	0
751	799	Response	3	10610690	618	1
751	801	Nothing	3	10611695	0	1			0		false_alarm	1919
751	801	Response	3	10611998	303	2
751	801	Response	3	10613355	1660	1
751	801	Response	3	10614466	2771	1
751	801	Response	3	10615761	4066	1
751	802	Nothing	22	10640711	0	1			0		other	0
751	803	Sound	19	10645192	0	2			0		other	0
751	803	Response	3	10666084	20892	1
751	803	Response	3	10667762	22570	1
751	803	Response	3	10668834	23642	1
751	803	Response	3	10670301	25109	1
751	804	Sound	0	10671105	0	2			0		other	0
751	804	Response	3	10671601	496	1
751	806	Nothing	3	10672606	0	1			0		false_alarm	1932
751	806	Response	3	10673024	418	1
751	806	Response	3	10674525	1919	1
751	806	Response	3	10675736	3130	1
751	806	Response	3	10677068	4462	1
751	806	Response	3	10678618	6012	1
751	807	Nothing	22	10701619	0	1			0		other	0
751	808	Sound	19	10711140	0	1			0		other	0
751	809	Sound	0	10732963	0	2			0		other	0
751	809	Response	3	10735118	2155	1
751	811	Nothing	3	10736124	0	1			0		false_alarm	1942
751	811	Response	3	10736267	143	1
751	811	Response	3	10737607	1483	1
751	811	Response	3	10738826	2702	1
751	811	Response	3	10740060	3936	1
751	812	Nothing	22	10765138	0	1			0		other	0
751	813	Sound	19	10770549	0	2			0		other	0
751	813	Response	3	10772718	2169	1
751	813	Response	3	10773933	3384	1
751	813	Response	3	10775438	4889	1
751	813	Response	3	10777112	6563	1
751	813	Response	3	10778401	7852	1
751	813	Response	3	10779942	9393	1
751	813	Response	3	10781441	10892	2
751	814	Sound	0	10796482	0	2			0		other	0
751	814	Response	3	10799930	3448	1
751	816	Nothing	3	10800935	0	1			0		false_alarm	1958
751	816	Response	3	10801330	395	1
751	816	Response	3	10802845	1910	1
751	816	Response	3	10804086	3151	1
751	817	Nothing	22	10829949	0	1			0		other	0
751	818	Sound	19	10839249	0	2			0		other	0
751	818	Response	3	10866934	27685	1
751	819	Sound	0	10867403	0	1			0		other	0
751	819	Response	3	10868540	1137	1
751	821	Nothing	3	10869546	0	1			0		false_alarm	1967
751	821	Response	3	10869760	214	1
751	821	Response	3	10871176	1630	1
751	821	Response	3	10872382	2836	2
751	822	Nothing	22	10898559	0	1			0		other	0
751	823	Sound	19	10898950	0	1			0		other	0
751	825	Sound	0	10925847	0	2			0		other	0
751	825	Response	3	10932580	6733	1
751	827	Nothing	3	10933584	0	1			0		false_alarm	1975
751	827	Response	3	10933763	179	1
751	827	Response	3	10935116	1532	1
751	827	Response	3	10936358	2774	1
751	827	Response	3	10937574	3990	1
751	827	Response	3	10958220	24636	1
751	827	Response	3	10959731	26147	1
751	827	Response	3	10961407	27823	1
751	828	Nothing	22	10962597	0	1			0		other	0
751	828	Response	3	10962925	328	1
751	828	Response	3	10964412	1815	1
751	829	Sound	19	10970947	0	2			0		other	0
751	829	Response	3	10972082	1135	1
751	829	Response	3	10973569	2622	1
751	830	Sound	0	10996680	0	2			0		other	0
751	831	Nothing	22	11016693	0	1			0		other	0
751	832	Sound	19	11017664	0	2			0		other	0
751	833	Sound	0	11039567	0	2			0		other	0
751	833	Response	3	11047413	7846	2
751	835	Nothing	3	11048419	0	1			0		false_alarm	1994
751	835	Response	3	11048845	426	1
751	835	Response	3	11050166	1747	2
751	835	Response	3	11051448	3029	1
751	835	Response	3	11052729	4310	1
751	836	Nothing	22	11077443	0	1			0		other	0
751	837	Sound	19	11086733	0	2			0		other	0
751	837	Response	3	11104080	17347	1
751	837	Response	3	11105666	18933	1
751	837	Response	3	11107140	20407	2
751	837	Response	3	11108398	21665	1
751	837	Response	3	11109892	23159	1
751	838	Sound	0	11110926	0	2			0		other	0
751	838	Response	3	11113065	2139	1
751	840	Nothing	3	11114070	0	1			0		false_alarm	2008
751	840	Response	3	11114406	336	1
751	840	Response	3	11115865	1795	1
751	840	Response	3	11117187	3117	1
751	840	Response	3	11118511	4441	1
751	841	Nothing	22	11143083	0	1			0		other	0
751	842	Sound	19	11151863	0	2			0		other	0
751	843	Sound	0	11174036	0	2			0		other	0
751	843	Response	3	11180377	6341	1
751	845	Nothing	3	11181383	0	1			0		false_alarm	2017
751	845	Response	3	11181694	311	2
751	845	Response	3	11183021	1638	1
751	845	Response	3	11184138	2755	1
751	846	Nothing	22	11210396	0	1			0		other	0
751	847	Sound	19	11212397	0	2			0		other	0
751	849	Sound	0	11242260	0	2			0		other	0
751	849	Response	3	11244092	1832	2
751	851	Nothing	3	11245099	0	1			0		false_alarm	2025
751	851	Response	3	11245462	363	1
751	851	Response	3	11246794	1695	1
751	851	Response	3	11248062	2963	1
751	851	Response	3	11249396	4297	1
751	852	Nothing	22	11274112	0	1			0		other	0
751	853	Sound	19	11276482	0	2			0		other	0
751	853	Response	3	11298185	21703	1
751	853	Response	3	11299733	23251	1
751	854	Sound	0	11299896	0	2			0		other	0
751	854	Response	3	11301116	1220	1
751	855	Response	3	11302111	993	1
751	856	Nothing	3	11302121	0	1			0		false_alarm	2037
751	856	Response	3	11303517	1396	1
751	856	Response	3	11304781	2660	1
751	856	Response	3	11306078	3957	1
751	857	Nothing	22	11331135	0	1			0		other	0
751	858	Sound	19	11338056	0	2			0		other	0
751	858	Response	3	11365093	27037	1
751	859	Sound	0	11366229	0	2			0		other	0
751	859	Response	3	11366587	358	2
751	861	Nothing	3	11367593	0	1			0		false_alarm	2046
751	861	Response	3	11367757	164	1
751	861	Response	3	11369099	1506	1
751	861	Response	3	11370258	2665	1
751	861	Response	3	11371573	3980	1
751	862	Nothing	22	11396606	0	1			0		other	0
751	863	Sound	19	11399056	0	2			0		other	0
751	863	Response	3	11404765	5709	1
751	863	Response	3	11407763	8707	1
751	863	Response	3	11409436	10380	1
751	863	Response	3	11420074	21018	1
751	864	Sound	0	11421259	0	2			0		other	0
751	864	Response	3	11421886	627	1
751	866	Nothing	3	11422891	0	1			0		false_alarm	2059
751	866	Response	3	11423268	377	1
751	866	Response	3	11424808	1917	1
751	867	Nothing	22	11451905	0	1			0		other	0
751	868	Sound	19	11460855	0	2			0		other	0
751	868	Response	3	11486933	26078	1
751	868	Response	3	11488132	27277	1
751	869	Sound	0	11489448	0	2			0		other	0
751	869	Response	3	11489626	178	1
751	871	Nothing	3	11490632	0	1			0		false_alarm	2068
751	871	Response	3	11490807	175	1
751	871	Response	3	11492201	1569	80
751	871	Response	3	11493458	2826	1
751	872	Nothing	22	11519645	0	1			0		other	0
751	873	Sound	19	11524756	0	2			0		other	0
751	873	Response	3	11538006	13250	1
751	873	Response	3	11539298	14542	1
751	873	Response	3	11540953	16197	1
751	873	Response	3	11542618	17862	1
751	873	Response	3	11543961	19205	2
751	873	Response	3	11545479	20723	1
751	873	Response	3	11546816	22060	14
751	875	Sound	0	11546991	0	2			0		other	0
751	875	Response	3	11548322	1331	1
751	877	Nothing	3	11549328	0	1			0		false_alarm	2083
751	877	Response	3	11549636	308	1
751	877	Response	3	11551108	1780	1
751	877	Response	3	11552356	3028	1
751	877	Response	3	11553824	4496	1
751	878	Nothing	22	11578341	0	1			0		other	0
751	879	Sound	19	11585951	0	2			0		other	0
751	880	Sound	0	11615314	0	2			0		other	0
751	880	Response	3	11624217	8903	1
751	882	Nothing	3	11625223	0	1			0		false_alarm	2092
751	882	Response	3	11625473	250	1
751	882	Response	3	11626850	1627	1
751	882	Response	3	11628146	2923	1
751	883	Nothing	22	11654236	0	1			0		other	0
751	884	Sound	19	11656846	0	2			0		other	0
751	885	Sound	0	11680959	0	2			0		other	0
751	885	Response	3	11684778	3819	1
751	887	Nothing	3	11685785	0	1			0		false_alarm	2100
751	887	Response	3	11686114	329	1
751	887	Response	3	11687553	1768	2
751	887	Response	3	11688686	2901	1
751	887	Response	3	11698378	12593	1
751	887	Response	3	11699998	14213	1
751	887	Response	3	11701546	15761	2
751	887	Response	3	11703220	17435	1
751	887	Response	3	11705217	19432	1
751	887	Response	3	11707054	21269	1
751	887	Response	3	11707186	21401	2
751	887	Response	3	11708591	22806	1
751	887	Response	3	11714232	28447	1
751	888	Nothing	22	11714798	0	1			0		other	0
751	888	Response	3	11721885	7087	1
751	888	Response	3	11723523	8725	1
751	889	Sound	19	11723761	0	2			0		other	0
751	890	Sound	0	11745565	0	1			0		other	0
751	891	Nothing	22	11765579	0	1			0		other	0
751	892	Sound	19	11771389	0	2			0		other	0
751	893	Sound	0	11796432	0	2			0		other	0
751	893	Response	3	11812086	15654	1
751	895	Nothing	3	11813091	0	1			0		false_alarm	2122
751	895	Response	3	11813232	141	2
751	895	Response	3	11814591	1500	1
751	895	Response	3	11815815	2724	1
751	895	Response	3	11817095	4004	1
751	896	Nothing	22	11842115	0	1			0		other	0
751	897	Sound	19	11844516	0	2			0		other	0
751	897	Response	3	11873077	28561	1
751	899	Sound	0	11874310	0	2			0		other	0
751	900	Nothing	22	11894324	0	1			0		other	0
751	901	Sound	19	11901304	0	2			0		other	0
751	902	Sound	0	11925877	0	2			0		other	0
751	902	Response	3	11934742	8865	1
751	904	Nothing	3	11935747	0	1			0		false_alarm	2135
751	904	Response	3	11935886	139	1
751	904	Response	3	11937375	1628	1
751	904	Response	3	11938628	2881	1
751	905	Nothing	22	11964771	0	1			0		other	0
751	905	Response	1	12564577	599806	1
751	905	Response	1	12570736	605965	1
751	905	Quit		12771051	806280
