Scenario - phase0_bothports
Logfile written - 05/26/2017 11:31:52

Subject	Trial	Event Type	Code	Time	TTime	Uncertainty	Duration	Uncertainty	ReqTime	ReqDur	Stim Type	Pair Index

751	0	Manual	05/26/2017 10:46:56	-9994	-9994
751	1	Nothing	5	-9911	0	1			0		other	0
751	2	Sound	0	-8911	0	2			0		other	0
751	2	Response	3	-2942	5969	1
751	4	Nothing	10	-1934	0	1			0		false_alarm	6
751	4	Response	3	-1915	19	1
751	4	Response	3	-1530	404	1
751	4	Response	3	-23	1911	1
751	4	Response	3	1327	3261	1
751	5	Sound	19	27080	0	1			0		other	0
751	5	Response	2	42815	15735	1
751	5	Response	2	44544	17464	1
751	5	Response	2	46117	19037	81
751	5	Response	2	47831	20751	1
751	6	Nothing	5	60413	0	1			0		other	0
751	7	Sound	0	61413	0	2			0		other	0
751	8	Nothing	6	81413	0	1			0		other	0
751	9	Sound	19	91427	0	2			0		other	0
751	10	Nothing	5	143720	0	1			0		other	0
751	11	Sound	0	144720	0	2			0		other	0
751	11	Response	3	149461	4741	1
751	12	Response	3	149733	270	2
751	13	Nothing	10	150465	0	1			0		false_alarm	24
751	13	Response	3	150920	455	1
751	13	Response	3	152527	2062	1
751	13	Response	3	153890	3425	1
751	13	Response	3	155111	4646	1
751	13	Response	3	156661	6196	1
751	14	Sound	19	179491	0	1			0		other	0
751	14	Response	3	226464	46973	1
751	14	Response	3	227595	48104	1
751	14	Response	3	228001	48510	1
751	15	Nothing	5	233484	0	1			0		other	0
751	16	Sound	0	234484	0	2			0		other	0
751	16	Response	3	236194	1710	1
751	18	Nothing	10	237199	0	1			0		false_alarm	37
751	18	Response	3	237353	154	1
751	18	Response	3	238669	1470	1
751	18	Response	3	239976	2777	1
751	18	Response	3	241226	4027	1
751	18	Response	3	246136	8937	1
751	18	Response	3	248144	10945	1
751	19	Sound	19	266212	0	2			0		other	0
751	21	Nothing	5	306360	0	1			0		other	0
751	22	Sound	0	307360	0	2			0		other	0
751	22	Response	3	315098	7738	1
751	24	Nothing	10	316103	0	1			0		false_alarm	48
751	24	Response	3	316290	187	1
751	24	Response	3	317482	1379	1
751	24	Response	3	318641	2538	1
751	24	Response	3	319893	3790	1
751	25	Sound	19	345117	0	1			0		other	0
751	25	Response	3	359665	14548	1
751	25	Response	3	360638	15521	1
751	25	Response	3	362353	17236	1
751	25	Response	3	363973	18856	1
751	25	Response	3	365199	20082	1
751	25	Response	3	366860	21743	1
751	25	Response	3	368402	23285	2
751	25	Response	3	370235	25118	1
751	25	Response	3	373915	28798	2
751	25	Response	3	375467	30350	1
751	26	Nothing	5	378100	0	1			0		other	0
751	27	Sound	0	379100	0	2			0		other	0
751	27	Response	3	382375	3275	1
751	29	Nothing	10	383381	0	1			0		false_alarm	67
751	29	Response	3	383718	337	1
751	29	Response	3	385122	1741	1
751	29	Response	3	386425	3044	1
751	29	Response	3	387858	4477	1
751	29	Response	3	389449	6068	2
751	30	Sound	19	412394	0	2			0		other	0
751	30	Response	3	436983	24589	1
751	30	Response	3	437244	24850	1
751	30	Response	3	440200	27806	1
751	30	Response	3	441579	29185	1
751	30	Response	3	442934	30540	1
751	30	Response	3	444592	32198	1
751	30	Response	3	446153	33759	1
751	30	Response	3	447857	35463	1
751	30	Response	3	449543	37149	1
751	30	Response	3	456673	44279	1
751	30	Response	3	458204	45810	1
751	30	Response	3	459797	47403	1
751	30	Response	3	461651	49257	1
751	30	Response	3	466725	54331	1
751	30	Response	3	468720	56326	1
751	31	Nothing	5	477986	0	1			0		other	0
751	32	Sound	0	478986	0	2			0		other	0
751	32	Response	3	482060	3074	1
751	34	Nothing	10	483065	0	1			0		false_alarm	92
751	34	Response	3	483472	407	1
751	34	Response	3	484853	1788	1
751	34	Response	3	486179	3114	2
751	34	Response	3	487553	4488	1
751	35	Sound	19	512079	0	2			0		other	0
751	35	Response	3	544708	32629	1
751	35	Response	3	546340	34261	1
751	35	Response	3	547360	35281	1
751	35	Response	3	553720	41641	2
751	35	Response	3	555187	43108	1
751	35	Response	3	557168	45089	1
751	36	Nothing	5	557492	0	1			0		other	0
751	37	Sound	0	558492	0	2			0		other	0
751	37	Response	3	560396	1904	1
751	39	Nothing	10	561402	0	1			0		false_alarm	107
751	39	Response	3	561756	354	1
751	39	Response	3	563180	1778	2
751	39	Response	3	564400	2998	1
751	39	Response	3	565728	4326	1
751	40	Sound	19	590415	0	2			0		other	0
751	40	Response	3	610508	20093	1
751	40	Response	3	612065	21650	1
751	40	Response	3	621261	30846	1
751	40	Response	3	624451	34036	1
751	40	Response	3	625992	35577	1
751	40	Response	3	627836	37421	1
751	41	Nothing	5	628438	0	1			0		other	0
751	42	Sound	0	629438	0	2			0		other	0
751	42	Response	3	635349	5911	1
751	44	Nothing	10	636355	0	1			0		false_alarm	122
751	44	Response	3	636807	452	1
751	44	Response	3	638132	1777	1
751	44	Response	3	639510	3155	1
751	44	Response	3	640880	4525	1
751	44	Response	3	642387	6032	1
751	45	Sound	19	665370	0	2			0		other	0
751	45	Response	3	676288	10918	1
751	45	Response	3	677964	12594	1
751	45	Response	3	679180	13810	1
751	45	Response	3	710615	45245	15
751	45	Response	3	712378	47008	1
751	47	Nothing	5	713164	0	1			0		other	0
751	47	Response	3	713671	507	1
751	48	Sound	0	714164	0	2			0		other	0
751	48	Response	3	715153	989	1
751	50	Nothing	10	716159	0	1			0		false_alarm	138
751	50	Response	3	716419	260	1
751	50	Response	3	717807	1648	1
751	50	Response	3	719030	2871	1
751	50	Response	3	720349	4190	1
751	51	Sound	19	745172	0	2			0		other	0
751	51	Response	3	772369	27197	1
751	51	Response	3	774142	28970	1
751	51	Response	3	778397	33225	1
751	51	Response	3	784753	39581	1
751	51	Response	3	786332	41160	1
751	51	Response	3	786833	41661	1
751	51	Response	3	788361	43189	1
751	51	Response	3	790049	44877	1
751	51	Response	3	791785	46613	1
751	51	Response	3	793879	48707	1
751	52	Nothing	5	799266	0	1			0		other	0
751	53	Sound	0	800266	0	2			0		other	0
751	53	Response	3	804705	4439	1
751	55	Nothing	10	805710	0	1			0		false_alarm	157
751	55	Response	3	806125	415	1
751	55	Response	3	807456	1746	1
751	55	Response	3	808696	2986	1
751	55	Response	3	810115	4405	1
751	56	Sound	19	834724	0	2			0		other	0
751	56	Response	3	874234	39510	1
751	56	Response	3	876049	41325	1
751	56	Response	3	877450	42726	1
751	56	Response	3	880341	45617	1
751	56	Response	3	890009	55285	1
751	56	Response	3	892128	57404	1
751	56	Response	3	893558	58834	1
751	57	Nothing	5	906157	0	1			0		other	0
751	58	Sound	0	907157	0	2			0		other	0
751	58	Response	3	910893	3736	1
751	60	Nothing	10	911899	0	1			0		false_alarm	173
751	60	Response	3	912404	505	1
751	60	Response	3	913716	1817	2
751	60	Response	3	914930	3031	1
751	60	Response	3	916204	4305	2
751	61	Sound	19	940912	0	2			0		other	0
751	61	Response	3	983435	42523	1
751	61	Response	3	985074	44162	1
751	61	Response	3	986188	45276	1
751	61	Response	3	987564	46652	1
751	62	Nothing	5	991895	0	1			0		other	0
751	62	Response	3	992214	319	1
751	63	Sound	0	992895	0	2			0		other	0
751	63	Response	3	997636	4741	1
751	65	Nothing	10	998641	0	1			0		false_alarm	187
751	65	Response	3	998971	330	1
751	65	Response	3	1000306	1665	1
751	65	Response	3	1001518	2877	1
751	65	Response	3	1002760	4119	1
751	65	Response	3	1004161	5520	2
751	66	Sound	19	1027654	0	3			0		other	0
751	66	Response	3	1073668	46014	1
751	66	Response	3	1075181	47527	1
751	66	Response	3	1076868	49214	1
751	66	Response	3	1079733	52079	1
751	66	Response	3	1082920	55266	1
751	67	Nothing	5	1101178	0	1			0		other	0
751	68	Sound	0	1102179	0	1			0		other	0
751	68	Response	3	1105687	3508	1
751	70	Nothing	10	1106692	0	1			0		false_alarm	202
751	70	Response	3	1107138	446	1
751	70	Response	3	1108532	1840	2
751	70	Response	3	1109733	3041	1
751	70	Response	3	1111047	4355	1
751	70	Response	3	1112339	5647	2
751	70	Response	3	1113905	7213	1
751	71	Sound	19	1135705	0	2			0		other	0
751	73	Nothing	5	1170295	0	1			0		other	0
751	74	Sound	0	1171295	0	2			0		other	0
751	74	Response	3	1186902	15607	1
751	76	Nothing	10	1187908	0	1			0		false_alarm	213
751	76	Response	3	1188276	368	1
751	76	Response	3	1189557	1649	1
751	76	Response	3	1190788	2880	1
751	77	Sound	19	1216922	0	1			0		other	0
751	78	Nothing	5	1250636	0	1			0		other	0
751	79	Sound	0	1251636	0	2			0		other	0
751	79	Response	3	1251865	229	1
751	80	Response	3	1252032	164	1
751	81	Nothing	10	1252871	0	1			0		false_alarm	222
751	81	Response	3	1253260	389	1
751	81	Response	3	1254602	1731	22
751	81	Response	3	1255823	2952	1
751	81	Response	3	1257108	4237	1
751	82	Sound	19	1281884	0	2			0		other	0
751	82	Response	3	1305029	23145	1
751	82	Response	3	1308045	26161	1
751	82	Response	3	1310840	28956	1
751	82	Response	3	1326577	44693	1
751	82	Response	3	1328583	46699	1
751	83	Nothing	5	1331727	0	1			0		other	0
751	84	Sound	0	1332727	0	2			0		other	0
751	84	Response	3	1336394	3667	1
751	85	Response	3	1336636	239	1
751	86	Nothing	10	1337399	0	1			0		false_alarm	237
751	86	Response	3	1337817	418	1
751	86	Response	3	1339255	1856	1
751	86	Response	3	1340631	3232	1
751	87	Sound	19	1366412	0	2			0		other	0
751	87	Response	3	1412358	45946	1
751	87	Response	3	1415546	49134	1
751	87	Response	3	1417066	50654	1
751	87	Response	3	1418713	52301	1
751	87	Response	3	1420356	53944	1
751	88	Nothing	5	1427135	0	1			0		other	0
751	89	Sound	0	1428135	0	2			0		other	0
751	89	Response	3	1434214	6079	1
751	91	Nothing	10	1435219	0	1			0		false_alarm	250
751	91	Response	3	1435649	430	1
751	91	Response	3	1437112	1893	1
751	91	Response	3	1438321	3102	1
751	91	Response	3	1439673	4454	1
751	92	Sound	19	1464232	0	2			0		other	0
751	92	Response	3	1482443	18211	1
751	92	Response	3	1488381	24149	1
751	92	Response	3	1489850	25618	1
751	92	Response	3	1504825	40593	1
751	93	Nothing	5	1505425	0	1			0		other	0
751	94	Sound	0	1506425	0	2			0		other	0
751	94	Response	3	1508165	1740	3
751	95	Response	3	1508585	415	1
751	96	Nothing	10	1509172	0	1			0		false_alarm	264
751	96	Response	3	1509625	453	1
751	96	Response	3	1511030	1858	1
751	96	Response	3	1512338	3166	1
751	96	Response	3	1513670	4498	1
751	97	Sound	19	1538185	0	2			0		other	0
751	97	Response	3	1573522	35337	1
751	99	Nothing	5	1576050	0	1			0		other	0
751	99	Response	3	1576427	377	1
751	100	Sound	0	1577050	0	2			0		other	0
751	100	Response	3	1577868	818	1
751	102	Nothing	10	1578873	0	1			0		false_alarm	275
751	102	Response	3	1579214	341	2
751	102	Response	3	1580573	1700	1
751	102	Response	3	1581712	2839	1
751	102	Response	3	1582974	4101	1
751	103	Sound	19	1607887	0	1			0		other	0
751	103	Response	3	1648508	40621	1
751	103	Response	3	1651502	43615	1
751	103	Response	3	1652997	45110	1
751	103	Response	3	1654342	46455	1
751	103	Response	3	1655961	48074	1
751	103	Response	3	1657463	49576	1
751	103	Response	3	1659131	51244	1
751	103	Response	3	1660634	52747	1
751	103	Response	3	1675315	67428	1
751	104	Nothing	5	1685805	0	1			0		other	0
751	105	Sound	0	1686805	0	2			0		other	0
751	105	Response	3	1688753	1948	1
751	107	Nothing	10	1689757	0	1			0		false_alarm	293
751	107	Response	3	1690153	396	1
751	107	Response	3	1691498	1741	1
751	107	Response	3	1692687	2930	1
751	107	Response	3	1693983	4226	1
751	108	Sound	19	1718772	0	2			0		other	0
751	109	Nothing	5	1753715	0	1			0		other	0
751	110	Sound	0	1754715	0	2			0		other	0
751	110	Response	3	1761345	6630	1
751	112	Nothing	10	1762349	0	1			0		false_alarm	302
751	112	Response	3	1762765	416	1
751	112	Response	3	1764191	1842	1
751	112	Response	3	1765321	2972	1
751	112	Response	3	1766555	4206	56
751	113	Sound	19	1791362	0	2			0		other	0
751	113	Response	3	1812520	21158	1
751	113	Response	3	1813834	22472	1
751	113	Response	3	1815318	23956	1
751	113	Response	3	1816680	25318	1
751	113	Response	3	1818310	26948	1
751	113	Response	3	1846004	54642	1
751	113	Response	3	1847312	55950	1
751	113	Response	3	1847800	56438	1
751	113	Response	3	1849129	57767	1
751	113	Response	3	1852135	60773	2
751	113	Response	3	1853797	62435	1
751	114	Nothing	5	1854586	0	1			0		other	0
751	115	Sound	0	1855586	0	2			0		other	0
751	115	Response	3	1857297	1711	2
751	117	Nothing	10	1858302	0	1			0		false_alarm	322
751	117	Response	3	1858734	432	1
751	117	Response	3	1860060	1758	1
751	117	Response	3	1861313	3011	1
751	117	Response	3	1862652	4350	1
751	118	Sound	19	1887315	0	2			0		other	0
751	118	Response	3	1923271	35956	1
751	118	Response	3	1924832	37517	1
751	118	Response	3	1926118	38803	1
751	118	Response	3	1929225	41910	1
751	119	Nothing	5	1933078	0	1			0		other	0
751	120	Sound	0	1934078	0	2			0		other	0
751	120	Response	3	1937788	3710	1
751	122	Nothing	10	1938794	0	1			0		false_alarm	335
751	122	Response	3	1939120	326	1
751	122	Response	3	1940480	1686	1
751	122	Response	3	1941743	2949	1
751	122	Response	3	1943086	4292	1
751	122	Response	3	1944607	5813	1
751	123	Sound	19	1967807	0	2			0		other	0
751	123	Response	3	2021093	53286	1
751	123	Response	3	2022904	55097	1
751	123	Response	3	2024123	56316	2
751	123	Response	3	2025626	57819	2
751	125	Nothing	5	2026996	0	1			0		other	0
751	125	Response	3	2027257	261	1
751	126	Sound	0	2027996	0	2			0		other	0
751	126	Response	3	2030924	2928	1
751	128	Nothing	10	2031930	0	1			0		false_alarm	350
751	128	Response	3	2032195	265	1
751	128	Response	3	2033475	1545	1
751	128	Response	3	2034640	2710	1
751	128	Response	3	2035925	3995	2
751	129	Sound	19	2060943	0	2			0		other	0
751	129	Response	3	2094014	33071	1
751	130	Nothing	5	2095236	0	1			0		other	0
751	130	Response	3	2095641	405	1
751	131	Sound	0	2096236	0	2			0		other	0
751	131	Response	3	2096737	501	1
751	133	Nothing	10	2097742	0	1			0		false_alarm	361
751	133	Response	3	2098185	443	1
751	133	Response	3	2099578	1836	1
751	133	Response	3	2100699	2957	1
751	133	Response	3	2101941	4199	2
751	134	Sound	19	2126757	0	2			0		other	0
751	134	Response	3	2145639	18882	1
751	134	Response	3	2146667	19910	1
751	134	Response	3	2148284	21527	1
751	134	Response	3	2149625	22868	1
751	134	Response	3	2151493	24736	1
751	134	Response	3	2154328	27571	1
751	134	Response	3	2155981	29224	1
751	134	Response	3	2171528	44771	1
751	134	Response	3	2172948	46191	1
751	134	Response	3	2173453	46696	1
751	135	Nothing	5	2178020	0	1			0		other	0
751	136	Sound	0	2179020	0	2			0		other	0
751	136	Response	3	2186159	7139	1
751	138	Nothing	10	2187165	0	1			0		false_alarm	380
751	138	Response	3	2187497	332	1
751	138	Response	3	2188903	1738	1
751	138	Response	3	2190132	2967	1
751	138	Response	3	2191612	4447	1
751	139	Sound	19	2216179	0	2			0		other	0
751	139	Response	3	2257006	40827	1
751	139	Response	3	2258833	42654	1
751	139	Response	3	2259979	43800	1
751	139	Response	3	2261612	45433	1
751	139	Response	3	2262814	46635	1
751	139	Response	3	2264251	48072	1
751	139	Response	3	2265640	49461	1
751	139	Response	3	2267010	50831	1
751	139	Response	3	2268479	52300	1
751	140	Nothing	5	2271942	0	1			0		other	0
751	141	Sound	0	2272942	0	2			0		other	0
751	141	Response	3	2275152	2210	1
751	143	Nothing	10	2276157	0	1			0		false_alarm	398
751	143	Response	3	2276537	380	1
751	143	Response	3	2277920	1763	1
751	143	Response	3	2279231	3074	1
751	143	Response	3	2280682	4525	1
751	144	Sound	19	2305170	0	2			0		other	0
751	145	Nothing	5	2338613	0	1			0		other	0
751	146	Sound	0	2339613	0	2			0		other	0
751	146	Response	3	2342852	3239	1
751	148	Nothing	10	2343858	0	1			0		false_alarm	407
751	148	Response	3	2344221	363	1
751	148	Response	3	2345435	1577	1
751	148	Response	3	2346753	2895	2
751	148	Response	3	2347993	4135	1
751	149	Sound	19	2372872	0	2			0		other	0
751	149	Response	3	2393001	20129	1
751	149	Response	3	2394681	21809	1
751	149	Response	3	2395864	22992	1
751	149	Response	3	2403480	30608	1
751	149	Response	3	2405369	32497	1
751	149	Response	3	2432316	59444	1
751	151	Nothing	5	2433106	0	1			0		other	0
751	151	Response	3	2434034	928	1
751	152	Sound	0	2434106	0	2			0		other	0
751	152	Response	3	2437156	3050	1
751	154	Nothing	10	2438161	0	1			0		false_alarm	423
751	154	Response	3	2438191	30	1
751	154	Response	3	2439540	1379	1
751	154	Response	3	2440780	2619	1
751	154	Response	3	2442005	3844	1
751	155	Sound	19	2467177	0	2			0		other	0
751	155	Response	3	2482331	15154	1
751	155	Response	3	2484213	17036	1
751	155	Response	3	2515830	48653	1
751	155	Response	3	2517486	50309	2
751	155	Response	3	2519006	51829	1
751	155	Response	3	2520366	53189	1
751	155	Response	3	2521844	54667	1
751	155	Response	3	2523339	56162	1
751	155	Response	3	2524934	57757	1
751	155	Response	3	2526531	59354	1
751	155	Response	3	2528440	61263	1
751	155	Response	3	2529999	62822	1
751	156	Nothing	5	2547039	0	1			0		other	0
751	157	Sound	0	2548039	0	2			0		other	0
751	157	Response	3	2554865	6826	1
751	159	Nothing	10	2555870	0	1			0		false_alarm	444
751	159	Response	3	2556240	370	2
751	159	Response	3	2557598	1728	1
751	159	Response	3	2558856	2986	1
751	159	Response	3	2560027	4157	1
751	160	Sound	19	2584883	0	2			0		other	0
751	160	Response	3	2629962	45079	1
751	161	Nothing	5	2659366	0	1			0		other	0
751	162	Sound	0	2660366	0	2			0		other	0
751	162	Response	3	2664505	4139	1
751	164	Nothing	10	2665511	0	1			0		false_alarm	454
751	164	Response	3	2665987	476	1
751	164	Response	3	2667411	1900	1
751	164	Response	3	2668698	3187	1
751	164	Response	3	2670166	4655	1
751	165	Sound	19	2694524	0	2			0		other	0
751	165	Response	3	2734757	40233	1
751	165	Response	3	2736318	41794	1
751	166	Nothing	5	2739577	0	1			0		other	0
751	167	Sound	0	2740577	0	2			0		other	0
751	167	Response	3	2744127	3550	1
751	169	Nothing	10	2745132	0	1			0		false_alarm	465
751	169	Response	3	2745409	277	1
751	169	Response	3	2746755	1623	1
751	169	Response	3	2747962	2830	1
751	169	Response	3	2749279	4147	1
751	170	Sound	19	2774155	0	3			0		other	0
751	170	Response	3	2805428	31273	1
751	170	Response	3	2806915	32760	1
751	171	Nothing	5	2814238	0	1			0		other	0
751	171	Response	3	2814468	230	1
751	172	Sound	0	2815238	0	2			0		other	0
751	172	Response	3	2817790	2552	1
751	174	Nothing	10	2818796	0	1			0		false_alarm	477
751	174	Response	3	2819130	334	1
751	174	Response	3	2820507	1711	2
751	174	Response	3	2821687	2891	1
751	174	Response	3	2823120	4324	1
751	175	Sound	19	2847809	0	2			0		other	0
751	177	Nothing	5	2894228	0	1			0		other	0
751	178	Sound	0	2895228	0	2			0		other	0
751	178	Response	3	2899274	4046	1
751	180	Nothing	10	2900280	0	1			0		false_alarm	486
751	180	Response	3	2900593	313	1
751	180	Response	3	2901877	1597	1
751	180	Response	3	2903003	2723	1
751	181	Sound	19	2929294	0	2			0		other	0
751	181	Response	3	2960389	31095	2
751	181	Response	3	2962072	32778	1
751	181	Response	3	2963396	34102	1
751	181	Response	3	2965072	35778	1
751	182	Nothing	5	2965157	0	1			0		other	0
751	183	Sound	0	2966157	0	2			0		other	0
751	183	Response	3	2966431	274	1
751	185	Nothing	10	2967435	0	1			0		false_alarm	498
751	185	Response	3	2967579	144	1
751	185	Response	3	2968818	1383	2
751	185	Response	3	2970042	2607	1
751	185	Response	3	2971378	3943	1
751	185	Response	3	2972728	5293	1
751	185	Response	3	2989750	22315	1
751	185	Response	3	2992891	25456	1
751	185	Response	3	2994254	26819	1
751	185	Response	3	2995904	28469	1
751	186	Sound	19	2996448	0	2			0		other	0
751	186	Response	3	2999090	2642	1
751	186	Response	3	3010919	14471	1
751	187	Nothing	5	3040012	0	1			0		other	0
751	188	Sound	0	3041012	0	2			0		other	0
751	188	Response	3	3047741	6729	1
751	190	Nothing	10	3048746	0	1			0		false_alarm	514
751	190	Response	3	3049034	288	1
751	190	Response	3	3050333	1587	1
751	190	Response	3	3051471	2725	1
751	190	Response	3	3052772	4026	1
751	191	Sound	19	3077759	0	2			0		other	0
751	192	Nothing	5	3110012	0	1			0		other	0
751	193	Sound	0	3111012	0	2			0		other	0
751	193	Response	3	3114725	3713	1
751	195	Nothing	10	3115728	0	1			0		false_alarm	523
751	195	Response	3	3115995	267	1
751	195	Response	3	3117295	1567	1
751	195	Response	3	3118398	2670	1
751	195	Response	3	3119577	3849	1
751	196	Sound	19	3144742	0	2			0		other	0
751	197	Nothing	5	3174906	0	1			0		other	0
751	198	Sound	0	3175906	0	2			0		other	0
751	198	Response	3	3179651	3745	1
751	200	Nothing	10	3180657	0	1			0		false_alarm	532
751	200	Response	3	3181006	349	1
751	200	Response	3	3182253	1596	1
751	200	Response	3	3183432	2775	1
751	201	Sound	19	3209670	0	2			0		other	0
751	201	Response	3	3237814	28144	1
751	201	Response	3	3239234	29564	1
751	201	Response	3	3240626	30956	1
751	201	Response	3	3242073	32403	1
751	201	Response	3	3243400	33730	1
751	201	Response	3	3244874	35204	1
751	201	Response	3	3249068	39398	1
751	201	Response	3	3257355	47685	1
751	201	Response	3	3268020	58350	1
751	203	Nothing	5	3274570	0	1			0		other	0
751	204	Sound	0	3275570	0	2			0		other	0
751	204	Response	3	3282057	6487	1
751	206	Nothing	10	3283061	0	1			0		false_alarm	549
751	206	Response	3	3283485	424	1
751	206	Response	3	3284913	1852	1
751	206	Response	3	3286211	3150	1
751	206	Response	3	3287726	4665	1
751	207	Sound	19	3312075	0	1			0		other	0
751	207	Response	3	3344208	32133	2
751	207	Response	3	3389814	77739	1
751	208	Nothing	5	3390438	0	1			0		other	0
751	209	Sound	0	3391438	0	2			0		other	0
751	209	Response	3	3391647	209	1
751	211	Nothing	10	3392652	0	1			0		false_alarm	560
751	211	Response	3	3392812	160	1
751	211	Response	3	3394134	1482	1
751	211	Response	3	3395300	2648	1
751	212	Sound	19	3421669	0	2			0		other	0
751	213	Nothing	5	3457643	0	1			0		other	0
751	214	Sound	0	3458643	0	2			0		other	0
751	214	Response	3	3471886	13243	1
751	216	Nothing	10	3472890	0	1			0		false_alarm	568
751	216	Response	3	3473273	383	1
751	216	Response	3	3474502	1612	1
751	216	Response	3	3476841	3951	1
751	217	Sound	19	3501903	0	2			0		other	0
751	217	Response	3	3529948	28045	1
751	218	Nothing	5	3569656	0	1			0		other	0
751	219	Sound	0	3570656	0	2			0		other	0
751	219	Response	3	3574380	3724	1
751	221	Nothing	10	3575385	0	1			0		false_alarm	577
751	221	Response	3	3575647	262	1
751	221	Response	3	3576944	1559	1
751	222	Sound	19	3604398	0	2			0		other	0
751	222	Response	3	3648011	43613	1
751	222	Response	3	3653760	49362	1
751	222	Response	3	3655350	50952	1
751	223	Nothing	5	3665573	0	1			0		other	0
751	224	Sound	0	3666573	0	2			0		other	0
751	224	Response	3	3670455	3882	2
751	226	Nothing	10	3671460	0	1			0		false_alarm	587
751	226	Response	3	3671828	368	1
751	226	Response	3	3673138	1678	1
751	226	Response	3	3674334	2874	1
751	226	Response	3	3675634	4174	1
751	227	Sound	19	3700474	0	1			0		other	0
751	229	Nothing	5	3731292	0	1			0		other	0
751	230	Sound	0	3732292	0	2			0		other	0
751	231	Nothing	6	3752292	0	1			0		other	0
751	232	Sound	19	3762305	0	2			0		other	0
751	233	Nothing	5	3793298	0	1			0		other	0
751	234	Sound	0	3794298	0	2			0		other	0
751	234	Response	3	3802596	8298	1
751	236	Nothing	10	3803602	0	1			0		false_alarm	600
751	236	Response	3	3803815	213	1
751	236	Response	3	3805156	1554	1
751	237	Sound	19	3832627	0	2			0		other	0
751	237	Response	3	3886418	53791	1
751	237	Response	3	3889010	56383	1
751	238	Nothing	5	3902920	0	1			0		other	0
751	239	Sound	0	3903920	0	2			0		other	0
751	239	Response	3	3906010	2090	1
751	241	Nothing	10	3907015	0	1			0		false_alarm	609
751	241	Response	3	3907396	381	1
751	241	Response	3	3908641	1626	1
751	241	Response	3	3909838	2823	1
751	241	Response	3	3911155	4140	1
751	242	Sound	19	3936028	0	2			0		other	0
751	243	Nothing	5	4000302	0	1			0		other	0
751	244	Sound	0	4001302	0	2			0		other	0
751	245	Nothing	6	4021302	0	1			0		other	0
751	246	Sound	19	4031315	0	2			0		other	0
751	247	Nothing	5	4078818	0	1			0		other	0
751	248	Sound	0	4079818	0	2			0		other	0
751	248	Response	3	4086681	6863	1
751	249	Response	3	4087055	371	1
751	250	Nothing	10	4087686	0	1			0		false_alarm	623
751	250	Response	3	4088080	394	2
751	250	Response	3	4089335	1649	1
751	250	Response	3	4090443	2757	1
751	250	Response	3	4092982	5296	2
751	251	Sound	19	4116710	0	2			0		other	0
751	253	Nothing	5	4171161	0	1			0		other	0
751	254	Sound	0	4172161	0	2			0		other	0
751	254	Response	3	4172296	135	1
751	256	Nothing	10	4173302	0	1			0		false_alarm	632
751	256	Response	3	4173365	63	1
751	256	Response	3	4174687	1385	1
751	256	Response	3	4175838	2536	1
751	256	Response	3	4177061	3759	2
751	257	Sound	19	4202315	0	2			0		other	0
751	258	Nothing	5	4235558	0	1			0		other	0
751	259	Sound	0	4236558	0	2			0		other	0
751	259	Response	3	4236581	23	1
751	261	Nothing	10	4237586	0	1			0		false_alarm	641
751	261	Response	3	4237828	242	2
751	261	Response	3	4239097	1511	1
751	261	Response	3	4240250	2664	1
751	262	Sound	19	4266599	0	2			0		other	0
751	262	Response	3	4300579	33980	1
751	262	Response	3	4302071	35472	1
751	262	Response	3	4303401	36802	1
751	262	Response	3	4304767	38168	1
751	262	Response	3	4306427	39828	1
751	262	Response	3	4309927	43328	1
751	262	Response	3	4318155	51556	1
751	263	Nothing	5	4345022	0	1			0		other	0
751	264	Sound	0	4346022	0	2			0		other	0
751	264	Response	3	4355589	9567	1
751	266	Nothing	10	4356595	0	1			0		false_alarm	656
751	266	Response	3	4357029	434	1
751	266	Response	3	4358365	1770	1
751	267	Sound	19	4385608	0	2			0		other	0
751	268	Nothing	5	4423281	0	1			0		other	0
751	269	Sound	0	4424281	0	2			0		other	0
751	269	Response	3	4427912	3631	1
751	271	Nothing	10	4428918	0	1			0		false_alarm	663
751	271	Response	3	4429078	160	2
751	271	Response	3	4430447	1529	1
751	271	Response	3	4431517	2599	2
751	272	Sound	19	4457931	0	2			0		other	0
751	273	Nothing	5	4533324	0	1			0		other	0
751	274	Sound	0	4534324	0	2			0		other	0
751	274	Response	3	4537358	3034	1
751	276	Nothing	10	4538363	0	1			0		false_alarm	671
751	276	Response	3	4538841	478	1
751	276	Response	3	4540134	1771	1
751	277	Sound	19	4567376	0	2			0		other	0
751	279	Nothing	5	4627170	0	1			0		other	0
751	280	Sound	0	4628170	0	2			0		other	0
751	280	Response	3	4631472	3302	1
751	282	Nothing	10	4632478	0	1			0		false_alarm	678
751	282	Response	3	4632580	102	2
751	282	Response	3	4633822	1344	1
751	282	Response	3	4634970	2492	1
751	283	Sound	19	4661491	0	2			0		other	0
751	284	Nothing	5	4693644	0	1			0		other	0
751	285	Sound	0	4694644	0	2			0		other	0
751	285	Response	3	4700892	6248	1
751	287	Nothing	10	4701898	0	1			0		false_alarm	686
751	287	Response	3	4702327	429	1
751	287	Response	3	4703576	1678	1
751	287	Response	3	4704797	2899	1
751	288	Sound	19	4730911	0	2			0		other	0
751	288	Response	3	4780719	49808	1
751	288	Response	3	4782372	51461	1
751	289	Nothing	5	4798594	0	1			0		other	0
751	290	Sound	0	4799594	0	2			0		other	0
751	290	Response	3	4803623	4029	1
751	292	Nothing	10	4804628	0	1			0		false_alarm	696
751	292	Response	3	4805102	474	1
751	292	Response	3	4806373	1745	1
751	292	Response	3	4807550	2922	1
751	293	Sound	19	4833641	0	2			0		other	0
751	294	Nothing	5	4867184	0	1			0		other	0
751	295	Sound	0	4868184	0	2			0		other	0
751	295	Response	3	4872381	4197	1
751	297	Nothing	10	4873386	0	1			0		false_alarm	704
751	297	Response	3	4873717	331	1
751	297	Response	3	4874948	1562	1
751	297	Response	3	4876077	2691	1
751	298	Sound	19	4902399	0	2			0		other	0
751	298	Response	3	4945110	42711	1
751	298	Response	3	4946553	44154	1
751	299	Nothing	5	4948972	0	1			0		other	0
751	300	Sound	0	4949972	0	2			0		other	0
751	300	Response	3	4953891	3919	1
751	302	Nothing	10	4954897	0	1			0		false_alarm	714
751	302	Response	3	4955130	233	1
751	302	Response	3	4956520	1623	1
751	302	Response	3	4957756	2859	1
751	303	Sound	19	4983910	0	2			0		other	0
751	303	Response	3	5009243	25333	1
751	303	Response	3	5010675	26765	1
751	305	Nothing	5	5047147	0	1			0		other	0
751	306	Sound	0	5048147	0	2			0		other	0
751	306	Response	3	5049880	1733	1
751	308	Nothing	10	5050886	0	1			0		false_alarm	724
751	308	Response	3	5051246	360	1
751	308	Response	3	5052534	1648	1
751	309	Sound	19	5079899	0	2			0		other	0
751	309	Response	3	5108102	28203	1
751	309	Response	3	5109585	29686	1
751	309	Response	3	5115379	35480	1
751	309	Response	3	5129548	49649	1
751	310	Nothing	5	5134887	0	1			0		other	0
751	311	Sound	0	5135887	0	2			0		other	0
751	311	Response	3	5144447	8560	1
751	313	Nothing	10	5145453	0	1			0		false_alarm	735
751	313	Response	3	5145926	473	1
751	313	Response	3	5147254	1801	1
751	313	Response	3	5148453	3000	1
751	313	Response	3	5149756	4303	1
751	314	Sound	19	5174466	0	2			0		other	0
751	315	Nothing	5	5213739	0	1			0		other	0
751	315	Response	3	5213949	210	1
751	316	Sound	0	5214739	0	2			0		other	0
751	316	Response	3	5218331	3592	1
751	318	Nothing	10	5219336	0	1			0		false_alarm	745
751	318	Response	3	5219474	138	1
751	318	Response	3	5220795	1459	1
751	318	Response	3	5222079	2743	1
751	318	Response	3	5223250	3914	2
751	318	Response	3	5224614	5278	1
751	319	Sound	19	5248349	0	2			0		other	0
751	319	Response	3	5306111	57762	1
751	320	Nothing	5	5308172	0	1			0		other	0
751	321	Sound	0	5309172	0	2			0		other	0
751	321	Response	3	5309391	219	89
751	323	Nothing	10	5310486	0	1			0		false_alarm	756
751	323	Response	3	5310567	81	1
751	323	Response	3	5311931	1445	1
751	323	Response	3	5313181	2695	1
751	324	Sound	19	5339500	0	1			0		other	0
751	324	Response	3	5366806	27306	1
751	324	Response	3	5368462	28962	1
751	324	Response	3	5369790	30290	1
751	324	Response	3	5371031	31531	1
751	324	Response	3	5372482	32982	1
751	324	Response	3	5390314	50814	1
751	325	Nothing	5	5411363	0	1			0		other	0
751	326	Sound	0	5412363	0	2			0		other	0
751	326	Response	3	5417276	4913	1
751	328	Nothing	10	5418281	0	1			0		false_alarm	770
751	328	Response	3	5418550	269	1
751	328	Response	3	5419882	1601	1
751	328	Response	3	5421042	2761	2
751	329	Sound	19	5447295	0	1			0		other	0
751	331	Nothing	5	5481546	0	1			0		other	0
751	332	Sound	0	5482546	0	2			0		other	0
751	332	Response	3	5483952	1406	1
751	334	Nothing	10	5484958	0	1			0		false_alarm	778
751	334	Response	3	5485360	402	1
751	334	Response	3	5486596	1638	2
751	335	Sound	19	5513972	0	1			0		other	0
751	335	Response	3	5537874	23902	1
751	335	Response	3	5539328	25356	1
751	335	Response	3	5540606	26634	1
751	335	Response	3	5541943	27971	1
751	335	Response	3	5543455	29483	1
751	335	Response	3	5544916	30944	88
751	335	Response	3	5565380	51408	1
751	336	Nothing	5	5568165	0	1			0		other	0
751	337	Sound	0	5569165	0	2			0		other	0
751	337	Response	3	5573480	4315	1
751	339	Nothing	10	5574485	0	1			0		false_alarm	792
751	339	Response	3	5574697	212	2
751	339	Response	3	5576121	1636	1
751	339	Response	3	5577376	2891	1
751	340	Sound	19	5603498	0	2			0		other	0
751	340	Response	3	5638093	34595	2
751	340	Response	3	5639479	35981	1
751	341	Nothing	5	5656671	0	1			0		other	0
751	342	Sound	0	5657731	0	2			0		other	0
751	342	Response	3	5661623	3892	1
751	344	Nothing	10	5662628	0	2			0		false_alarm	802
751	344	Response	3	5662991	363	1
751	344	Response	3	5664244	1616	1
751	345	Sound	19	5691641	0	2			0		other	0
751	345	Response	3	5723743	32102	1
751	345	Response	3	5726384	34743	1
751	345	Response	3	5727775	36134	1
751	345	Response	3	5729239	37598	1
751	345	Response	3	5730438	38797	1
751	345	Response	3	5731778	40137	1
751	345	Response	3	5733140	41499	1
751	345	Response	3	5734630	42989	1
751	346	Nothing	5	5738354	0	1			0		other	0
751	347	Sound	0	5739354	0	2			0		other	0
751	347	Response	3	5742961	3607	1
751	349	Nothing	10	5743967	0	1			0		false_alarm	817
751	349	Response	3	5744477	510	1
751	349	Response	3	5745806	1839	1
751	349	Response	3	5746945	2978	1
751	349	Response	3	5748296	4329	1
751	350	Sound	19	5772985	0	3			0		other	0
751	350	Response	3	5805788	32803	1
751	351	Nothing	5	5832768	0	1			0		other	0
751	352	Sound	0	5833768	0	2			0		other	0
751	352	Response	3	5836741	2973	1
751	354	Nothing	10	5837745	0	1			0		false_alarm	827
751	354	Response	3	5838253	508	1
751	354	Response	3	5839489	1744	1
751	354	Response	3	5843145	5400	1
751	355	Sound	19	5866758	0	2			0		other	0
751	357	Nothing	5	5918350	0	1			0		other	0
751	358	Sound	0	5919350	0	2			0		other	0
751	358	Response	3	5922318	2968	1
751	360	Nothing	10	5923324	0	1			0		false_alarm	835
751	360	Response	3	5923642	318	1
751	360	Response	3	5924948	1624	1
751	360	Response	3	5926284	2960	1
751	361	Sound	19	5952338	0	1			0		other	0
751	361	Response	3	5975825	23487	1
751	361	Response	3	5977376	25038	1
751	361	Response	3	5978564	26226	1
751	361	Response	3	5979919	27581	1
751	361	Response	3	5981425	29087	1
751	361	Response	3	5986094	33756	1
751	361	Response	3	5996392	44054	1
751	362	Nothing	5	5997741	0	1			0		other	0
751	363	Sound	0	5998741	0	2			0		other	0
751	363	Response	3	6004431	5690	1
751	365	Nothing	10	6005436	0	1			0		false_alarm	850
751	365	Response	3	6005763	327	1
751	365	Response	3	6007104	1668	1
751	365	Response	3	6008415	2979	1
751	365	Response	3	6009779	4343	1
751	366	Sound	19	6034449	0	2			0		other	0
751	366	Response	3	6073266	38817	1
751	367	Nothing	5	6095522	0	1			0		other	0
751	368	Sound	0	6096522	0	2			0		other	0
751	368	Response	3	6099940	3418	1
751	370	Nothing	10	6100946	0	1			0		false_alarm	860
751	370	Response	3	6101307	361	1
751	370	Response	3	6102597	1651	1
751	371	Sound	19	6129959	0	2			0		other	0
751	372	Nothing	5	6164092	0	1			0		other	0
751	373	Sound	0	6165092	0	2			0		other	0
751	373	Response	3	6167342	2250	1
751	375	Nothing	10	6168347	0	1			0		false_alarm	867
751	375	Response	3	6168819	472	1
751	375	Response	3	6171048	2701	1
751	375	Response	3	6172253	3906	2
751	376	Sound	19	6197360	0	2			0		other	0
751	377	Nothing	5	6227613	0	1			0		other	0
751	377	Response	3	6228587	974	2
751	378	Sound	0	6228613	0	2			0		other	0
751	378	Response	3	6229901	1288	1
751	380	Nothing	10	6230907	0	1			0		false_alarm	876
751	380	Response	3	6231240	333	1
751	380	Response	3	6232461	1554	1
751	380	Response	3	6233702	2795	1
751	381	Sound	19	6259920	0	2			0		other	0
751	381	Response	3	6294717	34797	1
751	381	Response	3	6296077	36157	2
751	381	Response	3	6297218	37298	1
751	383	Nothing	5	6298495	0	1			0		other	0
751	383	Response	3	6298704	209	1
751	384	Sound	0	6299495	0	2			0		other	0
751	384	Response	3	6300059	564	1
751	386	Nothing	10	6301064	0	1			0		false_alarm	888
751	386	Response	3	6301346	282	1
751	386	Response	3	6302588	1524	1
751	386	Response	3	6303742	2678	1
751	386	Response	3	6304943	3879	1
751	387	Sound	19	6330077	0	2			0		other	0
751	387	Response	3	6350906	20829	1
751	387	Response	3	6352738	22661	1
751	387	Response	3	6353942	23865	79
751	387	Response	3	6355564	25487	1
751	387	Response	3	6357041	26964	1
751	387	Response	3	6359903	29826	1
751	388	Nothing	5	6364910	0	1			0		other	0
751	389	Sound	0	6365910	0	2			0		other	0
751	389	Response	3	6367405	1495	1
751	391	Nothing	10	6368412	0	1			0		false_alarm	903
751	391	Response	3	6368804	392	1
751	391	Response	3	6370088	1676	1
751	391	Response	3	6371408	2996	1
751	391	Response	3	6372523	4111	1
751	391	Response	3	6374072	5660	1
751	392	Sound	19	6397425	0	2			0		other	0
751	392	Response	3	6423186	25761	1
751	392	Response	3	6426172	28747	1
751	392	Response	3	6427678	30253	1
751	392	Response	3	6429006	31581	1
751	392	Response	3	6430346	32921	2
751	392	Response	3	6431550	34125	1
751	392	Response	3	6433004	35579	1
751	393	Nothing	5	6444278	0	1			0		other	0
751	394	Sound	0	6445278	0	2			0		other	0
751	394	Response	3	6447361	2083	1
751	396	Nothing	10	6448365	0	1			0		false_alarm	920
751	396	Response	3	6448567	202	1
751	396	Response	3	6449881	1516	1
751	396	Response	3	6451158	2793	1
751	396	Response	3	6452376	4011	1
751	397	Sound	19	6477378	0	2			0		other	0
751	397	Response	3	6506856	29478	1
751	397	Response	3	6508487	31109	1
751	397	Response	3	6511190	33812	1
751	397	Response	3	6512471	35093	1
751	397	Response	3	6513698	36320	1
751	397	Response	3	6515321	37943	1
751	397	Response	3	6516851	39473	1
751	397	Response	3	6518185	40807	1
751	397	Response	3	6519682	42304	1
751	397	Response	3	6521520	44142	2
751	397	Response	3	6524358	46980	1
751	397	Response	3	6529352	51974	1
751	397	Response	3	6531343	53965	1
751	398	Nothing	5	6547381	0	1			0		other	0
751	399	Sound	0	6548381	0	3			0		other	0
751	399	Response	3	6554009	5628	1
751	401	Nothing	10	6555014	0	1			0		false_alarm	942
751	401	Response	3	6555418	404	1
751	401	Response	3	6556659	1645	1
751	401	Response	3	6558004	2990	7
751	401	Response	3	6559360	4346	1
751	402	Sound	19	6584028	0	2			0		other	0
751	402	Response	3	6619231	35203	1
751	402	Response	3	6620493	36465	1
751	402	Response	3	6623388	39360	1
751	402	Response	3	6644492	60464	1
751	402	Response	3	6646453	62425	1
751	403	Nothing	5	6647011	0	1			0		other	0
751	403	Response	3	6647650	639	1
751	404	Sound	0	6648011	0	2			0		other	0
751	404	Response	3	6649155	1144	1
751	406	Nothing	10	6650161	0	1			0		false_alarm	957
751	406	Response	3	6650487	326	1
751	406	Response	3	6651830	1669	1
751	406	Response	3	6653115	2954	1
751	407	Sound	19	6679174	0	2			0		other	0
751	407	Response	3	6724616	45442	1
751	409	Nothing	5	6724908	0	1			0		other	0
751	410	Sound	0	6725908	0	2			0		other	0
751	410	Response	3	6726119	211	1
751	412	Nothing	10	6727125	0	1			0		false_alarm	966
751	412	Response	3	6727263	138	1
751	412	Response	3	6728476	1351	1
751	412	Response	3	6729715	2590	2
751	412	Response	3	6731144	4019	1
751	413	Sound	19	6756138	0	2			0		other	0
751	413	Response	3	6793832	37694	1
751	413	Response	3	6795337	39199	2
751	413	Response	3	6796797	40659	2
751	413	Response	3	6798258	42120	1
751	413	Response	3	6799422	43284	1
751	413	Response	3	6800726	44588	1
751	413	Response	3	6802134	45996	1
751	413	Response	3	6803459	47321	1
751	413	Response	3	6819971	63833	1
751	413	Response	3	6821955	65817	1
751	414	Nothing	5	6823342	0	1			0		other	0
751	414	Response	3	6823465	123	1
751	415	Sound	0	6824342	0	2			0		other	0
751	415	Response	3	6826638	2296	1
751	417	Nothing	10	6827643	0	1			0		false_alarm	986
751	417	Response	3	6828111	468	1
751	417	Response	3	6830950	3307	1
751	417	Response	3	6832299	4656	1
751	418	Sound	19	6856656	0	2			0		other	0
751	419	Nothing	5	6905669	0	1			0		other	0
751	420	Sound	0	6906669	0	2			0		other	0
751	420	Response	3	6909281	2612	1
751	422	Nothing	10	6910286	0	1			0		false_alarm	994
751	422	Response	3	6910523	237	1
751	422	Response	3	6911703	1417	1
751	422	Response	3	6912777	2491	1
751	423	Sound	19	6939299	0	2			0		other	0
751	424	Nothing	5	6987162	0	1			0		other	0
751	425	Sound	0	6988162	0	2			0		other	0
751	425	Response	3	6991400	3238	1
751	427	Nothing	10	6992404	0	1			0		false_alarm	1002
751	427	Response	3	6992561	157	1
751	427	Response	3	6993888	1484	1
751	427	Response	3	6995117	2713	1
751	427	Response	3	6996281	3877	1
751	428	Sound	19	7021418	0	2			0		other	0
751	428	Response	3	7054485	33067	1
751	428	Response	3	7057283	35865	1
751	428	Response	3	7058605	37187	1
751	428	Response	3	7059926	38508	1
751	428	Response	3	7061266	39848	1
751	428	Response	3	7062637	41219	1
751	429	Nothing	5	7064781	0	1			0		other	0
751	430	Sound	0	7065781	0	2			0		other	0
751	430	Response	3	7067470	1689	1
751	432	Nothing	10	7068473	0	1			0		false_alarm	1017
751	432	Response	3	7068769	296	1
751	432	Response	3	7070066	1593	2
751	432	Response	3	7071273	2800	1
751	432	Response	3	7072440	3967	1
751	433	Sound	19	7097487	0	1			0		other	0
751	435	Nothing	5	7132586	0	1			0		other	0
751	436	Sound	0	7133586	0	2			0		other	0
751	436	Response	3	7138655	5069	1
751	438	Nothing	10	7139661	0	1			0		false_alarm	1026
751	438	Response	3	7139691	30	1
751	438	Response	3	7140884	1223	1
751	438	Response	3	7142132	2471	1
751	439	Sound	19	7168674	0	2			0		other	0
751	440	Nothing	5	7202157	0	1			0		other	0
751	441	Sound	0	7203157	0	2			0		other	0
751	441	Response	3	7205731	2574	1
751	443	Nothing	10	7206737	0	1			0		false_alarm	1034
751	443	Response	3	7206974	237	2
751	443	Response	3	7208159	1422	1
751	443	Response	3	7209287	2550	1
751	444	Sound	19	7235750	0	2			0		other	0
751	444	Response	3	7263665	27915	1
751	444	Response	3	7265002	29252	1
751	444	Response	3	7266343	30593	1
751	444	Response	3	7267861	32111	1
751	444	Response	3	7269031	33281	1
751	444	Response	3	7270487	34737	1
751	444	Response	3	7271836	36086	1
751	444	Response	3	7273313	37563	2
751	444	Response	3	7274831	39081	1
751	444	Response	3	7276207	40457	2
751	445	Nothing	5	7286595	0	1			0		other	0
751	446	Sound	0	7287595	0	2			0		other	0
751	446	Response	3	7290027	2432	1
751	447	Response	3	7290368	338	1
751	448	Nothing	10	7291032	0	1			0		false_alarm	1053
751	448	Response	3	7291424	392	1
751	448	Response	3	7292802	1770	1
751	448	Response	3	7294373	3341	1
751	449	Sound	19	7320045	0	2			0		other	0
751	450	Nothing	5	7358698	0	1			0		other	0
751	451	Sound	0	7359698	0	2			0		other	0
751	451	Response	3	7362329	2631	1
751	453	Nothing	10	7363335	0	1			0		false_alarm	1061
751	453	Response	3	7363627	292	1
751	453	Response	3	7364889	1554	1
751	453	Response	3	7366170	2835	1
751	453	Response	3	7367380	4045	1
751	454	Sound	19	7392348	0	2			0		other	0
751	454	Response	3	7426050	33702	1
751	454	Response	3	7430706	38358	1
751	454	Response	3	7433909	41561	1
751	454	Response	3	7435229	42881	1
751	454	Response	3	7436712	44364	1
751	454	Response	3	7438871	46523	1
751	454	Response	3	7440241	47893	1
751	454	Response	3	7456914	64566	1
751	454	Response	3	7458419	66071	1
751	454	Response	3	7458641	66293	1
751	454	Response	3	7460239	67891	1
751	454	Response	3	7461919	69571	2
751	455	Nothing	5	7464561	0	1			0		other	0
751	456	Sound	0	7465561	0	2			0		other	0
751	456	Response	3	7476919	11358	1
751	458	Nothing	10	7477924	0	1			0		false_alarm	1082
751	458	Response	3	7478093	169	1
751	458	Response	3	7479416	1492	1
751	458	Response	3	7482090	4166	1
751	459	Sound	19	7506937	0	2			0		other	0
751	459	Response	3	7549309	42372	1
751	461	Nothing	5	7550013	0	1			0		other	0
751	461	Response	3	7550738	725	1
751	462	Sound	0	7551013	0	2			0		other	0
751	462	Response	3	7552284	1271	1
751	464	Nothing	10	7553289	0	1			0		false_alarm	1092
751	464	Response	3	7553679	390	1
751	464	Response	3	7555051	1762	1
751	464	Response	3	7556320	3031	1
751	465	Sound	19	7582303	0	2			0		other	0
751	465	Response	3	7620920	38617	1
751	465	Response	3	7622288	39985	1
751	466	Nothing	5	7654946	0	1			0		other	0
751	467	Sound	0	7655946	0	2			0		other	0
751	467	Response	3	7659792	3846	1
751	469	Nothing	10	7660797	0	1			0		false_alarm	1102
751	469	Response	3	7661523	726	1
751	469	Response	3	7662756	1959	1
751	470	Sound	19	7689810	0	2			0		other	0
751	471	Nothing	5	7723183	0	1			0		other	0
751	472	Sound	0	7724183	0	2			0		other	0
751	472	Response	3	7727255	3072	1
751	474	Nothing	10	7728259	0	1			0		false_alarm	1109
751	474	Response	3	7728516	257	1
751	474	Response	3	7729746	1487	1
751	474	Response	3	7730858	2599	1
751	475	Sound	19	7757275	0	2			0		other	0
751	475	Response	3	7796152	38877	2
751	476	Nothing	5	7797018	0	1			0		other	0
751	476	Response	3	7797591	573	1
751	477	Sound	0	7798018	0	2			0		other	0
751	477	Response	3	7800649	2631	1
751	479	Nothing	10	7801654	0	1			0		false_alarm	1119
751	479	Response	3	7802029	375	1
751	479	Response	3	7803390	1736	1
751	479	Response	3	7804607	2953	1
751	480	Sound	19	7830668	0	1			0		other	0
751	480	Response	3	7858694	28026	1
751	480	Response	3	7860201	29533	1
751	480	Response	3	7861692	31024	1
751	480	Response	3	7863026	32358	1
751	480	Response	3	7864528	33860	2
751	480	Response	3	7871202	40534	1
751	480	Response	3	7872698	42030	1
751	481	Nothing	5	7891172	0	1			0		other	0
751	482	Sound	0	7892172	0	2			0		other	0
751	482	Response	3	7897693	5521	1
751	484	Nothing	10	7898698	0	1			0		false_alarm	1134
751	484	Response	3	7898885	187	1
751	484	Response	3	7900176	1478	1
751	484	Response	3	7902664	3966	1
751	485	Sound	19	7927716	0	2			0		other	0
751	487	Nothing	5	7959984	0	1			0		other	0
751	488	Sound	0	7960984	0	2			0		other	0
751	488	Response	3	7966867	5883	1
751	490	Nothing	10	7967872	0	1			0		false_alarm	1142
751	490	Response	3	7968161	289	1
751	490	Response	3	7970668	2796	1
751	491	Sound	19	7996885	0	2			0		other	0
751	492	Nothing	5	8051468	0	1			0		other	0
751	492	Response	3	8052034	566	2
751	493	Sound	0	8052468	0	2			0		other	0
751	493	Response	3	8055577	3109	1
751	495	Nothing	10	8056583	0	1			0		false_alarm	1150
751	495	Response	3	8056993	410	1
751	495	Response	3	8058189	1606	1
751	496	Sound	19	8085597	0	2			0		other	0
751	497	Nothing	5	8159480	0	1			0		other	0
751	498	Sound	0	8160480	0	2			0		other	0
751	498	Response	3	8164055	3575	1
751	500	Nothing	10	8165059	0	1			0		false_alarm	1157
751	500	Response	3	8165412	353	1
751	500	Response	3	8166648	1589	1
751	500	Response	3	8167721	2662	93
751	501	Sound	19	8194072	0	2			0		other	0
751	501	Response	3	8235359	41287	1
751	501	Response	3	8236791	42719	1
751	501	Response	3	8238383	44311	1
751	501	Response	3	8239724	45652	1
751	501	Response	3	8241246	47174	1
751	502	Nothing	5	8261805	0	1			0		other	0
751	503	Sound	0	8262805	0	2			0		other	0
751	503	Response	3	8266432	3627	1
751	505	Nothing	10	8267437	0	1			0		false_alarm	1170
751	505	Response	3	8267801	364	1
751	505	Response	3	8269058	1621	1
751	506	Sound	19	8296450	0	2			0		other	0
751	507	Nothing	5	8374023	0	1			0		other	0
751	508	Sound	0	8375023	0	2			0		other	0
751	508	Response	3	8378714	3691	1
751	510	Nothing	10	8379719	0	1			0		false_alarm	1177
751	510	Response	3	8380134	415	1
751	510	Response	3	8382359	2640	1
751	510	Response	3	8383640	3921	1
751	511	Sound	19	8408732	0	2			0		other	0
751	513	Nothing	5	8461496	0	1			0		other	0
751	514	Sound	0	8462496	0	2			0		other	0
751	514	Response	3	8467624	5128	1
751	516	Nothing	10	8468627	0	1			0		false_alarm	1185
751	516	Response	3	8468969	342	1
751	516	Response	3	8470304	1677	1
751	516	Response	3	8471563	2936	1
751	517	Sound	19	8497640	0	2			0		other	0
751	518	Nothing	5	8550353	0	1			0		other	0
751	519	Sound	0	8551353	0	2			0		other	0
751	520	Nothing	6	8571353	0	1			0		other	0
751	521	Sound	19	8581366	0	2			0		other	0
751	522	Nothing	5	8653639	0	1			0		other	0
751	523	Sound	0	8654639	0	2			0		other	0
751	523	Response	3	8658692	4053	1
751	525	Nothing	10	8659697	0	1			0		false_alarm	1197
751	525	Response	3	8659949	252	1
751	525	Response	3	8661167	1470	1
751	525	Response	3	8662286	2589	1
751	526	Sound	19	8688720	0	2			0		other	0
751	526	Response	3	8729437	40717	1
751	526	Response	3	8730837	42117	1
751	527	Nothing	5	8739595	0	2			0		other	0
751	528	Sound	0	8740595	0	2			0		other	0
751	528	Response	3	8743729	3134	1
751	530	Nothing	10	8744734	0	1			0		false_alarm	1207
751	530	Response	3	8745244	510	1
751	530	Response	3	8746498	1764	1
751	531	Sound	19	8773749	0	2			0		other	0
751	531	Response	3	8816158	42409	1
751	532	Nothing	5	8839062	0	1			0		other	0
751	533	Sound	0	8840062	0	2			0		other	0
751	533	Response	3	8845097	5035	2
751	535	Nothing	10	8846103	0	1			0		false_alarm	1215
751	535	Response	3	8846506	403	1
751	535	Response	3	8847728	1625	1
751	535	Response	3	8848955	2852	1
751	536	Sound	19	8875116	0	2			0		other	0
751	538	Nothing	5	8946004	0	1			0		other	0
751	539	Sound	0	8947004	0	3			0		other	0
751	539	Response	3	8952151	5147	1
751	541	Nothing	10	8953155	0	1			0		false_alarm	1223
751	541	Response	3	8953396	241	1
751	541	Response	3	8954715	1560	1
751	542	Sound	19	8982172	0	2			0		other	0
751	543	Nothing	5	9016345	0	1			0		other	0
751	544	Sound	0	9017345	0	2			0		other	0
751	544	Response	3	9023195	5850	1
751	546	Nothing	10	9024201	0	1			0		false_alarm	1230
751	546	Response	3	9024453	252	1
751	546	Response	3	9025690	1489	1
751	547	Sound	19	9053214	0	2			0		other	0
751	548	Nothing	5	9085387	0	1			0		other	0
751	549	Sound	0	9086387	0	2			0		other	0
751	549	Response	3	9090634	4247	1
751	551	Nothing	10	9091637	0	1			0		false_alarm	1237
751	551	Response	3	9091920	283	1
751	551	Response	3	9093223	1586	1
751	551	Response	3	9095713	4076	1
751	551	Response	3	9097060	5423	1
751	552	Sound	19	9120650	0	2			0		other	0
751	552	Response	3	9163019	42369	1
751	552	Response	3	9166238	45588	1
751	552	Response	3	9167745	47095	1
751	553	Nothing	5	9182193	0	1			0		other	0
751	554	Sound	0	9183193	0	2			0		other	0
751	554	Response	3	9187351	4158	1
751	556	Nothing	10	9188357	0	1			0		false_alarm	1249
751	556	Response	3	9188715	358	1
751	556	Response	3	9189940	1583	1
751	557	Sound	19	9217370	0	2			0		other	0
751	558	Nothing	5	9271233	0	1			0		other	0
751	559	Sound	0	9272233	0	2			0		other	0
751	559	Response	3	9277049	4816	1
751	561	Nothing	10	9278055	0	1			0		false_alarm	1256
751	561	Response	3	9278236	181	2
751	561	Response	3	9279449	1394	1
751	561	Response	3	9280624	2569	1
751	562	Sound	19	9307068	0	2			0		other	0
751	562	Response	3	9341296	34228	1
751	562	Response	3	9343875	36807	1
751	562	Response	3	9345183	38115	1
751	564	Nothing	5	9347825	0	1			0		other	0
751	565	Sound	0	9348825	0	2			0		other	0
751	565	Response	3	9351549	2724	1
751	567	Nothing	10	9352555	0	1			0		false_alarm	1267
751	567	Response	3	9352916	361	1
751	567	Response	3	9354226	1671	1
751	568	Sound	19	9381569	0	2			0		other	0
751	569	Nothing	5	9413612	0	1			0		other	0
751	570	Sound	0	9414612	0	2			0		other	0
751	570	Response	3	9420035	5423	2
751	572	Nothing	10	9421040	0	1			0		false_alarm	1274
751	572	Response	3	9421248	208	1
751	572	Response	3	9422486	1446	2
751	573	Sound	19	9450054	0	2			0		other	0
751	573	Response	3	9487758	37704	1
751	573	Response	3	9489210	39156	1
751	573	Response	3	9490522	40468	1
751	573	Response	3	9491715	41661	1
751	574	Nothing	5	9492857	0	1			0		other	0
751	574	Response	3	9493008	151	1
751	575	Sound	0	9493857	0	2			0		other	0
751	575	Response	3	9494539	682	1
751	577	Nothing	10	9495545	0	1			0		false_alarm	1286
751	577	Response	3	9495857	312	1
751	577	Response	3	9497116	1571	1
751	578	Sound	19	9524558	0	2			0		other	0
751	578	Response	3	9559370	34812	1
751	578	Response	3	9560966	36408	1
751	578	Response	3	9562530	37972	1
751	578	Response	3	9564028	39470	1
751	578	Response	3	9565481	40923	1
751	578	Response	3	9566698	42140	1
751	579	Nothing	5	9570931	0	1			0		other	0
751	580	Sound	0	9571931	0	2			0		other	0
751	580	Response	3	9574756	2825	1
751	582	Nothing	10	9575760	0	1			0		false_alarm	1299
751	582	Response	3	9576168	408	1
751	582	Response	3	9577464	1704	1
751	582	Response	3	9578594	2834	1
751	583	Sound	19	9604775	0	1			0		other	0
751	583	Response	3	9647974	43199	1
751	583	Response	3	9649687	44912	1
751	583	Response	3	9651132	46357	1
751	583	Response	3	9655997	51222	1
751	583	Response	3	9663988	59213	1
751	583	Response	3	9673478	68703	1
751	583	Response	3	9675479	70704	1
751	583	Response	3	9677161	72386	2
751	583	Response	3	9678368	73593	1
751	583	Response	3	9679800	75025	1
751	583	Response	3	9681181	76406	1
751	583	Response	3	9682682	77907	1
751	584	Nothing	5	9683928	0	1			0		other	0
751	585	Sound	0	9684928	0	2			0		other	0
751	585	Response	3	9688016	3088	1
751	587	Nothing	10	9689021	0	1			0		false_alarm	1319
751	587	Response	3	9689536	515	1
751	587	Response	3	9690822	1801	1
751	588	Sound	19	9718035	0	2			0		other	0
751	590	Nothing	5	9764768	0	1			0		other	0
751	591	Sound	0	9765768	0	2			0		other	0
751	591	Response	3	9766881	1113	1
751	593	Nothing	10	9767886	0	1			0		false_alarm	1326
751	593	Response	3	9768330	444	1
751	594	Sound	19	9796900	0	1			0		other	0
751	594	Response	3	9822065	25165	1
751	594	Response	3	9823286	26386	2
751	594	Response	3	9824618	27718	1
751	594	Response	3	9825824	28924	15
751	594	Response	3	9833999	37099	1
751	594	Response	3	9835473	38573	1
751	594	Response	3	9836981	40081	1
751	595	Nothing	5	9861273	0	1			0		other	0
751	596	Sound	0	9862273	0	2			0		other	0
751	596	Response	3	9865827	3554	1
751	598	Nothing	10	9866832	0	1			0		false_alarm	1339
751	598	Response	3	9867104	272	1
751	598	Response	3	9868303	1471	1
751	599	Sound	19	9895845	0	2			0		other	0
751	599	Response	3	9935986	40141	2
751	599	Response	3	9937543	41698	1
751	599	Response	3	9938968	43123	1
751	599	Response	3	9940264	44419	1
751	600	Nothing	5	9940838	0	1			0		other	0
751	600	Response	3	9941633	795	1
751	601	Sound	0	9941838	0	2			0		other	0
751	601	Response	3	9948598	6760	2
751	603	Nothing	10	9949604	0	1			0		false_alarm	1351
751	603	Response	3	9949935	331	1
751	603	Response	3	9951167	1563	1
751	603	Response	3	9952312	2708	1
751	604	Sound	19	9978617	0	2			0		other	0
751	605	Nothing	5	10025970	0	2			0		other	0
751	606	Sound	0	10026970	0	2			0		other	0
751	606	Response	3	10046265	19295	1
751	608	Nothing	10	10047270	0	1			0		false_alarm	1359
751	608	Response	3	10047683	413	1
751	608	Response	3	10050060	2790	1
751	609	Sound	19	10076283	0	2			0		other	0
751	610	Nothing	5	10115397	0	1			0		other	0
751	611	Sound	0	10116397	0	2			0		other	0
751	611	Response	3	10122774	6377	1
751	613	Nothing	10	10123780	0	1			0		false_alarm	1366
751	613	Response	3	10124172	392	1
751	613	Response	3	10125445	1665	1
751	613	Response	3	10126681	2901	1
751	613	Response	3	10127899	4119	1
751	614	Sound	19	10152794	0	1			0		other	0
751	616	Nothing	5	10207360	0	1			0		other	0
751	617	Sound	0	10208360	0	2			0		other	0
751	617	Response	3	10214182	5822	1
751	619	Nothing	10	10215188	0	1			0		false_alarm	1375
751	619	Response	3	10215423	235	1
751	619	Response	3	10216758	1570	1
751	620	Sound	19	10244201	0	2			0		other	0
751	620	Response	3	10279189	34988	1
751	621	Nothing	5	10283304	0	1			0		other	0
751	622	Sound	0	10284304	0	2			0		other	0
751	622	Response	3	10288373	4069	1
751	624	Nothing	10	10289378	0	1			0		false_alarm	1383
751	624	Response	3	10289972	594	1
751	624	Response	3	10291144	1766	1
751	625	Sound	19	10318392	0	2			0		other	0
751	625	Response	3	10355731	37339	1
751	625	Response	3	10357186	38794	1
751	625	Response	3	10358496	40104	1
751	625	Response	3	10359872	41480	1
751	626	Nothing	5	10370326	0	1			0		other	0
751	627	Sound	0	10371326	0	2			0		other	0
751	627	Response	3	10375193	3867	1
751	629	Nothing	10	10376197	0	1			0		false_alarm	1394
751	629	Response	3	10376665	468	1
751	629	Response	3	10377896	1699	1
751	630	Sound	19	10405211	0	2			0		other	0
751	631	Nothing	5	10436604	0	1			0		other	0
751	632	Sound	0	10437604	0	2			0		other	0
751	632	Response	3	10442145	4541	2
751	634	Nothing	10	10443151	0	1			0		false_alarm	1401
751	634	Response	3	10443317	166	1
751	634	Response	3	10444517	1366	1
751	635	Sound	19	10472164	0	2			0		other	0
751	636	Nothing	5	10505127	0	1			0		other	0
751	637	Sound	0	10506127	0	2			0		other	0
751	637	Response	3	10507787	1660	1
751	639	Nothing	10	10508793	0	1			0		false_alarm	1408
751	639	Response	3	10509109	316	2
751	639	Response	3	10510296	1503	1
751	640	Sound	19	10537806	0	2			0		other	0
751	640	Response	3	10566404	28598	1
751	640	Response	3	10567935	30129	1
751	640	Response	3	10569361	31555	1
751	640	Response	3	10570695	32889	2
751	642	Nothing	5	10573355	0	1			0		other	0
751	643	Sound	0	10574355	0	2			0		other	0
751	643	Response	3	10575189	834	1
751	645	Nothing	10	10576195	0	1			0		false_alarm	1419
751	645	Response	3	10576543	348	2
751	645	Response	3	10577809	1614	1
751	645	Response	3	10578985	2790	1
751	646	Sound	19	10605209	0	2			0		other	0
751	646	Response	3	10652155	46946	2
751	646	Response	3	10653679	48470	1
751	646	Response	3	10655357	50148	1
751	647	Nothing	5	10657512	0	1			0		other	0
751	648	Sound	0	10658512	0	2			0		other	0
751	648	Response	3	10661847	3335	1
751	650	Nothing	10	10662852	0	1			0		false_alarm	1430
751	650	Response	3	10663127	275	2
751	650	Response	3	10664321	1469	1
751	650	Response	3	10665460	2608	2
751	651	Sound	19	10691867	0	2			0		other	0
751	652	Nothing	5	10727790	0	1			0		other	0
751	653	Sound	0	10728790	0	2			0		other	0
751	653	Response	3	10734438	5648	2
751	655	Nothing	10	10735443	0	1			0		false_alarm	1438
751	655	Response	3	10735690	247	1
751	655	Response	3	10736896	1453	1
751	656	Sound	19	10764456	0	2			0		other	0
751	657	Nothing	5	10805599	0	1			0		other	0
751	658	Sound	0	10806599	0	2			0		other	0
751	658	Response	3	10807667	1068	1
751	660	Nothing	10	10808672	0	1			0		false_alarm	1445
751	660	Response	3	10808782	110	1
751	660	Response	3	10811163	2491	1
751	661	Sound	19	10837685	0	2			0		other	0
751	661	Response	3	10870353	32668	1
751	661	Response	3	10871701	34016	1
751	661	Response	3	10872961	35276	1
751	661	Response	3	10874302	36617	1
751	662	Nothing	5	10886068	0	1			0		other	0
751	663	Sound	0	10887068	0	2			0		other	0
751	663	Response	3	10892484	5416	1
751	665	Nothing	10	10893488	0	1			0		false_alarm	1456
751	665	Response	3	10893674	186	1
751	665	Response	3	10894950	1462	1
751	666	Sound	19	10922501	0	2			0		other	0
751	668	Nothing	5	10987887	0	1			0		other	0
751	669	Sound	0	10988887	0	2			0		other	0
751	669	Response	3	10990754	1867	1
751	671	Nothing	10	10991759	0	1			0		false_alarm	1463
751	671	Response	3	10991969	210	1
751	671	Response	3	10993167	1408	1
751	672	Sound	19	11020772	0	2			0		other	0
751	673	Nothing	5	11073035	0	1			0		other	0
751	674	Sound	0	11074035	0	2			0		other	0
751	674	Response	3	11081776	7741	1
751	676	Nothing	10	11082782	0	1			0		false_alarm	1470
751	676	Response	3	11082881	99	2
751	676	Response	3	11084134	1352	1
751	677	Sound	19	11111795	0	2			0		other	0
751	678	Nothing	5	11157598	0	1			0		other	0
751	679	Sound	0	11158598	0	2			0		other	0
751	679	Response	3	11169266	10668	1
751	681	Nothing	10	11170271	0	1			0		false_alarm	1477
751	681	Response	3	11170464	193	1
751	681	Response	3	11171650	1379	1
751	682	Sound	19	11199284	0	2			0		other	0
751	683	Nothing	5	11234257	0	1			0		other	0
751	684	Sound	0	11235257	0	2			0		other	0
751	684	Response	3	11239405	4148	1
751	686	Nothing	10	11240410	0	1			0		false_alarm	1484
751	686	Response	3	11240775	365	1
751	686	Response	3	11241847	1437	1
751	687	Sound	19	11269423	0	2			0		other	0
751	688	Nothing	5	11308586	0	1			0		other	0
751	689	Sound	0	11309586	0	2			0		other	0
751	689	Response	3	11316514	6928	1
751	691	Nothing	10	11317519	0	1			0		false_alarm	1491
751	691	Response	3	11317797	278	1
751	691	Response	3	11319068	1549	1
751	692	Sound	19	11346532	0	2			0		other	0
751	694	Nothing	5	11386041	0	1			0		other	0
751	695	Sound	0	11387041	0	2			0		other	0
751	695	Response	3	11394606	7565	1
751	697	Nothing	10	11395612	0	1			0		false_alarm	1498
751	697	Response	3	11395840	228	1
751	697	Response	3	11397049	1437	1
751	698	Sound	19	11424626	0	1			0		other	0
751	699	Nothing	5	11461998	0	1			0		other	0
751	700	Sound	0	11462998	0	2			0		other	0
751	700	Response	3	11471786	8788	1
751	702	Nothing	10	11472792	0	1			0		false_alarm	1505
751	702	Response	3	11472985	193	1
751	702	Response	3	11474173	1381	1
751	703	Sound	19	11501805	0	2			0		other	0
751	704	Nothing	5	11567019	0	1			0		other	0
751	705	Sound	0	11568019	0	2			0		other	0
751	705	Response	3	11573081	5062	1
751	707	Nothing	10	11574085	0	1			0		false_alarm	1512
751	707	Response	3	11574511	426	1
751	707	Response	3	11575627	1542	1
751	708	Sound	19	11603098	0	2			0		other	0
751	709	Nothing	5	11653071	0	1			0		other	0
751	710	Sound	0	11654071	0	2			0		other	0
751	710	Response	3	11669585	15514	1
751	712	Nothing	10	11670590	0	1			0		false_alarm	1519
751	712	Response	3	11670821	231	1
751	712	Response	3	11672086	1496	1
751	713	Sound	19	11699603	0	2			0		other	0
751	714	Nothing	5	11732476	0	1			0		other	0
751	715	Sound	0	11733482	0	2			0		other	0
751	715	Response	3	11738992	5510	1
751	717	Nothing	10	11739996	0	1			0		false_alarm	1526
751	717	Response	3	11740124	128	1
751	717	Response	3	11741286	1290	1
751	718	Sound	19	11769010	0	2			0		other	0
751	720	Nothing	5	11813552	0	1			0		other	0
751	721	Sound	0	11814582	0	2			0		other	0
751	721	Response	3	11818595	4013	1
751	723	Nothing	10	11819601	0	1			0		false_alarm	1533
751	723	Response	3	11819696	95	1
751	723	Response	3	11820822	1221	1
751	724	Sound	19	11848616	0	2			0		other	0
751	725	Nothing	5	11884869	0	1			0		other	0
751	726	Sound	0	11885869	0	2			0		other	0
751	726	Response	3	11892920	7051	1
751	728	Nothing	10	11893926	0	1			0		false_alarm	1540
751	728	Response	3	11894025	99	1
751	728	Response	3	11895196	1270	1
751	729	Sound	19	11922943	0	2			0		other	0
751	730	Nothing	5	11957266	0	1			0		other	0
751	731	Sound	0	11958266	0	2			0		other	0
751	731	Response	3	11969955	11689	1
751	733	Nothing	10	11970961	0	1			0		false_alarm	1547
751	733	Response	3	11971061	100	1
751	733	Response	3	11972259	1298	1
751	734	Sound	19	11999974	0	2			0		other	0
751	735	Nothing	5	12046258	0	1			0		other	0
751	736	Sound	0	12047258	0	2			0		other	0
751	737	Nothing	6	12067258	0	1			0		other	0
751	738	Sound	19	12077271	0	2			0		other	0
751	739	Nothing	5	12137834	0	1			0		other	0
751	740	Sound	0	12138834	0	2			0		other	0
751	741	Nothing	6	12158834	0	1			0		other	0
751	742	Sound	19	12168852	0	2			0		other	0
751	744	Nothing	5	12214281	0	1			0		other	0
751	745	Sound	0	12215281	0	2			0		other	0
751	745	Response	3	12222440	7159	1
751	747	Nothing	10	12223445	0	1			0		false_alarm	1562
751	747	Response	3	12223780	335	1
751	747	Response	3	12224816	1371	197
751	748	Sound	19	12252471	0	3			0		other	0
751	749	Nothing	5	12287514	0	1			0		other	0
751	750	Sound	0	12288514	0	2			0		other	0
751	751	Nothing	6	12308514	0	1			0		other	0
751	752	Sound	19	12318527	0	2			0		other	0
751	753	Nothing	5	12392611	0	1			0		other	0
751	754	Sound	0	12393611	0	2			0		other	0
751	755	Nothing	6	12413611	0	1			0		other	0
751	756	Sound	19	12423624	0	2			0		other	0
751	757	Nothing	5	12456227	0	1			0		other	0
751	758	Sound	0	12457227	0	2			0		other	0
751	759	Nothing	6	12477227	0	1			0		other	0
751	760	Sound	19	12487240	0	2			0		other	0
751	761	Nothing	5	12525253	0	1			0		other	0
751	762	Sound	0	12526253	0	2			0		other	0
751	763	Nothing	6	12546253	0	1			0		other	0
751	764	Sound	19	12556266	0	2			0		other	0
751	766	Nothing	5	12591491	0	1			0		other	0
751	767	Sound	0	12592491	0	2			0		other	0
751	768	Nothing	6	12612501	0	1			0		other	0
751	769	Sound	19	12622515	0	2			0		other	0
751	770	Nothing	5	12662688	0	1			0		other	0
751	771	Sound	0	12663688	0	2			0		other	0
751	772	Nothing	6	12683688	0	1			0		other	0
751	773	Sound	19	12693701	0	2			0		other	0
751	774	Nothing	5	12724819	0	1			0		other	0
751	775	Sound	0	12725819	0	2			0		other	0
751	776	Nothing	6	12745819	0	1			0		other	0
751	777	Sound	19	12755832	0	2			0		other	0
751	778	Nothing	5	12790245	0	1			0		other	0
751	779	Sound	0	12791245	0	2			0		other	0
751	780	Nothing	6	12811245	0	1			0		other	0
751	781	Sound	19	12821258	0	2			0		other	0
751	782	Nothing	5	12854571	0	1			0		other	0
751	783	Sound	0	12855571	0	2			0		other	0
751	784	Nothing	6	12875571	0	1			0		other	0
751	785	Sound	19	12885585	0	2			0		other	0
751	787	Nothing	5	12956581	0	1			0		other	0
751	788	Sound	0	12957581	0	2			0		other	0
751	789	Nothing	6	12977581	0	1			0		other	0
751	790	Sound	19	12987594	0	2			0		other	0
751	791	Nothing	5	13032917	0	1			0		other	0
751	792	Sound	0	13033917	0	2			0		other	0
751	793	Nothing	6	13053917	0	1			0		other	0
751	794	Sound	19	13063930	0	2			0		other	0
751	795	Nothing	5	13109273	0	1			0		other	0
751	796	Sound	0	13110273	0	2			0		other	0
751	797	Nothing	6	13130273	0	1			0		other	0
751	798	Sound	19	13140286	0	2			0		other	0
751	799	Nothing	5	13197140	0	1			0		other	0
751	800	Sound	0	13198140	0	2			0		other	0
751	801	Nothing	6	13218140	0	1			0		other	0
751	802	Sound	19	13228153	0	2			0		other	0
751	803	Nothing	5	13277556	0	1			0		other	0
751	804	Sound	0	13278556	0	2			0		other	0
751	805	Nothing	6	13298556	0	1			0		other	0
751	806	Sound	19	13308569	0	2			0		other	0
751	808	Nothing	5	13339418	0	1			0		other	0
751	809	Sound	0	13340418	0	3			0		other	0
751	810	Nothing	6	13360418	0	1			0		other	0
751	811	Sound	19	13370431	0	2			0		other	0
751	812	Nothing	5	13425044	0	1			0		other	0
751	813	Sound	0	13426044	0	2			0		other	0
751	814	Nothing	6	13446044	0	1			0		other	0
751	815	Sound	19	13456057	0	2			0		other	0
751	816	Nothing	5	13497260	0	1			0		other	0
751	817	Sound	0	13498260	0	2			0		other	0
751	818	Nothing	6	13518260	0	1			0		other	0
751	819	Sound	19	13528273	0	2			0		other	0
751	820	Nothing	5	13589136	0	1			0		other	0
751	821	Sound	0	13590136	0	2			0		other	0
751	822	Nothing	6	13610136	0	1			0		other	0
751	823	Sound	19	13620152	0	3			0		other	0
751	824	Nothing	5	13672885	0	1			0		other	0
751	825	Sound	0	13673885	0	2			0		other	0
751	826	Nothing	6	13693885	0	1			0		other	0
751	827	Sound	19	13703898	0	2			0		other	0
751	829	Nothing	5	13753594	0	1			0		other	0
751	830	Sound	0	13754594	0	2			0		other	0
751	831	Nothing	6	13774594	0	1			0		other	0
751	832	Sound	19	13784609	0	1			0		other	0
751	833	Nothing	5	13816244	0	1			0		other	0
751	834	Sound	0	13817245	0	2			0		other	0
751	835	Nothing	6	13837245	0	1			0		other	0
751	836	Sound	19	13847258	0	2			0		other	0
751	837	Nothing	5	13905591	0	1			0		other	0
751	838	Sound	0	13906591	0	2			0		other	0
751	839	Nothing	6	13926591	0	1			0		other	0
751	840	Sound	19	13936605	0	2			0		other	0
751	841	Nothing	5	14005838	0	1			0		other	0
751	842	Sound	0	14006839	0	1			0		other	0
751	843	Nothing	6	14026848	0	1			0		other	0
751	844	Sound	19	14036861	0	2			0		other	0
751	845	Nothing	5	14108544	0	1			0		other	0
751	846	Sound	0	14109544	0	2			0		other	0
751	847	Nothing	6	14129544	0	1			0		other	0
751	848	Sound	19	14139558	0	1			0		other	0
751	850	Nothing	5	14201370	0	1			0		other	0
751	851	Sound	0	14202370	0	2			0		other	0
751	852	Nothing	6	14222370	0	1			0		other	0
751	853	Sound	19	14232383	0	2			0		other	0
751	854	Nothing	5	14267091	0	1			0		other	0
751	855	Sound	0	14268091	0	2			0		other	0
751	856	Nothing	6	14288091	0	1			0		other	0
751	857	Sound	19	14298105	0	1			0		other	0
751	858	Nothing	5	14365758	0	1			0		other	0
751	859	Sound	0	14366758	0	2			0		other	0
751	859	Response	1	14373557	6799	1
751	862	Nothing	10	14375568	0	1			0		false_alarm	1673
751	862	Response	3	14378906	3338	1
751	862	Response	3	14380985	5417	1
751	862	Response	3	14382149	6581	1
751	863	Sound	19	14404581	0	2			0		other	0
751	864	Nothing	5	14472334	0	1			0		other	0
751	865	Sound	0	14473334	0	2			0		other	0
751	865	Response	3	14481849	8515	1
751	867	Nothing	10	14482854	0	1			0		false_alarm	1681
751	867	Response	3	14482919	65	1
751	867	Response	3	14484037	1183	1
751	868	Sound	19	14511879	0	2			0		other	0
751	869	Nothing	5	14565432	0	1			0		other	0
751	870	Sound	0	14566432	0	2			0		other	0
751	871	Nothing	6	14586432	0	1			0		other	0
751	872	Sound	19	14596463	0	2			0		other	0
751	874	Nothing	5	14630059	0	1			0		other	0
751	875	Sound	0	14631059	0	2			0		other	0
751	876	Nothing	6	14651059	0	1			0		other	0
751	877	Sound	19	14661073	0	2			0		other	0
751	878	Nothing	5	14714576	0	1			0		other	0
751	879	Sound	0	14715576	0	2			0		other	0
751	880	Nothing	6	14735576	0	1			0		other	0
751	881	Sound	19	14745589	0	2			0		other	0
751	882	Nothing	5	14807182	0	1			0		other	0
751	883	Sound	0	14808182	0	2			0		other	0
751	884	Nothing	6	14828182	0	1			0		other	0
751	885	Sound	19	14838196	0	1			0		other	0
751	886	Nothing	5	14888639	0	1			0		other	0
751	887	Sound	0	14889639	0	2			0		other	0
751	888	Nothing	6	14909639	0	1			0		other	0
751	889	Sound	19	14919652	0	2			0		other	0
751	890	Nothing	5	14951215	0	1			0		other	0
751	891	Sound	0	14952215	0	2			0		other	0
751	892	Nothing	6	14972215	0	1			0		other	0
751	893	Sound	19	14982228	0	2			0		other	0
751	895	Nothing	5	15019468	0	1			0		other	0
751	896	Sound	0	15020468	0	2			0		other	0
751	897	Nothing	6	15040468	0	1			0		other	0
751	898	Sound	19	15050483	0	2			0		other	0
751	899	Nothing	5	15115196	0	1			0		other	0
751	900	Sound	0	15116196	0	2			0		other	0
751	901	Nothing	6	15136196	0	1			0		other	0
751	902	Sound	19	15146209	0	2			0		other	0
751	903	Nothing	5	15187222	0	1			0		other	0
751	904	Sound	0	15188222	0	2			0		other	0
751	905	Nothing	6	15208222	0	1			0		other	0
751	906	Sound	19	15218235	0	2			0		other	0
751	907	Nothing	5	15261078	0	1			0		other	0
751	908	Sound	0	15262078	0	2			0		other	0
751	908	Response	3	15276711	14633	1
751	910	Nothing	10	15277718	0	1			0		false_alarm	1724
751	910	Response	3	15277934	216	1
751	910	Response	3	15279082	1364	1
751	911	Sound	19	15306742	0	2			0		other	0
751	912	Nothing	5	15345416	0	1			0		other	0
751	913	Sound	0	15346416	0	2			0		other	0
751	913	Response	3	15352456	6040	1
751	914	Response	3	15353459	1000	3
751	915	Nothing	10	15353461	0	1			0		false_alarm	1732
751	915	Response	3	15354553	1092	1
751	916	Sound	19	15382475	0	1			0		other	0
751	918	Nothing	5	15452571	0	1			0		other	0
751	919	Sound	0	15453571	0	2			0		other	0
751	919	Response	3	15461603	8032	1
751	921	Nothing	10	15462625	0	1			0		false_alarm	1738
751	921	Response	3	15462945	320	1
751	921	Response	3	15464054	1429	1
751	922	Sound	19	15491638	0	2			0		other	0
751	923	Nothing	5	15566801	0	1			0		other	0
751	924	Sound	0	15567801	0	2			0		other	0
751	924	Response	3	15574338	6537	1
751	926	Nothing	10	15575343	0	1			0		false_alarm	1745
751	926	Response	3	15575553	210	1
751	926	Response	3	15576800	1457	1
751	927	Sound	19	15604356	0	2			0		other	0
751	928	Nothing	5	15666219	0	1			0		other	0
751	929	Sound	0	15667219	0	2			0		other	0
751	930	Nothing	6	15687219	0	1			0		other	0
751	931	Sound	19	15697232	0	2			0		other	0
751	932	Nothing	5	15734695	0	1			0		other	0
751	933	Sound	0	15735695	0	2			0		other	0
751	934	Nothing	6	15755695	0	1			0		other	0
751	935	Sound	19	15765708	0	2			0		other	0
751	936	Nothing	5	15845525	0	1			0		other	0
751	937	Sound	0	15846525	0	2			0		other	0
751	938	Nothing	6	15866525	0	1			0		other	0
751	939	Sound	19	15876538	0	2			0		other	0
751	941	Nothing	5	15940984	0	1			0		other	0
751	942	Sound	0	15941984	0	2			0		other	0
751	943	Nothing	6	15961984	0	1			0		other	0
751	944	Sound	19	15971997	0	2			0		other	0
751	945	Nothing	5	16009690	0	1			0		other	0
751	946	Sound	0	16010690	0	2			0		other	0
751	947	Nothing	6	16030690	0	1			0		other	0
751	948	Sound	19	16040703	0	2			0		other	0
751	949	Nothing	5	16094836	0	1			0		other	0
751	950	Sound	0	16095836	0	2			0		other	0
751	951	Nothing	6	16115836	0	1			0		other	0
751	952	Sound	19	16125849	0	2			0		other	0
751	953	Nothing	5	16186432	0	1			0		other	0
751	954	Sound	0	16187432	0	2			0		other	0
751	955	Nothing	6	16207432	0	1			0		other	0
751	956	Sound	19	16217445	0	2			0		other	0
751	957	Nothing	5	16279118	0	1			0		other	0
751	958	Sound	0	16280118	0	2			0		other	0
751	959	Nothing	6	16300118	0	1			0		other	0
751	960	Sound	19	16310131	0	2			0		other	0
751	962	Nothing	5	16344883	0	1			0		other	0
751	963	Sound	0	16345883	0	2			0		other	0
751	964	Nothing	6	16365883	0	1			0		other	0
751	965	Sound	19	16375896	0	2			0		other	0
751	966	Nothing	5	16422709	0	1			0		other	0
751	967	Sound	0	16423709	0	2			0		other	0
751	968	Nothing	6	16443709	0	1			0		other	0
751	969	Sound	19	16453723	0	2			0		other	0
751	970	Nothing	5	16489636	0	1			0		other	0
751	971	Sound	0	16490636	0	2			0		other	0
751	972	Nothing	6	16510636	0	1			0		other	0
751	973	Sound	19	16520649	0	2			0		other	0
751	974	Nothing	5	16560402	0	1			0		other	0
751	975	Sound	0	16561402	0	2			0		other	0
751	976	Nothing	6	16581402	0	1			0		other	0
751	977	Sound	19	16591416	0	2			0		other	0
751	978	Nothing	5	16666449	0	1			0		other	0
751	979	Sound	0	16667449	0	2			0		other	0
751	980	Nothing	6	16687449	0	1			0		other	0
751	981	Sound	19	16697462	0	2			0		other	0
751	983	Nothing	5	16728983	0	1			0		other	0
751	984	Sound	0	16729983	0	2			0		other	0
751	985	Nothing	6	16749983	0	1			0		other	0
751	986	Sound	19	16759996	0	2			0		other	0
751	987	Nothing	5	16810599	0	1			0		other	0
751	988	Sound	0	16811599	0	2			0		other	0
751	989	Nothing	6	16831599	0	1			0		other	0
751	990	Sound	19	16841612	0	2			0		other	0
751	991	Nothing	5	16909195	0	1			0		other	0
751	992	Sound	0	16910195	0	2			0		other	0
751	993	Nothing	6	16930195	0	1			0		other	0
751	994	Sound	19	16940209	0	1			0		other	0
751	995	Nothing	5	17002763	0	1			0		other	0
751	996	Sound	0	17003763	0	2			0		other	0
751	997	Nothing	6	17023763	0	1			0		other	0
751	998	Sound	19	17033776	0	2			0		other	0
751	999	Nothing	5	17067009	0	1			0		other	0
751	1000	Sound	0	17068009	0	2			0		other	0
751	1001	Nothing	6	17088009	0	1			0		other	0
751	1002	Sound	19	17098022	0	2			0		other	0
751	1004	Nothing	5	17135241	0	1			0		other	0
751	1005	Sound	0	17136241	0	2			0		other	0
751	1006	Nothing	6	17156241	0	1			0		other	0
751	1007	Sound	19	17166254	0	2			0		other	0
751	1008	Nothing	5	17197127	0	1			0		other	0
751	1009	Sound	0	17198127	0	2			0		other	0
751	1010	Nothing	6	17218127	0	1			0		other	0
751	1011	Sound	19	17228140	0	2			0		other	0
751	1012	Nothing	5	17276223	0	1			0		other	0
751	1013	Sound	0	17277223	0	2			0		other	0
751	1014	Nothing	6	17297223	0	1			0		other	0
751	1015	Sound	19	17307236	0	2			0		other	0
751	1016	Nothing	5	17350539	0	1			0		other	0
751	1017	Sound	0	17351539	0	2			0		other	0
751	1018	Nothing	6	17371539	0	1			0		other	0
751	1019	Sound	19	17381552	0	2			0		other	0
751	1020	Nothing	5	17431778	0	1			0		other	0
751	1021	Sound	0	17432778	0	2			0		other	0
751	1022	Nothing	6	17452778	0	1			0		other	0
751	1023	Sound	19	17462791	0	2			0		other	0
751	1025	Nothing	5	17499586	0	1			0		other	0
751	1026	Sound	0	17500586	0	2			0		other	0
751	1027	Nothing	6	17520586	0	1			0		other	0
751	1028	Sound	19	17530599	0	2			0		other	0
751	1029	Nothing	5	17569172	0	1			0		other	0
751	1030	Sound	0	17570172	0	2			0		other	0
751	1031	Nothing	6	17590172	0	1			0		other	0
751	1032	Sound	19	17600187	0	2			0		other	0
751	1033	Nothing	5	17643190	0	1			0		other	0
751	1034	Sound	0	17644190	0	2			0		other	0
751	1035	Nothing	6	17664190	0	1			0		other	0
751	1036	Sound	19	17674203	0	2			0		other	0
751	1037	Nothing	5	17735296	0	1			0		other	0
751	1038	Sound	0	17736296	0	2			0		other	0
751	1039	Nothing	6	17756296	0	1			0		other	0
751	1040	Sound	19	17766309	0	2			0		other	0
751	1041	Nothing	5	17811212	0	1			0		other	0
751	1042	Sound	0	17812212	0	2			0		other	0
751	1043	Nothing	6	17832212	0	1			0		other	0
751	1044	Sound	19	17842225	0	2			0		other	0
751	1046	Nothing	5	17884133	0	1			0		other	0
751	1047	Sound	0	17885133	0	2			0		other	0
751	1048	Nothing	6	17905133	0	1			0		other	0
751	1049	Sound	19	17915147	0	2			0		other	0
751	1050	Nothing	5	17951521	0	1			0		other	0
751	1051	Sound	0	17952521	0	2			0		other	0
751	1052	Nothing	6	17972521	0	1			0		other	0
751	1053	Sound	19	17982534	0	2			0		other	0
751	1054	Nothing	5	18017768	0	1			0		other	0
751	1055	Sound	0	18018768	0	2			0		other	0
751	1056	Nothing	6	18038768	0	1			0		other	0
751	1057	Sound	19	18048781	0	2			0		other	0
751	1058	Nothing	5	18117634	0	1			0		other	0
751	1059	Sound	0	18118634	0	2			0		other	0
751	1060	Nothing	6	18138634	0	1			0		other	0
751	1061	Sound	19	18148649	0	2			0		other	0
751	1062	Nothing	5	18228612	0	1			0		other	0
751	1063	Sound	0	18229612	0	2			0		other	0
751	1064	Nothing	6	18249612	0	1			0		other	0
751	1065	Sound	19	18259625	0	2			0		other	0
751	1067	Nothing	5	18300704	0	1			0		other	0
751	1068	Sound	0	18301704	0	2			0		other	0
751	1069	Nothing	6	18321704	0	1			0		other	0
751	1070	Sound	19	18331717	0	2			0		other	0
751	1071	Nothing	5	18373831	0	1			0		other	0
751	1072	Sound	0	18374831	0	2			0		other	0
751	1073	Nothing	6	18394831	0	1			0		other	0
751	1074	Sound	19	18404844	0	2			0		other	0
751	1075	Nothing	5	18468807	0	1			0		other	0
751	1076	Sound	0	18469807	0	2			0		other	0
751	1077	Nothing	6	18489807	0	1			0		other	0
751	1078	Sound	19	18499820	0	2			0		other	0
751	1079	Nothing	5	18565554	0	1			0		other	0
751	1080	Sound	0	18566554	0	2			0		other	0
751	1081	Nothing	6	18586554	0	1			0		other	0
751	1082	Sound	19	18596567	0	2			0		other	0
751	1083	Nothing	5	18642620	0	1			0		other	0
751	1084	Sound	0	18643620	0	2			0		other	0
751	1085	Nothing	6	18663620	0	1			0		other	0
751	1086	Sound	19	18673633	0	2			0		other	0
751	1088	Nothing	5	18713035	0	1			0		other	0
751	1089	Sound	0	18714035	0	2			0		other	0
751	1090	Nothing	6	18734035	0	1			0		other	0
751	1091	Sound	19	18744048	0	2			0		other	0
751	1092	Nothing	5	18792191	0	1			0		other	0
751	1093	Sound	0	18793191	0	2			0		other	0
751	1094	Nothing	6	18813191	0	1			0		other	0
751	1095	Sound	19	18823204	0	2			0		other	0
751	1096	Nothing	5	18864367	0	1			0		other	0
751	1097	Sound	0	18865367	0	2			0		other	0
751	1098	Nothing	6	18885367	0	1			0		other	0
751	1099	Sound	19	18895380	0	2			0		other	0
751	1100	Nothing	5	18949183	0	1			0		other	0
751	1101	Sound	0	18950183	0	2			0		other	0
751	1102	Nothing	6	18970183	0	1			0		other	0
751	1103	Sound	19	18980196	0	2			0		other	0
751	1104	Nothing	5	19056849	0	1			0		other	0
751	1105	Sound	0	19057849	0	2			0		other	0
751	1106	Nothing	6	19077849	0	1			0		other	0
751	1107	Sound	19	19087862	0	2			0		other	0
751	1109	Nothing	5	19158027	0	1			0		other	0
751	1110	Sound	0	19159027	0	2			0		other	0
751	1111	Nothing	6	19179027	0	1			0		other	0
751	1112	Sound	19	19189040	0	2			0		other	0
751	1113	Nothing	5	19224203	0	1			0		other	0
751	1114	Sound	0	19225203	0	2			0		other	0
751	1115	Nothing	6	19245203	0	1			0		other	0
751	1116	Sound	19	19255216	0	2			0		other	0
751	1117	Nothing	5	19319029	0	1			0		other	0
751	1118	Sound	0	19320029	0	2			0		other	0
751	1119	Nothing	6	19340029	0	1			0		other	0
751	1120	Sound	19	19350042	0	2			0		other	0
751	1121	Nothing	5	19427006	0	1			0		other	0
751	1122	Sound	0	19428006	0	2			0		other	0
751	1123	Nothing	6	19448006	0	1			0		other	0
751	1124	Sound	19	19458020	0	1			0		other	0
751	1125	Nothing	5	19533993	0	1			0		other	0
751	1126	Sound	0	19534993	0	2			0		other	0
751	1127	Nothing	6	19554993	0	1			0		other	0
751	1128	Sound	19	19565007	0	2			0		other	0
751	1130	Nothing	5	19643072	0	1			0		other	0
751	1131	Sound	0	19644072	0	2			0		other	0
751	1132	Nothing	6	19664072	0	1			0		other	0
751	1133	Sound	19	19674085	0	2			0		other	0
751	1134	Nothing	5	19736918	0	1			0		other	0
751	1135	Sound	0	19737918	0	2			0		other	0
751	1136	Nothing	6	19757918	0	1			0		other	0
751	1137	Sound	19	19767931	0	2			0		other	0
751	1138	Nothing	5	19832974	0	1			0		other	0
751	1139	Sound	0	19833974	0	2			0		other	0
751	1140	Nothing	6	19853974	0	1			0		other	0
751	1141	Sound	19	19863987	0	2			0		other	0
751	1142	Nothing	5	19933531	0	1			0		other	0
751	1143	Sound	0	19934531	0	2			0		other	0
751	1144	Nothing	6	19954531	0	1			0		other	0
751	1145	Sound	19	19964544	0	2			0		other	0
751	1146	Nothing	5	19995457	0	1			0		other	0
751	1147	Sound	0	19996457	0	2			0		other	0
751	1148	Nothing	6	20016457	0	1			0		other	0
751	1149	Sound	19	20026470	0	2			0		other	0
751	1151	Nothing	5	20068517	0	1			0		other	0
751	1152	Sound	0	20069517	0	2			0		other	0
751	1153	Nothing	6	20089517	0	1			0		other	0
751	1154	Sound	19	20099530	0	2			0		other	0
751	1155	Nothing	5	20132673	0	1			0		other	0
751	1156	Sound	0	20133673	0	2			0		other	0
751	1157	Nothing	6	20153673	0	1			0		other	0
751	1158	Sound	19	20163686	0	2			0		other	0
751	1159	Nothing	5	20195111	0	1			0		other	0
751	1160	Sound	0	20196111	0	2			0		other	0
751	1161	Nothing	6	20216111	0	1			0		other	0
751	1162	Sound	19	20226124	0	2			0		other	0
751	1163	Nothing	5	20302168	0	1			0		other	0
751	1164	Sound	0	20303168	0	2			0		other	0
751	1165	Nothing	6	20323168	0	1			0		other	0
751	1166	Sound	19	20333181	0	2			0		other	0
751	1167	Nothing	5	20413084	0	1			0		other	0
751	1168	Sound	0	20414084	0	2			0		other	0
751	1169	Nothing	6	20434084	0	1			0		other	0
751	1170	Sound	19	20444097	0	2			0		other	0
751	1172	Nothing	5	20478063	0	1			0		other	0
751	1173	Sound	0	20479063	0	2			0		other	0
751	1174	Nothing	6	20499063	0	1			0		other	0
751	1175	Sound	19	20509076	0	2			0		other	0
751	1176	Nothing	5	20584849	0	1			0		other	0
751	1177	Sound	0	20585849	0	2			0		other	0
751	1178	Nothing	6	20605849	0	1			0		other	0
751	1179	Sound	19	20615862	0	2			0		other	0
751	1180	Nothing	5	20674375	0	1			0		other	0
751	1181	Sound	0	20675375	0	2			0		other	0
751	1182	Nothing	6	20695375	0	1			0		other	0
751	1183	Sound	19	20705388	0	2			0		other	0
751	1184	Nothing	5	20781591	0	1			0		other	0
751	1185	Sound	0	20782591	0	2			0		other	0
751	1186	Nothing	6	20802591	0	1			0		other	0
751	1187	Sound	19	20812604	0	2			0		other	0
751	1188	Nothing	5	20866007	0	2			0		other	0
751	1189	Sound	0	20867007	0	2			0		other	0
751	1190	Nothing	6	20887007	0	1			0		other	0
751	1191	Sound	19	20897021	0	1			0		other	0
751	1193	Nothing	5	20948317	0	1			0		other	0
751	1194	Sound	0	20949317	0	2			0		other	0
751	1195	Nothing	6	20969317	0	1			0		other	0
751	1196	Sound	19	20979330	0	2			0		other	0
751	1197	Nothing	5	21048483	0	1			0		other	0
751	1198	Sound	0	21049483	0	2			0		other	0
751	1199	Nothing	6	21069483	0	1			0		other	0
751	1200	Sound	19	21079496	0	2			0		other	0
751	1201	Nothing	5	21127879	0	1			0		other	0
751	1202	Sound	0	21128879	0	2			0		other	0
751	1202	Response	2	21144252	15373	1
751	1204	Nothing	10	21145258	0	1			0		false_alarm	2012
751	1204	Response	2	21145584	326	1
751	1204	Response	3	21145801	543	1
751	1204	Response	2	21146930	1672	1
751	1204	Response	2	21149198	3940	1
751	1204	Response	3	21149295	4037	1
751	1204	Response	2	21151276	6018	1
751	1204	Response	3	21151298	6040	1
751	1204	Response	3	21153463	8205	1
751	1204	Response	2	21153512	8254	1
751	1204	Response	3	21156269	11011	1
751	1204	Response	2	21157506	12248	1
751	1205	Sound	19	21174282	0	2			0		other	0
751	1205	Response	2	21188628	14346	1
751	1205	Response	2	21190410	16128	1
751	1206	Nothing	5	21246185	0	1			0		other	0
751	1207	Sound	0	21247185	0	2			0		other	0
751	1208	Nothing	6	21267185	0	1			0		other	0
751	1209	Sound	19	21277199	0	1			0		other	0
751	1209	Response	2	21283737	6538	1
751	1210	Nothing	5	21311302	0	1			0		other	0
751	1211	Sound	0	21312302	0	2			0		other	0
751	1212	Nothing	6	21332302	0	1			0		other	0
751	1213	Sound	19	21342315	0	2			0		other	0
751	1215	Nothing	5	21373738	0	1			0		other	0
751	1216	Sound	0	21374738	0	2			0		other	0
751	1217	Nothing	6	21394738	0	1			0		other	0
751	1218	Sound	19	21404751	0	2			0		other	0
751	1219	Nothing	5	21443934	0	1			0		other	0
751	1220	Sound	0	21444934	0	2			0		other	0
751	1221	Nothing	6	21464934	0	1			0		other	0
751	1222	Sound	19	21474948	0	2			0		other	0
751	1223	Nothing	5	21546121	0	1			0		other	0
751	1224	Sound	0	21547121	0	2			0		other	0
751	1225	Nothing	6	21567121	0	1			0		other	0
751	1226	Sound	19	21577134	0	2			0		other	0
751	1227	Nothing	5	21635037	0	1			0		other	0
751	1228	Sound	0	21636037	0	2			0		other	0
751	1229	Nothing	6	21656037	0	1			0		other	0
751	1230	Sound	19	21666050	0	2			0		other	0
751	1231	Nothing	5	21719613	0	1			0		other	0
751	1232	Sound	0	21720613	0	2			0		other	0
751	1233	Nothing	6	21740613	0	1			0		other	0
751	1234	Sound	19	21750626	0	2			0		other	0
751	1236	Nothing	5	21783443	0	1			0		other	0
751	1237	Sound	0	21784443	0	2			0		other	0
751	1238	Nothing	6	21804443	0	1			0		other	0
751	1239	Sound	19	21814457	0	2			0		other	0
751	1240	Nothing	5	21860770	0	1			0		other	0
751	1241	Sound	0	21861770	0	2			0		other	0
751	1242	Nothing	6	21881770	0	1			0		other	0
751	1243	Sound	19	21891783	0	2			0		other	0
751	1244	Nothing	5	21931017	0	1			0		other	0
751	1245	Sound	0	21932017	0	2			0		other	0
751	1246	Nothing	6	21952017	0	1			0		other	0
751	1247	Sound	19	21962030	0	2			0		other	0
751	1248	Nothing	5	22016663	0	1			0		other	0
751	1249	Sound	0	22017663	0	2			0		other	0
751	1250	Nothing	6	22037663	0	1			0		other	0
751	1251	Sound	19	22047676	0	2			0		other	0
751	1252	Nothing	5	22090609	0	1			0		other	0
751	1253	Sound	0	22091609	0	2			0		other	0
751	1254	Nothing	6	22111609	0	1			0		other	0
751	1255	Sound	19	22121622	0	2			0		other	0
751	1257	Nothing	5	22157619	0	1			0		other	0
751	1258	Sound	0	22158619	0	2			0		other	0
751	1259	Nothing	6	22178619	0	1			0		other	0
751	1260	Sound	19	22188633	0	1			0		other	0
751	1261	Nothing	5	22240117	0	1			0		other	0
751	1262	Sound	0	22241117	0	2			0		other	0
751	1263	Nothing	6	22261117	0	1			0		other	0
751	1264	Sound	19	22271130	0	2			0		other	0
751	1265	Nothing	5	22326703	0	1			0		other	0
751	1266	Sound	0	22327703	0	2			0		other	0
751	1266	Response	3	22335993	8290	1
751	1268	Nothing	10	22336999	0	1			0		false_alarm	2087
751	1268	Response	3	22337549	550	1
751	1268	Response	3	22342903	5904	1
751	1269	Sound	19	22366023	0	2			0		other	0
751	1270	Nothing	5	22408356	0	1			0		other	0
751	1271	Sound	0	22409356	0	2			0		other	0
751	1272	Nothing	6	22429356	0	1			0		other	0
751	1273	Sound	19	22439385	0	1			0		other	0
751	1274	Nothing	5	22481498	0	1			0		other	0
751	1275	Sound	0	22482498	0	2			0		other	0
751	1276	Nothing	6	22502498	0	1			0		other	0
751	1277	Sound	19	22512511	0	2			0		other	0
751	1279	Nothing	5	22566169	0	1			0		other	0
751	1280	Sound	0	22567169	0	2			0		other	0
751	1281	Nothing	6	22587169	0	1			0		other	0
751	1282	Sound	19	22597182	0	2			0		other	0
751	1283	Nothing	5	22656725	0	1			0		other	0
751	1284	Sound	0	22657725	0	2			0		other	0
751	1285	Nothing	6	22677725	0	1			0		other	0
751	1286	Sound	19	22687738	0	2			0		other	0
751	1287	Nothing	5	22722182	0	1			0		other	0
751	1288	Sound	0	22723182	0	4			0		other	0
751	1289	Nothing	6	22743182	0	1			0		other	0
751	1290	Sound	19	22753200	0	1			0		other	0
751	1291	Nothing	5	22796553	0	1			0		other	0
751	1292	Sound	0	22797553	0	2			0		other	0
751	1293	Nothing	6	22817553	0	1			0		other	0
751	1294	Sound	19	22827566	0	2			0		other	0
751	1295	Nothing	5	22871653	0	1			0		other	0
751	1296	Sound	0	22872653	0	2			0		other	0
751	1297	Nothing	6	22892653	0	1			0		other	0
751	1298	Sound	19	22902667	0	1			0		other	0
751	1300	Nothing	5	22957648	0	1			0		other	0
751	1301	Sound	0	22958648	0	2			0		other	0
751	1301	Response	3	22968394	9746	1
751	1303	Nothing	10	22969399	0	1			0		false_alarm	2122
751	1303	Response	3	22969779	380	1
751	1303	Response	3	22972038	2639	1
751	1304	Sound	19	22998424	0	2			0		other	0
751	1305	Nothing	5	23047787	0	1			0		other	0
751	1306	Sound	0	23048787	0	2			0		other	0
751	1307	Nothing	6	23068787	0	1			0		other	0
751	1308	Sound	19	23078800	0	2			0		other	0
751	1309	Nothing	5	23122122	0	1			0		other	0
751	1310	Sound	0	23123122	0	2			0		other	0
751	1311	Nothing	6	23143122	0	1			0		other	0
751	1312	Sound	19	23153135	0	2			0		other	0
751	1313	Nothing	5	23220480	0	1			0		other	0
751	1314	Sound	0	23221480	0	2			0		other	0
751	1315	Nothing	6	23241480	0	1			0		other	0
751	1316	Sound	19	23251495	0	2			0		other	0
751	1317	Nothing	5	23291858	0	1			0		other	0
751	1318	Sound	0	23292858	0	2			0		other	0
751	1319	Nothing	6	23312858	0	1			0		other	0
751	1320	Sound	19	23322872	0	2			0		other	0
751	1322	Nothing	5	23399806	0	1			0		other	0
751	1323	Sound	0	23400806	0	2			0		other	0
751	1324	Nothing	6	23420806	0	1			0		other	0
751	1325	Sound	19	23430822	0	2			0		other	0
751	1326	Nothing	5	23502965	0	1			0		other	0
751	1327	Sound	0	23503965	0	2			0		other	0
751	1328	Nothing	6	23523965	0	1			0		other	0
751	1329	Sound	19	23533978	0	2			0		other	0
751	1330	Nothing	5	23583181	0	1			0		other	0
751	1331	Sound	0	23584181	0	2			0		other	0
751	1332	Nothing	6	23604181	0	1			0		other	0
751	1333	Sound	19	23614194	0	2			0		other	0
751	1334	Nothing	5	23645567	0	1			0		other	0
751	1335	Sound	0	23646567	0	2			0		other	0
751	1336	Nothing	6	23666567	0	1			0		other	0
751	1337	Sound	19	23676580	0	2			0		other	0
751	1338	Nothing	5	23725334	0	2			0		other	0
751	1339	Sound	0	23726334	0	2			0		other	0
751	1340	Nothing	6	23746334	0	1			0		other	0
751	1341	Sound	19	23756347	0	2			0		other	0
751	1343	Nothing	5	23796787	0	1			0		other	0
751	1344	Sound	0	23797787	0	2			0		other	0
751	1345	Nothing	6	23817787	0	1			0		other	0
751	1346	Sound	19	23827807	0	2			0		other	0
751	1347	Nothing	5	23901890	0	1			0		other	0
751	1348	Sound	0	23902890	0	2			0		other	0
751	1349	Nothing	6	23922890	0	1			0		other	0
751	1350	Sound	19	23932904	0	2			0		other	0
751	1351	Nothing	5	23966307	0	1			0		other	0
751	1352	Sound	0	23967307	0	2			0		other	0
751	1353	Nothing	6	23987307	0	1			0		other	0
751	1354	Sound	19	23997320	0	2			0		other	0
751	1355	Nothing	5	24037513	0	1			0		other	0
751	1356	Sound	0	24038513	0	2			0		other	0
751	1357	Nothing	6	24058513	0	1			0		other	0
751	1358	Sound	19	24068527	0	1			0		other	0
751	1359	Nothing	5	24123173	0	1			0		other	0
751	1360	Sound	0	24124173	0	2			0		other	0
751	1361	Nothing	6	24144173	0	1			0		other	0
751	1362	Sound	19	24154186	0	2			0		other	0
751	1364	Nothing	5	24203273	0	1			0		other	0
751	1365	Sound	0	24204273	0	2			0		other	0
751	1366	Nothing	6	24224273	0	1			0		other	0
751	1367	Sound	19	24234286	0	2			0		other	0
751	1368	Nothing	5	24270599	0	1			0		other	0
751	1369	Sound	0	24271599	0	2			0		other	0
751	1370	Nothing	6	24291599	0	1			0		other	0
751	1371	Sound	19	24301613	0	2			0		other	0
751	1372	Nothing	5	24370196	0	1			0		other	0
751	1373	Sound	0	24371196	0	2			0		other	0
751	1374	Nothing	6	24391196	0	1			0		other	0
751	1375	Sound	19	24401209	0	2			0		other	0
751	1376	Nothing	5	24438022	0	1			0		other	0
751	1377	Sound	0	24439022	0	2			0		other	0
751	1378	Nothing	6	24459022	0	1			0		other	0
751	1379	Sound	19	24469035	0	2			0		other	0
751	1380	Nothing	5	24526018	0	1			0		other	0
751	1381	Sound	0	24527018	0	2			0		other	0
751	1382	Nothing	6	24547018	0	1			0		other	0
751	1383	Sound	19	24557033	0	3			0		other	0
751	1385	Nothing	5	24595469	0	2			0		other	0
751	1386	Sound	0	24596469	0	2			0		other	0
751	1387	Nothing	6	24616469	0	1			0		other	0
751	1388	Sound	19	24626482	0	2			0		other	0
751	1389	Nothing	5	24664656	0	1			0		other	0
751	1390	Sound	0	24665656	0	2			0		other	0
751	1391	Nothing	6	24685656	0	1			0		other	0
751	1392	Sound	19	24695670	0	1			0		other	0
751	1393	Nothing	5	24766303	0	1			0		other	0
751	1394	Sound	0	24767303	0	2			0		other	0
751	1395	Nothing	6	24787303	0	1			0		other	0
751	1396	Sound	19	24797317	0	1			0		other	0
751	1397	Nothing	5	24828410	0	1			0		other	0
751	1398	Sound	0	24829410	0	2			0		other	0
751	1399	Nothing	6	24849410	0	1			0		other	0
751	1400	Sound	19	24859425	0	3			0		other	0
751	1401	Nothing	5	24934818	0	1			0		other	0
751	1402	Sound	0	24935818	0	2			0		other	0
751	1403	Nothing	6	24955818	0	1			0		other	0
751	1404	Sound	19	24965831	0	2			0		other	0
751	1406	Nothing	5	25013472	0	1			0		other	0
751	1407	Sound	0	25014472	0	2			0		other	0
751	1408	Nothing	6	25034472	0	1			0		other	0
751	1409	Sound	19	25044486	0	1			0		other	0
751	1410	Nothing	5	25083639	0	1			0		other	0
751	1411	Sound	0	25084639	0	2			0		other	0
751	1412	Nothing	6	25104639	0	1			0		other	0
751	1413	Sound	19	25114653	0	2			0		other	0
751	1414	Nothing	5	25150816	0	1			0		other	0
751	1415	Sound	0	25151816	0	2			0		other	0
751	1416	Nothing	6	25171816	0	1			0		other	0
751	1417	Sound	19	25181829	0	2			0		other	0
751	1418	Nothing	5	25238122	0	1			0		other	0
751	1419	Sound	0	25239122	0	2			0		other	0
751	1420	Nothing	6	25259122	0	1			0		other	0
751	1421	Sound	19	25269135	0	2			0		other	0
751	1422	Nothing	5	25301348	0	1			0		other	0
751	1423	Sound	0	25302348	0	2			0		other	0
751	1424	Nothing	6	25322348	0	1			0		other	0
751	1425	Sound	19	25332361	0	2			0		other	0
751	1427	Nothing	5	25400313	0	1			0		other	0
751	1428	Sound	0	25401313	0	2			0		other	0
751	1429	Nothing	6	25421313	0	1			0		other	0
751	1430	Sound	19	25431326	0	2			0		other	0
751	1431	Nothing	5	25505373	0	1			0		other	0
751	1432	Sound	0	25506373	0	2			0		other	0
751	1433	Nothing	6	25526373	0	1			0		other	0
751	1434	Sound	19	25536386	0	2			0		other	0
751	1435	Nothing	5	25599293	0	1			0		other	0
751	1436	Sound	0	25600293	0	2			0		other	0
751	1437	Nothing	6	25620293	0	1			0		other	0
751	1438	Sound	19	25630309	0	2			0		other	0
751	1439	Nothing	5	25664652	0	1			0		other	0
751	1440	Sound	0	25665652	0	2			0		other	0
751	1441	Nothing	6	25685652	0	1			0		other	0
751	1442	Sound	19	25695665	0	2			0		other	0
751	1443	Nothing	5	25747828	0	1			0		other	0
751	1444	Sound	0	25748828	0	2			0		other	0
751	1445	Nothing	6	25768828	0	1			0		other	0
751	1446	Sound	19	25778841	0	2			0		other	0
751	1448	Nothing	5	25822035	0	1			0		other	0
751	1449	Sound	0	25823035	0	2			0		other	0
751	1450	Nothing	6	25843035	0	1			0		other	0
751	1451	Sound	19	25853049	0	2			0		other	0
751	1452	Nothing	5	25917873	0	1			0		other	0
751	1453	Sound	0	25918874	0	2			0		other	0
751	1454	Nothing	6	25938874	0	1			0		other	0
751	1455	Sound	19	25948887	0	2			0		other	0
751	1456	Nothing	5	25981600	0	1			0		other	0
751	1457	Sound	0	25982600	0	2			0		other	0
751	1458	Nothing	6	26002600	0	1			0		other	0
751	1459	Sound	19	26012613	0	2			0		other	0
751	1460	Nothing	5	26052766	0	1			0		other	0
751	1461	Sound	0	26053766	0	2			0		other	0
751	1462	Nothing	6	26073766	0	1			0		other	0
751	1463	Sound	19	26083779	0	2			0		other	0
751	1464	Nothing	5	26137135	0	1			0		other	0
751	1465	Sound	0	26138135	0	2			0		other	0
751	1466	Nothing	6	26158135	0	1			0		other	0
751	1467	Sound	19	26168148	0	2			0		other	0
751	1469	Nothing	5	26216520	0	1			0		other	0
751	1470	Sound	0	26217520	0	2			0		other	0
751	1471	Nothing	6	26237520	0	1			0		other	0
751	1472	Sound	19	26247533	0	2			0		other	0
751	1473	Nothing	5	26300096	0	1			0		other	0
751	1474	Sound	0	26301096	0	3			0		other	0
751	1475	Nothing	6	26321096	0	1			0		other	0
751	1476	Sound	19	26331110	0	2			0		other	0
751	1477	Nothing	5	26363094	0	1			0		other	0
751	1478	Sound	0	26364094	0	2			0		other	0
751	1479	Nothing	6	26384094	0	1			0		other	0
751	1480	Sound	19	26394107	0	2			0		other	0
751	1481	Nothing	5	26426730	0	1			0		other	0
751	1482	Sound	0	26427730	0	2			0		other	0
751	1483	Nothing	6	26447730	0	1			0		other	0
751	1484	Sound	19	26457743	0	2			0		other	0
751	1485	Nothing	5	26489306	0	1			0		other	0
751	1486	Sound	0	26490306	0	2			0		other	0
751	1487	Nothing	6	26510306	0	1			0		other	0
751	1488	Sound	19	26520319	0	2			0		other	0
751	1490	Nothing	5	26568025	0	1			0		other	0
751	1491	Sound	0	26569025	0	2			0		other	0
751	1492	Nothing	6	26589025	0	1			0		other	0
751	1493	Sound	19	26599038	0	2			0		other	0
751	1494	Nothing	5	26641221	0	1			0		other	0
751	1495	Sound	0	26642221	0	2			0		other	0
751	1496	Nothing	6	26662221	0	1			0		other	0
751	1497	Sound	19	26672235	0	2			0		other	0
751	1498	Nothing	5	26740998	0	1			0		other	0
751	1499	Sound	0	26741998	0	2			0		other	0
751	1500	Nothing	6	26761998	0	1			0		other	0
751	1501	Sound	19	26772011	0	2			0		other	0
751	1502	Nothing	5	26809074	0	1			0		other	0
751	1503	Sound	0	26810074	0	2			0		other	0
751	1504	Nothing	6	26830074	0	1			0		other	0
751	1505	Sound	19	26840087	0	2			0		other	0
751	1506	Nothing	5	26895930	0	1			0		other	0
751	1507	Sound	0	26896930	0	2			0		other	0
751	1508	Nothing	6	26916930	0	1			0		other	0
751	1509	Sound	19	26926943	0	2			0		other	0
751	1509	Quit		26950035	23092
