Scenario - phase1_bothports
Logfile written - 06/15/2017 14:53:59

Subject	Trial	Event Type	Code	Time	TTime	Uncertainty	Duration	Uncertainty	ReqTime	ReqDur	Stim Type	Pair Index

751	0	Manual	06/15/2017 14:28:39	-9977	-9977
751	1	Nothing	5	-9853	0	1			0		other	0
751	2	Sound	0	-8841	0	2			0		other	0
751	2	Response	2	-4217	4624	6
751	2	Response	2	-2835	6006	6
751	2	Response	2	-1644	7197	5
751	4	Nothing	10	12197	0	1			0		other	0
751	5	Nothing	19	41252	0	1			0		miss	0
751	6	Nothing	5	63440	0	1			0		other	0
751	7	Sound	0	64454	0	2			0		other	0
751	8	Nothing	6	84466	0	1			0		other	0
751	9	Nothing	19	94515	0	1			0		miss	0
751	10	Nothing	5	142453	0	1			0		other	0
751	11	Sound	0	143466	0	2			0		other	0
751	11	Response	2	146554	3088	5
751	11	Response	2	147961	4495	5
751	11	Response	2	148862	5396	6
751	11	Response	2	150107	6641	6
751	13	Nothing	10	164503	0	1			0		other	0
751	14	Nothing	19	193549	0	1			0		hit	21
751	14	Response	2	199110	5561	6
751	15	Nothing	19	199145	0	1			0		miss	0
751	16	Nothing	5	266792	0	1			0		other	0
751	17	Sound	0	267805	0	2			0		other	0
751	18	Nothing	6	287817	0	1			0		other	0
751	19	Nothing	19	297845	0	1			0		miss	0
751	21	Nothing	5	364662	0	1			0		other	0
751	22	Sound	0	365674	0	2			0		other	0
751	23	Nothing	6	385688	0	1			0		other	0
751	24	Nothing	19	395734	0	1			0		miss	0
751	25	Nothing	5	428452	0	1			0		other	0
751	26	Sound	0	429466	0	2			0		other	0
751	26	Response	2	432262	2796	4
751	26	Response	2	433479	4013	6
751	26	Response	2	434775	5309	6
751	26	Response	2	436137	6671	6
751	28	Nothing	10	450504	0	1			0		other	0
751	29	Nothing	19	479547	0	1			0		miss	0
751	30	Nothing	5	515735	0	1			0		other	0
751	31	Sound	0	516747	0	2			0		other	0
751	32	Nothing	6	536759	0	1			0		other	0
751	33	Nothing	19	546804	0	1			0		miss	0
751	34	Nothing	5	625037	0	2			0		other	0
751	35	Sound	0	626051	0	2			0		other	0
751	35	Response	2	628828	2777	6
751	35	Response	2	630052	4001	6
751	35	Response	2	630859	4808	6
751	35	Response	2	631967	5916	3
751	35	Response	2	633310	7259	5
751	35	Response	2	634658	8607	5
751	35	Response	2	637564	11513	5
751	37	Nothing	10	647084	0	1			0		other	0
751	38	Nothing	19	676138	0	1			0		miss	0
751	39	Nothing	5	726131	0	1			0		other	0
751	40	Sound	0	727143	0	2			0		other	0
751	41	Nothing	6	747155	0	1			0		other	0
751	42	Nothing	19	757180	0	1			0		miss	0
751	44	Nothing	5	791958	0	1			0		other	0
751	45	Sound	0	792971	0	2			0		other	0
751	46	Nothing	6	812983	0	1			0		other	0
751	47	Nothing	19	823027	0	1			0		miss	0
751	48	Nothing	5	857696	0	1			0		other	0
751	49	Sound	0	858710	0	2			0		other	0
751	49	Response	2	862088	3378	6
751	49	Response	2	863211	4501	6
751	49	Response	2	864126	5416	17
751	49	Response	2	865331	6621	4
751	49	Response	2	866831	8121	4
751	49	Response	2	868191	9481	6
751	49	Response	2	869503	10793	6
751	49	Response	2	871028	12318	4
751	51	Nothing	10	879748	0	1			0		false_alarm	73
751	51	Response	2	887541	7793	6
751	51	Response	2	888893	9145	6
751	51	Response	2	889986	10238	6
751	51	Response	2	891242	11494	6
751	51	Response	2	892702	12954	5
751	51	Response	2	894000	14252	6
751	51	Response	2	895579	15831	6
751	51	Response	2	897212	17464	6
751	51	Response	2	898789	19041	6
751	51	Response	2	900884	21136	5
751	51	Response	2	902388	22640	6
751	52	Nothing	19	908797	0	1			0		hit	85
751	52	Response	2	925628	16831	5
751	53	Nothing	19	925665	0	1			0		hit	87
751	53	Response	2	956703	31038	6
751	54	Nothing	19	956740	0	1			0		miss	0
751	55	Nothing	5	1008328	0	1			0		other	0
751	56	Sound	0	1009342	0	1			0		other	0
751	57	Nothing	6	1029356	0	1			0		other	0
751	58	Nothing	19	1039403	0	1			0		miss	0
751	59	Nothing	5	1112601	0	1			0		other	0
751	60	Sound	0	1113614	0	2			0		other	0
751	61	Nothing	6	1133626	0	1			0		other	0
751	62	Nothing	19	1143674	0	1			0		hit	97
751	62	Response	2	1174770	31096	5
751	63	Nothing	19	1174807	0	1			0		miss	0
751	64	Nothing	5	1240754	0	1			0		other	0
751	65	Sound	0	1241767	0	2			0		other	0
751	65	Response	2	1245575	3808	5
751	67	Nothing	10	1262805	0	1			0		other	0
751	68	Nothing	19	1291852	0	1			0		miss	0
751	70	Nothing	5	1327365	0	1			0		other	0
751	71	Sound	0	1328379	0	1			0		other	0
751	71	Response	2	1331478	3099	6
751	71	Response	2	1332571	4192	5
751	71	Response	2	1333511	5132	6
751	71	Response	2	1334901	6522	6
751	73	Nothing	10	1349416	0	1			0		other	0
751	74	Nothing	19	1378463	0	1			0		miss	0
751	75	Nothing	5	1440071	0	1			0		other	0
751	76	Sound	0	1441085	0	2			0		other	0
751	76	Response	2	1444383	3298	6
751	76	Response	2	1445617	4532	6
751	76	Response	2	1446453	5368	6
751	76	Response	2	1447500	6415	6
751	76	Response	2	1448826	7741	5
751	76	Response	2	1450211	9126	6
751	77	Response	2	1461978	872	7
751	78	Nothing	10	1462124	0	1			0		false_alarm	122
751	78	Response	2	1463433	1309	6
751	78	Response	2	1464856	2732	6
751	78	Response	2	1465920	3796	4
751	79	Nothing	19	1491172	0	1			0		miss	0
751	80	Nothing	5	1552930	0	1			0		other	0
751	81	Sound	0	1553944	0	2			0		other	0
751	82	Nothing	6	1573957	0	1			0		other	0
751	83	Nothing	19	1584004	0	1			0		hit	130
751	83	Response	2	1591209	7205	4
751	84	Nothing	19	1591246	0	1			0		miss	0
751	85	Nothing	5	1644944	0	1			0		other	0
751	86	Sound	0	1645957	0	2			0		other	0
751	87	Nothing	6	1665968	0	1			0		other	0
751	88	Nothing	19	1676012	0	1			0		miss	0
751	89	Nothing	5	1702050	0	1			0		other	0
751	90	Sound	0	1703062	0	2			0		other	0
751	91	Nothing	6	1723076	0	1			0		other	0
751	92	Nothing	19	1733120	0	1			0		miss	0
751	94	Nothing	5	1790734	0	1			0		other	0
751	95	Sound	0	1791746	0	2			0		other	0
751	96	Nothing	6	1811758	0	1			0		other	0
751	97	Nothing	19	1821801	0	1			0		hit	144
751	97	Response	2	1842188	20387	6
751	98	Nothing	19	1842222	0	1			0		miss	0
751	99	Nothing	5	1873451	0	1			0		other	0
751	100	Sound	0	1874463	0	2			0		other	0
751	100	Response	2	1877241	2778	6
751	102	Nothing	10	1895505	0	1			0		other	0
751	103	Nothing	19	1924554	0	1			0		miss	0
751	104	Nothing	5	1994101	0	1			0		other	0
751	105	Sound	0	1995115	0	2			0		other	0
751	105	Response	2	1997995	2880	6
751	105	Response	2	1999181	4066	6
751	105	Response	2	2000201	5086	6
751	105	Response	2	2001560	6445	4
751	105	Response	2	2002788	7673	5
751	105	Response	2	2004296	9181	6
751	105	Response	2	2005993	10878	5
751	105	Response	2	2009508	14393	6
751	107	Nothing	10	2016157	0	1			0		false_alarm	162
751	107	Response	2	2018191	2034	5
751	107	Response	2	2019595	3438	6
751	107	Response	2	2021130	4973	6
751	108	Nothing	19	2045204	0	1			0		hit	166
751	108	Response	2	2091678	46474	6
751	109	Nothing	19	2091713	0	1			0		miss	0
751	110	Nothing	5	2148071	0	1			0		other	0
751	111	Sound	0	2149085	0	2			0		other	0
751	111	Response	2	2151845	2760	6
751	111	Response	2	2153230	4145	6
751	111	Response	2	2154628	5543	6
751	111	Response	2	2156191	7106	6
751	111	Response	2	2158095	9010	5
751	111	Response	2	2159868	10783	6
751	111	Response	2	2164057	14972	6
751	111	Response	2	2165517	16432	18
751	111	Response	2	2167535	18450	6
751	113	Nothing	10	2170122	0	1			0		false_alarm	180
751	113	Response	2	2170898	776	6
751	113	Response	2	2172547	2425	6
751	113	Response	2	2173519	3397	4
751	113	Response	2	2174721	4599	6
751	113	Response	2	2178807	8685	5
751	113	Response	2	2180087	9965	6
751	113	Response	2	2184865	14743	5
751	113	Response	2	2186457	16335	6
751	113	Response	2	2197609	27487	6
751	113	Response	2	2198587	28465	6
751	114	Nothing	19	2199175	0	1			0		hit	191
751	114	Response	2	2199560	385	6
751	115	Nothing	19	2199596	0	1			0		hit	193
751	115	Response	2	2201264	1668	6
751	116	Nothing	19	2201296	0	1			0		hit	195
751	116	Response	2	2202846	1550	6
751	117	Nothing	19	2202882	0	1			0		hit	197
751	117	Response	2	2204726	1844	6
751	118	Nothing	19	2204763	0	1			0		hit	199
751	118	Response	2	2207661	2898	6
751	119	Nothing	19	2207697	0	1			0		hit	201
751	119	Response	2	2208696	999	4
751	120	Nothing	19	2208737	0	1			0		miss	0
751	121	Nothing	5	2234185	0	1			0		other	0
751	122	Sound	0	2235199	0	1			0		other	0
751	123	Nothing	6	2255212	0	1			0		other	0
751	124	Nothing	19	2265259	0	1			0		miss	0
751	126	Nothing	5	2321703	0	1			0		other	0
751	127	Sound	0	2322715	0	2			0		other	0
751	128	Nothing	6	2342728	0	1			0		other	0
751	128	Response	2	2348092	5364	6
751	129	Nothing	19	2352773	0	1			0		miss	0
751	130	Nothing	5	2395601	0	1			0		other	0
751	131	Sound	0	2396614	0	2			0		other	0
751	131	Response	2	2399361	2747	6
751	131	Response	2	2401028	4414	17
751	131	Response	2	2403535	6921	6
751	131	Response	2	2405670	9056	6
751	133	Nothing	10	2417653	0	1			0		other	0
751	134	Nothing	19	2446702	0	1			0		hit	220
751	134	Response	2	2464779	18077	6
751	135	Nothing	19	2464814	0	1			0		miss	0
751	136	Nothing	5	2536068	0	1			0		other	0
751	137	Sound	0	2537080	0	2			0		other	0
751	137	Response	2	2539268	2188	6
751	137	Response	2	2540518	3438	6
751	137	Response	2	2541736	4656	6
751	137	Response	2	2543368	6288	6
751	137	Response	2	2549937	12857	6
751	137	Response	2	2551322	14242	5
751	137	Response	2	2553013	15933	6
751	139	Nothing	10	2558119	0	1			0		false_alarm	232
751	139	Response	2	2566897	8778	7
751	139	Response	2	2567997	9878	6
751	139	Response	2	2569392	11273	5
751	140	Nothing	19	2587167	0	1			0		miss	0
751	141	Nothing	5	2617318	0	1			0		other	0
751	142	Sound	0	2618331	0	2			0		other	0
751	142	Response	2	2619058	727	6
751	142	Response	2	2620344	2013	6
751	142	Response	2	2621778	3447	6
751	142	Response	2	2623343	5012	6
751	142	Response	2	2625194	6863	6
751	144	Nothing	10	2639370	0	1			0		other	0
751	145	Nothing	19	2668420	0	1			0		miss	0
751	146	Nothing	5	2710060	0	1			0		other	0
751	147	Sound	0	2711072	0	2			0		other	0
751	147	Response	2	2719074	8002	6
751	147	Response	2	2720380	9308	5
751	147	Response	2	2721554	10482	6
751	147	Response	2	2728514	17442	6
751	147	Response	2	2729933	18861	6
751	149	Nothing	10	2732116	0	1			0		false_alarm	253
751	149	Response	2	2742981	10865	6
751	149	Response	2	2744330	12214	6
751	149	Response	2	2745656	13540	18
751	150	Nothing	19	2761165	0	1			0		miss	0
751	152	Nothing	5	2786451	0	1			0		other	0
751	153	Sound	0	2787463	0	2			0		other	0
751	153	Response	2	2789837	2374	6
751	153	Response	2	2791037	3574	6
751	153	Response	2	2792298	4835	6
751	153	Response	2	2793815	6352	6
751	153	Response	2	2795500	8037	6
751	155	Nothing	10	2808503	0	2			0		other	0
751	156	Nothing	19	2837554	0	1			0		miss	0
751	157	Nothing	5	2866660	0	1			0		other	0
751	158	Sound	0	2867671	0	2			0		other	0
751	158	Response	2	2870134	2463	6
751	158	Response	2	2871224	3553	6
751	158	Response	2	2872260	4589	5
751	158	Response	2	2873620	5949	6
751	160	Nothing	10	2888703	0	1			0		other	0
751	161	Nothing	19	2917751	0	1			0		hit	274
751	161	Response	2	2937173	19422	5
751	162	Nothing	19	2937207	0	1			0		hit	276
751	162	Response	2	2973280	36073	6
751	163	Nothing	19	2973315	0	1			0		hit	278
751	163	Response	2	2983641	10326	6
751	164	Nothing	19	2983676	0	1			0		hit	280
751	164	Response	2	3002991	19315	6
751	165	Nothing	19	3003029	0	1			0		miss	0
751	166	Nothing	5	3078407	0	1			0		other	0
751	167	Sound	0	3079421	0	2			0		other	0
751	167	Response	2	3097720	18299	6
751	169	Nothing	10	3100463	0	1			0		other	0
751	170	Nothing	19	3129512	0	1			0		miss	0
751	171	Nothing	5	3155541	0	1			0		other	0
751	172	Sound	0	3156549	0	2			0		other	0
751	173	Nothing	6	3176562	0	1			0		other	0
751	174	Nothing	19	3186604	0	1			0		miss	0
751	175	Nothing	5	3215443	0	1			0		other	0
751	176	Sound	0	3216456	0	2			0		other	0
751	176	Response	2	3219293	2837	6
751	176	Response	2	3220400	3944	5
751	176	Response	2	3221374	4918	7
751	176	Response	2	3222658	6202	6
751	178	Nothing	10	3237494	0	1			0		false_alarm	298
751	178	Response	2	3251077	13583	6
751	178	Response	2	3252088	14594	5
751	178	Response	2	3253041	15547	6
751	179	Nothing	19	3266530	0	1			0		miss	0
751	181	Nothing	5	3315352	0	1			0		other	0
751	182	Sound	0	3316366	0	2			0		other	0
751	183	Nothing	6	3336379	0	1			0		other	0
751	183	Response	2	3345366	8987	6
751	184	Nothing	19	3346409	0	1			0		hit	307
751	184	Response	2	3346574	165	5
751	185	Nothing	19	3346611	0	1			0		miss	0
751	186	Nothing	5	3376287	0	1			0		other	0
751	187	Sound	0	3377301	0	2			0		other	0
751	187	Response	2	3380980	3679	6
751	189	Nothing	10	3398343	0	1			0		other	0
751	190	Nothing	19	3427389	0	1			0		miss	0
751	191	Nothing	5	3478847	0	2			0		other	0
751	192	Sound	0	3479861	0	2			0		other	0
751	193	Nothing	6	3499873	0	1			0		other	0
751	194	Nothing	19	3509905	0	1			0		miss	0
751	195	Nothing	5	3530160	0	1			0		other	0
751	196	Sound	0	3531174	0	2			0		other	0
751	197	Nothing	6	3551187	0	1			0		other	0
751	198	Nothing	19	3561232	0	1			0		hit	322
751	198	Response	2	3572809	11577	6
751	199	Nothing	19	3572848	0	1			0		hit	324
751	199	Response	2	3577572	4724	5
751	200	Nothing	19	3577607	0	1			0		miss	0
751	201	Nothing	5	3628326	0	1			0		other	0
751	202	Sound	0	3629337	0	2			0		other	0
751	202	Response	2	3632103	2766	6
751	202	Response	2	3633595	4258	6
751	204	Nothing	10	3650376	0	1			0		other	0
751	205	Nothing	19	3679424	0	1			0		miss	0
751	207	Nothing	5	3702532	0	1			0		other	0
751	208	Sound	0	3703545	0	2			0		other	0
751	209	Nothing	6	3723561	0	1			0		other	0
751	210	Nothing	19	3733607	0	1			0		miss	0
751	211	Nothing	5	3766758	0	1			0		other	0
751	212	Sound	0	3767770	0	2			0		other	0
751	212	Response	2	3777561	9791	6
751	212	Response	2	3778759	10989	6
751	212	Response	2	3779846	12076	6
751	212	Response	2	3780839	13069	3
751	212	Response	2	3782155	14385	6
751	214	Nothing	10	3788807	0	1			0		other	0
751	215	Nothing	19	3817856	0	1			0		miss	0
751	216	Nothing	5	3837985	0	1			0		other	0
751	217	Sound	0	3838998	0	2			0		other	0
751	217	Response	2	3841278	2280	6
751	217	Response	2	3842329	3331	5
751	217	Response	2	3843305	4307	6
751	217	Response	2	3844469	5471	6
751	217	Response	2	3845716	6718	5
751	219	Nothing	10	3860038	0	1			0		other	0
751	220	Nothing	19	3889088	0	1			0		miss	0
751	221	Nothing	5	3937956	0	2			0		other	0
751	222	Sound	0	3938969	0	2			0		other	0
751	222	Response	2	3941546	2577	6
751	222	Response	2	3942669	3700	6
751	222	Response	2	3943621	4652	6
751	222	Response	2	3949864	10895	6
751	224	Nothing	10	3960008	0	1			0		other	0
751	225	Nothing	19	3989057	0	1			0		miss	0
751	226	Nothing	5	4019107	0	1			0		other	0
751	227	Sound	0	4020120	0	2			0		other	0
751	227	Response	2	4022556	2436	6
751	227	Response	2	4023632	3512	6
751	227	Response	2	4024741	4621	6
751	227	Response	2	4026045	5925	6
751	227	Response	2	4035283	15163	6
751	227	Response	2	4036574	16454	6
751	227	Response	2	4037984	17864	6
751	229	Nothing	10	4041158	0	1			0		false_alarm	372
751	229	Response	2	4056137	14979	6
751	229	Response	2	4057133	15975	6
751	229	Response	2	4058232	17074	6
751	229	Response	2	4059446	18288	6
751	230	Nothing	19	4070210	0	1			0		hit	377
751	230	Response	2	4086419	16209	6
751	231	Nothing	19	4086455	0	1			0		miss	0
751	233	Nothing	5	4123782	0	1			0		other	0
751	234	Sound	0	4124793	0	2			0		other	0
751	235	Nothing	6	4144805	0	1			0		other	0
751	236	Nothing	19	4154834	0	1			0		miss	0
751	237	Nothing	5	4184682	0	2			0		other	0
751	238	Sound	0	4185695	0	2			0		other	0
751	238	Response	2	4188344	2649	6
751	238	Response	2	4189612	3917	5
751	238	Response	2	4190909	5214	5
751	240	Nothing	10	4206734	0	1			0		false_alarm	389
751	240	Response	2	4226143	19409	6
751	240	Response	2	4227346	20612	6
751	240	Response	2	4228481	21747	6
751	240	Response	2	4229938	23204	6
751	241	Nothing	19	4235782	0	1			0		miss	0
751	242	Nothing	5	4266408	0	1			0		other	0
751	243	Sound	0	4267421	0	2			0		other	0
751	243	Response	2	4269763	2342	6
751	243	Response	2	4270952	3531	6
751	243	Response	2	4272319	4898	17
751	245	Nothing	10	4288461	0	1			0		other	0
751	246	Nothing	19	4317508	0	1			0		miss	0
751	247	Nothing	5	4338345	0	1			0		other	0
751	248	Sound	0	4339358	0	2			0		other	0
751	249	Nothing	6	4359371	0	1			0		other	0
751	250	Nothing	19	4369401	0	1			0		hit	405
751	250	Response	2	4405438	36037	5
751	251	Nothing	19	4405462	0	1			0		hit	407
751	251	Response	2	4428176	22714	6
751	252	Nothing	19	4428212	0	1			0		hit	409
751	252	Response	2	4433543	5331	6
751	253	Nothing	19	4433581	0	1			0		hit	411
751	253	Response	2	4444595	11014	6
751	254	Nothing	19	4444633	0	1			0		hit	413
751	254	Response	2	4467064	22431	5
751	255	Nothing	19	4467097	0	1			0		hit	415
751	255	Response	2	4484904	17807	6
751	256	Nothing	19	4484938	0	1			0		hit	417
751	256	Response	2	4488596	3658	6
751	257	Nothing	19	4488634	0	1			0		hit	419
751	257	Response	2	4490154	1520	6
751	258	Nothing	19	4490189	0	1			0		miss	0
751	259	Nothing	5	4556109	0	1			0		other	0
751	260	Sound	0	4557121	0	2			0		other	0
751	261	Nothing	6	4577132	0	1			0		other	0
751	262	Nothing	19	4587179	0	1			0		miss	0
751	264	Nothing	5	4622311	0	1			0		other	0
751	265	Sound	0	4623324	0	2			0		other	0
751	266	Nothing	6	4643337	0	1			0		other	0
751	267	Nothing	19	4653387	0	1			0		miss	0
751	268	Nothing	5	4721237	0	2			0		other	0
751	269	Sound	0	4722250	0	2			0		other	0
751	270	Nothing	6	4742264	0	1			0		other	0
751	271	Nothing	19	4752310	0	1			0		hit	433
751	271	Response	2	4773749	21439	6
751	272	Nothing	19	4773783	0	1			0		miss	0
751	273	Nothing	5	4795702	0	1			0		other	0
751	274	Sound	0	4796715	0	2			0		other	0
751	274	Response	2	4799603	2888	6
751	274	Response	2	4801037	4322	6
751	274	Response	2	4813685	16970	5
751	275	Response	2	4817740	1001	7
751	276	Nothing	10	4817755	0	1			0		false_alarm	442
751	276	Response	2	4819229	1474	6
751	276	Response	2	4820836	3081	6
751	277	Nothing	19	4846804	0	1			0		hit	445
751	277	Response	2	4864965	18161	6
751	278	Nothing	19	4864997	0	1			0		hit	447
751	278	Response	2	4882069	17072	6
751	279	Nothing	19	4882107	0	1			0		miss	0
751	280	Nothing	5	4916769	0	1			0		other	0
751	281	Sound	0	4917783	0	2			0		other	0
751	282	Nothing	6	4937797	0	1			0		other	0
751	283	Nothing	19	4947850	0	1			0		miss	0
751	284	Nothing	5	4968830	0	1			0		other	0
751	285	Sound	0	4969842	0	2			0		other	0
751	286	Nothing	6	4989856	0	1			0		other	0
751	287	Nothing	19	4999902	0	1			0		miss	0
751	289	Nothing	5	5029295	0	1			0		other	0
751	290	Sound	0	5030307	0	2			0		other	0
751	291	Nothing	6	5050318	0	1			0		other	0
751	292	Nothing	19	5060360	0	1			0		miss	0
751	293	Nothing	5	5084978	0	1			0		other	0
751	294	Sound	0	5085990	0	2			0		other	0
751	295	Nothing	6	5106003	0	1			0		other	0
751	296	Nothing	19	5116048	0	1			0		miss	0
751	297	Nothing	5	5148494	0	1			0		other	0
751	298	Sound	0	5149507	0	1			0		other	0
751	299	Nothing	6	5169521	0	1			0		other	0
751	300	Nothing	19	5179567	0	1			0		miss	0
751	301	Nothing	5	5211323	0	1			0		other	0
751	302	Sound	0	5212334	0	2			0		other	0
751	303	Nothing	6	5232346	0	1			0		other	0
751	304	Nothing	19	5242391	0	1			0		miss	0
751	305	Nothing	5	5283322	0	1			0		other	0
751	306	Sound	0	5284334	0	2			0		other	0
751	306	Response	2	5299075	14741	6
751	306	Response	2	5300606	16272	6
751	306	Response	2	5302243	17909	6
751	308	Nothing	10	5305368	0	1			0		false_alarm	479
751	308	Response	2	5314968	9600	6
751	308	Response	2	5316167	10799	4
751	308	Response	2	5317505	12137	6
751	308	Response	2	5318878	13510	6
751	308	Response	2	5324361	18993	5
751	308	Response	2	5325544	20176	5
751	308	Response	2	5326823	21455	6
751	308	Response	2	5328216	22848	5
751	308	Response	2	5333537	28169	6
751	309	Nothing	19	5334417	0	1			0		hit	489
751	309	Response	2	5335200	783	6
751	310	Nothing	19	5335235	0	1			0		hit	491
751	310	Response	2	5356441	21206	6
751	311	Nothing	19	5356476	0	1			0		hit	493
751	311	Response	2	5363289	6813	6
751	312	Nothing	19	5363325	0	1			0		hit	495
751	312	Response	2	5366932	3607	6
751	313	Nothing	19	5366969	0	1			0		hit	497
751	313	Response	2	5371793	4824	6
751	314	Nothing	19	5371830	0	1			0		miss	0
751	316	Nothing	5	5443366	0	1			0		other	0
751	317	Sound	0	5444379	0	2			0		other	0
751	318	Nothing	6	5464391	0	1			0		other	0
751	319	Nothing	19	5474435	0	1			0		miss	0
751	320	Nothing	5	5521713	0	1			0		other	0
751	321	Sound	0	5522725	0	2			0		other	0
751	322	Nothing	6	5542738	0	1			0		other	0
751	323	Nothing	19	5552788	0	1			0		miss	0
751	324	Nothing	5	5580207	0	1			0		other	0
751	325	Sound	0	5581219	0	2			0		other	0
751	325	Response	2	5584812	3593	5
751	325	Response	2	5586188	4969	5
751	327	Nothing	10	5602257	0	1			0		other	0
751	328	Nothing	19	5631302	0	1			0		miss	0
751	329	Nothing	5	5653820	0	1			0		other	0
751	330	Sound	0	5654834	0	2			0		other	0
751	330	Response	2	5658018	3184	4
751	330	Response	2	5659291	4457	6
751	330	Response	2	5660319	5485	6
751	330	Response	2	5661618	6784	4
751	330	Response	2	5663448	8614	6
751	332	Nothing	10	5675872	0	1			0		false_alarm	521
751	332	Response	2	5698856	22984	6
751	332	Response	2	5700060	24188	5
751	332	Response	2	5701232	25360	5
751	332	Response	2	5702577	26705	6
751	333	Nothing	19	5704921	0	1			0		miss	0
751	334	Nothing	5	5757259	0	1			0		other	0
751	334	Response	2	5757603	344	6
751	335	Sound	0	5758273	0	2			0		other	0
751	335	Response	2	5758977	704	5
751	335	Response	2	5760316	2043	6
751	335	Response	2	5761780	3507	5
751	335	Response	2	5763394	5121	6
751	335	Response	2	5765220	6947	5
751	335	Response	2	5767181	8908	6
751	337	Nothing	10	5779313	0	1			0		false_alarm	536
751	337	Response	2	5789489	10176	6
751	337	Response	2	5790838	11525	6
751	337	Response	2	5791984	12671	6
751	338	Nothing	19	5808362	0	1			0		miss	0
751	340	Nothing	5	5830874	0	1			0		other	0
751	341	Sound	0	5831886	0	2			0		other	0
751	341	Response	2	5834274	2388	6
751	341	Response	2	5835409	3523	6
751	341	Response	2	5836804	4918	4
751	343	Nothing	10	5852927	0	1			0		other	0
751	344	Nothing	19	5881974	0	1			0		hit	547
751	344	Response	2	5889205	7231	6
751	345	Nothing	19	5889240	0	1			0		hit	549
751	345	Response	2	5906823	17583	7
751	346	Nothing	19	5906860	0	1			0		miss	0
751	347	Nothing	5	5942177	0	1			0		other	0
751	348	Sound	0	5943191	0	2			0		other	0
751	349	Nothing	6	5963204	0	1			0		other	0
751	350	Nothing	19	5973249	0	1			0		hit	555
751	350	Response	2	5995253	22004	6
751	351	Nothing	19	5995287	0	1			0		miss	0
751	352	Nothing	5	6052634	0	1			0		other	0
751	353	Sound	0	6053647	0	2			0		other	0
751	354	Nothing	6	6073661	0	1			0		other	0
751	355	Nothing	19	6083707	0	1			0		miss	0
751	356	Nothing	5	6133345	0	1			0		other	0
751	357	Sound	0	6134359	0	2			0		other	0
751	358	Nothing	6	6154372	0	1			0		other	0
751	359	Nothing	19	6164419	0	1			0		hit	565
751	359	Response	2	6207187	42768	5
751	360	Nothing	19	6207222	0	1			0		miss	0
751	361	Nothing	5	6277572	0	1			0		other	0
751	362	Sound	0	6278585	0	2			0		other	0
751	362	Response	2	6282627	4042	6
751	362	Response	2	6284076	5491	3
751	364	Nothing	10	6299625	0	1			0		other	0
751	365	Nothing	19	6328676	0	1			0		hit	573
751	365	Response	2	6335145	6469	6
751	366	Nothing	19	6335181	0	1			0		hit	575
751	366	Response	2	6336386	1205	6
751	367	Nothing	19	6336423	0	1			0		hit	577
751	367	Response	2	6337304	881	6
751	368	Nothing	19	6337338	0	1			0		hit	579
751	368	Response	2	6338501	1163	6
751	369	Nothing	19	6338536	0	1			0		miss	0
751	371	Nothing	5	6387811	0	1			0		other	0
751	372	Sound	0	6388823	0	2			0		other	0
751	373	Nothing	6	6408835	0	1			0		other	0
751	374	Nothing	19	6418882	0	1			0		hit	585
751	374	Response	2	6419448	566	6
751	375	Nothing	19	6419490	0	1			0		miss	0
751	376	Nothing	5	6443522	0	1			0		other	0
751	377	Sound	0	6444536	0	2			0		other	0
751	378	Nothing	6	6464549	0	1			0		other	0
751	379	Nothing	19	6474600	0	1			0		miss	0
751	380	Nothing	5	6509039	0	1			0		other	0
751	381	Sound	0	6510052	0	2			0		other	0
751	382	Nothing	6	6530065	0	1			0		other	0
751	383	Nothing	19	6540115	0	1			0		miss	0
751	384	Nothing	5	6596682	0	1			0		other	0
751	385	Sound	0	6597695	0	2			0		other	0
751	386	Nothing	6	6617707	0	1			0		other	0
751	387	Nothing	19	6627762	0	1			0		hit	599
751	387	Response	2	6636370	8608	6
751	388	Nothing	19	6636401	0	1			0		hit	601
751	388	Response	2	6656538	20137	6
751	389	Nothing	19	6656566	0	1			0		miss	0
751	390	Nothing	5	6722223	0	1			0		other	0
751	391	Sound	0	6723236	0	2			0		other	0
751	392	Nothing	6	6743249	0	1			0		other	0
751	392	Response	2	6744390	1141	6
751	392	Response	2	6745639	2390	6
751	393	Nothing	19	6753297	0	1			0		miss	0
751	395	Nothing	5	6775614	0	1			0		other	0
751	396	Sound	0	6776625	0	2			0		other	0
751	397	Nothing	6	6796638	0	1			0		other	0
751	398	Nothing	19	6806691	0	1			0		miss	0
751	399	Nothing	5	6829129	0	1			0		other	0
751	400	Sound	0	6830142	0	2			0		other	0
751	401	Nothing	6	6850156	0	1			0		other	0
751	402	Nothing	19	6860203	0	1			0		miss	0
751	403	Nothing	5	6892671	0	1			0		other	0
751	404	Sound	0	6893684	0	2			0		other	0
751	405	Nothing	6	6913697	0	1			0		other	0
751	406	Nothing	19	6923743	0	1			0		miss	0
751	407	Nothing	5	6995757	0	1			0		other	0
751	408	Sound	0	6996771	0	1			0		other	0
751	409	Nothing	6	7016784	0	1			0		other	0
751	410	Nothing	19	7026832	0	1			0		miss	0
751	411	Nothing	5	7072381	0	1			0		other	0
751	412	Sound	0	7073395	0	2			0		other	0
751	412	Response	2	7076696	3301	6
751	412	Response	2	7078309	4914	6
751	414	Nothing	10	7094434	0	1			0		other	0
751	415	Nothing	19	7123485	0	1			0		miss	0
751	417	Nothing	5	7153615	0	1			0		other	0
751	418	Sound	0	7154627	0	2			0		other	0
751	418	Response	2	7157852	3225	6
751	418	Response	2	7159087	4460	5
751	418	Response	2	7160151	5524	4
751	418	Response	2	7161424	6797	6
751	418	Response	2	7162789	8162	4
751	418	Response	2	7164249	9622	5
751	418	Response	2	7165661	11034	5
751	418	Response	2	7174485	19858	6
751	420	Nothing	10	7175664	0	1			0		false_alarm	642
751	420	Response	2	7175753	89	6
751	420	Response	2	7177133	1469	6
751	420	Response	2	7178390	2726	6
751	420	Response	2	7179696	4032	6
751	420	Response	2	7185171	9507	18
751	420	Response	2	7186883	11219	6
751	420	Response	2	7188467	12803	6
751	420	Response	2	7196771	21107	6
751	420	Response	2	7198363	22699	6
751	421	Nothing	19	7204719	0	1			0		hit	652
751	421	Response	2	7224908	20189	6
751	422	Nothing	19	7224943	0	1			0		miss	0
751	423	Nothing	5	7251534	0	1			0		other	0
751	424	Sound	0	7252546	0	2			0		other	0
751	424	Response	2	7261403	8857	6
751	424	Response	2	7262829	10283	6
751	426	Nothing	10	7273584	0	1			0		false_alarm	659
751	426	Response	2	7291163	17579	6
751	426	Response	2	7292275	18691	6
751	426	Response	2	7293665	20081	6
751	426	Response	2	7294913	21329	6
751	426	Response	2	7296442	22858	6
751	426	Response	2	7300923	27339	6
751	426	Response	2	7302227	28643	6
751	427	Nothing	19	7302637	0	1			0		miss	0
751	428	Nothing	5	7326877	0	2			0		other	0
751	429	Sound	0	7327891	0	2			0		other	0
751	429	Response	2	7328321	430	6
751	429	Response	2	7329634	1743	6
751	429	Response	2	7331061	3170	6
751	429	Response	2	7332683	4792	5
751	429	Response	2	7343818	15927	6
751	429	Response	2	7345250	17359	6
751	431	Nothing	10	7348931	0	1			0		false_alarm	676
751	431	Response	2	7376478	27547	6
751	431	Response	2	7377779	28848	6
751	432	Nothing	19	7377984	0	1			0		miss	0
751	433	Nothing	5	7423965	0	1			0		other	0
751	434	Sound	0	7424977	0	2			0		other	0
751	435	Nothing	6	7444991	0	1			0		other	0
751	436	Nothing	19	7455039	0	1			0		hit	683
751	436	Response	2	7480085	25046	6
751	437	Nothing	19	7480123	0	1			0		miss	0
751	438	Nothing	5	7522394	0	1			0		other	0
751	439	Sound	0	7523407	0	2			0		other	0
751	439	Response	2	7526130	2723	6
751	439	Response	2	7527523	4116	6
751	441	Nothing	10	7544445	0	1			0		false_alarm	690
751	441	Response	2	7571250	26805	5
751	441	Response	2	7572395	27950	5
751	442	Nothing	19	7573497	0	1			0		hit	693
751	442	Response	2	7573497	0	6
751	443	Nothing	19	7573535	0	1			0		miss	0
751	445	Nothing	5	7602561	0	1			0		other	0
751	446	Sound	0	7603573	0	2			0		other	0
751	446	Response	2	7605862	2289	4
751	446	Response	2	7607259	3686	5
751	446	Response	2	7608655	5082	5
751	446	Response	2	7610119	6546	5
751	446	Response	2	7611801	8228	5
751	446	Response	2	7615075	11502	6
751	446	Response	2	7623251	19678	3
751	448	Nothing	10	7624612	0	1			0		false_alarm	705
751	448	Response	2	7625035	423	4
751	448	Response	2	7626447	1835	6
751	448	Response	2	7637177	12565	6
751	448	Response	2	7638944	14332	6
751	448	Response	2	7640760	16148	5
751	448	Response	2	7642402	17790	4
751	449	Nothing	19	7653655	0	1			0		miss	0
751	450	Nothing	5	7690215	0	1			0		other	0
751	451	Sound	0	7691229	0	2			0		other	0
751	451	Response	2	7694760	3531	6
751	451	Response	2	7697196	5967	5
751	451	Response	2	7698744	7515	6
751	453	Nothing	10	7712271	0	2			0		other	0
751	454	Nothing	19	7741315	0	1			0		hit	719
751	454	Response	2	7751744	10429	6
751	455	Nothing	19	7751780	0	1			0		hit	721
751	455	Response	2	7755967	4187	6
751	456	Nothing	19	7756002	0	1			0		hit	723
751	456	Response	2	7757351	1349	6
751	457	Nothing	19	7757387	0	1			0		hit	725
751	457	Response	2	7758970	1583	6
751	458	Nothing	19	7759010	0	1			0		hit	727
751	458	Response	2	7775098	16088	6
751	459	Nothing	19	7775133	0	1			0		hit	729
751	459	Response	2	7787810	12677	6
751	460	Nothing	19	7787852	0	1			0		miss	0
751	461	Nothing	5	7842820	0	1			0		other	0
751	462	Sound	0	7843833	0	2			0		other	0
751	463	Nothing	6	7863847	0	1			0		other	0
751	463	Response	2	7873553	9706	6
751	464	Nothing	19	7873883	0	1			0		hit	736
751	464	Response	2	7874953	1070	5
751	465	Nothing	19	7874988	0	1			0		hit	738
751	465	Response	2	7879129	4141	5
751	466	Nothing	19	7879163	0	1			0		hit	740
751	466	Response	2	7880611	1448	7
751	467	Nothing	19	7880647	0	1			0		hit	742
751	467	Response	2	7882224	1577	6
751	468	Nothing	19	7882259	0	1			0		hit	744
751	468	Response	2	7886758	4499	5
751	469	Nothing	19	7886806	0	1			0		hit	746
751	469	Response	2	7888380	1574	6
751	470	Nothing	19	7888415	0	1			0		hit	748
751	470	Response	2	7889977	1562	6
751	471	Nothing	19	7890014	0	1			0		hit	750
751	471	Response	2	7905362	15348	5
751	472	Nothing	19	7905394	0	1			0		hit	752
751	472	Response	2	7915694	10300	5
751	473	Nothing	19	7915728	0	1			0		hit	754
751	473	Response	2	7926279	10551	6
751	474	Nothing	19	7926315	0	1			0		miss	0
751	475	Nothing	5	7948133	0	1			0		other	0
751	476	Sound	0	7949145	0	2			0		other	0
751	477	Nothing	6	7969156	0	1			0		other	0
751	478	Nothing	19	7979202	0	1			0		miss	0
751	479	Nothing	5	8032772	0	1			0		other	0
751	480	Sound	0	8033785	0	1			0		other	0
751	480	Response	2	8036593	2808	6
751	482	Nothing	10	8054824	0	1			0		false_alarm	764
751	482	Response	2	8080135	25311	6
751	482	Response	2	8081335	26511	6
751	482	Response	2	8082544	27720	5
751	483	Nothing	19	8083869	0	1			0		hit	768
751	483	Response	2	8084032	163	5
751	484	Nothing	19	8084066	0	1			0		hit	770
751	484	Response	2	8102707	18641	5
751	485	Nothing	19	8102742	0	1			0		hit	772
751	485	Response	2	8145485	42743	6
751	486	Nothing	19	8145520	0	1			0		hit	774
751	486	Response	2	8161259	15739	5
751	487	Nothing	19	8161292	0	1			0		miss	0
751	489	Nothing	5	8187027	0	1			0		other	0
751	490	Sound	0	8188041	0	2			0		other	0
751	491	Nothing	6	8208053	0	1			0		other	0
751	492	Nothing	19	8218100	0	1			0		miss	0
751	493	Nothing	5	8257989	0	1			0		other	0
751	493	Response	2	8258470	481	6
751	494	Sound	0	8259000	0	2			0		other	0
751	494	Response	2	8259841	841	6
751	494	Response	2	8261324	2324	6
751	494	Response	2	8262996	3996	7
751	495	Response	2	8279642	620	6
751	496	Nothing	10	8280039	0	1			0		false_alarm	788
751	496	Response	2	8280988	949	6
751	496	Response	2	8282173	2134	6
751	496	Response	2	8283348	3309	6
751	496	Response	2	8284873	4834	6
751	496	Response	2	8286384	6345	6
751	496	Response	2	8287850	7811	6
751	496	Response	2	8293022	12983	6
751	496	Response	2	8294450	14411	5
751	496	Response	2	8295677	15638	9
751	497	Nothing	19	8309092	0	1			0		hit	798
751	497	Response	2	8312501	3409	5
751	498	Nothing	19	8312537	0	1			0		hit	800
751	498	Response	2	8328360	15823	7
751	499	Nothing	19	8328406	0	1			0		hit	802
751	499	Response	2	8350260	21854	6
751	500	Nothing	19	8350297	0	1			0		miss	0
751	501	Nothing	5	8388239	0	1			0		other	0
751	502	Sound	0	8389252	0	2			0		other	0
751	503	Nothing	6	8409264	0	1			0		other	0
751	504	Nothing	19	8419295	0	1			0		miss	0
751	505	Nothing	5	8460067	0	1			0		other	0
751	506	Sound	0	8461081	0	2			0		other	0
751	506	Response	2	8462619	1538	6
751	508	Nothing	10	8482118	0	1			0		other	0
751	509	Nothing	19	8511172	0	1			0		miss	0
751	510	Nothing	5	8558294	0	1			0		other	0
751	511	Sound	0	8559306	0	2			0		other	0
751	511	Response	2	8561782	2476	6
751	511	Response	2	8562857	3551	6
751	511	Response	2	8563990	4684	6
751	511	Response	2	8565287	5981	6
751	511	Response	2	8566850	7544	6
751	511	Response	2	8568511	9205	6
751	511	Response	2	8569862	10556	6
751	513	Nothing	10	8580348	0	1			0		false_alarm	823
751	513	Response	2	8605406	25058	6
751	513	Response	2	8606506	26158	6
751	513	Response	2	8607677	27329	6
751	513	Response	2	8609097	28749	6
751	514	Nothing	19	8609399	0	1			0		hit	828
751	514	Response	2	8610862	1463	6
751	515	Nothing	19	8610898	0	1			0		hit	830
751	515	Response	2	8619442	8544	6
751	516	Nothing	19	8619482	0	1			0		hit	832
751	516	Response	2	8643403	23921	6
751	517	Nothing	19	8643439	0	1			0		hit	834
751	517	Response	2	8659894	16455	5
751	518	Nothing	19	8659926	0	1			0		miss	0
751	520	Nothing	5	8709597	0	1			0		other	0
751	521	Sound	0	8710609	0	2			0		other	0
751	521	Response	2	8713479	2870	5
751	521	Response	2	8722554	11945	6
751	523	Nothing	10	8731646	0	1			0		false_alarm	841
751	523	Response	2	8739097	7451	5
751	523	Response	2	8740288	8642	5
751	523	Response	2	8741536	9890	6
751	523	Response	2	8743231	11585	6
751	523	Response	2	8748178	16532	5
751	524	Nothing	19	8760698	0	1			0		miss	0
751	525	Nothing	5	8805398	0	1			0		other	0
751	526	Sound	0	8806411	0	2			0		other	0
751	526	Response	2	8809218	2807	6
751	526	Response	2	8811041	4630	6
751	528	Nothing	10	8827453	0	1			0		false_alarm	852
751	528	Response	2	8849987	22534	6
751	528	Response	2	8851075	23622	7
751	528	Response	2	8852148	24695	5
751	528	Response	2	8853435	25982	5
751	529	Nothing	19	8856504	0	1			0		miss	0
751	530	Nothing	5	8930213	0	1			0		other	0
751	531	Sound	0	8931225	0	2			0		other	0
751	531	Response	2	8933821	2596	6
751	531	Response	2	8935147	3922	6
751	531	Response	2	8936711	5486	6
751	533	Nothing	10	8952265	0	1			0		other	0
751	534	Nothing	19	8981317	0	1			0		hit	864
751	534	Response	2	8987860	6543	6
751	535	Nothing	19	8987895	0	1			0		hit	866
751	535	Response	2	8995576	7681	6
751	536	Nothing	19	8995614	0	1			0		miss	0
751	537	Nothing	5	9026615	0	1			0		other	0
751	538	Sound	0	9027628	0	2			0		other	0
751	538	Response	2	9029565	1937	6
751	538	Response	2	9030669	3041	6
751	538	Response	2	9032035	4407	6
751	540	Nothing	10	9048664	0	1			0		other	0
751	541	Nothing	19	9077717	0	1			0		hit	875
751	541	Response	2	9083659	5942	19
751	542	Nothing	19	9083704	0	1			0		hit	877
751	542	Response	2	9104177	20473	6
751	543	Nothing	19	9104212	0	1			0		hit	879
751	543	Response	2	9121182	16970	6
751	544	Nothing	19	9121217	0	1			0		hit	881
751	544	Response	2	9122717	1500	6
751	545	Nothing	19	9122758	0	1			0		hit	883
751	545	Response	2	9142471	19713	6
751	546	Nothing	19	9142517	0	1			0		hit	885
751	546	Response	2	9171006	28489	6
751	547	Nothing	19	9171040	0	1			0		miss	0
751	548	Nothing	5	9201861	0	1			0		other	0
751	549	Sound	0	9202874	0	2			0		other	0
751	550	Nothing	6	9222884	0	1			0		other	0
751	551	Nothing	19	9232914	0	1			0		miss	0
751	553	Nothing	5	9271514	0	1			0		other	0
751	554	Sound	0	9272526	0	2			0		other	0
751	555	Nothing	6	9292540	0	1			0		other	0
751	556	Nothing	19	9302586	0	1			0		miss	0
751	557	Nothing	5	9376653	0	1			0		other	0
751	558	Sound	0	9377666	0	2			0		other	0
751	559	Nothing	6	9397679	0	1			0		other	0
751	560	Nothing	19	9407724	0	1			0		miss	0
751	561	Nothing	5	9470341	0	1			0		other	0
751	562	Sound	0	9471354	0	2			0		other	0
751	562	Response	2	9487414	16060	6
751	562	Response	2	9488920	17566	7
751	564	Nothing	10	9492395	0	1			0		other	0
751	565	Nothing	19	9521447	0	1			0		miss	0
751	566	Nothing	5	9558454	0	1			0		other	0
751	567	Sound	0	9559468	0	2			0		other	0
751	567	Response	2	9563428	3960	6
751	567	Response	2	9564651	5183	5
751	567	Response	2	9565739	6271	5
751	569	Nothing	10	9580506	0	1			0		other	0
751	570	Nothing	19	9609551	0	1			0		miss	0
751	571	Nothing	5	9631329	0	1			0		other	0
751	572	Sound	0	9632343	0	2			0		other	0
751	572	Response	2	9634750	2407	6
751	572	Response	2	9635788	3445	6
751	572	Response	2	9636784	4441	6
751	572	Response	2	9638059	5716	6
751	574	Nothing	10	9653381	0	1			0		false_alarm	919
751	574	Response	2	9656456	3075	4
751	574	Response	2	9657583	4202	5
751	574	Response	2	9658654	5273	6
751	574	Response	2	9670293	16912	4
751	574	Response	2	9671384	18003	6
751	574	Response	2	9672644	19263	4
751	575	Nothing	19	9682427	0	1			0		hit	926
751	575	Response	2	9701514	19087	6
751	576	Nothing	19	9701550	0	1			0		miss	0
751	578	Nothing	5	9732600	0	1			0		other	0
751	579	Sound	0	9733611	0	3			0		other	0
751	580	Nothing	6	9753623	0	1			0		other	0
751	581	Nothing	19	9763666	0	1			0		miss	0
751	582	Nothing	5	9792834	0	1			0		other	0
751	583	Sound	0	9793847	0	2			0		other	0
751	583	Response	2	9809611	15764	5
751	585	Nothing	10	9814886	0	1			0		other	0
751	586	Nothing	19	9843935	0	1			0		hit	937
751	586	Response	2	9859096	15161	4
751	587	Nothing	19	9859131	0	1			0		hit	939
751	587	Response	2	9874875	15744	6
751	588	Nothing	19	9874911	0	1			0		hit	941
751	588	Response	2	9899032	24121	6
751	589	Nothing	19	9899067	0	1			0		miss	0
751	590	Nothing	5	9927818	0	1			0		other	0
751	591	Sound	0	9928832	0	2			0		other	0
751	591	Response	2	9947477	18645	6
751	591	Response	2	9948722	19890	6
751	593	Nothing	10	9949871	0	1			0		false_alarm	948
751	593	Response	2	9950191	320	6
751	593	Response	2	9951936	2065	6
751	593	Response	2	9953225	3354	4
751	593	Response	2	9954807	4936	6
751	593	Response	2	9956093	6222	6
751	593	Response	2	9957779	7908	6
751	594	Nothing	19	9978920	0	1			0		hit	955
751	594	Response	2	9982115	3195	6
751	595	Nothing	19	9982152	0	1			0		miss	0
751	596	Nothing	5	10050310	0	1			0		other	0
751	597	Sound	0	10051322	0	2			0		other	0
751	597	Response	2	10067769	16447	5
751	597	Response	2	10069496	18174	6
751	599	Nothing	10	10072364	0	1			0		false_alarm	962
751	599	Response	2	10092298	19934	6
751	599	Response	2	10093439	21075	6
751	599	Response	2	10094499	22135	5
751	599	Response	2	10095767	23403	6
751	599	Response	2	10097168	24804	5
751	600	Nothing	19	10101412	0	1			0		miss	0
751	601	Nothing	5	10128911	0	1			0		other	0
751	602	Sound	0	10129925	0	2			0		other	0
751	602	Response	2	10132440	2515	5
751	602	Response	2	10133713	3788	6
751	604	Nothing	10	10150963	0	1			0		false_alarm	973
751	604	Response	2	10170345	19382	5
751	604	Response	2	10171448	20485	6
751	604	Response	2	10172601	21638	6
751	604	Response	2	10174010	23047	4
751	604	Response	2	10179056	28093	6
751	605	Nothing	19	10180020	0	1			0		hit	979
751	605	Response	2	10180350	330	6
751	606	Nothing	19	10180381	0	1			0		hit	981
751	606	Response	2	10189698	9317	6
751	607	Nothing	19	10189731	0	1			0		hit	983
751	607	Response	2	10204068	14337	4
751	608	Nothing	19	10204099	0	1			0		hit	985
751	608	Response	2	10233343	29244	6
751	609	Nothing	19	10233379	0	1			0		miss	0
751	611	Nothing	5	10274034	0	1			0		other	0
751	612	Sound	0	10275048	0	1			0		other	0
751	612	Response	2	10276958	1910	6
751	612	Response	2	10278118	3070	4
751	612	Response	2	10279384	4336	6
751	612	Response	2	10280936	5888	6
751	612	Response	2	10288310	13262	6
751	612	Response	2	10289523	14475	6
751	614	Nothing	10	10296086	0	1			0		false_alarm	996
751	614	Response	2	10319103	23017	6
751	614	Response	2	10320202	24116	6
751	614	Response	2	10321612	25526	6
751	615	Nothing	19	10325139	0	2			0		miss	0
751	616	Nothing	5	10347699	0	1			0		other	0
751	617	Sound	0	10348711	0	2			0		other	0
751	617	Response	2	10351254	2543	6
751	617	Response	2	10352402	3691	6
751	617	Response	2	10353811	5100	6
751	617	Response	2	10355307	6596	6
751	619	Nothing	10	10369750	0	1			0		other	0
751	620	Nothing	19	10398802	0	1			0		hit	1008
751	620	Response	2	10399764	962	6
751	621	Nothing	19	10399798	0	1			0		hit	1010
751	621	Response	2	10401083	1285	6
751	622	Nothing	19	10401119	0	1			0		miss	0
751	623	Nothing	5	10425101	0	1			0		other	0
751	624	Sound	0	10426113	0	2			0		other	0
751	625	Nothing	6	10446128	0	1			0		other	0
751	626	Nothing	19	10456158	0	1			0		miss	0
751	627	Nothing	5	10501240	0	1			0		other	0
751	628	Sound	0	10502253	0	2			0		other	0
751	629	Nothing	6	10522267	0	1			0		other	0
751	630	Nothing	19	10532320	0	1			0		miss	0
751	631	Nothing	5	10554892	0	1			0		other	0
751	632	Sound	0	10555906	0	2			0		other	0
751	632	Response	2	10559016	3110	6
751	632	Response	2	10560266	4360	6
751	634	Nothing	10	10576945	0	1			0		other	0
751	635	Nothing	19	10605997	0	1			0		miss	0
751	637	Nothing	5	10635413	0	1			0		other	0
751	638	Sound	0	10636425	0	3			0		other	0
751	638	Response	2	10638997	2572	9
751	638	Response	2	10640219	3794	5
751	638	Response	2	10641133	4708	6
751	638	Response	2	10642395	5970	6
751	640	Nothing	10	10657463	0	1			0		other	0
751	641	Nothing	19	10686514	0	1			0		hit	1034
751	641	Response	2	10718916	32402	5
751	642	Nothing	19	10718950	0	1			0		hit	1036
751	642	Response	2	10731517	12567	5
751	643	Nothing	19	10731552	0	1			0		miss	0
751	644	Nothing	5	10763789	0	1			0		other	0
751	645	Sound	0	10764803	0	2			0		other	0
751	645	Response	2	10767872	3069	6
751	647	Nothing	10	10785845	0	1			0		false_alarm	1042
751	647	Response	2	10788000	2155	6
751	647	Response	2	10788980	3135	5
751	647	Response	2	10789953	4108	6
751	647	Response	2	10791150	5305	6
751	647	Response	2	10792478	6633	6
751	647	Response	2	10793960	8115	4
751	647	Response	2	10795197	9352	6
751	647	Response	2	10796678	10833	6
751	647	Response	2	10814121	28276	6
751	648	Nothing	19	10814890	0	1			0		hit	1052
751	648	Response	2	10815223	333	4
751	649	Nothing	19	10815259	0	1			0		hit	1054
751	649	Response	2	10832224	16965	5
751	650	Nothing	19	10832259	0	1			0		hit	1056
751	650	Response	2	10850617	18358	6
751	651	Nothing	19	10850655	0	1			0		miss	0
751	652	Nothing	5	10900416	0	1			0		other	0
751	653	Sound	0	10901428	0	2			0		other	0
751	654	Nothing	6	10921442	0	1			0		other	0
751	655	Nothing	19	10931487	0	1			0		miss	0
751	656	Nothing	5	10960861	0	1			0		other	0
751	657	Sound	0	10961875	0	1			0		other	0
751	657	Response	2	10964783	2908	6
751	659	Nothing	10	10982915	0	1			0		false_alarm	1066
751	659	Response	2	11011614	28699	6
751	660	Nothing	19	11011962	0	1			0		hit	1068
751	660	Response	2	11012744	782	6
751	661	Nothing	19	11012781	0	1			0		miss	0
751	662	Nothing	5	11043039	0	1			0		other	0
751	663	Sound	0	11044053	0	2			0		other	0
751	664	Nothing	6	11064065	0	1			0		other	0
751	665	Nothing	19	11074094	0	1			0		miss	0
751	667	Nothing	5	11100633	0	1			0		other	0
751	668	Sound	0	11101646	0	2			0		other	0
751	669	Nothing	6	11121662	0	1			0		other	0
751	670	Nothing	19	11131717	0	1			0		miss	0
751	671	Nothing	5	11175683	0	1			0		other	0
751	672	Sound	0	11176697	0	2			0		other	0
751	673	Nothing	6	11196708	0	1			0		other	0
751	674	Nothing	19	11206754	0	1			0		miss	0
751	675	Nothing	5	11267093	0	1			0		other	0
751	676	Sound	0	11268107	0	2			0		other	0
751	676	Response	2	11268430	323	5
751	676	Response	2	11269750	1643	5
751	676	Response	2	11271571	3464	6
751	678	Nothing	10	11289149	0	1			0		false_alarm	1088
751	678	Response	2	11290781	1632	6
751	678	Response	2	11292174	3025	6
751	678	Response	2	11293307	4158	6
751	678	Response	2	11295081	5932	6
751	679	Nothing	19	11318199	0	1			0		hit	1093
751	679	Response	2	11327231	9032	6
751	680	Nothing	19	11327271	0	1			0		hit	1095
751	680	Response	2	11345110	17839	5
751	681	Nothing	19	11345162	0	1			0		miss	0
751	682	Nothing	5	11370551	0	1			0		other	0
751	683	Sound	0	11371564	0	2			0		other	0
751	684	Nothing	6	11391576	0	1			0		other	0
751	685	Nothing	19	11401625	0	1			0		hit	1101
751	685	Response	2	11407490	5865	6
751	686	Nothing	19	11407527	0	1			0		miss	0
751	687	Nothing	5	11448665	0	1			0		other	0
751	688	Sound	0	11449678	0	2			0		other	0
751	689	Nothing	6	11469690	0	1			0		other	0
751	690	Nothing	19	11479741	0	1			0		miss	0
751	692	Nothing	5	11506042	0	1			0		other	0
751	693	Sound	0	11507054	0	2			0		other	0
751	694	Nothing	6	11527067	0	1			0		other	0
751	695	Nothing	19	11537117	0	1			0		miss	0
751	696	Nothing	5	11559755	0	1			0		other	0
751	697	Sound	0	11560769	0	2			0		other	0
751	697	Response	2	11563576	2807	3
751	697	Response	2	11564991	4222	6
751	699	Nothing	10	11581810	0	1			0		false_alarm	1116
751	699	Response	2	11583073	1263	6
751	699	Response	2	11584229	2419	6
751	699	Response	2	11585358	3548	6
751	699	Response	2	11586935	5125	4
751	699	Response	2	11588135	6325	6
751	699	Response	2	11589324	7514	6
751	699	Response	2	11590675	8865	6
751	699	Response	2	11592387	10577	6
751	699	Response	2	11594257	12447	5
751	699	Response	2	11595682	13872	6
751	699	Response	2	11600085	18275	6
751	699	Response	2	11601875	20065	6
751	700	Nothing	19	11610858	0	1			0		hit	1129
751	700	Response	2	11615227	4369	6
751	701	Nothing	19	11615262	0	1			0		hit	1131
751	701	Response	2	11628265	13003	6
751	702	Nothing	19	11628300	0	1			0		hit	1133
751	702	Response	2	11632988	4688	6
751	703	Nothing	19	11633017	0	1			0		miss	0
751	704	Nothing	5	11657378	0	1			0		other	0
751	705	Sound	0	11658391	0	2			0		other	0
751	705	Response	2	11661255	2864	5
751	707	Nothing	10	11679423	0	1			0		false_alarm	1139
751	707	Response	2	11681527	2104	6
751	707	Response	2	11682658	3235	6
751	707	Response	2	11683730	4307	5
751	707	Response	2	11685189	5766	6
751	708	Nothing	19	11708471	0	1			0		hit	1144
751	708	Response	2	11710076	1605	6
751	709	Nothing	19	11710109	0	1			0		miss	0
751	710	Nothing	5	11737077	0	1			0		other	0
751	711	Sound	0	11738091	0	2			0		other	0
751	712	Nothing	6	11758103	0	1			0		other	0
751	713	Nothing	19	11768148	0	1			0		miss	0
751	714	Nothing	5	11805214	0	1			0		other	0
751	715	Sound	0	11806227	0	2			0		other	0
751	715	Response	2	11809152	2925	6
751	717	Nothing	10	11827260	0	1			0		false_alarm	1154
751	717	Response	2	11844457	17197	5
751	717	Response	2	11845688	18428	7
751	717	Response	2	11847021	19761	5
751	718	Nothing	19	11856303	0	1			0		miss	0
751	720	Nothing	5	11886211	0	1			0		other	0
751	721	Sound	0	11887225	0	2			0		other	0
751	722	Nothing	6	11907237	0	1			0		other	0
751	723	Nothing	19	11917268	0	1			0		hit	1162
751	723	Response	2	11920968	3700	4
751	724	Nothing	19	11921013	0	1			0		hit	1164
751	724	Response	2	11925398	4385	4
751	725	Nothing	19	11925429	0	1			0		hit	1166
751	725	Response	2	11938767	13338	6
751	726	Nothing	19	11938803	0	1			0		miss	0
751	727	Nothing	5	11986096	0	1			0		other	0
751	728	Sound	0	11987106	0	3			0		other	0
751	728	Response	2	11990031	2925	4
751	730	Nothing	10	12008134	0	1			0		false_alarm	1172
751	730	Response	2	12026874	18740	3
751	730	Response	2	12028111	19977	4
751	730	Response	2	12029095	20961	5
751	730	Response	2	12030149	22015	3
751	730	Response	2	12031355	23221	5
751	730	Response	2	12032651	24517	5
751	730	Response	2	12033931	25797	5
751	730	Response	2	12035576	27442	6
751	731	Nothing	19	12037189	0	1			0		hit	1181
751	731	Response	2	12038346	1157	6
751	732	Nothing	19	12038381	0	1			0		hit	1183
751	732	Response	2	12044223	5842	6
751	733	Nothing	19	12044254	0	1			0		hit	1185
751	733	Response	2	12045703	1449	6
751	734	Nothing	19	12045736	0	1			0		hit	1187
751	734	Response	2	12047148	1412	5
751	735	Nothing	19	12047185	0	1			0		hit	1189
751	735	Response	2	12067310	20125	4
751	736	Nothing	19	12067342	0	1			0		hit	1191
751	736	Response	2	12072555	5213	6
751	737	Nothing	19	12072595	0	1			0		hit	1193
751	737	Response	2	12075567	2972	6
751	738	Nothing	19	12075598	0	1			0		hit	1195
751	738	Response	2	12077189	1591	6
751	739	Nothing	19	12077222	0	1			0		miss	0
751	740	Nothing	5	12117535	0	1			0		other	0
751	741	Sound	0	12118547	0	2			0		other	0
751	742	Nothing	6	12138560	0	1			0		other	0
751	743	Nothing	19	12148587	0	1			0		miss	0
751	744	Nothing	5	12206630	0	1			0		other	0
751	745	Sound	0	12207642	0	2			0		other	0
751	745	Response	2	12210462	2820	6
751	747	Nothing	10	12228679	0	1			0		other	0
751	748	Nothing	19	12257733	0	1			0		hit	1206
751	748	Response	2	12305300	47567	4
751	749	Nothing	19	12305331	0	1			0		hit	1208
751	749	Response	2	12306806	1475	5
751	750	Nothing	19	12306842	0	1			0		hit	1210
751	750	Response	2	12307901	1059	5
751	751	Nothing	19	12307935	0	1			0		hit	1212
751	751	Response	2	12308993	1058	6
751	752	Nothing	19	12309025	0	1			0		hit	1214
751	752	Response	2	12323685	14660	6
751	753	Nothing	19	12323720	0	1			0		hit	1216
751	753	Response	2	12325210	1490	5
751	754	Nothing	19	12325241	0	1			0		hit	1218
751	754	Response	2	12342500	17259	4
751	755	Nothing	19	12342537	0	1			0		hit	1220
751	755	Response	2	12344047	1510	5
751	756	Nothing	19	12344077	0	1			0		hit	1222
751	756	Response	2	12345719	1642	6
751	757	Nothing	19	12345752	0	1			0		hit	1224
751	757	Response	2	12347114	1362	6
751	758	Nothing	19	12347147	0	1			0		hit	1226
751	758	Response	2	12357194	10047	5
751	759	Nothing	19	12357226	0	2			0		hit	1228
751	759	Response	2	12358058	832	6
751	760	Nothing	19	12358086	0	1			0		hit	1230
751	760	Response	2	12363685	5599	4
751	761	Nothing	19	12363714	0	1			0		hit	1232
751	761	Response	2	12376047	12333	4
751	762	Nothing	19	12376081	0	1			0		hit	1234
751	762	Response	2	12379376	3295	4
751	763	Nothing	19	12379416	0	1			0		hit	1236
751	763	Response	2	12390698	11282	6
751	764	Nothing	19	12390734	0	1			0		miss	0
751	765	Nothing	5	12435175	0	1			0		other	0
751	766	Sound	0	12436186	0	2			0		other	0
751	766	Response	2	12439401	3215	5
751	768	Nothing	10	12457222	0	1			0		false_alarm	1242
751	768	Response	2	12459328	2106	6
751	768	Response	2	12460579	3357	6
751	768	Response	2	12461799	4577	6
751	768	Response	2	12463333	6111	4
751	768	Response	2	12482122	24900	8
751	768	Response	2	12483567	26345	6
751	768	Response	2	12484954	27732	5
751	769	Nothing	19	12486274	0	1			0		hit	1250
751	769	Response	2	12486484	210	4
751	770	Nothing	19	12486522	0	1			0		miss	0
751	772	Nothing	5	12551997	0	1			0		other	0
751	773	Sound	0	12553009	0	2			0		other	0
751	773	Response	2	12555530	2521	18
751	773	Response	2	12557255	4246	5
751	775	Nothing	10	12574049	0	1			0		other	0
751	776	Nothing	19	12603097	0	1			0		hit	1258
751	776	Response	2	12606576	3479	5
751	777	Nothing	19	12606606	0	1			0		hit	1260
751	777	Response	2	12636825	30219	6
751	778	Nothing	19	12636861	0	1			0		hit	1262
751	778	Response	2	12638617	1756	6
751	779	Nothing	19	12638652	0	1			0		hit	1264
751	779	Response	2	12653838	15186	6
751	780	Nothing	19	12653874	0	1			0		miss	0
751	781	Nothing	5	12684214	0	1			0		other	0
751	782	Sound	0	12685227	0	2			0		other	0
751	782	Response	2	12688444	3217	6
751	782	Response	2	12690090	4863	6
751	784	Nothing	10	12706266	0	1			0		other	0
751	785	Nothing	19	12735314	0	1			0		hit	1272
751	785	Response	2	12767434	32120	6
751	786	Nothing	19	12767471	0	1			0		hit	1274
751	786	Response	2	12770656	3185	6
751	787	Nothing	19	12770692	0	1			0		miss	0
751	788	Nothing	5	12830229	0	1			0		other	0
751	789	Sound	0	12831242	0	1			0		other	0
751	790	Nothing	6	12851256	0	1			0		other	0
751	791	Nothing	19	12861290	0	1			0		miss	0
751	792	Nothing	5	12886988	0	1			0		other	0
751	793	Sound	0	12888000	0	1			0		other	0
751	793	Response	2	12893367	5367	6
751	793	Response	2	12894877	6877	6
751	793	Response	2	12896095	8095	5
751	793	Response	2	12897580	9580	6
751	795	Nothing	10	12909037	0	1			0		other	0
751	796	Nothing	19	12938085	0	1			0		hit	1288
751	796	Response	2	12986748	48663	6
751	797	Nothing	19	12986783	0	1			0		hit	1290
751	797	Response	2	13003150	16367	6
751	798	Nothing	19	13003185	0	1			0		hit	1292
751	798	Response	2	13004515	1330	6
751	799	Nothing	19	13004553	0	1			0		miss	0
751	800	Nothing	5	13050090	0	1			0		other	0
751	801	Sound	0	13051102	0	2			0		other	0
751	802	Nothing	6	13071115	0	1			0		other	0
751	803	Nothing	19	13081156	0	1			0		miss	0
751	805	Nothing	5	13120057	0	1			0		other	0
751	806	Sound	0	13121071	0	2			0		other	0
751	807	Nothing	6	13141082	0	1			0		other	0
751	808	Nothing	19	13151132	0	1			0		miss	0
751	809	Nothing	5	13178431	0	1			0		other	0
751	810	Sound	0	13179445	0	2			0		other	0
751	811	Nothing	6	13199458	0	1			0		other	0
751	812	Nothing	19	13209505	0	1			0		miss	0
751	813	Nothing	5	13248572	0	1			0		other	0
751	814	Sound	0	13249584	0	2			0		other	0
751	814	Response	2	13251890	2306	4
751	814	Response	2	13253106	3522	6
751	814	Response	2	13254573	4989	6
751	816	Nothing	10	13270625	0	1			0		other	0
751	817	Nothing	19	13299673	0	1			0		miss	0
751	818	Nothing	5	13352871	0	1			0		other	0
751	819	Sound	0	13353885	0	2			0		other	0
751	820	Nothing	6	13373898	0	1			0		other	0
751	821	Nothing	19	13383950	0	1			0		miss	0
751	822	Nothing	5	13438638	0	1			0		other	0
751	823	Sound	0	13439650	0	2			0		other	0
751	823	Response	2	13448690	9040	6
751	823	Response	2	13450076	10426	6
751	823	Response	2	13451042	11392	6
751	823	Response	2	13452281	12631	6
751	823	Response	2	13453863	14213	6
751	825	Nothing	10	13460687	0	1			0		false_alarm	1325
751	825	Response	2	13481407	20720	6
751	825	Response	2	13482550	21863	6
751	825	Response	2	13483735	23048	5
751	825	Response	2	13485068	24381	5
751	826	Nothing	19	13489735	0	1			0		miss	0
751	828	Nothing	5	13546219	0	1			0		other	0
751	829	Sound	0	13547232	0	2			0		other	0
751	829	Response	2	13550805	3573	6
751	831	Nothing	10	13568270	0	1			0		false_alarm	1334
751	831	Response	2	13596032	27762	6
751	831	Response	2	13597046	28776	6
751	832	Nothing	19	13597317	0	1			0		hit	1337
751	832	Response	2	13598174	857	6
751	833	Nothing	19	13598209	0	1			0		hit	1339
751	833	Response	2	13603725	5516	5
751	834	Nothing	19	13603759	0	1			0		miss	0
751	835	Nothing	5	13641556	0	1			0		other	0
751	836	Sound	0	13642569	0	2			0		other	0
751	837	Nothing	6	13662583	0	1			0		other	0
751	837	Response	2	13663431	848	6
751	837	Response	2	13664496	1913	6
751	837	Response	2	13666258	3675	5
751	838	Nothing	19	13672625	0	1			0		hit	1348
751	838	Response	2	13704809	32184	6
751	839	Nothing	19	13704847	0	1			0		miss	0
751	840	Nothing	5	13731813	0	1			0		other	0
751	841	Sound	0	13732826	0	1			0		other	0
751	842	Nothing	6	13752836	0	1			0		other	0
751	843	Nothing	19	13762885	0	1			0		miss	0
751	844	Nothing	5	13788073	0	1			0		other	0
751	845	Sound	0	13789086	0	2			0		other	0
751	846	Nothing	6	13809100	0	1			0		other	0
751	846	Response	2	13813503	4403	5
751	846	Response	2	13815289	6189	6
751	846	Response	2	13816922	7822	6
751	847	Nothing	19	13819145	0	1			0		hit	1361
751	847	Response	2	13864436	45291	6
751	848	Nothing	19	13864468	0	1			0		hit	1363
751	848	Response	2	13874153	9685	5
751	849	Nothing	19	13874184	0	1			0		hit	1365
751	849	Response	2	13877000	2816	6
751	850	Nothing	19	13877035	0	1			0		hit	1367
751	850	Response	2	13878345	1310	6
751	851	Nothing	19	13878381	0	1			0		miss	0
751	852	Nothing	5	13920130	0	1			0		other	0
751	853	Sound	0	13921142	0	2			0		other	0
751	854	Nothing	6	13941153	0	1			0		other	0
751	855	Nothing	19	13951199	0	1			0		miss	0
751	857	Nothing	5	14021678	0	1			0		other	0
751	858	Sound	0	14022692	0	2			0		other	0
751	859	Nothing	6	14042705	0	1			0		other	0
751	860	Nothing	19	14052752	0	1			0		miss	0
751	861	Nothing	5	14073129	0	1			0		other	0
751	862	Sound	0	14074142	0	1			0		other	0
751	863	Nothing	6	14094152	0	1			0		other	0
751	864	Nothing	19	14104197	0	1			0		miss	0
751	865	Nothing	5	14139445	0	1			0		other	0
751	866	Sound	0	14140459	0	2			0		other	0
751	867	Nothing	6	14160472	0	1			0		other	0
751	868	Nothing	19	14170516	0	1			0		miss	0
751	869	Nothing	5	14199393	0	1			0		other	0
751	870	Sound	0	14200404	0	2			0		other	0
751	871	Nothing	6	14220416	0	1			0		other	0
751	872	Nothing	19	14230460	0	1			0		miss	0
751	873	Nothing	5	14267061	0	1			0		other	0
751	874	Sound	0	14268073	0	2			0		other	0
751	875	Nothing	6	14288087	0	1			0		other	0
751	876	Nothing	19	14298137	0	1			0		miss	0
751	878	Nothing	5	14368589	0	1			0		other	0
751	879	Sound	0	14369602	0	2			0		other	0
751	880	Nothing	6	14389616	0	1			0		other	0
751	881	Nothing	19	14399659	0	1			0		miss	0
751	882	Nothing	5	14431865	0	1			0		other	0
751	883	Sound	0	14432877	0	2			0		other	0
751	884	Nothing	6	14452890	0	1			0		other	0
751	885	Nothing	19	14462935	0	1			0		miss	0
751	886	Nothing	5	14542142	0	1			0		other	0
751	887	Sound	0	14543155	0	2			0		other	0
751	888	Nothing	6	14563167	0	1			0		other	0
751	889	Nothing	19	14573222	0	1			0		miss	0
751	890	Nothing	5	14611783	0	1			0		other	0
751	891	Sound	0	14612794	0	2			0		other	0
751	892	Nothing	6	14632806	0	1			0		other	0
751	893	Nothing	19	14642862	0	1			0		miss	0
751	894	Nothing	5	14665246	0	1			0		other	0
751	895	Sound	0	14666260	0	2			0		other	0
751	896	Nothing	6	14686273	0	1			0		other	0
751	897	Nothing	19	14696324	0	1			0		miss	0
751	899	Nothing	5	14730621	0	1			0		other	0
751	900	Sound	0	14731633	0	2			0		other	0
751	901	Nothing	6	14751645	0	1			0		other	0
751	902	Nothing	19	14761691	0	1			0		miss	0
751	903	Nothing	5	14802978	0	1			0		other	0
751	904	Sound	0	14803990	0	2			0		other	0
751	905	Nothing	6	14824002	0	2			0		other	0
751	906	Nothing	19	14834047	0	1			0		hit	1421
751	906	Response	2	14840409	6362	6
751	907	Nothing	19	14840443	0	1			0		hit	1423
751	907	Response	2	14847195	6752	6
751	908	Nothing	19	14847229	0	1			0		hit	1425
751	908	Response	2	14852085	4856	6
751	909	Nothing	19	14852110	0	1			0		miss	0
751	910	Nothing	5	14922229	0	1			0		other	0
751	911	Sound	0	14923243	0	2			0		other	0
751	912	Nothing	6	14943256	0	1			0		other	0
751	913	Nothing	19	14953303	0	1			0		miss	0
751	914	Nothing	5	14981122	0	1			0		other	0
751	915	Sound	0	14982134	0	2			0		other	0
751	916	Nothing	6	15002146	0	1			0		other	0
751	917	Nothing	19	15012191	0	1			0		miss	0
751	918	Nothing	5	15050909	0	1			0		other	0
751	919	Sound	0	15051920	0	2			0		other	0
751	920	Nothing	6	15071932	0	1			0		other	0
751	921	Nothing	19	15081978	0	1			0		hit	1439
751	921	Response	2	15094789	12811	6
751	922	Nothing	19	15094825	0	1			0		hit	1441
751	922	Response	2	15103807	8982	6
751	923	Nothing	19	15103847	0	1			0		miss	0
751	925	Nothing	5	15133506	0	1			0		other	0
751	926	Sound	0	15134518	0	2			0		other	0
751	927	Nothing	6	15154529	0	1			0		other	0
751	928	Nothing	19	15164575	0	1			0		miss	0
